2025-12-09 01:02:18 - INFO - 📝 학습 로그 파일: /Users/zzangdol/PycharmProjects/zzangdol/pattern/prelog/logs/training/deeplog_training_20251209_010218.log
2025-12-09 01:02:18 - INFO - ============================================================
2025-12-09 01:02:18 - INFO - DeepLog 모델 학습 시작
2025-12-09 01:02:18 - INFO - ============================================================
2025-12-09 01:02:18 - INFO - 학습 파라미터:
2025-12-09 01:02:18 - INFO -   - Epochs: 30
2025-12-09 01:02:18 - INFO -   - Batch Size: 64
2025-12-09 01:02:18 - INFO -   - Learning Rate: 0.001
2025-12-09 01:02:18 - INFO -   - 학습 데이터: 500,000개 로그
2025-12-09 01:02:18 - INFO - 시퀀스 준비 중...
2025-12-09 01:02:18 - INFO -   템플릿 사전 구축 중...
2025-12-09 01:02:20 - INFO -   ✅ 템플릿 사전 구축 완료: 7,740개 템플릿
2025-12-09 01:02:20 - INFO -   시퀀스 생성 중: 예상 499,985개 시퀀스...
2025-12-09 01:02:20 - INFO -   예상 메모리 사용량: 28.6 MB
2025-12-09 01:02:22 - INFO -   시퀀스 생성 진행: 24,999/499,985 (5.0%) - 경과: 2.4초 - 예상 남은 시간: 44.7초 (0.7분)
2025-12-09 01:02:25 - INFO -   시퀀스 생성 진행: 49,998/499,985 (10.0%) - 경과: 4.6초 - 예상 남은 시간: 41.0초 (0.7분)
2025-12-09 01:02:27 - INFO -   시퀀스 생성 진행: 74,997/499,985 (15.0%) - 경과: 6.8초 - 예상 남은 시간: 38.6초 (0.6분)
2025-12-09 01:02:29 - INFO -   시퀀스 생성 진행: 99,996/499,985 (20.0%) - 경과: 9.1초 - 예상 남은 시간: 36.3초 (0.6분)
2025-12-09 01:02:31 - INFO -   시퀀스 생성 진행: 124,995/499,985 (25.0%) - 경과: 11.3초 - 예상 남은 시간: 34.0초 (0.6분)
2025-12-09 01:02:34 - INFO -   시퀀스 생성 진행: 149,994/499,985 (30.0%) - 경과: 13.6초 - 예상 남은 시간: 31.8초 (0.5분)
2025-12-09 01:02:36 - INFO -   시퀀스 생성 진행: 174,993/499,985 (35.0%) - 경과: 15.9초 - 예상 남은 시간: 29.5초 (0.5분)
2025-12-09 01:02:38 - INFO -   시퀀스 생성 진행: 199,992/499,985 (40.0%) - 경과: 18.2초 - 예상 남은 시간: 27.3초 (0.5분)
2025-12-09 01:02:40 - INFO -   시퀀스 생성 진행: 224,991/499,985 (45.0%) - 경과: 20.4초 - 예상 남은 시간: 24.9초 (0.4분)
2025-12-09 01:02:43 - INFO -   시퀀스 생성 진행: 249,990/499,985 (50.0%) - 경과: 22.6초 - 예상 남은 시간: 22.6초 (0.4분)
2025-12-09 01:02:45 - INFO -   시퀀스 생성 진행: 274,989/499,985 (55.0%) - 경과: 25.0초 - 예상 남은 시간: 20.4초 (0.3분)
2025-12-09 01:02:47 - INFO -   시퀀스 생성 진행: 299,988/499,985 (60.0%) - 경과: 27.4초 - 예상 남은 시간: 18.2초 (0.3분)
2025-12-09 01:02:50 - INFO -   시퀀스 생성 진행: 324,987/499,985 (65.0%) - 경과: 29.7초 - 예상 남은 시간: 16.0초 (0.3분)
2025-12-09 01:02:52 - INFO -   시퀀스 생성 진행: 349,986/499,985 (70.0%) - 경과: 32.0초 - 예상 남은 시간: 13.7초 (0.2분)
2025-12-09 01:02:54 - INFO -   시퀀스 생성 진행: 374,985/499,985 (75.0%) - 경과: 34.3초 - 예상 남은 시간: 11.4초 (0.2분)
2025-12-09 01:02:57 - INFO -   시퀀스 생성 진행: 399,984/499,985 (80.0%) - 경과: 36.7초 - 예상 남은 시간: 9.2초 (0.2분)
2025-12-09 01:02:59 - INFO -   시퀀스 생성 진행: 424,983/499,985 (85.0%) - 경과: 39.3초 - 예상 남은 시간: 6.9초 (0.1분)
2025-12-09 01:03:02 - INFO -   시퀀스 생성 진행: 449,982/499,985 (90.0%) - 경과: 42.0초 - 예상 남은 시간: 4.7초 (0.1분)
2025-12-09 01:03:04 - INFO -   시퀀스 생성 진행: 474,981/499,985 (95.0%) - 경과: 44.5초 - 예상 남은 시간: 2.3초 (0.0분)
2025-12-09 01:03:07 - INFO -   시퀀스 생성 진행: 499,980/499,985 (100.0%) - 경과: 47.1초 - 예상 남은 시간: 0.0초 (0.0분)
2025-12-09 01:03:07 - INFO -   시퀀스 생성 진행: 499,985/499,985 (100.0%) - 경과: 47.1초 - 예상 남은 시간: 0.0초 (0.0분)
2025-12-09 01:03:07 - INFO - ✅ 시퀀스 준비 완료: 499,985개
2025-12-09 01:03:07 - INFO -   - 어휘 크기: 7,741
2025-12-09 01:03:07 - INFO -    💡 원본 로그 데이터 메모리 해제 완료
2025-12-09 01:03:07 - INFO - 모델 구축 중...
2025-12-09 01:03:07 - INFO - ✅ 모델 구축 완료
2025-12-09 01:03:07 - INFO - 데이터 텐서 변환 중...
2025-12-09 01:03:07 - INFO - ✅ 텐서 변환 완료: 7,813개 배치
2025-12-09 01:03:07 - INFO -    💡 NumPy 배열 메모리 해제 완료 (텐서만 메모리에 유지)
2025-12-09 01:03:08 - INFO - 
============================================================
2025-12-09 01:03:08 - INFO - 학습 시작
2025-12-09 01:03:08 - INFO - ============================================================
2025-12-09 01:03:12 - INFO -   Epoch 1/30 - 배치 781/7813 (10.0%) - 현재 Loss: 2.1993
2025-12-09 01:03:16 - INFO -   Epoch 1/30 - 배치 1562/7813 (20.0%) - 현재 Loss: 5.4146
2025-12-09 01:03:21 - INFO -   Epoch 1/30 - 배치 2343/7813 (30.0%) - 현재 Loss: 7.7750
2025-12-09 01:03:25 - INFO -   Epoch 1/30 - 배치 3124/7813 (40.0%) - 현재 Loss: 2.1619
2025-12-09 01:03:29 - INFO -   Epoch 1/30 - 배치 3905/7813 (50.0%) - 현재 Loss: 4.5738
2025-12-09 01:03:34 - INFO -   Epoch 1/30 - 배치 4686/7813 (60.0%) - 현재 Loss: 1.9114
2025-12-09 01:03:38 - INFO -   Epoch 1/30 - 배치 5467/7813 (70.0%) - 현재 Loss: 5.7379
2025-12-09 01:03:42 - INFO -   Epoch 1/30 - 배치 6248/7813 (80.0%) - 현재 Loss: 1.6990
2025-12-09 01:03:47 - INFO -   Epoch 1/30 - 배치 7029/7813 (90.0%) - 현재 Loss: 2.2245
2025-12-09 01:03:51 - INFO -   Epoch 1/30 - 배치 7810/7813 (100.0%) - 현재 Loss: 4.6435
2025-12-09 01:03:51 - INFO - Epoch 1/30 완료:
2025-12-09 01:03:51 - INFO -   - 평균 Loss: 3.6848
2025-12-09 01:03:51 - INFO -   - Epoch 소요 시간: 43.48초
2025-12-09 01:03:51 - INFO -   - 총 경과 시간: 92.88초 (1.5분)
2025-12-09 01:03:51 - INFO -   ⭐ 최고 Loss 갱신: 3.6848
2025-12-09 01:03:55 - INFO -   Epoch 2/30 - 배치 781/7813 (10.0%) - 현재 Loss: 2.1935
2025-12-09 01:04:00 - INFO -   Epoch 2/30 - 배치 1562/7813 (20.0%) - 현재 Loss: 4.6742
2025-12-09 01:04:04 - INFO -   Epoch 2/30 - 배치 2343/7813 (30.0%) - 현재 Loss: 6.2100
2025-12-09 01:04:08 - INFO -   Epoch 2/30 - 배치 3124/7813 (40.0%) - 현재 Loss: 2.1128
2025-12-09 01:04:13 - INFO -   Epoch 2/30 - 배치 3905/7813 (50.0%) - 현재 Loss: 3.2869
2025-12-09 01:04:17 - INFO -   Epoch 2/30 - 배치 4686/7813 (60.0%) - 현재 Loss: 1.8720
2025-12-09 01:04:22 - INFO -   Epoch 2/30 - 배치 5467/7813 (70.0%) - 현재 Loss: 4.9229
2025-12-09 01:04:26 - INFO -   Epoch 2/30 - 배치 6248/7813 (80.0%) - 현재 Loss: 1.6893
2025-12-09 01:04:30 - INFO -   Epoch 2/30 - 배치 7029/7813 (90.0%) - 현재 Loss: 2.1464
2025-12-09 01:04:35 - INFO -   Epoch 2/30 - 배치 7810/7813 (100.0%) - 현재 Loss: 3.9805
2025-12-09 01:04:35 - INFO - Epoch 2/30 완료:
2025-12-09 01:04:35 - INFO -   - 평균 Loss: 3.2361
2025-12-09 01:04:35 - INFO -   - Epoch 소요 시간: 43.59초
2025-12-09 01:04:35 - INFO -   - 총 경과 시간: 136.48초 (2.3분)
2025-12-09 01:04:35 - INFO -   - 예상 남은 시간: 1910.68초 (31.8분)
2025-12-09 01:04:35 - INFO -   ⭐ 최고 Loss 갱신: 3.2361
2025-12-09 01:04:39 - INFO -   Epoch 3/30 - 배치 781/7813 (10.0%) - 현재 Loss: 2.2003
2025-12-09 01:04:43 - INFO -   Epoch 3/30 - 배치 1562/7813 (20.0%) - 현재 Loss: 4.5691
2025-12-09 01:04:48 - INFO -   Epoch 3/30 - 배치 2343/7813 (30.0%) - 현재 Loss: 5.8987
2025-12-09 01:04:52 - INFO -   Epoch 3/30 - 배치 3124/7813 (40.0%) - 현재 Loss: 2.1139
2025-12-09 01:04:56 - INFO -   Epoch 3/30 - 배치 3905/7813 (50.0%) - 현재 Loss: 3.2285
2025-12-09 01:05:01 - INFO -   Epoch 3/30 - 배치 4686/7813 (60.0%) - 현재 Loss: 1.8722
2025-12-09 01:05:05 - INFO -   Epoch 3/30 - 배치 5467/7813 (70.0%) - 현재 Loss: 4.6575
2025-12-09 01:05:09 - INFO -   Epoch 3/30 - 배치 6248/7813 (80.0%) - 현재 Loss: 1.7074
2025-12-09 01:05:14 - INFO -   Epoch 3/30 - 배치 7029/7813 (90.0%) - 현재 Loss: 2.1325
2025-12-09 01:05:18 - INFO -   Epoch 3/30 - 배치 7810/7813 (100.0%) - 현재 Loss: 3.8337
2025-12-09 01:05:18 - INFO - Epoch 3/30 완료:
2025-12-09 01:05:18 - INFO -   - 평균 Loss: 3.1605
2025-12-09 01:05:18 - INFO -   - Epoch 소요 시간: 43.12초
2025-12-09 01:05:18 - INFO -   - 총 경과 시간: 179.60초 (3.0분)
2025-12-09 01:05:18 - INFO -   - 예상 남은 시간: 1616.41초 (26.9분)
2025-12-09 01:05:18 - INFO -   ⭐ 최고 Loss 갱신: 3.1605
2025-12-09 01:05:22 - INFO -   Epoch 4/30 - 배치 781/7813 (10.0%) - 현재 Loss: 2.1803
2025-12-09 01:05:26 - INFO -   Epoch 4/30 - 배치 1562/7813 (20.0%) - 현재 Loss: 4.4583
2025-12-09 01:05:31 - INFO -   Epoch 4/30 - 배치 2343/7813 (30.0%) - 현재 Loss: 5.6247
2025-12-09 01:05:35 - INFO -   Epoch 4/30 - 배치 3124/7813 (40.0%) - 현재 Loss: 2.0473
2025-12-09 01:05:39 - INFO -   Epoch 4/30 - 배치 3905/7813 (50.0%) - 현재 Loss: 3.1862
2025-12-09 01:05:43 - INFO -   Epoch 4/30 - 배치 4686/7813 (60.0%) - 현재 Loss: 1.8971
2025-12-09 01:05:48 - INFO -   Epoch 4/30 - 배치 5467/7813 (70.0%) - 현재 Loss: 4.5746
2025-12-09 01:05:52 - INFO -   Epoch 4/30 - 배치 6248/7813 (80.0%) - 현재 Loss: 1.6972
2025-12-09 01:05:56 - INFO -   Epoch 4/30 - 배치 7029/7813 (90.0%) - 현재 Loss: 2.1452
2025-12-09 01:06:01 - INFO -   Epoch 4/30 - 배치 7810/7813 (100.0%) - 현재 Loss: 3.6507
2025-12-09 01:06:01 - INFO - Epoch 4/30 완료:
2025-12-09 01:06:01 - INFO -   - 평균 Loss: 3.1101
2025-12-09 01:06:01 - INFO -   - Epoch 소요 시간: 42.80초
2025-12-09 01:06:01 - INFO -   - 총 경과 시간: 222.40초 (3.7분)
2025-12-09 01:06:01 - INFO -   - 예상 남은 시간: 1445.62초 (24.1분)
2025-12-09 01:06:01 - INFO -   ⭐ 최고 Loss 갱신: 3.1101
2025-12-09 01:06:05 - INFO -   Epoch 5/30 - 배치 781/7813 (10.0%) - 현재 Loss: 2.2118
2025-12-09 01:06:09 - INFO -   Epoch 5/30 - 배치 1562/7813 (20.0%) - 현재 Loss: 4.4091
2025-12-09 01:06:13 - INFO -   Epoch 5/30 - 배치 2343/7813 (30.0%) - 현재 Loss: 5.4366
2025-12-09 01:06:17 - INFO -   Epoch 5/30 - 배치 3124/7813 (40.0%) - 현재 Loss: 2.1071
2025-12-09 01:06:22 - INFO -   Epoch 5/30 - 배치 3905/7813 (50.0%) - 현재 Loss: 3.1600
2025-12-09 01:06:26 - INFO -   Epoch 5/30 - 배치 4686/7813 (60.0%) - 현재 Loss: 1.8951
2025-12-09 01:06:30 - INFO -   Epoch 5/30 - 배치 5467/7813 (70.0%) - 현재 Loss: 4.4846
2025-12-09 01:06:34 - INFO -   Epoch 5/30 - 배치 6248/7813 (80.0%) - 현재 Loss: 1.6802
2025-12-09 01:06:38 - INFO -   Epoch 5/30 - 배치 7029/7813 (90.0%) - 현재 Loss: 2.1421
2025-12-09 01:06:43 - INFO -   Epoch 5/30 - 배치 7810/7813 (100.0%) - 현재 Loss: 3.6231
2025-12-09 01:06:43 - INFO - Epoch 5/30 완료:
2025-12-09 01:06:43 - INFO -   - 평균 Loss: 3.0756
2025-12-09 01:06:43 - INFO -   - Epoch 소요 시간: 42.08초
2025-12-09 01:06:43 - INFO -   - 총 경과 시간: 264.48초 (4.4분)
2025-12-09 01:06:43 - INFO -   - 예상 남은 시간: 1322.41초 (22.0분)
2025-12-09 01:06:43 - INFO -   ⭐ 최고 Loss 갱신: 3.0756
2025-12-09 01:06:47 - INFO -   Epoch 6/30 - 배치 781/7813 (10.0%) - 현재 Loss: 2.1915
2025-12-09 01:06:51 - INFO -   Epoch 6/30 - 배치 1562/7813 (20.0%) - 현재 Loss: 4.4259
2025-12-09 01:06:55 - INFO -   Epoch 6/30 - 배치 2343/7813 (30.0%) - 현재 Loss: 5.5145
2025-12-09 01:07:00 - INFO -   Epoch 6/30 - 배치 3124/7813 (40.0%) - 현재 Loss: 2.0830
2025-12-09 01:07:04 - INFO -   Epoch 6/30 - 배치 3905/7813 (50.0%) - 현재 Loss: 3.1712
2025-12-09 01:07:08 - INFO -   Epoch 6/30 - 배치 4686/7813 (60.0%) - 현재 Loss: 1.9055
2025-12-09 01:07:12 - INFO -   Epoch 6/30 - 배치 5467/7813 (70.0%) - 현재 Loss: 4.4208
2025-12-09 01:07:16 - INFO -   Epoch 6/30 - 배치 6248/7813 (80.0%) - 현재 Loss: 1.6775
2025-12-09 01:07:20 - INFO -   Epoch 6/30 - 배치 7029/7813 (90.0%) - 현재 Loss: 2.1557
2025-12-09 01:07:25 - INFO -   Epoch 6/30 - 배치 7810/7813 (100.0%) - 현재 Loss: 3.5783
2025-12-09 01:07:25 - INFO - Epoch 6/30 완료:
2025-12-09 01:07:25 - INFO -   - 평균 Loss: 3.0424
2025-12-09 01:07:25 - INFO -   - Epoch 소요 시간: 41.90초
2025-12-09 01:07:25 - INFO -   - 총 경과 시간: 306.38초 (5.1분)
2025-12-09 01:07:25 - INFO -   - 예상 남은 시간: 1225.52초 (20.4분)
2025-12-09 01:07:25 - INFO -   ⭐ 최고 Loss 갱신: 3.0424
2025-12-09 01:07:29 - INFO -   Epoch 7/30 - 배치 781/7813 (10.0%) - 현재 Loss: 2.1945
2025-12-09 01:07:33 - INFO -   Epoch 7/30 - 배치 1562/7813 (20.0%) - 현재 Loss: 4.3656
2025-12-09 01:07:37 - INFO -   Epoch 7/30 - 배치 2343/7813 (30.0%) - 현재 Loss: 5.2443
2025-12-09 01:07:41 - INFO -   Epoch 7/30 - 배치 3124/7813 (40.0%) - 현재 Loss: 2.0764
2025-12-09 01:07:46 - INFO -   Epoch 7/30 - 배치 3905/7813 (50.0%) - 현재 Loss: 3.1330
2025-12-09 01:07:50 - INFO -   Epoch 7/30 - 배치 4686/7813 (60.0%) - 현재 Loss: 1.8940
2025-12-09 01:07:54 - INFO -   Epoch 7/30 - 배치 5467/7813 (70.0%) - 현재 Loss: 4.3044
2025-12-09 01:07:58 - INFO -   Epoch 7/30 - 배치 6248/7813 (80.0%) - 현재 Loss: 1.6810
2025-12-09 01:08:02 - INFO -   Epoch 7/30 - 배치 7029/7813 (90.0%) - 현재 Loss: 2.1691
2025-12-09 01:08:06 - INFO -   Epoch 7/30 - 배치 7810/7813 (100.0%) - 현재 Loss: 3.5030
2025-12-09 01:08:06 - INFO - Epoch 7/30 완료:
2025-12-09 01:08:06 - INFO -   - 평균 Loss: 3.0209
2025-12-09 01:08:06 - INFO -   - Epoch 소요 시간: 41.69초
2025-12-09 01:08:06 - INFO -   - 총 경과 시간: 348.07초 (5.8분)
2025-12-09 01:08:06 - INFO -   - 예상 남은 시간: 1143.65초 (19.1분)
2025-12-09 01:08:06 - INFO -   ⭐ 최고 Loss 갱신: 3.0209
2025-12-09 01:08:10 - INFO -   Epoch 8/30 - 배치 781/7813 (10.0%) - 현재 Loss: 2.2108
2025-12-09 01:08:15 - INFO -   Epoch 8/30 - 배치 1562/7813 (20.0%) - 현재 Loss: 4.2890
2025-12-09 01:08:19 - INFO -   Epoch 8/30 - 배치 2343/7813 (30.0%) - 현재 Loss: 5.0421
2025-12-09 01:08:23 - INFO -   Epoch 8/30 - 배치 3124/7813 (40.0%) - 현재 Loss: 2.1315
2025-12-09 01:08:27 - INFO -   Epoch 8/30 - 배치 3905/7813 (50.0%) - 현재 Loss: 3.0887
2025-12-09 01:08:31 - INFO -   Epoch 8/30 - 배치 4686/7813 (60.0%) - 현재 Loss: 1.8726
2025-12-09 01:08:35 - INFO -   Epoch 8/30 - 배치 5467/7813 (70.0%) - 현재 Loss: 4.3017
2025-12-09 01:08:40 - INFO -   Epoch 8/30 - 배치 6248/7813 (80.0%) - 현재 Loss: 1.6810
2025-12-09 01:08:44 - INFO -   Epoch 8/30 - 배치 7029/7813 (90.0%) - 현재 Loss: 2.1719
2025-12-09 01:08:48 - INFO -   Epoch 8/30 - 배치 7810/7813 (100.0%) - 현재 Loss: 3.4620
2025-12-09 01:08:48 - INFO - Epoch 8/30 완료:
2025-12-09 01:08:48 - INFO -   - 평균 Loss: 2.9988
2025-12-09 01:08:48 - INFO -   - Epoch 소요 시간: 41.62초
2025-12-09 01:08:48 - INFO -   - 총 경과 시간: 389.69초 (6.5분)
2025-12-09 01:08:48 - INFO -   - 예상 남은 시간: 1071.64초 (17.9분)
2025-12-09 01:08:48 - INFO -   ⭐ 최고 Loss 갱신: 2.9988
2025-12-09 01:08:52 - INFO -   Epoch 9/30 - 배치 781/7813 (10.0%) - 현재 Loss: 2.1972
2025-12-09 01:08:56 - INFO -   Epoch 9/30 - 배치 1562/7813 (20.0%) - 현재 Loss: 4.3077
2025-12-09 01:09:01 - INFO -   Epoch 9/30 - 배치 2343/7813 (30.0%) - 현재 Loss: 5.1087
2025-12-09 01:09:05 - INFO -   Epoch 9/30 - 배치 3124/7813 (40.0%) - 현재 Loss: 2.1027
2025-12-09 01:09:09 - INFO -   Epoch 9/30 - 배치 3905/7813 (50.0%) - 현재 Loss: 3.0000
2025-12-09 01:09:13 - INFO -   Epoch 9/30 - 배치 4686/7813 (60.0%) - 현재 Loss: 1.8695
2025-12-09 01:09:17 - INFO -   Epoch 9/30 - 배치 5467/7813 (70.0%) - 현재 Loss: 4.2646
2025-12-09 01:09:22 - INFO -   Epoch 9/30 - 배치 6248/7813 (80.0%) - 현재 Loss: 1.6802
2025-12-09 01:09:26 - INFO -   Epoch 9/30 - 배치 7029/7813 (90.0%) - 현재 Loss: 2.1776
2025-12-09 01:09:30 - INFO -   Epoch 9/30 - 배치 7810/7813 (100.0%) - 현재 Loss: 3.4168
2025-12-09 01:09:30 - INFO - Epoch 9/30 완료:
2025-12-09 01:09:30 - INFO -   - 평균 Loss: 2.9736
2025-12-09 01:09:30 - INFO -   - Epoch 소요 시간: 41.93초
2025-12-09 01:09:30 - INFO -   - 총 경과 시간: 431.62초 (7.2분)
2025-12-09 01:09:30 - INFO -   - 예상 남은 시간: 1007.11초 (16.8분)
2025-12-09 01:09:30 - INFO -   ⭐ 최고 Loss 갱신: 2.9736
2025-12-09 01:09:34 - INFO -   Epoch 10/30 - 배치 781/7813 (10.0%) - 현재 Loss: 2.2028
2025-12-09 01:09:38 - INFO -   Epoch 10/30 - 배치 1562/7813 (20.0%) - 현재 Loss: 4.3131
2025-12-09 01:09:42 - INFO -   Epoch 10/30 - 배치 2343/7813 (30.0%) - 현재 Loss: 5.1334
2025-12-09 01:09:46 - INFO -   Epoch 10/30 - 배치 3124/7813 (40.0%) - 현재 Loss: 2.1105
2025-12-09 01:09:51 - INFO -   Epoch 10/30 - 배치 3905/7813 (50.0%) - 현재 Loss: 2.9396
2025-12-09 01:09:55 - INFO -   Epoch 10/30 - 배치 4686/7813 (60.0%) - 현재 Loss: 1.8561
2025-12-09 01:09:59 - INFO -   Epoch 10/30 - 배치 5467/7813 (70.0%) - 현재 Loss: 4.1656
2025-12-09 01:10:03 - INFO -   Epoch 10/30 - 배치 6248/7813 (80.0%) - 현재 Loss: 1.6806
2025-12-09 01:10:07 - INFO -   Epoch 10/30 - 배치 7029/7813 (90.0%) - 현재 Loss: 2.1641
2025-12-09 01:10:11 - INFO -   Epoch 10/30 - 배치 7810/7813 (100.0%) - 현재 Loss: 3.4375
2025-12-09 01:10:11 - INFO - Epoch 10/30 완료:
2025-12-09 01:10:11 - INFO -   - 평균 Loss: 2.9466
2025-12-09 01:10:11 - INFO -   - Epoch 소요 시간: 41.57초
2025-12-09 01:10:11 - INFO -   - 총 경과 시간: 473.18초 (7.9분)
2025-12-09 01:10:11 - INFO -   - 예상 남은 시간: 946.37초 (15.8분)
2025-12-09 01:10:11 - INFO -   ⭐ 최고 Loss 갱신: 2.9466
2025-12-09 01:10:16 - INFO -   Epoch 11/30 - 배치 781/7813 (10.0%) - 현재 Loss: 2.1756
2025-12-09 01:10:20 - INFO -   Epoch 11/30 - 배치 1562/7813 (20.0%) - 현재 Loss: 4.2802
2025-12-09 01:10:24 - INFO -   Epoch 11/30 - 배치 2343/7813 (30.0%) - 현재 Loss: 4.8490
2025-12-09 01:10:28 - INFO -   Epoch 11/30 - 배치 3124/7813 (40.0%) - 현재 Loss: 2.0779
2025-12-09 01:10:32 - INFO -   Epoch 11/30 - 배치 3905/7813 (50.0%) - 현재 Loss: 3.0090
2025-12-09 01:10:36 - INFO -   Epoch 11/30 - 배치 4686/7813 (60.0%) - 현재 Loss: 1.8708
2025-12-09 01:10:40 - INFO -   Epoch 11/30 - 배치 5467/7813 (70.0%) - 현재 Loss: 4.0886
2025-12-09 01:10:45 - INFO -   Epoch 11/30 - 배치 6248/7813 (80.0%) - 현재 Loss: 1.6795
2025-12-09 01:10:49 - INFO -   Epoch 11/30 - 배치 7029/7813 (90.0%) - 현재 Loss: 2.1593
2025-12-09 01:10:53 - INFO -   Epoch 11/30 - 배치 7810/7813 (100.0%) - 현재 Loss: 3.3734
2025-12-09 01:10:53 - INFO - Epoch 11/30 완료:
2025-12-09 01:10:53 - INFO -   - 평균 Loss: 2.9183
2025-12-09 01:10:53 - INFO -   - Epoch 소요 시간: 41.62초
2025-12-09 01:10:53 - INFO -   - 총 경과 시간: 514.80초 (8.6분)
2025-12-09 01:10:53 - INFO -   - 예상 남은 시간: 889.21초 (14.8분)
2025-12-09 01:10:53 - INFO -   ⭐ 최고 Loss 갱신: 2.9183
2025-12-09 01:10:57 - INFO -   Epoch 12/30 - 배치 781/7813 (10.0%) - 현재 Loss: 2.1893
2025-12-09 01:11:01 - INFO -   Epoch 12/30 - 배치 1562/7813 (20.0%) - 현재 Loss: 4.1585
2025-12-09 01:11:05 - INFO -   Epoch 12/30 - 배치 2343/7813 (30.0%) - 현재 Loss: 4.5586
2025-12-09 01:11:10 - INFO -   Epoch 12/30 - 배치 3124/7813 (40.0%) - 현재 Loss: 2.0864
2025-12-09 01:11:14 - INFO -   Epoch 12/30 - 배치 3905/7813 (50.0%) - 현재 Loss: 3.0224
2025-12-09 01:11:18 - INFO -   Epoch 12/30 - 배치 4686/7813 (60.0%) - 현재 Loss: 1.8681
2025-12-09 01:11:23 - INFO -   Epoch 12/30 - 배치 5467/7813 (70.0%) - 현재 Loss: 3.9906
2025-12-09 01:11:27 - INFO -   Epoch 12/30 - 배치 6248/7813 (80.0%) - 현재 Loss: 1.6811
2025-12-09 01:11:31 - INFO -   Epoch 12/30 - 배치 7029/7813 (90.0%) - 현재 Loss: 2.1479
2025-12-09 01:11:36 - INFO -   Epoch 12/30 - 배치 7810/7813 (100.0%) - 현재 Loss: 3.4094
2025-12-09 01:11:36 - INFO - Epoch 12/30 완료:
2025-12-09 01:11:36 - INFO -   - 평균 Loss: 2.8964
2025-12-09 01:11:36 - INFO -   - Epoch 소요 시간: 42.65초
2025-12-09 01:11:36 - INFO -   - 총 경과 시간: 557.45초 (9.3분)
2025-12-09 01:11:36 - INFO -   - 예상 남은 시간: 836.18초 (13.9분)
2025-12-09 01:11:36 - INFO -   ⭐ 최고 Loss 갱신: 2.8964
2025-12-09 01:11:40 - INFO -   Epoch 13/30 - 배치 781/7813 (10.0%) - 현재 Loss: 2.1564
2025-12-09 01:11:45 - INFO -   Epoch 13/30 - 배치 1562/7813 (20.0%) - 현재 Loss: 4.1164
2025-12-09 01:11:49 - INFO -   Epoch 13/30 - 배치 2343/7813 (30.0%) - 현재 Loss: 4.5516
2025-12-09 01:11:54 - INFO -   Epoch 13/30 - 배치 3124/7813 (40.0%) - 현재 Loss: 2.0886
2025-12-09 01:11:58 - INFO -   Epoch 13/30 - 배치 3905/7813 (50.0%) - 현재 Loss: 3.0169
2025-12-09 01:12:02 - INFO -   Epoch 13/30 - 배치 4686/7813 (60.0%) - 현재 Loss: 1.8708
2025-12-09 01:12:07 - INFO -   Epoch 13/30 - 배치 5467/7813 (70.0%) - 현재 Loss: 3.9364
2025-12-09 01:12:11 - INFO -   Epoch 13/30 - 배치 6248/7813 (80.0%) - 현재 Loss: 1.6861
2025-12-09 01:12:15 - INFO -   Epoch 13/30 - 배치 7029/7813 (90.0%) - 현재 Loss: 2.1523
2025-12-09 01:12:19 - INFO -   Epoch 13/30 - 배치 7810/7813 (100.0%) - 현재 Loss: 3.3538
2025-12-09 01:12:19 - INFO - Epoch 13/30 완료:
2025-12-09 01:12:19 - INFO -   - 평균 Loss: 2.8779
2025-12-09 01:12:19 - INFO -   - Epoch 소요 시간: 43.80초
2025-12-09 01:12:19 - INFO -   - 총 경과 시간: 601.26초 (10.0분)
2025-12-09 01:12:19 - INFO -   - 예상 남은 시간: 786.26초 (13.1분)
2025-12-09 01:12:19 - INFO -   ⭐ 최고 Loss 갱신: 2.8779
2025-12-09 01:12:24 - INFO -   Epoch 14/30 - 배치 781/7813 (10.0%) - 현재 Loss: 2.1573
2025-12-09 01:12:28 - INFO -   Epoch 14/30 - 배치 1562/7813 (20.0%) - 현재 Loss: 4.0874
2025-12-09 01:12:32 - INFO -   Epoch 14/30 - 배치 2343/7813 (30.0%) - 현재 Loss: 4.4134
2025-12-09 01:12:37 - INFO -   Epoch 14/30 - 배치 3124/7813 (40.0%) - 현재 Loss: 2.0684
2025-12-09 01:12:41 - INFO -   Epoch 14/30 - 배치 3905/7813 (50.0%) - 현재 Loss: 2.9988
2025-12-09 01:12:45 - INFO -   Epoch 14/30 - 배치 4686/7813 (60.0%) - 현재 Loss: 1.8709
2025-12-09 01:12:50 - INFO -   Epoch 14/30 - 배치 5467/7813 (70.0%) - 현재 Loss: 3.9107
2025-12-09 01:12:54 - INFO -   Epoch 14/30 - 배치 6248/7813 (80.0%) - 현재 Loss: 1.6901
2025-12-09 01:12:58 - INFO -   Epoch 14/30 - 배치 7029/7813 (90.0%) - 현재 Loss: 2.1534
2025-12-09 01:13:02 - INFO -   Epoch 14/30 - 배치 7810/7813 (100.0%) - 현재 Loss: 3.3078
2025-12-09 01:13:02 - INFO - Epoch 14/30 완료:
2025-12-09 01:13:02 - INFO -   - 평균 Loss: 2.8663
2025-12-09 01:13:02 - INFO -   - Epoch 소요 시간: 43.00초
2025-12-09 01:13:02 - INFO -   - 총 경과 시간: 644.26초 (10.7분)
2025-12-09 01:13:02 - INFO -   - 예상 남은 시간: 736.30초 (12.3분)
2025-12-09 01:13:02 - INFO -   ⭐ 최고 Loss 갱신: 2.8663
2025-12-09 01:13:07 - INFO -   Epoch 15/30 - 배치 781/7813 (10.0%) - 현재 Loss: 2.1557
2025-12-09 01:13:11 - INFO -   Epoch 15/30 - 배치 1562/7813 (20.0%) - 현재 Loss: 3.9998
2025-12-09 01:13:15 - INFO -   Epoch 15/30 - 배치 2343/7813 (30.0%) - 현재 Loss: 4.2586
2025-12-09 01:13:20 - INFO -   Epoch 15/30 - 배치 3124/7813 (40.0%) - 현재 Loss: 2.0660
2025-12-09 01:13:24 - INFO -   Epoch 15/30 - 배치 3905/7813 (50.0%) - 현재 Loss: 2.9624
2025-12-09 01:13:28 - INFO -   Epoch 15/30 - 배치 4686/7813 (60.0%) - 현재 Loss: 1.8577
2025-12-09 01:13:33 - INFO -   Epoch 15/30 - 배치 5467/7813 (70.0%) - 현재 Loss: 3.8877
2025-12-09 01:13:37 - INFO -   Epoch 15/30 - 배치 6248/7813 (80.0%) - 현재 Loss: 1.6893
2025-12-09 01:13:41 - INFO -   Epoch 15/30 - 배치 7029/7813 (90.0%) - 현재 Loss: 2.1364
2025-12-09 01:13:46 - INFO -   Epoch 15/30 - 배치 7810/7813 (100.0%) - 현재 Loss: 3.2303
2025-12-09 01:13:46 - INFO - Epoch 15/30 완료:
2025-12-09 01:13:46 - INFO -   - 평균 Loss: 2.8485
2025-12-09 01:13:46 - INFO -   - Epoch 소요 시간: 43.18초
2025-12-09 01:13:46 - INFO -   - 총 경과 시간: 687.44초 (11.5분)
2025-12-09 01:13:46 - INFO -   - 예상 남은 시간: 687.44초 (11.5분)
2025-12-09 01:13:46 - INFO -   ⭐ 최고 Loss 갱신: 2.8485
2025-12-09 01:13:50 - INFO -   Epoch 16/30 - 배치 781/7813 (10.0%) - 현재 Loss: 2.1579
2025-12-09 01:13:54 - INFO -   Epoch 16/30 - 배치 1562/7813 (20.0%) - 현재 Loss: 3.9957
2025-12-09 01:13:59 - INFO -   Epoch 16/30 - 배치 2343/7813 (30.0%) - 현재 Loss: 4.2162
2025-12-09 01:14:03 - INFO -   Epoch 16/30 - 배치 3124/7813 (40.0%) - 현재 Loss: 2.0670
2025-12-09 01:14:07 - INFO -   Epoch 16/30 - 배치 3905/7813 (50.0%) - 현재 Loss: 2.9693
2025-12-09 01:14:12 - INFO -   Epoch 16/30 - 배치 4686/7813 (60.0%) - 현재 Loss: 1.8676
2025-12-09 01:14:16 - INFO -   Epoch 16/30 - 배치 5467/7813 (70.0%) - 현재 Loss: 3.8813
2025-12-09 01:14:20 - INFO -   Epoch 16/30 - 배치 6248/7813 (80.0%) - 현재 Loss: 1.6911
2025-12-09 01:14:24 - INFO -   Epoch 16/30 - 배치 7029/7813 (90.0%) - 현재 Loss: 2.1363
2025-12-09 01:14:28 - INFO -   Epoch 16/30 - 배치 7810/7813 (100.0%) - 현재 Loss: 3.2045
2025-12-09 01:14:28 - INFO - Epoch 16/30 완료:
2025-12-09 01:14:28 - INFO -   - 평균 Loss: 2.8365
2025-12-09 01:14:28 - INFO -   - Epoch 소요 시간: 42.81초
2025-12-09 01:14:28 - INFO -   - 총 경과 시간: 730.25초 (12.2분)
2025-12-09 01:14:28 - INFO -   - 예상 남은 시간: 638.97초 (10.6분)
2025-12-09 01:14:28 - INFO -   ⭐ 최고 Loss 갱신: 2.8365
2025-12-09 01:14:33 - INFO -   Epoch 17/30 - 배치 781/7813 (10.0%) - 현재 Loss: 2.1635
2025-12-09 01:14:37 - INFO -   Epoch 17/30 - 배치 1562/7813 (20.0%) - 현재 Loss: 3.9421
2025-12-09 01:14:41 - INFO -   Epoch 17/30 - 배치 2343/7813 (30.0%) - 현재 Loss: 4.0423
2025-12-09 01:14:45 - INFO -   Epoch 17/30 - 배치 3124/7813 (40.0%) - 현재 Loss: 2.0815
2025-12-09 01:14:50 - INFO -   Epoch 17/30 - 배치 3905/7813 (50.0%) - 현재 Loss: 2.9629
2025-12-09 01:14:54 - INFO -   Epoch 17/30 - 배치 4686/7813 (60.0%) - 현재 Loss: 1.8750
2025-12-09 01:14:58 - INFO -   Epoch 17/30 - 배치 5467/7813 (70.0%) - 현재 Loss: 3.8538
2025-12-09 01:15:03 - INFO -   Epoch 17/30 - 배치 6248/7813 (80.0%) - 현재 Loss: 1.6870
2025-12-09 01:15:07 - INFO -   Epoch 17/30 - 배치 7029/7813 (90.0%) - 현재 Loss: 2.1306
2025-12-09 01:15:11 - INFO -   Epoch 17/30 - 배치 7810/7813 (100.0%) - 현재 Loss: 3.2378
2025-12-09 01:15:11 - INFO - Epoch 17/30 완료:
2025-12-09 01:15:11 - INFO -   - 평균 Loss: 2.8239
2025-12-09 01:15:11 - INFO -   - Epoch 소요 시간: 42.85초
2025-12-09 01:15:11 - INFO -   - 총 경과 시간: 773.09초 (12.9분)
2025-12-09 01:15:11 - INFO -   - 예상 남은 시간: 591.19초 (9.9분)
2025-12-09 01:15:11 - INFO -   ⭐ 최고 Loss 갱신: 2.8239
2025-12-09 01:15:15 - INFO -   Epoch 18/30 - 배치 781/7813 (10.0%) - 현재 Loss: 2.1862
2025-12-09 01:15:20 - INFO -   Epoch 18/30 - 배치 1562/7813 (20.0%) - 현재 Loss: 3.8766
2025-12-09 01:15:24 - INFO -   Epoch 18/30 - 배치 2343/7813 (30.0%) - 현재 Loss: 3.9507
2025-12-09 01:15:28 - INFO -   Epoch 18/30 - 배치 3124/7813 (40.0%) - 현재 Loss: 2.0793
2025-12-09 01:15:32 - INFO -   Epoch 18/30 - 배치 3905/7813 (50.0%) - 현재 Loss: 2.9465
2025-12-09 01:15:37 - INFO -   Epoch 18/30 - 배치 4686/7813 (60.0%) - 현재 Loss: 1.8550
2025-12-09 01:15:41 - INFO -   Epoch 18/30 - 배치 5467/7813 (70.0%) - 현재 Loss: 3.8289
2025-12-09 01:15:45 - INFO -   Epoch 18/30 - 배치 6248/7813 (80.0%) - 현재 Loss: 1.6825
2025-12-09 01:15:50 - INFO -   Epoch 18/30 - 배치 7029/7813 (90.0%) - 현재 Loss: 2.1279
2025-12-09 01:15:54 - INFO -   Epoch 18/30 - 배치 7810/7813 (100.0%) - 현재 Loss: 3.2536
2025-12-09 01:15:54 - INFO - Epoch 18/30 완료:
2025-12-09 01:15:54 - INFO -   - 평균 Loss: 2.8140
2025-12-09 01:15:54 - INFO -   - Epoch 소요 시간: 42.84초
2025-12-09 01:15:54 - INFO -   - 총 경과 시간: 815.94초 (13.6분)
2025-12-09 01:15:54 - INFO -   - 예상 남은 시간: 543.96초 (9.1분)
2025-12-09 01:15:54 - INFO -   ⭐ 최고 Loss 갱신: 2.8140
2025-12-09 01:15:59 - INFO -   Epoch 19/30 - 배치 781/7813 (10.0%) - 현재 Loss: 2.1770
2025-12-09 01:16:03 - INFO -   Epoch 19/30 - 배치 1562/7813 (20.0%) - 현재 Loss: 3.9359
2025-12-09 01:16:08 - INFO -   Epoch 19/30 - 배치 2343/7813 (30.0%) - 현재 Loss: 3.9283
2025-12-09 01:16:13 - INFO -   Epoch 19/30 - 배치 3124/7813 (40.0%) - 현재 Loss: 2.0848
2025-12-09 01:16:17 - INFO -   Epoch 19/30 - 배치 3905/7813 (50.0%) - 현재 Loss: 2.8785
2025-12-09 01:16:22 - INFO -   Epoch 19/30 - 배치 4686/7813 (60.0%) - 현재 Loss: 1.8602
2025-12-09 01:16:27 - INFO -   Epoch 19/30 - 배치 5467/7813 (70.0%) - 현재 Loss: 3.8103
2025-12-09 01:16:31 - INFO -   Epoch 19/30 - 배치 6248/7813 (80.0%) - 현재 Loss: 1.6824
2025-12-09 01:16:36 - INFO -   Epoch 19/30 - 배치 7029/7813 (90.0%) - 현재 Loss: 2.1414
2025-12-09 01:16:40 - INFO -   Epoch 19/30 - 배치 7810/7813 (100.0%) - 현재 Loss: 3.1922
2025-12-09 01:16:40 - INFO - Epoch 19/30 완료:
2025-12-09 01:16:40 - INFO -   - 평균 Loss: 2.8049
2025-12-09 01:16:40 - INFO -   - Epoch 소요 시간: 46.26초
2025-12-09 01:16:40 - INFO -   - 총 경과 시간: 862.20초 (14.4분)
2025-12-09 01:16:40 - INFO -   - 예상 남은 시간: 499.17초 (8.3분)
2025-12-09 01:16:40 - INFO -   ⭐ 최고 Loss 갱신: 2.8049
2025-12-09 01:16:45 - INFO -   Epoch 20/30 - 배치 781/7813 (10.0%) - 현재 Loss: 2.1790
2025-12-09 01:16:50 - INFO -   Epoch 20/30 - 배치 1562/7813 (20.0%) - 현재 Loss: 3.8748
2025-12-09 01:16:55 - INFO -   Epoch 20/30 - 배치 2343/7813 (30.0%) - 현재 Loss: 3.8419
2025-12-09 01:16:59 - INFO -   Epoch 20/30 - 배치 3124/7813 (40.0%) - 현재 Loss: 2.0997
2025-12-09 01:17:04 - INFO -   Epoch 20/30 - 배치 3905/7813 (50.0%) - 현재 Loss: 2.8730
2025-12-09 01:17:09 - INFO -   Epoch 20/30 - 배치 4686/7813 (60.0%) - 현재 Loss: 1.8630
2025-12-09 01:17:13 - INFO -   Epoch 20/30 - 배치 5467/7813 (70.0%) - 현재 Loss: 3.7626
2025-12-09 01:17:18 - INFO -   Epoch 20/30 - 배치 6248/7813 (80.0%) - 현재 Loss: 1.6795
2025-12-09 01:17:23 - INFO -   Epoch 20/30 - 배치 7029/7813 (90.0%) - 현재 Loss: 2.1339
2025-12-09 01:17:27 - INFO -   Epoch 20/30 - 배치 7810/7813 (100.0%) - 현재 Loss: 3.1852
2025-12-09 01:17:27 - INFO - Epoch 20/30 완료:
2025-12-09 01:17:27 - INFO -   - 평균 Loss: 2.7928
2025-12-09 01:17:27 - INFO -   - Epoch 소요 시간: 46.93초
2025-12-09 01:17:27 - INFO -   - 총 경과 시간: 909.13초 (15.2분)
2025-12-09 01:17:27 - INFO -   - 예상 남은 시간: 454.57초 (7.6분)
2025-12-09 01:17:27 - INFO -   ⭐ 최고 Loss 갱신: 2.7928
2025-12-09 01:17:32 - INFO -   Epoch 21/30 - 배치 781/7813 (10.0%) - 현재 Loss: 2.1884
2025-12-09 01:17:36 - INFO -   Epoch 21/30 - 배치 1562/7813 (20.0%) - 현재 Loss: 3.9466
2025-12-09 01:17:41 - INFO -   Epoch 21/30 - 배치 2343/7813 (30.0%) - 현재 Loss: 3.8761
2025-12-09 01:17:46 - INFO -   Epoch 21/30 - 배치 3124/7813 (40.0%) - 현재 Loss: 2.0942
2025-12-09 01:17:50 - INFO -   Epoch 21/30 - 배치 3905/7813 (50.0%) - 현재 Loss: 2.9083
2025-12-09 01:17:55 - INFO -   Epoch 21/30 - 배치 4686/7813 (60.0%) - 현재 Loss: 1.8778
2025-12-09 01:18:00 - INFO -   Epoch 21/30 - 배치 5467/7813 (70.0%) - 현재 Loss: 3.8361
2025-12-09 01:18:04 - INFO -   Epoch 21/30 - 배치 6248/7813 (80.0%) - 현재 Loss: 1.6828
2025-12-09 01:18:09 - INFO -   Epoch 21/30 - 배치 7029/7813 (90.0%) - 현재 Loss: 2.1414
2025-12-09 01:18:14 - INFO -   Epoch 21/30 - 배치 7810/7813 (100.0%) - 현재 Loss: 3.2921
2025-12-09 01:18:14 - INFO - Epoch 21/30 완료:
2025-12-09 01:18:14 - INFO -   - 평균 Loss: 2.8105
2025-12-09 01:18:14 - INFO -   - Epoch 소요 시간: 46.38초
2025-12-09 01:18:14 - INFO -   - 총 경과 시간: 955.52초 (15.9분)
2025-12-09 01:18:14 - INFO -   - 예상 남은 시간: 409.51초 (6.8분)
2025-12-09 01:18:18 - INFO -   Epoch 22/30 - 배치 781/7813 (10.0%) - 현재 Loss: 2.1773
2025-12-09 01:18:23 - INFO -   Epoch 22/30 - 배치 1562/7813 (20.0%) - 현재 Loss: 3.7707
2025-12-09 01:18:28 - INFO -   Epoch 22/30 - 배치 2343/7813 (30.0%) - 현재 Loss: 3.6013
2025-12-09 01:18:32 - INFO -   Epoch 22/30 - 배치 3124/7813 (40.0%) - 현재 Loss: 2.0917
2025-12-09 01:18:37 - INFO -   Epoch 22/30 - 배치 3905/7813 (50.0%) - 현재 Loss: 2.8665
2025-12-09 01:18:41 - INFO -   Epoch 22/30 - 배치 4686/7813 (60.0%) - 현재 Loss: 1.8725
2025-12-09 01:18:46 - INFO -   Epoch 22/30 - 배치 5467/7813 (70.0%) - 현재 Loss: 3.7476
2025-12-09 01:18:50 - INFO -   Epoch 22/30 - 배치 6248/7813 (80.0%) - 현재 Loss: 1.6861
2025-12-09 01:18:55 - INFO -   Epoch 22/30 - 배치 7029/7813 (90.0%) - 현재 Loss: 2.1409
2025-12-09 01:19:00 - INFO -   Epoch 22/30 - 배치 7810/7813 (100.0%) - 현재 Loss: 3.3286
2025-12-09 01:19:00 - INFO - Epoch 22/30 완료:
2025-12-09 01:19:00 - INFO -   - 평균 Loss: 2.7905
2025-12-09 01:19:00 - INFO -   - Epoch 소요 시간: 45.86초
2025-12-09 01:19:00 - INFO -   - 총 경과 시간: 1001.38초 (16.7분)
2025-12-09 01:19:00 - INFO -   - 예상 남은 시간: 364.14초 (6.1분)
2025-12-09 01:19:00 - INFO -   ⭐ 최고 Loss 갱신: 2.7905
2025-12-09 01:19:04 - INFO -   Epoch 23/30 - 배치 781/7813 (10.0%) - 현재 Loss: 2.1764
2025-12-09 01:19:09 - INFO -   Epoch 23/30 - 배치 1562/7813 (20.0%) - 현재 Loss: 3.6870
2025-12-09 01:19:14 - INFO -   Epoch 23/30 - 배치 2343/7813 (30.0%) - 현재 Loss: 3.6408
2025-12-09 01:19:18 - INFO -   Epoch 23/30 - 배치 3124/7813 (40.0%) - 현재 Loss: 2.0816
2025-12-09 01:19:23 - INFO -   Epoch 23/30 - 배치 3905/7813 (50.0%) - 현재 Loss: 2.8862
2025-12-09 01:19:28 - INFO -   Epoch 23/30 - 배치 4686/7813 (60.0%) - 현재 Loss: 1.8716
2025-12-09 01:19:33 - INFO -   Epoch 23/30 - 배치 5467/7813 (70.0%) - 현재 Loss: 3.7837
2025-12-09 01:19:38 - INFO -   Epoch 23/30 - 배치 6248/7813 (80.0%) - 현재 Loss: 1.6823
2025-12-09 01:19:43 - INFO -   Epoch 23/30 - 배치 7029/7813 (90.0%) - 현재 Loss: 2.1411
2025-12-09 01:19:47 - INFO -   Epoch 23/30 - 배치 7810/7813 (100.0%) - 현재 Loss: 3.2941
2025-12-09 01:19:47 - INFO - Epoch 23/30 완료:
2025-12-09 01:19:47 - INFO -   - 평균 Loss: 2.7825
2025-12-09 01:19:47 - INFO -   - Epoch 소요 시간: 47.61초
2025-12-09 01:19:47 - INFO -   - 총 경과 시간: 1048.99초 (17.5분)
2025-12-09 01:19:47 - INFO -   - 예상 남은 시간: 319.26초 (5.3분)
2025-12-09 01:19:47 - INFO -   ⭐ 최고 Loss 갱신: 2.7825
2025-12-09 01:19:52 - INFO -   Epoch 24/30 - 배치 781/7813 (10.0%) - 현재 Loss: 2.1726
2025-12-09 01:19:56 - INFO -   Epoch 24/30 - 배치 1562/7813 (20.0%) - 현재 Loss: 3.7409
2025-12-09 01:20:00 - INFO -   Epoch 24/30 - 배치 2343/7813 (30.0%) - 현재 Loss: 3.3545
2025-12-09 01:20:05 - INFO -   Epoch 24/30 - 배치 3124/7813 (40.0%) - 현재 Loss: 2.0925
2025-12-09 01:20:09 - INFO -   Epoch 24/30 - 배치 3905/7813 (50.0%) - 현재 Loss: 2.8767
2025-12-09 01:20:14 - INFO -   Epoch 24/30 - 배치 4686/7813 (60.0%) - 현재 Loss: 1.8584
2025-12-09 01:20:18 - INFO -   Epoch 24/30 - 배치 5467/7813 (70.0%) - 현재 Loss: 3.7704
2025-12-09 01:20:23 - INFO -   Epoch 24/30 - 배치 6248/7813 (80.0%) - 현재 Loss: 1.6858
2025-12-09 01:20:28 - INFO -   Epoch 24/30 - 배치 7029/7813 (90.0%) - 현재 Loss: 2.1353
2025-12-09 01:20:33 - INFO -   Epoch 24/30 - 배치 7810/7813 (100.0%) - 현재 Loss: 3.2836
2025-12-09 01:20:33 - INFO - Epoch 24/30 완료:
2025-12-09 01:20:33 - INFO -   - 평균 Loss: 2.7677
2025-12-09 01:20:33 - INFO -   - Epoch 소요 시간: 45.29초
2025-12-09 01:20:33 - INFO -   - 총 경과 시간: 1094.28초 (18.2분)
2025-12-09 01:20:33 - INFO -   - 예상 남은 시간: 273.57초 (4.6분)
2025-12-09 01:20:33 - INFO -   ⭐ 최고 Loss 갱신: 2.7677
2025-12-09 01:20:37 - INFO -   Epoch 25/30 - 배치 781/7813 (10.0%) - 현재 Loss: 2.1713
2025-12-09 01:20:42 - INFO -   Epoch 25/30 - 배치 1562/7813 (20.0%) - 현재 Loss: 3.6627
2025-12-09 01:20:46 - INFO -   Epoch 25/30 - 배치 2343/7813 (30.0%) - 현재 Loss: 3.1918
2025-12-09 01:20:51 - INFO -   Epoch 25/30 - 배치 3124/7813 (40.0%) - 현재 Loss: 2.0867
2025-12-09 01:20:55 - INFO -   Epoch 25/30 - 배치 3905/7813 (50.0%) - 현재 Loss: 2.8343
2025-12-09 01:21:00 - INFO -   Epoch 25/30 - 배치 4686/7813 (60.0%) - 현재 Loss: 1.8752
2025-12-09 01:21:04 - INFO -   Epoch 25/30 - 배치 5467/7813 (70.0%) - 현재 Loss: 3.7830
2025-12-09 01:21:08 - INFO -   Epoch 25/30 - 배치 6248/7813 (80.0%) - 현재 Loss: 1.6873
2025-12-09 01:21:13 - INFO -   Epoch 25/30 - 배치 7029/7813 (90.0%) - 현재 Loss: 2.1371
2025-12-09 01:21:17 - INFO -   Epoch 25/30 - 배치 7810/7813 (100.0%) - 현재 Loss: 3.2845
2025-12-09 01:21:17 - INFO - Epoch 25/30 완료:
2025-12-09 01:21:17 - INFO -   - 평균 Loss: 2.7605
2025-12-09 01:21:17 - INFO -   - Epoch 소요 시간: 44.79초
2025-12-09 01:21:17 - INFO -   - 총 경과 시간: 1139.07초 (19.0분)
2025-12-09 01:21:17 - INFO -   - 예상 남은 시간: 227.81초 (3.8분)
2025-12-09 01:21:17 - INFO -   ⭐ 최고 Loss 갱신: 2.7605
2025-12-09 01:21:22 - INFO -   Epoch 26/30 - 배치 781/7813 (10.0%) - 현재 Loss: 2.1686
2025-12-09 01:21:26 - INFO -   Epoch 26/30 - 배치 1562/7813 (20.0%) - 현재 Loss: 3.6723
2025-12-09 01:21:31 - INFO -   Epoch 26/30 - 배치 2343/7813 (30.0%) - 현재 Loss: 3.1756
2025-12-09 01:21:35 - INFO -   Epoch 26/30 - 배치 3124/7813 (40.0%) - 현재 Loss: 2.0820
2025-12-09 01:21:40 - INFO -   Epoch 26/30 - 배치 3905/7813 (50.0%) - 현재 Loss: 2.8177
2025-12-09 01:21:45 - INFO -   Epoch 26/30 - 배치 4686/7813 (60.0%) - 현재 Loss: 1.8655
2025-12-09 01:21:49 - INFO -   Epoch 26/30 - 배치 5467/7813 (70.0%) - 현재 Loss: 3.7429
2025-12-09 01:21:54 - INFO -   Epoch 26/30 - 배치 6248/7813 (80.0%) - 현재 Loss: 1.6832
2025-12-09 01:21:58 - INFO -   Epoch 26/30 - 배치 7029/7813 (90.0%) - 현재 Loss: 2.1461
2025-12-09 01:22:03 - INFO -   Epoch 26/30 - 배치 7810/7813 (100.0%) - 현재 Loss: 3.1829
2025-12-09 01:22:03 - INFO - Epoch 26/30 완료:
2025-12-09 01:22:03 - INFO -   - 평균 Loss: 2.7512
2025-12-09 01:22:03 - INFO -   - Epoch 소요 시간: 45.34초
2025-12-09 01:22:03 - INFO -   - 총 경과 시간: 1184.41초 (19.7분)
2025-12-09 01:22:03 - INFO -   - 예상 남은 시간: 182.22초 (3.0분)
2025-12-09 01:22:03 - INFO -   ⭐ 최고 Loss 갱신: 2.7512
2025-12-09 01:22:07 - INFO -   Epoch 27/30 - 배치 781/7813 (10.0%) - 현재 Loss: 2.1714
2025-12-09 01:22:11 - INFO -   Epoch 27/30 - 배치 1562/7813 (20.0%) - 현재 Loss: 3.6429
2025-12-09 01:22:16 - INFO -   Epoch 27/30 - 배치 2343/7813 (30.0%) - 현재 Loss: 3.1301
2025-12-09 01:22:20 - INFO -   Epoch 27/30 - 배치 3124/7813 (40.0%) - 현재 Loss: 2.0962
2025-12-09 01:22:25 - INFO -   Epoch 27/30 - 배치 3905/7813 (50.0%) - 현재 Loss: 2.8782
2025-12-09 01:22:30 - INFO -   Epoch 27/30 - 배치 4686/7813 (60.0%) - 현재 Loss: 1.8730
2025-12-09 01:22:34 - INFO -   Epoch 27/30 - 배치 5467/7813 (70.0%) - 현재 Loss: 3.7719
2025-12-09 01:22:39 - INFO -   Epoch 27/30 - 배치 6248/7813 (80.0%) - 현재 Loss: 1.6873
2025-12-09 01:22:44 - INFO -   Epoch 27/30 - 배치 7029/7813 (90.0%) - 현재 Loss: 2.1389
2025-12-09 01:22:48 - INFO -   Epoch 27/30 - 배치 7810/7813 (100.0%) - 현재 Loss: 3.1107
2025-12-09 01:22:48 - INFO - Epoch 27/30 완료:
2025-12-09 01:22:48 - INFO -   - 평균 Loss: 2.7402
2025-12-09 01:22:48 - INFO -   - Epoch 소요 시간: 45.78초
2025-12-09 01:22:48 - INFO -   - 총 경과 시간: 1230.20초 (20.5분)
2025-12-09 01:22:48 - INFO -   - 예상 남은 시간: 136.69초 (2.3분)
2025-12-09 01:22:48 - INFO -   ⭐ 최고 Loss 갱신: 2.7402
2025-12-09 01:22:53 - INFO -   Epoch 28/30 - 배치 781/7813 (10.0%) - 현재 Loss: 2.1646
2025-12-09 01:22:58 - INFO -   Epoch 28/30 - 배치 1562/7813 (20.0%) - 현재 Loss: 3.5949
2025-12-09 01:23:02 - INFO -   Epoch 28/30 - 배치 2343/7813 (30.0%) - 현재 Loss: 2.9868
2025-12-09 01:23:07 - INFO -   Epoch 28/30 - 배치 3124/7813 (40.0%) - 현재 Loss: 2.0717
2025-12-09 01:23:11 - INFO -   Epoch 28/30 - 배치 3905/7813 (50.0%) - 현재 Loss: 2.7931
2025-12-09 01:23:15 - INFO -   Epoch 28/30 - 배치 4686/7813 (60.0%) - 현재 Loss: 1.8563
2025-12-09 01:23:20 - INFO -   Epoch 28/30 - 배치 5467/7813 (70.0%) - 현재 Loss: 3.7852
2025-12-09 01:23:25 - INFO -   Epoch 28/30 - 배치 6248/7813 (80.0%) - 현재 Loss: 1.6827
2025-12-09 01:23:29 - INFO -   Epoch 28/30 - 배치 7029/7813 (90.0%) - 현재 Loss: 2.1358
2025-12-09 01:23:34 - INFO -   Epoch 28/30 - 배치 7810/7813 (100.0%) - 현재 Loss: 3.1053
2025-12-09 01:23:34 - INFO - Epoch 28/30 완료:
2025-12-09 01:23:34 - INFO -   - 평균 Loss: 2.7319
2025-12-09 01:23:34 - INFO -   - Epoch 소요 시간: 45.32초
2025-12-09 01:23:34 - INFO -   - 총 경과 시간: 1275.51초 (21.3분)
2025-12-09 01:23:34 - INFO -   - 예상 남은 시간: 91.11초 (1.5분)
2025-12-09 01:23:34 - INFO -   ⭐ 최고 Loss 갱신: 2.7319
2025-12-09 01:23:38 - INFO -   Epoch 29/30 - 배치 781/7813 (10.0%) - 현재 Loss: 2.1665
2025-12-09 01:23:43 - INFO -   Epoch 29/30 - 배치 1562/7813 (20.0%) - 현재 Loss: 3.6445
2025-12-09 01:23:48 - INFO -   Epoch 29/30 - 배치 2343/7813 (30.0%) - 현재 Loss: 3.1742
2025-12-09 01:23:52 - INFO -   Epoch 29/30 - 배치 3124/7813 (40.0%) - 현재 Loss: 2.0858
2025-12-09 01:23:57 - INFO -   Epoch 29/30 - 배치 3905/7813 (50.0%) - 현재 Loss: 2.7436
2025-12-09 01:24:02 - INFO -   Epoch 29/30 - 배치 4686/7813 (60.0%) - 현재 Loss: 1.8706
2025-12-09 01:24:06 - INFO -   Epoch 29/30 - 배치 5467/7813 (70.0%) - 현재 Loss: 3.7738
2025-12-09 01:24:11 - INFO -   Epoch 29/30 - 배치 6248/7813 (80.0%) - 현재 Loss: 1.6885
2025-12-09 01:24:15 - INFO -   Epoch 29/30 - 배치 7029/7813 (90.0%) - 현재 Loss: 2.1362
2025-12-09 01:24:20 - INFO -   Epoch 29/30 - 배치 7810/7813 (100.0%) - 현재 Loss: 3.0665
2025-12-09 01:24:20 - INFO - Epoch 29/30 완료:
2025-12-09 01:24:20 - INFO -   - 평균 Loss: 2.7250
2025-12-09 01:24:20 - INFO -   - Epoch 소요 시간: 46.17초
2025-12-09 01:24:20 - INFO -   - 총 경과 시간: 1321.68초 (22.0분)
2025-12-09 01:24:20 - INFO -   - 예상 남은 시간: 45.58초 (0.8분)
2025-12-09 01:24:20 - INFO -   ⭐ 최고 Loss 갱신: 2.7250
2025-12-09 01:24:24 - INFO -   Epoch 30/30 - 배치 781/7813 (10.0%) - 현재 Loss: 2.1537
2025-12-09 01:24:29 - INFO -   Epoch 30/30 - 배치 1562/7813 (20.0%) - 현재 Loss: 3.4754
2025-12-09 01:24:33 - INFO -   Epoch 30/30 - 배치 2343/7813 (30.0%) - 현재 Loss: 2.9420
2025-12-09 01:24:38 - INFO -   Epoch 30/30 - 배치 3124/7813 (40.0%) - 현재 Loss: 2.0972
2025-12-09 01:24:42 - INFO -   Epoch 30/30 - 배치 3905/7813 (50.0%) - 현재 Loss: 2.7452
2025-12-09 01:24:47 - INFO -   Epoch 30/30 - 배치 4686/7813 (60.0%) - 현재 Loss: 1.8698
2025-12-09 01:24:52 - INFO -   Epoch 30/30 - 배치 5467/7813 (70.0%) - 현재 Loss: 3.7476
2025-12-09 01:24:56 - INFO -   Epoch 30/30 - 배치 6248/7813 (80.0%) - 현재 Loss: 1.6867
2025-12-09 01:25:01 - INFO -   Epoch 30/30 - 배치 7029/7813 (90.0%) - 현재 Loss: 2.1425
2025-12-09 01:25:05 - INFO -   Epoch 30/30 - 배치 7810/7813 (100.0%) - 현재 Loss: 3.1789
2025-12-09 01:25:05 - INFO - Epoch 30/30 완료:
2025-12-09 01:25:05 - INFO -   - 평균 Loss: 2.7241
2025-12-09 01:25:05 - INFO -   - Epoch 소요 시간: 45.53초
2025-12-09 01:25:05 - INFO -   - 총 경과 시간: 1367.21초 (22.8분)
2025-12-09 01:25:05 - INFO -   ⭐ 최고 Loss 갱신: 2.7241
2025-12-09 01:25:05 - INFO - 
============================================================
2025-12-09 01:25:05 - INFO - ✅ DeepLog 모델 학습 완료
2025-12-09 01:25:05 - INFO -   - 총 소요 시간: 1367.21초 (22.8분)
2025-12-09 01:25:05 - INFO -   - 최종 Loss: 2.7241
2025-12-09 01:25:05 - INFO -   - 최고 Loss: 2.7241
2025-12-09 01:25:05 - INFO - ============================================================
