2025-12-08 23:40:13 - INFO - 📝 학습 로그 파일: /Users/zzangdol/PycharmProjects/zzangdol/pattern/prelog/logs/training/deeplog_training_20251208_234013.log
2025-12-08 23:40:13 - INFO - ============================================================
2025-12-08 23:40:13 - INFO - DeepLog 모델 학습 시작
2025-12-08 23:40:13 - INFO - ============================================================
2025-12-08 23:40:13 - INFO - 학습 파라미터:
2025-12-08 23:40:13 - INFO -   - Epochs: 30
2025-12-08 23:40:13 - INFO -   - Batch Size: 64
2025-12-08 23:40:13 - INFO -   - Learning Rate: 0.001
2025-12-08 23:40:13 - INFO -   - 학습 데이터: 1,000,000개 로그
2025-12-08 23:40:13 - INFO - 시퀀스 준비 중...
2025-12-08 23:40:13 - INFO -   템플릿 사전 구축 중...
2025-12-08 23:40:17 - INFO -   ✅ 템플릿 사전 구축 완료: 10,889개 템플릿
2025-12-08 23:40:17 - INFO -   시퀀스 생성 중: 예상 999,990개 시퀀스...
2025-12-08 23:40:17 - INFO -   예상 메모리 사용량: 38.1 MB
2025-12-08 23:40:20 - INFO -   시퀀스 생성 진행: 49,999/999,990 (5.0%) - 경과: 3.8초 - 예상 남은 시간: 71.3초 (1.2분)
2025-12-08 23:40:24 - INFO -   시퀀스 생성 진행: 99,998/999,990 (10.0%) - 경과: 7.3초 - 예상 남은 시간: 66.1초 (1.1분)
2025-12-08 23:40:28 - INFO -   시퀀스 생성 진행: 149,997/999,990 (15.0%) - 경과: 11.0초 - 예상 남은 시간: 62.4초 (1.0분)
2025-12-08 23:40:31 - INFO -   시퀀스 생성 진행: 199,996/999,990 (20.0%) - 경과: 14.7초 - 예상 남은 시간: 58.9초 (1.0분)
2025-12-08 23:40:35 - INFO -   시퀀스 생성 진행: 249,995/999,990 (25.0%) - 경과: 18.4초 - 예상 남은 시간: 55.3초 (0.9분)
2025-12-08 23:40:39 - INFO -   시퀀스 생성 진행: 299,994/999,990 (30.0%) - 경과: 22.2초 - 예상 남은 시간: 51.9초 (0.9분)
2025-12-08 23:40:43 - INFO -   시퀀스 생성 진행: 349,993/999,990 (35.0%) - 경과: 26.0초 - 예상 남은 시간: 48.2초 (0.8분)
2025-12-08 23:40:46 - INFO -   시퀀스 생성 진행: 399,992/999,990 (40.0%) - 경과: 29.7초 - 예상 남은 시간: 44.5초 (0.7분)
2025-12-08 23:40:50 - INFO -   시퀀스 생성 진행: 449,991/999,990 (45.0%) - 경과: 33.3초 - 예상 남은 시간: 40.7초 (0.7분)
2025-12-08 23:40:54 - INFO -   시퀀스 생성 진행: 499,990/999,990 (50.0%) - 경과: 37.0초 - 예상 남은 시간: 37.0초 (0.6분)
2025-12-08 23:40:58 - INFO -   시퀀스 생성 진행: 549,989/999,990 (55.0%) - 경과: 40.9초 - 예상 남은 시간: 33.4초 (0.6분)
2025-12-08 23:41:01 - INFO -   시퀀스 생성 진행: 599,988/999,990 (60.0%) - 경과: 44.7초 - 예상 남은 시간: 29.8초 (0.5분)
2025-12-08 23:41:05 - INFO -   시퀀스 생성 진행: 649,987/999,990 (65.0%) - 경과: 48.5초 - 예상 남은 시간: 26.1초 (0.4분)
2025-12-08 23:41:09 - INFO -   시퀀스 생성 진행: 699,986/999,990 (70.0%) - 경과: 52.4초 - 예상 남은 시간: 22.4초 (0.4분)
2025-12-08 23:41:13 - INFO -   시퀀스 생성 진행: 749,985/999,990 (75.0%) - 경과: 56.2초 - 예상 남은 시간: 18.7초 (0.3분)
2025-12-08 23:41:17 - INFO -   시퀀스 생성 진행: 799,984/999,990 (80.0%) - 경과: 60.2초 - 예상 남은 시간: 15.0초 (0.3분)
2025-12-08 23:41:21 - INFO -   시퀀스 생성 진행: 849,983/999,990 (85.0%) - 경과: 64.4초 - 예상 남은 시간: 11.4초 (0.2분)
2025-12-08 23:41:26 - INFO -   시퀀스 생성 진행: 899,982/999,990 (90.0%) - 경과: 68.8초 - 예상 남은 시간: 7.6초 (0.1분)
2025-12-08 23:41:30 - INFO -   시퀀스 생성 진행: 949,981/999,990 (95.0%) - 경과: 73.3초 - 예상 남은 시간: 3.9초 (0.1분)
2025-12-08 23:41:34 - INFO -   시퀀스 생성 진행: 999,980/999,990 (100.0%) - 경과: 77.5초 - 예상 남은 시간: 0.0초 (0.0분)
2025-12-08 23:41:34 - INFO -   시퀀스 생성 진행: 999,990/999,990 (100.0%) - 경과: 77.5초 - 예상 남은 시간: 0.0초 (0.0분)
2025-12-08 23:41:34 - INFO - ✅ 시퀀스 준비 완료: 999,990개
2025-12-08 23:41:34 - INFO -   - 어휘 크기: 10,890
2025-12-08 23:41:34 - INFO -    💡 원본 로그 데이터 메모리 해제 완료
2025-12-08 23:41:34 - INFO - 모델 구축 중...
2025-12-08 23:41:34 - INFO - ✅ 모델 구축 완료
2025-12-08 23:41:34 - INFO - 데이터 텐서 변환 중...
2025-12-08 23:41:34 - INFO - ✅ 텐서 변환 완료: 15,625개 배치
2025-12-08 23:41:34 - INFO -    💡 NumPy 배열 메모리 해제 완료 (텐서만 메모리에 유지)
2025-12-08 23:41:35 - INFO - 
============================================================
2025-12-08 23:41:35 - INFO - 학습 시작
2025-12-08 23:41:35 - INFO - ============================================================
2025-12-08 23:41:44 - INFO -   Epoch 1/30 - 배치 1562/15625 (10.0%) - 현재 Loss: 2.0135
2025-12-08 23:41:54 - INFO -   Epoch 1/30 - 배치 3124/15625 (20.0%) - 현재 Loss: 5.1273
2025-12-08 23:42:04 - INFO -   Epoch 1/30 - 배치 4686/15625 (30.0%) - 현재 Loss: 4.9578
2025-12-08 23:42:13 - INFO -   Epoch 1/30 - 배치 6248/15625 (40.0%) - 현재 Loss: 2.2722
2025-12-08 23:42:23 - INFO -   Epoch 1/30 - 배치 7810/15625 (50.0%) - 현재 Loss: 3.2649
2025-12-08 23:42:32 - INFO -   Epoch 1/30 - 배치 9372/15625 (60.0%) - 현재 Loss: 1.7662
2025-12-08 23:42:43 - INFO -   Epoch 1/30 - 배치 10934/15625 (70.0%) - 현재 Loss: 5.2213
2025-12-08 23:42:53 - INFO -   Epoch 1/30 - 배치 12496/15625 (80.0%) - 현재 Loss: 2.0267
2025-12-08 23:43:02 - INFO -   Epoch 1/30 - 배치 14058/15625 (90.0%) - 현재 Loss: 1.9103
2025-12-08 23:43:12 - INFO -   Epoch 1/30 - 배치 15620/15625 (100.0%) - 현재 Loss: 5.8811
2025-12-08 23:43:12 - INFO - Epoch 1/30 완료:
2025-12-08 23:43:12 - INFO -   - 평균 Loss: 3.4566
2025-12-08 23:43:12 - INFO -   - Epoch 소요 시간: 97.66초
2025-12-08 23:43:12 - INFO -   - 총 경과 시간: 179.11초 (3.0분)
2025-12-08 23:43:12 - INFO -   ⭐ 최고 Loss 갱신: 3.4566
2025-12-08 23:43:22 - INFO -   Epoch 2/30 - 배치 1562/15625 (10.0%) - 현재 Loss: 1.9952
2025-12-08 23:43:31 - INFO -   Epoch 2/30 - 배치 3124/15625 (20.0%) - 현재 Loss: 4.4834
2025-12-08 23:43:40 - INFO -   Epoch 2/30 - 배치 4686/15625 (30.0%) - 현재 Loss: 4.3146
2025-12-08 23:43:48 - INFO -   Epoch 2/30 - 배치 6248/15625 (40.0%) - 현재 Loss: 2.2638
2025-12-08 23:43:56 - INFO -   Epoch 2/30 - 배치 7810/15625 (50.0%) - 현재 Loss: 2.9692
2025-12-08 23:44:05 - INFO -   Epoch 2/30 - 배치 9372/15625 (60.0%) - 현재 Loss: 1.7522
2025-12-08 23:44:13 - INFO -   Epoch 2/30 - 배치 10934/15625 (70.0%) - 현재 Loss: 4.3763
2025-12-08 23:44:21 - INFO -   Epoch 2/30 - 배치 12496/15625 (80.0%) - 현재 Loss: 2.0115
2025-12-08 23:44:31 - INFO -   Epoch 2/30 - 배치 14058/15625 (90.0%) - 현재 Loss: 1.8755
2025-12-08 23:44:40 - INFO -   Epoch 2/30 - 배치 15620/15625 (100.0%) - 현재 Loss: 5.3741
2025-12-08 23:44:40 - INFO - Epoch 2/30 완료:
2025-12-08 23:44:40 - INFO -   - 평균 Loss: 3.1627
2025-12-08 23:44:40 - INFO -   - Epoch 소요 시간: 87.81초
2025-12-08 23:44:40 - INFO -   - 총 경과 시간: 266.92초 (4.4분)
2025-12-08 23:44:40 - INFO -   - 예상 남은 시간: 3736.82초 (62.3분)
2025-12-08 23:44:40 - INFO -   ⭐ 최고 Loss 갱신: 3.1627
2025-12-08 23:44:49 - INFO -   Epoch 3/30 - 배치 1562/15625 (10.0%) - 현재 Loss: 2.0009
2025-12-08 23:44:59 - INFO -   Epoch 3/30 - 배치 3124/15625 (20.0%) - 현재 Loss: 4.4739
2025-12-08 23:45:08 - INFO -   Epoch 3/30 - 배치 4686/15625 (30.0%) - 현재 Loss: 4.0770
2025-12-08 23:45:18 - INFO -   Epoch 3/30 - 배치 6248/15625 (40.0%) - 현재 Loss: 2.2688
2025-12-08 23:45:27 - INFO -   Epoch 3/30 - 배치 7810/15625 (50.0%) - 현재 Loss: 2.8425
2025-12-08 23:45:37 - INFO -   Epoch 3/30 - 배치 9372/15625 (60.0%) - 현재 Loss: 1.7450
2025-12-08 23:45:46 - INFO -   Epoch 3/30 - 배치 10934/15625 (70.0%) - 현재 Loss: 4.1658
2025-12-08 23:45:56 - INFO -   Epoch 3/30 - 배치 12496/15625 (80.0%) - 현재 Loss: 2.0207
2025-12-08 23:46:04 - INFO -   Epoch 3/30 - 배치 14058/15625 (90.0%) - 현재 Loss: 1.8879
2025-12-08 23:46:13 - INFO -   Epoch 3/30 - 배치 15620/15625 (100.0%) - 현재 Loss: 5.1846
2025-12-08 23:46:13 - INFO - Epoch 3/30 완료:
2025-12-08 23:46:13 - INFO -   - 평균 Loss: 3.1181
2025-12-08 23:46:13 - INFO -   - Epoch 소요 시간: 93.16초
2025-12-08 23:46:13 - INFO -   - 총 경과 시간: 360.07초 (6.0분)
2025-12-08 23:46:13 - INFO -   - 예상 남은 시간: 3240.67초 (54.0분)
2025-12-08 23:46:13 - INFO -   ⭐ 최고 Loss 갱신: 3.1181
2025-12-08 23:46:22 - INFO -   Epoch 4/30 - 배치 1562/15625 (10.0%) - 현재 Loss: 2.0153
2025-12-08 23:46:31 - INFO -   Epoch 4/30 - 배치 3124/15625 (20.0%) - 현재 Loss: 4.3996
2025-12-08 23:46:40 - INFO -   Epoch 4/30 - 배치 4686/15625 (30.0%) - 현재 Loss: 4.1104
2025-12-08 23:46:48 - INFO -   Epoch 4/30 - 배치 6248/15625 (40.0%) - 현재 Loss: 2.2592
2025-12-08 23:46:56 - INFO -   Epoch 4/30 - 배치 7810/15625 (50.0%) - 현재 Loss: 2.8670
2025-12-08 23:47:05 - INFO -   Epoch 4/30 - 배치 9372/15625 (60.0%) - 현재 Loss: 1.7472
2025-12-08 23:47:13 - INFO -   Epoch 4/30 - 배치 10934/15625 (70.0%) - 현재 Loss: 3.9692
2025-12-08 23:47:21 - INFO -   Epoch 4/30 - 배치 12496/15625 (80.0%) - 현재 Loss: 2.0251
2025-12-08 23:47:30 - INFO -   Epoch 4/30 - 배치 14058/15625 (90.0%) - 현재 Loss: 1.8824
2025-12-08 23:47:39 - INFO -   Epoch 4/30 - 배치 15620/15625 (100.0%) - 현재 Loss: 5.1321
2025-12-08 23:47:39 - INFO - Epoch 4/30 완료:
2025-12-08 23:47:39 - INFO -   - 평균 Loss: 3.0883
2025-12-08 23:47:39 - INFO -   - Epoch 소요 시간: 85.39초
2025-12-08 23:47:39 - INFO -   - 총 경과 시간: 445.47초 (7.4분)
2025-12-08 23:47:39 - INFO -   - 예상 남은 시간: 2895.55초 (48.3분)
2025-12-08 23:47:39 - INFO -   ⭐ 최고 Loss 갱신: 3.0883
2025-12-08 23:47:47 - INFO -   Epoch 5/30 - 배치 1562/15625 (10.0%) - 현재 Loss: 2.0089
2025-12-08 23:47:56 - INFO -   Epoch 5/30 - 배치 3124/15625 (20.0%) - 현재 Loss: 4.3000
2025-12-08 23:48:05 - INFO -   Epoch 5/30 - 배치 4686/15625 (30.0%) - 현재 Loss: 3.9792
2025-12-08 23:48:14 - INFO -   Epoch 5/30 - 배치 6248/15625 (40.0%) - 현재 Loss: 2.2672
2025-12-08 23:48:24 - INFO -   Epoch 5/30 - 배치 7810/15625 (50.0%) - 현재 Loss: 2.9339
2025-12-08 23:48:34 - INFO -   Epoch 5/30 - 배치 9372/15625 (60.0%) - 현재 Loss: 1.7491
2025-12-08 23:48:44 - INFO -   Epoch 5/30 - 배치 10934/15625 (70.0%) - 현재 Loss: 3.8519
2025-12-08 23:48:53 - INFO -   Epoch 5/30 - 배치 12496/15625 (80.0%) - 현재 Loss: 2.0120
2025-12-08 23:49:02 - INFO -   Epoch 5/30 - 배치 14058/15625 (90.0%) - 현재 Loss: 1.8981
2025-12-08 23:49:10 - INFO -   Epoch 5/30 - 배치 15620/15625 (100.0%) - 현재 Loss: 5.0943
2025-12-08 23:49:10 - INFO - Epoch 5/30 완료:
2025-12-08 23:49:10 - INFO -   - 평균 Loss: 3.0546
2025-12-08 23:49:10 - INFO -   - Epoch 소요 시간: 91.37초
2025-12-08 23:49:10 - INFO -   - 총 경과 시간: 536.84초 (8.9분)
2025-12-08 23:49:10 - INFO -   - 예상 남은 시간: 2684.20초 (44.7분)
2025-12-08 23:49:10 - INFO -   ⭐ 최고 Loss 갱신: 3.0546
2025-12-08 23:49:19 - INFO -   Epoch 6/30 - 배치 1562/15625 (10.0%) - 현재 Loss: 2.0052
2025-12-08 23:49:28 - INFO -   Epoch 6/30 - 배치 3124/15625 (20.0%) - 현재 Loss: 4.2531
2025-12-08 23:49:38 - INFO -   Epoch 6/30 - 배치 4686/15625 (30.0%) - 현재 Loss: 4.0327
2025-12-08 23:49:47 - INFO -   Epoch 6/30 - 배치 6248/15625 (40.0%) - 현재 Loss: 2.2604
2025-12-08 23:49:55 - INFO -   Epoch 6/30 - 배치 7810/15625 (50.0%) - 현재 Loss: 2.9388
2025-12-08 23:50:03 - INFO -   Epoch 6/30 - 배치 9372/15625 (60.0%) - 현재 Loss: 1.7573
2025-12-08 23:50:12 - INFO -   Epoch 6/30 - 배치 10934/15625 (70.0%) - 현재 Loss: 3.9896
2025-12-08 23:50:20 - INFO -   Epoch 6/30 - 배치 12496/15625 (80.0%) - 현재 Loss: 2.0185
2025-12-08 23:50:29 - INFO -   Epoch 6/30 - 배치 14058/15625 (90.0%) - 현재 Loss: 1.8912
2025-12-08 23:50:37 - INFO -   Epoch 6/30 - 배치 15620/15625 (100.0%) - 현재 Loss: 4.9378
2025-12-08 23:50:37 - INFO - Epoch 6/30 완료:
2025-12-08 23:50:37 - INFO -   - 평균 Loss: 3.0309
2025-12-08 23:50:37 - INFO -   - Epoch 소요 시간: 86.59초
2025-12-08 23:50:37 - INFO -   - 총 경과 시간: 623.43초 (10.4분)
2025-12-08 23:50:37 - INFO -   - 예상 남은 시간: 2493.74초 (41.6분)
2025-12-08 23:50:37 - INFO -   ⭐ 최고 Loss 갱신: 3.0309
2025-12-08 23:50:45 - INFO -   Epoch 7/30 - 배치 1562/15625 (10.0%) - 현재 Loss: 2.0106
2025-12-08 23:50:54 - INFO -   Epoch 7/30 - 배치 3124/15625 (20.0%) - 현재 Loss: 4.2222
2025-12-08 23:51:03 - INFO -   Epoch 7/30 - 배치 4686/15625 (30.0%) - 현재 Loss: 3.8945
2025-12-08 23:51:11 - INFO -   Epoch 7/30 - 배치 6248/15625 (40.0%) - 현재 Loss: 2.2734
2025-12-08 23:51:20 - INFO -   Epoch 7/30 - 배치 7810/15625 (50.0%) - 현재 Loss: 2.9503
2025-12-08 23:51:29 - INFO -   Epoch 7/30 - 배치 9372/15625 (60.0%) - 현재 Loss: 1.7578
2025-12-08 23:51:37 - INFO -   Epoch 7/30 - 배치 10934/15625 (70.0%) - 현재 Loss: 4.0935
2025-12-08 23:51:45 - INFO -   Epoch 7/30 - 배치 12496/15625 (80.0%) - 현재 Loss: 2.0132
2025-12-08 23:51:54 - INFO -   Epoch 7/30 - 배치 14058/15625 (90.0%) - 현재 Loss: 1.8494
2025-12-08 23:52:02 - INFO -   Epoch 7/30 - 배치 15620/15625 (100.0%) - 현재 Loss: 4.8637
2025-12-08 23:52:02 - INFO - Epoch 7/30 완료:
2025-12-08 23:52:02 - INFO -   - 평균 Loss: 3.0182
2025-12-08 23:52:02 - INFO -   - Epoch 소요 시간: 85.06초
2025-12-08 23:52:02 - INFO -   - 총 경과 시간: 708.49초 (11.8분)
2025-12-08 23:52:02 - INFO -   - 예상 남은 시간: 2327.90초 (38.8분)
2025-12-08 23:52:02 - INFO -   ⭐ 최고 Loss 갱신: 3.0182
2025-12-08 23:52:10 - INFO -   Epoch 8/30 - 배치 1562/15625 (10.0%) - 현재 Loss: 2.0070
2025-12-08 23:52:19 - INFO -   Epoch 8/30 - 배치 3124/15625 (20.0%) - 현재 Loss: 4.1829
2025-12-08 23:52:27 - INFO -   Epoch 8/30 - 배치 4686/15625 (30.0%) - 현재 Loss: 4.0275
2025-12-08 23:52:36 - INFO -   Epoch 8/30 - 배치 6248/15625 (40.0%) - 현재 Loss: 2.2746
2025-12-08 23:52:44 - INFO -   Epoch 8/30 - 배치 7810/15625 (50.0%) - 현재 Loss: 2.9387
2025-12-08 23:52:52 - INFO -   Epoch 8/30 - 배치 9372/15625 (60.0%) - 현재 Loss: 1.7629
2025-12-08 23:53:00 - INFO -   Epoch 8/30 - 배치 10934/15625 (70.0%) - 현재 Loss: 3.9962
2025-12-08 23:53:08 - INFO -   Epoch 8/30 - 배치 12496/15625 (80.0%) - 현재 Loss: 2.0114
2025-12-08 23:53:16 - INFO -   Epoch 8/30 - 배치 14058/15625 (90.0%) - 현재 Loss: 1.8430
2025-12-08 23:53:24 - INFO -   Epoch 8/30 - 배치 15620/15625 (100.0%) - 현재 Loss: 4.8900
2025-12-08 23:53:24 - INFO - Epoch 8/30 완료:
2025-12-08 23:53:24 - INFO -   - 평균 Loss: 2.9947
2025-12-08 23:53:24 - INFO -   - Epoch 소요 시간: 81.93초
2025-12-08 23:53:24 - INFO -   - 총 경과 시간: 790.42초 (13.2분)
2025-12-08 23:53:24 - INFO -   - 예상 남은 시간: 2173.65초 (36.2분)
2025-12-08 23:53:24 - INFO -   ⭐ 최고 Loss 갱신: 2.9947
2025-12-08 23:53:32 - INFO -   Epoch 9/30 - 배치 1562/15625 (10.0%) - 현재 Loss: 1.9992
2025-12-08 23:53:40 - INFO -   Epoch 9/30 - 배치 3124/15625 (20.0%) - 현재 Loss: 4.0775
2025-12-08 23:53:48 - INFO -   Epoch 9/30 - 배치 4686/15625 (30.0%) - 현재 Loss: 3.9400
2025-12-08 23:53:56 - INFO -   Epoch 9/30 - 배치 6248/15625 (40.0%) - 현재 Loss: 2.2689
2025-12-08 23:54:04 - INFO -   Epoch 9/30 - 배치 7810/15625 (50.0%) - 현재 Loss: 2.9074
2025-12-08 23:54:12 - INFO -   Epoch 9/30 - 배치 9372/15625 (60.0%) - 현재 Loss: 1.7552
2025-12-08 23:54:20 - INFO -   Epoch 9/30 - 배치 10934/15625 (70.0%) - 현재 Loss: 4.1561
2025-12-08 23:54:28 - INFO -   Epoch 9/30 - 배치 12496/15625 (80.0%) - 현재 Loss: 2.0235
2025-12-08 23:54:36 - INFO -   Epoch 9/30 - 배치 14058/15625 (90.0%) - 현재 Loss: 1.8536
2025-12-08 23:54:44 - INFO -   Epoch 9/30 - 배치 15620/15625 (100.0%) - 현재 Loss: 4.9294
2025-12-08 23:54:44 - INFO - Epoch 9/30 완료:
2025-12-08 23:54:44 - INFO -   - 평균 Loss: 2.9760
2025-12-08 23:54:44 - INFO -   - Epoch 소요 시간: 80.13초
2025-12-08 23:54:44 - INFO -   - 총 경과 시간: 870.54초 (14.5분)
2025-12-08 23:54:44 - INFO -   - 예상 남은 시간: 2031.27초 (33.9분)
2025-12-08 23:54:44 - INFO -   ⭐ 최고 Loss 갱신: 2.9760
2025-12-08 23:54:52 - INFO -   Epoch 10/30 - 배치 1562/15625 (10.0%) - 현재 Loss: 2.0016
2025-12-08 23:55:00 - INFO -   Epoch 10/30 - 배치 3124/15625 (20.0%) - 현재 Loss: 4.0714
2025-12-08 23:55:08 - INFO -   Epoch 10/30 - 배치 4686/15625 (30.0%) - 현재 Loss: 3.9377
2025-12-08 23:55:16 - INFO -   Epoch 10/30 - 배치 6248/15625 (40.0%) - 현재 Loss: 2.2673
2025-12-08 23:55:24 - INFO -   Epoch 10/30 - 배치 7810/15625 (50.0%) - 현재 Loss: 2.9136
2025-12-08 23:55:32 - INFO -   Epoch 10/30 - 배치 9372/15625 (60.0%) - 현재 Loss: 1.7489
2025-12-08 23:55:40 - INFO -   Epoch 10/30 - 배치 10934/15625 (70.0%) - 현재 Loss: 4.0762
2025-12-08 23:55:48 - INFO -   Epoch 10/30 - 배치 12496/15625 (80.0%) - 현재 Loss: 2.0215
2025-12-08 23:55:56 - INFO -   Epoch 10/30 - 배치 14058/15625 (90.0%) - 현재 Loss: 1.8651
2025-12-08 23:56:04 - INFO -   Epoch 10/30 - 배치 15620/15625 (100.0%) - 현재 Loss: 4.7978
2025-12-08 23:56:04 - INFO - Epoch 10/30 완료:
2025-12-08 23:56:04 - INFO -   - 평균 Loss: 2.9633
2025-12-08 23:56:04 - INFO -   - Epoch 소요 시간: 79.90초
2025-12-08 23:56:04 - INFO -   - 총 경과 시간: 950.44초 (15.8분)
2025-12-08 23:56:04 - INFO -   - 예상 남은 시간: 1900.89초 (31.7분)
2025-12-08 23:56:04 - INFO -   ⭐ 최고 Loss 갱신: 2.9633
2025-12-08 23:56:14 - INFO -   Epoch 11/30 - 배치 1562/15625 (10.0%) - 현재 Loss: 1.9944
2025-12-08 23:56:23 - INFO -   Epoch 11/30 - 배치 3124/15625 (20.0%) - 현재 Loss: 4.0597
2025-12-08 23:56:31 - INFO -   Epoch 11/30 - 배치 4686/15625 (30.0%) - 현재 Loss: 3.9337
2025-12-08 23:56:39 - INFO -   Epoch 11/30 - 배치 6248/15625 (40.0%) - 현재 Loss: 2.2676
2025-12-08 23:56:47 - INFO -   Epoch 11/30 - 배치 7810/15625 (50.0%) - 현재 Loss: 2.8753
2025-12-08 23:56:55 - INFO -   Epoch 11/30 - 배치 9372/15625 (60.0%) - 현재 Loss: 1.7471
2025-12-08 23:57:03 - INFO -   Epoch 11/30 - 배치 10934/15625 (70.0%) - 현재 Loss: 3.8892
2025-12-08 23:57:11 - INFO -   Epoch 11/30 - 배치 12496/15625 (80.0%) - 현재 Loss: 2.0264
2025-12-08 23:57:19 - INFO -   Epoch 11/30 - 배치 14058/15625 (90.0%) - 현재 Loss: 1.8595
2025-12-08 23:57:28 - INFO -   Epoch 11/30 - 배치 15620/15625 (100.0%) - 현재 Loss: 4.7599
2025-12-08 23:57:28 - INFO - Epoch 11/30 완료:
2025-12-08 23:57:28 - INFO -   - 평균 Loss: 2.9603
2025-12-08 23:57:28 - INFO -   - Epoch 소요 시간: 83.83초
2025-12-08 23:57:28 - INFO -   - 총 경과 시간: 1034.28초 (17.2분)
2025-12-08 23:57:28 - INFO -   - 예상 남은 시간: 1786.48초 (29.8분)
2025-12-08 23:57:28 - INFO -   ⭐ 최고 Loss 갱신: 2.9603
2025-12-08 23:57:36 - INFO -   Epoch 12/30 - 배치 1562/15625 (10.0%) - 현재 Loss: 1.9911
2025-12-08 23:57:45 - INFO -   Epoch 12/30 - 배치 3124/15625 (20.0%) - 현재 Loss: 4.0383
2025-12-08 23:57:53 - INFO -   Epoch 12/30 - 배치 4686/15625 (30.0%) - 현재 Loss: 3.9897
2025-12-08 23:58:02 - INFO -   Epoch 12/30 - 배치 6248/15625 (40.0%) - 현재 Loss: 2.2805
2025-12-08 23:58:11 - INFO -   Epoch 12/30 - 배치 7810/15625 (50.0%) - 현재 Loss: 2.9168
2025-12-08 23:58:21 - INFO -   Epoch 12/30 - 배치 9372/15625 (60.0%) - 현재 Loss: 1.7488
2025-12-08 23:58:29 - INFO -   Epoch 12/30 - 배치 10934/15625 (70.0%) - 현재 Loss: 3.9347
2025-12-08 23:58:38 - INFO -   Epoch 12/30 - 배치 12496/15625 (80.0%) - 현재 Loss: 2.0172
2025-12-08 23:58:47 - INFO -   Epoch 12/30 - 배치 14058/15625 (90.0%) - 현재 Loss: 1.8657
2025-12-08 23:58:55 - INFO -   Epoch 12/30 - 배치 15620/15625 (100.0%) - 현재 Loss: 4.6233
2025-12-08 23:58:55 - INFO - Epoch 12/30 완료:
2025-12-08 23:58:55 - INFO -   - 평균 Loss: 2.9532
2025-12-08 23:58:55 - INFO -   - Epoch 소요 시간: 87.60초
2025-12-08 23:58:55 - INFO -   - 총 경과 시간: 1121.87초 (18.7분)
2025-12-08 23:58:55 - INFO -   - 예상 남은 시간: 1682.81초 (28.0분)
2025-12-08 23:58:55 - INFO -   ⭐ 최고 Loss 갱신: 2.9532
2025-12-08 23:59:04 - INFO -   Epoch 13/30 - 배치 1562/15625 (10.0%) - 현재 Loss: 2.0007
2025-12-08 23:59:12 - INFO -   Epoch 13/30 - 배치 3124/15625 (20.0%) - 현재 Loss: 3.9932
2025-12-08 23:59:20 - INFO -   Epoch 13/30 - 배치 4686/15625 (30.0%) - 현재 Loss: 4.0504
2025-12-08 23:59:29 - INFO -   Epoch 13/30 - 배치 6248/15625 (40.0%) - 현재 Loss: 2.2751
2025-12-08 23:59:38 - INFO -   Epoch 13/30 - 배치 7810/15625 (50.0%) - 현재 Loss: 2.9347
2025-12-08 23:59:46 - INFO -   Epoch 13/30 - 배치 9372/15625 (60.0%) - 현재 Loss: 1.7507
2025-12-08 23:59:54 - INFO -   Epoch 13/30 - 배치 10934/15625 (70.0%) - 현재 Loss: 3.8256
2025-12-09 00:00:03 - INFO -   Epoch 13/30 - 배치 12496/15625 (80.0%) - 현재 Loss: 2.0163
2025-12-09 00:00:11 - INFO -   Epoch 13/30 - 배치 14058/15625 (90.0%) - 현재 Loss: 1.8564
2025-12-09 00:00:20 - INFO -   Epoch 13/30 - 배치 15620/15625 (100.0%) - 현재 Loss: 4.5478
2025-12-09 00:00:20 - INFO - Epoch 13/30 완료:
2025-12-09 00:00:20 - INFO -   - 평균 Loss: 2.9415
2025-12-09 00:00:20 - INFO -   - Epoch 소요 시간: 84.48초
2025-12-09 00:00:20 - INFO -   - 총 경과 시간: 1206.35초 (20.1분)
2025-12-09 00:00:20 - INFO -   - 예상 남은 시간: 1577.54초 (26.3분)
2025-12-09 00:00:20 - INFO -   ⭐ 최고 Loss 갱신: 2.9415
2025-12-09 00:00:28 - INFO -   Epoch 14/30 - 배치 1562/15625 (10.0%) - 현재 Loss: 2.0144
2025-12-09 00:00:37 - INFO -   Epoch 14/30 - 배치 3124/15625 (20.0%) - 현재 Loss: 3.9998
2025-12-09 00:00:45 - INFO -   Epoch 14/30 - 배치 4686/15625 (30.0%) - 현재 Loss: 3.8837
2025-12-09 00:00:53 - INFO -   Epoch 14/30 - 배치 6248/15625 (40.0%) - 현재 Loss: 2.2721
2025-12-09 00:01:02 - INFO -   Epoch 14/30 - 배치 7810/15625 (50.0%) - 현재 Loss: 2.9509
2025-12-09 00:01:11 - INFO -   Epoch 14/30 - 배치 9372/15625 (60.0%) - 현재 Loss: 1.7478
2025-12-09 00:01:20 - INFO -   Epoch 14/30 - 배치 10934/15625 (70.0%) - 현재 Loss: 3.7196
2025-12-09 00:01:28 - INFO -   Epoch 14/30 - 배치 12496/15625 (80.0%) - 현재 Loss: 2.0254
2025-12-09 00:01:36 - INFO -   Epoch 14/30 - 배치 14058/15625 (90.0%) - 현재 Loss: 1.8660
2025-12-09 00:01:44 - INFO -   Epoch 14/30 - 배치 15620/15625 (100.0%) - 현재 Loss: 4.5787
2025-12-09 00:01:44 - INFO - Epoch 14/30 완료:
2025-12-09 00:01:44 - INFO -   - 평균 Loss: 2.9294
2025-12-09 00:01:44 - INFO -   - Epoch 소요 시간: 84.35초
2025-12-09 00:01:44 - INFO -   - 총 경과 시간: 1290.70초 (21.5분)
2025-12-09 00:01:44 - INFO -   - 예상 남은 시간: 1475.08초 (24.6분)
2025-12-09 00:01:44 - INFO -   ⭐ 최고 Loss 갱신: 2.9294
2025-12-09 00:01:52 - INFO -   Epoch 15/30 - 배치 1562/15625 (10.0%) - 현재 Loss: 2.0046
2025-12-09 00:02:00 - INFO -   Epoch 15/30 - 배치 3124/15625 (20.0%) - 현재 Loss: 3.9751
2025-12-09 00:02:08 - INFO -   Epoch 15/30 - 배치 4686/15625 (30.0%) - 현재 Loss: 3.7577
2025-12-09 00:02:16 - INFO -   Epoch 15/30 - 배치 6248/15625 (40.0%) - 현재 Loss: 2.2742
2025-12-09 00:02:25 - INFO -   Epoch 15/30 - 배치 7810/15625 (50.0%) - 현재 Loss: 2.9337
2025-12-09 00:02:34 - INFO -   Epoch 15/30 - 배치 9372/15625 (60.0%) - 현재 Loss: 1.7561
2025-12-09 00:02:42 - INFO -   Epoch 15/30 - 배치 10934/15625 (70.0%) - 현재 Loss: 3.6793
2025-12-09 00:02:50 - INFO -   Epoch 15/30 - 배치 12496/15625 (80.0%) - 현재 Loss: 2.0262
2025-12-09 00:02:59 - INFO -   Epoch 15/30 - 배치 14058/15625 (90.0%) - 현재 Loss: 1.8456
2025-12-09 00:03:07 - INFO -   Epoch 15/30 - 배치 15620/15625 (100.0%) - 현재 Loss: 4.6270
2025-12-09 00:03:07 - INFO - Epoch 15/30 완료:
2025-12-09 00:03:07 - INFO -   - 평균 Loss: 2.9186
2025-12-09 00:03:07 - INFO -   - Epoch 소요 시간: 83.12초
2025-12-09 00:03:07 - INFO -   - 총 경과 시간: 1373.82초 (22.9분)
2025-12-09 00:03:07 - INFO -   - 예상 남은 시간: 1373.82초 (22.9분)
2025-12-09 00:03:07 - INFO -   ⭐ 최고 Loss 갱신: 2.9186
2025-12-09 00:03:15 - INFO -   Epoch 16/30 - 배치 1562/15625 (10.0%) - 현재 Loss: 1.9999
2025-12-09 00:03:24 - INFO -   Epoch 16/30 - 배치 3124/15625 (20.0%) - 현재 Loss: 3.8688
2025-12-09 00:03:32 - INFO -   Epoch 16/30 - 배치 4686/15625 (30.0%) - 현재 Loss: 3.7759
2025-12-09 00:03:41 - INFO -   Epoch 16/30 - 배치 6248/15625 (40.0%) - 현재 Loss: 2.2754
2025-12-09 00:03:49 - INFO -   Epoch 16/30 - 배치 7810/15625 (50.0%) - 현재 Loss: 2.9020
2025-12-09 00:03:57 - INFO -   Epoch 16/30 - 배치 9372/15625 (60.0%) - 현재 Loss: 1.7548
2025-12-09 00:04:05 - INFO -   Epoch 16/30 - 배치 10934/15625 (70.0%) - 현재 Loss: 3.6627
2025-12-09 00:04:13 - INFO -   Epoch 16/30 - 배치 12496/15625 (80.0%) - 현재 Loss: 2.0184
2025-12-09 00:04:21 - INFO -   Epoch 16/30 - 배치 14058/15625 (90.0%) - 현재 Loss: 1.8629
2025-12-09 00:04:29 - INFO -   Epoch 16/30 - 배치 15620/15625 (100.0%) - 현재 Loss: 4.6730
2025-12-09 00:04:29 - INFO - Epoch 16/30 완료:
2025-12-09 00:04:29 - INFO -   - 평균 Loss: 2.9145
2025-12-09 00:04:29 - INFO -   - Epoch 소요 시간: 82.21초
2025-12-09 00:04:29 - INFO -   - 총 경과 시간: 1456.02초 (24.3분)
2025-12-09 00:04:29 - INFO -   - 예상 남은 시간: 1274.02초 (21.2분)
2025-12-09 00:04:29 - INFO -   ⭐ 최고 Loss 갱신: 2.9145
2025-12-09 00:04:37 - INFO -   Epoch 17/30 - 배치 1562/15625 (10.0%) - 현재 Loss: 1.9959
2025-12-09 00:04:45 - INFO -   Epoch 17/30 - 배치 3124/15625 (20.0%) - 현재 Loss: 3.8187
2025-12-09 00:04:53 - INFO -   Epoch 17/30 - 배치 4686/15625 (30.0%) - 현재 Loss: 3.8041
2025-12-09 00:05:01 - INFO -   Epoch 17/30 - 배치 6248/15625 (40.0%) - 현재 Loss: 2.2677
2025-12-09 00:05:09 - INFO -   Epoch 17/30 - 배치 7810/15625 (50.0%) - 현재 Loss: 2.9160
2025-12-09 00:05:17 - INFO -   Epoch 17/30 - 배치 9372/15625 (60.0%) - 현재 Loss: 1.7541
2025-12-09 00:05:25 - INFO -   Epoch 17/30 - 배치 10934/15625 (70.0%) - 현재 Loss: 3.7473
2025-12-09 00:05:33 - INFO -   Epoch 17/30 - 배치 12496/15625 (80.0%) - 현재 Loss: 2.0242
2025-12-09 00:05:41 - INFO -   Epoch 17/30 - 배치 14058/15625 (90.0%) - 현재 Loss: 1.8564
2025-12-09 00:05:49 - INFO -   Epoch 17/30 - 배치 15620/15625 (100.0%) - 현재 Loss: 4.6922
2025-12-09 00:05:49 - INFO - Epoch 17/30 완료:
2025-12-09 00:05:49 - INFO -   - 평균 Loss: 2.9061
2025-12-09 00:05:49 - INFO -   - Epoch 소요 시간: 79.46초
2025-12-09 00:05:49 - INFO -   - 총 경과 시간: 1535.48초 (25.6분)
2025-12-09 00:05:49 - INFO -   - 예상 남은 시간: 1174.19초 (19.6분)
2025-12-09 00:05:49 - INFO -   ⭐ 최고 Loss 갱신: 2.9061
2025-12-09 00:05:57 - INFO -   Epoch 18/30 - 배치 1562/15625 (10.0%) - 현재 Loss: 1.9938
2025-12-09 00:06:05 - INFO -   Epoch 18/30 - 배치 3124/15625 (20.0%) - 현재 Loss: 3.7557
2025-12-09 00:06:13 - INFO -   Epoch 18/30 - 배치 4686/15625 (30.0%) - 현재 Loss: 3.7059
2025-12-09 00:06:21 - INFO -   Epoch 18/30 - 배치 6248/15625 (40.0%) - 현재 Loss: 2.2575
2025-12-09 00:06:29 - INFO -   Epoch 18/30 - 배치 7810/15625 (50.0%) - 현재 Loss: 2.9107
2025-12-09 00:06:36 - INFO -   Epoch 18/30 - 배치 9372/15625 (60.0%) - 현재 Loss: 1.7471
2025-12-09 00:06:44 - INFO -   Epoch 18/30 - 배치 10934/15625 (70.0%) - 현재 Loss: 3.6821
2025-12-09 00:06:53 - INFO -   Epoch 18/30 - 배치 12496/15625 (80.0%) - 현재 Loss: 2.0164
2025-12-09 00:07:00 - INFO -   Epoch 18/30 - 배치 14058/15625 (90.0%) - 현재 Loss: 1.8376
2025-12-09 00:07:08 - INFO -   Epoch 18/30 - 배치 15620/15625 (100.0%) - 현재 Loss: 4.6597
2025-12-09 00:07:08 - INFO - Epoch 18/30 완료:
2025-12-09 00:07:08 - INFO -   - 평균 Loss: 2.9042
2025-12-09 00:07:08 - INFO -   - Epoch 소요 시간: 79.67초
2025-12-09 00:07:08 - INFO -   - 총 경과 시간: 1615.15초 (26.9분)
2025-12-09 00:07:08 - INFO -   - 예상 남은 시간: 1076.77초 (17.9분)
2025-12-09 00:07:08 - INFO -   ⭐ 최고 Loss 갱신: 2.9042
2025-12-09 00:07:16 - INFO -   Epoch 19/30 - 배치 1562/15625 (10.0%) - 현재 Loss: 1.9908
2025-12-09 00:07:24 - INFO -   Epoch 19/30 - 배치 3124/15625 (20.0%) - 현재 Loss: 3.8806
2025-12-09 00:07:32 - INFO -   Epoch 19/30 - 배치 4686/15625 (30.0%) - 현재 Loss: 3.7327
2025-12-09 00:07:40 - INFO -   Epoch 19/30 - 배치 6248/15625 (40.0%) - 현재 Loss: 2.2676
2025-12-09 00:07:48 - INFO -   Epoch 19/30 - 배치 7810/15625 (50.0%) - 현재 Loss: 2.9504
2025-12-09 00:07:56 - INFO -   Epoch 19/30 - 배치 9372/15625 (60.0%) - 현재 Loss: 1.7514
2025-12-09 00:08:04 - INFO -   Epoch 19/30 - 배치 10934/15625 (70.0%) - 현재 Loss: 3.7846
2025-12-09 00:08:12 - INFO -   Epoch 19/30 - 배치 12496/15625 (80.0%) - 현재 Loss: 2.0215
2025-12-09 00:08:20 - INFO -   Epoch 19/30 - 배치 14058/15625 (90.0%) - 현재 Loss: 1.8456
2025-12-09 00:08:28 - INFO -   Epoch 19/30 - 배치 15620/15625 (100.0%) - 현재 Loss: 4.6389
2025-12-09 00:08:28 - INFO - Epoch 19/30 완료:
2025-12-09 00:08:28 - INFO -   - 평균 Loss: 2.9023
2025-12-09 00:08:28 - INFO -   - Epoch 소요 시간: 79.90초
2025-12-09 00:08:28 - INFO -   - 총 경과 시간: 1695.06초 (28.3분)
2025-12-09 00:08:28 - INFO -   - 예상 남은 시간: 981.35초 (16.4분)
2025-12-09 00:08:28 - INFO -   ⭐ 최고 Loss 갱신: 2.9023
2025-12-09 00:08:36 - INFO -   Epoch 20/30 - 배치 1562/15625 (10.0%) - 현재 Loss: 1.9941
2025-12-09 00:08:44 - INFO -   Epoch 20/30 - 배치 3124/15625 (20.0%) - 현재 Loss: 3.7965
2025-12-09 00:08:52 - INFO -   Epoch 20/30 - 배치 4686/15625 (30.0%) - 현재 Loss: 3.6743
2025-12-09 00:09:02 - INFO -   Epoch 20/30 - 배치 6248/15625 (40.0%) - 현재 Loss: 2.2687
2025-12-09 00:09:10 - INFO -   Epoch 20/30 - 배치 7810/15625 (50.0%) - 현재 Loss: 2.9450
2025-12-09 00:09:18 - INFO -   Epoch 20/30 - 배치 9372/15625 (60.0%) - 현재 Loss: 1.7505
2025-12-09 00:09:26 - INFO -   Epoch 20/30 - 배치 10934/15625 (70.0%) - 현재 Loss: 3.7718
2025-12-09 00:09:33 - INFO -   Epoch 20/30 - 배치 12496/15625 (80.0%) - 현재 Loss: 2.0341
2025-12-09 00:09:41 - INFO -   Epoch 20/30 - 배치 14058/15625 (90.0%) - 현재 Loss: 1.8361
2025-12-09 00:09:49 - INFO -   Epoch 20/30 - 배치 15620/15625 (100.0%) - 현재 Loss: 4.4941
2025-12-09 00:09:49 - INFO - Epoch 20/30 완료:
2025-12-09 00:09:49 - INFO -   - 평균 Loss: 2.8916
2025-12-09 00:09:49 - INFO -   - Epoch 소요 시간: 80.99초
2025-12-09 00:09:49 - INFO -   - 총 경과 시간: 1776.05초 (29.6분)
2025-12-09 00:09:49 - INFO -   - 예상 남은 시간: 888.02초 (14.8분)
2025-12-09 00:09:49 - INFO -   ⭐ 최고 Loss 갱신: 2.8916
2025-12-09 00:09:58 - INFO -   Epoch 21/30 - 배치 1562/15625 (10.0%) - 현재 Loss: 1.9993
2025-12-09 00:10:06 - INFO -   Epoch 21/30 - 배치 3124/15625 (20.0%) - 현재 Loss: 3.7350
2025-12-09 00:10:14 - INFO -   Epoch 21/30 - 배치 4686/15625 (30.0%) - 현재 Loss: 3.6889
2025-12-09 00:10:22 - INFO -   Epoch 21/30 - 배치 6248/15625 (40.0%) - 현재 Loss: 2.2662
2025-12-09 00:10:30 - INFO -   Epoch 21/30 - 배치 7810/15625 (50.0%) - 현재 Loss: 2.9406
2025-12-09 00:10:38 - INFO -   Epoch 21/30 - 배치 9372/15625 (60.0%) - 현재 Loss: 1.7488
2025-12-09 00:10:46 - INFO -   Epoch 21/30 - 배치 10934/15625 (70.0%) - 현재 Loss: 3.6889
2025-12-09 00:10:53 - INFO -   Epoch 21/30 - 배치 12496/15625 (80.0%) - 현재 Loss: 2.0269
2025-12-09 00:11:01 - INFO -   Epoch 21/30 - 배치 14058/15625 (90.0%) - 현재 Loss: 1.8387
2025-12-09 00:11:09 - INFO -   Epoch 21/30 - 배치 15620/15625 (100.0%) - 현재 Loss: 4.4922
2025-12-09 00:11:09 - INFO - Epoch 21/30 완료:
2025-12-09 00:11:09 - INFO -   - 평균 Loss: 2.8911
2025-12-09 00:11:09 - INFO -   - Epoch 소요 시간: 79.91초
2025-12-09 00:11:09 - INFO -   - 총 경과 시간: 1855.96초 (30.9분)
2025-12-09 00:11:09 - INFO -   - 예상 남은 시간: 795.41초 (13.3분)
2025-12-09 00:11:09 - INFO -   ⭐ 최고 Loss 갱신: 2.8911
2025-12-09 00:11:17 - INFO -   Epoch 22/30 - 배치 1562/15625 (10.0%) - 현재 Loss: 1.9945
2025-12-09 00:11:25 - INFO -   Epoch 22/30 - 배치 3124/15625 (20.0%) - 현재 Loss: 3.8549
2025-12-09 00:11:33 - INFO -   Epoch 22/30 - 배치 4686/15625 (30.0%) - 현재 Loss: 3.6461
2025-12-09 00:11:41 - INFO -   Epoch 22/30 - 배치 6248/15625 (40.0%) - 현재 Loss: 2.2664
2025-12-09 00:11:49 - INFO -   Epoch 22/30 - 배치 7810/15625 (50.0%) - 현재 Loss: 2.9583
2025-12-09 00:11:57 - INFO -   Epoch 22/30 - 배치 9372/15625 (60.0%) - 현재 Loss: 1.7506
2025-12-09 00:12:05 - INFO -   Epoch 22/30 - 배치 10934/15625 (70.0%) - 현재 Loss: 3.6884
2025-12-09 00:12:13 - INFO -   Epoch 22/30 - 배치 12496/15625 (80.0%) - 현재 Loss: 2.0254
2025-12-09 00:12:21 - INFO -   Epoch 22/30 - 배치 14058/15625 (90.0%) - 현재 Loss: 1.8340
2025-12-09 00:12:29 - INFO -   Epoch 22/30 - 배치 15620/15625 (100.0%) - 현재 Loss: 4.3645
2025-12-09 00:12:29 - INFO - Epoch 22/30 완료:
2025-12-09 00:12:29 - INFO -   - 평균 Loss: 2.8863
2025-12-09 00:12:29 - INFO -   - Epoch 소요 시간: 79.48초
2025-12-09 00:12:29 - INFO -   - 총 경과 시간: 1935.44초 (32.3분)
2025-12-09 00:12:29 - INFO -   - 예상 남은 시간: 703.80초 (11.7분)
2025-12-09 00:12:29 - INFO -   ⭐ 최고 Loss 갱신: 2.8863
2025-12-09 00:12:37 - INFO -   Epoch 23/30 - 배치 1562/15625 (10.0%) - 현재 Loss: 1.9844
2025-12-09 00:12:45 - INFO -   Epoch 23/30 - 배치 3124/15625 (20.0%) - 현재 Loss: 3.8635
2025-12-09 00:12:53 - INFO -   Epoch 23/30 - 배치 4686/15625 (30.0%) - 현재 Loss: 3.6769
2025-12-09 00:13:01 - INFO -   Epoch 23/30 - 배치 6248/15625 (40.0%) - 현재 Loss: 2.2698
2025-12-09 00:13:09 - INFO -   Epoch 23/30 - 배치 7810/15625 (50.0%) - 현재 Loss: 2.9258
2025-12-09 00:13:17 - INFO -   Epoch 23/30 - 배치 9372/15625 (60.0%) - 현재 Loss: 1.7479
2025-12-09 00:13:24 - INFO -   Epoch 23/30 - 배치 10934/15625 (70.0%) - 현재 Loss: 3.5845
2025-12-09 00:13:32 - INFO -   Epoch 23/30 - 배치 12496/15625 (80.0%) - 현재 Loss: 2.0295
2025-12-09 00:13:40 - INFO -   Epoch 23/30 - 배치 14058/15625 (90.0%) - 현재 Loss: 1.8374
2025-12-09 00:13:48 - INFO -   Epoch 23/30 - 배치 15620/15625 (100.0%) - 현재 Loss: 4.4644
2025-12-09 00:13:48 - INFO - Epoch 23/30 완료:
2025-12-09 00:13:48 - INFO -   - 평균 Loss: 2.8823
2025-12-09 00:13:48 - INFO -   - Epoch 소요 시간: 79.43초
2025-12-09 00:13:48 - INFO -   - 총 경과 시간: 2014.87초 (33.6분)
2025-12-09 00:13:48 - INFO -   - 예상 남은 시간: 613.22초 (10.2분)
2025-12-09 00:13:48 - INFO -   ⭐ 최고 Loss 갱신: 2.8823
2025-12-09 00:13:56 - INFO -   Epoch 24/30 - 배치 1562/15625 (10.0%) - 현재 Loss: 1.9882
2025-12-09 00:14:04 - INFO -   Epoch 24/30 - 배치 3124/15625 (20.0%) - 현재 Loss: 3.8142
2025-12-09 00:14:12 - INFO -   Epoch 24/30 - 배치 4686/15625 (30.0%) - 현재 Loss: 3.6197
2025-12-09 00:14:20 - INFO -   Epoch 24/30 - 배치 6248/15625 (40.0%) - 현재 Loss: 2.2817
2025-12-09 00:14:27 - INFO -   Epoch 24/30 - 배치 7810/15625 (50.0%) - 현재 Loss: 2.8846
2025-12-09 00:14:35 - INFO -   Epoch 24/30 - 배치 9372/15625 (60.0%) - 현재 Loss: 1.7481
2025-12-09 00:14:42 - INFO -   Epoch 24/30 - 배치 10934/15625 (70.0%) - 현재 Loss: 3.5776
2025-12-09 00:14:50 - INFO -   Epoch 24/30 - 배치 12496/15625 (80.0%) - 현재 Loss: 2.0256
2025-12-09 00:14:57 - INFO -   Epoch 24/30 - 배치 14058/15625 (90.0%) - 현재 Loss: 1.8337
2025-12-09 00:15:05 - INFO -   Epoch 24/30 - 배치 15620/15625 (100.0%) - 현재 Loss: 4.3489
2025-12-09 00:15:05 - INFO - Epoch 24/30 완료:
2025-12-09 00:15:05 - INFO -   - 평균 Loss: 2.8743
2025-12-09 00:15:05 - INFO -   - Epoch 소요 시간: 77.00초
2025-12-09 00:15:05 - INFO -   - 총 경과 시간: 2091.87초 (34.9분)
2025-12-09 00:15:05 - INFO -   - 예상 남은 시간: 522.97초 (8.7분)
2025-12-09 00:15:05 - INFO -   ⭐ 최고 Loss 갱신: 2.8743
2025-12-09 00:15:13 - INFO -   Epoch 25/30 - 배치 1562/15625 (10.0%) - 현재 Loss: 1.9960
2025-12-09 00:15:20 - INFO -   Epoch 25/30 - 배치 3124/15625 (20.0%) - 현재 Loss: 3.7164
2025-12-09 00:15:28 - INFO -   Epoch 25/30 - 배치 4686/15625 (30.0%) - 현재 Loss: 3.4891
2025-12-09 00:15:35 - INFO -   Epoch 25/30 - 배치 6248/15625 (40.0%) - 현재 Loss: 2.2742
2025-12-09 00:15:43 - INFO -   Epoch 25/30 - 배치 7810/15625 (50.0%) - 현재 Loss: 2.9015
2025-12-09 00:15:51 - INFO -   Epoch 25/30 - 배치 9372/15625 (60.0%) - 현재 Loss: 1.7477
2025-12-09 00:15:58 - INFO -   Epoch 25/30 - 배치 10934/15625 (70.0%) - 현재 Loss: 3.5719
2025-12-09 00:16:06 - INFO -   Epoch 25/30 - 배치 12496/15625 (80.0%) - 현재 Loss: 2.0220
2025-12-09 00:16:13 - INFO -   Epoch 25/30 - 배치 14058/15625 (90.0%) - 현재 Loss: 1.8309
2025-12-09 00:16:21 - INFO -   Epoch 25/30 - 배치 15620/15625 (100.0%) - 현재 Loss: 4.3139
2025-12-09 00:16:21 - INFO - Epoch 25/30 완료:
2025-12-09 00:16:21 - INFO -   - 평균 Loss: 2.8686
2025-12-09 00:16:21 - INFO -   - Epoch 소요 시간: 75.65초
2025-12-09 00:16:21 - INFO -   - 총 경과 시간: 2167.52초 (36.1분)
2025-12-09 00:16:21 - INFO -   - 예상 남은 시간: 433.50초 (7.2분)
2025-12-09 00:16:21 - INFO -   ⭐ 최고 Loss 갱신: 2.8686
2025-12-09 00:16:28 - INFO -   Epoch 26/30 - 배치 1562/15625 (10.0%) - 현재 Loss: 1.9957
2025-12-09 00:16:36 - INFO -   Epoch 26/30 - 배치 3124/15625 (20.0%) - 현재 Loss: 3.7526
2025-12-09 00:16:43 - INFO -   Epoch 26/30 - 배치 4686/15625 (30.0%) - 현재 Loss: 3.5247
2025-12-09 00:16:51 - INFO -   Epoch 26/30 - 배치 6248/15625 (40.0%) - 현재 Loss: 2.2694
2025-12-09 00:16:58 - INFO -   Epoch 26/30 - 배치 7810/15625 (50.0%) - 현재 Loss: 2.9756
2025-12-09 00:17:06 - INFO -   Epoch 26/30 - 배치 9372/15625 (60.0%) - 현재 Loss: 1.7490
2025-12-09 00:17:14 - INFO -   Epoch 26/30 - 배치 10934/15625 (70.0%) - 현재 Loss: 3.6054
2025-12-09 00:17:21 - INFO -   Epoch 26/30 - 배치 12496/15625 (80.0%) - 현재 Loss: 2.0160
2025-12-09 00:17:29 - INFO -   Epoch 26/30 - 배치 14058/15625 (90.0%) - 현재 Loss: 1.8352
2025-12-09 00:17:36 - INFO -   Epoch 26/30 - 배치 15620/15625 (100.0%) - 현재 Loss: 4.2924
2025-12-09 00:17:36 - INFO - Epoch 26/30 완료:
2025-12-09 00:17:36 - INFO -   - 평균 Loss: 2.8633
2025-12-09 00:17:36 - INFO -   - Epoch 소요 시간: 75.33초
2025-12-09 00:17:36 - INFO -   - 총 경과 시간: 2242.84초 (37.4분)
2025-12-09 00:17:36 - INFO -   - 예상 남은 시간: 345.05초 (5.8분)
2025-12-09 00:17:36 - INFO -   ⭐ 최고 Loss 갱신: 2.8633
2025-12-09 00:17:44 - INFO -   Epoch 27/30 - 배치 1562/15625 (10.0%) - 현재 Loss: 1.9949
2025-12-09 00:17:51 - INFO -   Epoch 27/30 - 배치 3124/15625 (20.0%) - 현재 Loss: 3.6129
2025-12-09 00:17:59 - INFO -   Epoch 27/30 - 배치 4686/15625 (30.0%) - 현재 Loss: 3.5401
2025-12-09 00:18:06 - INFO -   Epoch 27/30 - 배치 6248/15625 (40.0%) - 현재 Loss: 2.2715
2025-12-09 00:18:14 - INFO -   Epoch 27/30 - 배치 7810/15625 (50.0%) - 현재 Loss: 2.9617
2025-12-09 00:18:21 - INFO -   Epoch 27/30 - 배치 9372/15625 (60.0%) - 현재 Loss: 1.7490
2025-12-09 00:18:29 - INFO -   Epoch 27/30 - 배치 10934/15625 (70.0%) - 현재 Loss: 3.6283
2025-12-09 00:18:37 - INFO -   Epoch 27/30 - 배치 12496/15625 (80.0%) - 현재 Loss: 2.0188
2025-12-09 00:18:44 - INFO -   Epoch 27/30 - 배치 14058/15625 (90.0%) - 현재 Loss: 1.8423
2025-12-09 00:18:52 - INFO -   Epoch 27/30 - 배치 15620/15625 (100.0%) - 현재 Loss: 4.2018
2025-12-09 00:18:52 - INFO - Epoch 27/30 완료:
2025-12-09 00:18:52 - INFO -   - 평균 Loss: 2.8602
2025-12-09 00:18:52 - INFO -   - Epoch 소요 시간: 75.50초
2025-12-09 00:18:52 - INFO -   - 총 경과 시간: 2318.34초 (38.6분)
2025-12-09 00:18:52 - INFO -   - 예상 남은 시간: 257.59초 (4.3분)
2025-12-09 00:18:52 - INFO -   ⭐ 최고 Loss 갱신: 2.8602
2025-12-09 00:18:59 - INFO -   Epoch 28/30 - 배치 1562/15625 (10.0%) - 현재 Loss: 1.9916
2025-12-09 00:19:07 - INFO -   Epoch 28/30 - 배치 3124/15625 (20.0%) - 현재 Loss: 3.7786
2025-12-09 00:19:15 - INFO -   Epoch 28/30 - 배치 4686/15625 (30.0%) - 현재 Loss: 3.4882
2025-12-09 00:19:22 - INFO -   Epoch 28/30 - 배치 6248/15625 (40.0%) - 현재 Loss: 2.2606
2025-12-09 00:19:30 - INFO -   Epoch 28/30 - 배치 7810/15625 (50.0%) - 현재 Loss: 2.9865
2025-12-09 00:19:37 - INFO -   Epoch 28/30 - 배치 9372/15625 (60.0%) - 현재 Loss: 1.7549
2025-12-09 00:19:45 - INFO -   Epoch 28/30 - 배치 10934/15625 (70.0%) - 현재 Loss: 3.5300
2025-12-09 00:19:53 - INFO -   Epoch 28/30 - 배치 12496/15625 (80.0%) - 현재 Loss: 2.0199
2025-12-09 00:20:00 - INFO -   Epoch 28/30 - 배치 14058/15625 (90.0%) - 현재 Loss: 1.8429
2025-12-09 00:20:08 - INFO -   Epoch 28/30 - 배치 15620/15625 (100.0%) - 현재 Loss: 4.1875
2025-12-09 00:20:08 - INFO - Epoch 28/30 완료:
2025-12-09 00:20:08 - INFO -   - 평균 Loss: 2.8586
2025-12-09 00:20:08 - INFO -   - Epoch 소요 시간: 76.41초
2025-12-09 00:20:08 - INFO -   - 총 경과 시간: 2394.75초 (39.9분)
2025-12-09 00:20:08 - INFO -   - 예상 남은 시간: 171.05초 (2.9분)
2025-12-09 00:20:08 - INFO -   ⭐ 최고 Loss 갱신: 2.8586
2025-12-09 00:20:16 - INFO -   Epoch 29/30 - 배치 1562/15625 (10.0%) - 현재 Loss: 1.9876
2025-12-09 00:20:23 - INFO -   Epoch 29/30 - 배치 3124/15625 (20.0%) - 현재 Loss: 3.6327
2025-12-09 00:20:31 - INFO -   Epoch 29/30 - 배치 4686/15625 (30.0%) - 현재 Loss: 3.4790
2025-12-09 00:20:39 - INFO -   Epoch 29/30 - 배치 6248/15625 (40.0%) - 현재 Loss: 2.2691
2025-12-09 00:20:46 - INFO -   Epoch 29/30 - 배치 7810/15625 (50.0%) - 현재 Loss: 3.0032
2025-12-09 00:20:54 - INFO -   Epoch 29/30 - 배치 9372/15625 (60.0%) - 현재 Loss: 1.7545
2025-12-09 00:21:02 - INFO -   Epoch 29/30 - 배치 10934/15625 (70.0%) - 현재 Loss: 3.4340
2025-12-09 00:21:09 - INFO -   Epoch 29/30 - 배치 12496/15625 (80.0%) - 현재 Loss: 2.0194
2025-12-09 00:21:17 - INFO -   Epoch 29/30 - 배치 14058/15625 (90.0%) - 현재 Loss: 1.8436
2025-12-09 00:21:24 - INFO -   Epoch 29/30 - 배치 15620/15625 (100.0%) - 현재 Loss: 4.2165
2025-12-09 00:21:24 - INFO - Epoch 29/30 완료:
2025-12-09 00:21:24 - INFO -   - 평균 Loss: 2.8552
2025-12-09 00:21:24 - INFO -   - Epoch 소요 시간: 76.04초
2025-12-09 00:21:24 - INFO -   - 총 경과 시간: 2470.80초 (41.2분)
2025-12-09 00:21:24 - INFO -   - 예상 남은 시간: 85.20초 (1.4분)
2025-12-09 00:21:24 - INFO -   ⭐ 최고 Loss 갱신: 2.8552
2025-12-09 00:21:32 - INFO -   Epoch 30/30 - 배치 1562/15625 (10.0%) - 현재 Loss: 1.9847
2025-12-09 00:21:39 - INFO -   Epoch 30/30 - 배치 3124/15625 (20.0%) - 현재 Loss: 3.6208
2025-12-09 00:21:47 - INFO -   Epoch 30/30 - 배치 4686/15625 (30.0%) - 현재 Loss: 3.4177
2025-12-09 00:21:55 - INFO -   Epoch 30/30 - 배치 6248/15625 (40.0%) - 현재 Loss: 2.2669
2025-12-09 00:22:02 - INFO -   Epoch 30/30 - 배치 7810/15625 (50.0%) - 현재 Loss: 3.0184
2025-12-09 00:22:10 - INFO -   Epoch 30/30 - 배치 9372/15625 (60.0%) - 현재 Loss: 1.7609
2025-12-09 00:22:17 - INFO -   Epoch 30/30 - 배치 10934/15625 (70.0%) - 현재 Loss: 3.4131
2025-12-09 00:22:25 - INFO -   Epoch 30/30 - 배치 12496/15625 (80.0%) - 현재 Loss: 2.0237
2025-12-09 00:22:32 - INFO -   Epoch 30/30 - 배치 14058/15625 (90.0%) - 현재 Loss: 1.8434
2025-12-09 00:22:40 - INFO -   Epoch 30/30 - 배치 15620/15625 (100.0%) - 현재 Loss: 4.3070
2025-12-09 00:22:40 - INFO - Epoch 30/30 완료:
2025-12-09 00:22:40 - INFO -   - 평균 Loss: 2.8534
2025-12-09 00:22:40 - INFO -   - Epoch 소요 시간: 75.69초
2025-12-09 00:22:40 - INFO -   - 총 경과 시간: 2546.48초 (42.4분)
2025-12-09 00:22:40 - INFO -   ⭐ 최고 Loss 갱신: 2.8534
2025-12-09 00:22:40 - INFO - 
============================================================
2025-12-09 00:22:40 - INFO - ✅ DeepLog 모델 학습 완료
2025-12-09 00:22:40 - INFO -   - 총 소요 시간: 2546.48초 (42.4분)
2025-12-09 00:22:40 - INFO -   - 최종 Loss: 2.8534
2025-12-09 00:22:40 - INFO -   - 최고 Loss: 2.8534
2025-12-09 00:22:40 - INFO - ============================================================
