2025-12-08 22:10:31 - INFO - 📝 학습 로그 파일: /Users/zzangdol/PycharmProjects/zzangdol/pattern/prelog/logs/training/deeplog_training_20251208_221031.log
2025-12-08 22:10:31 - INFO - ============================================================
2025-12-08 22:10:31 - INFO - DeepLog 모델 학습 시작
2025-12-08 22:10:31 - INFO - ============================================================
2025-12-08 22:10:31 - INFO - 학습 파라미터:
2025-12-08 22:10:31 - INFO -   - Epochs: 20
2025-12-08 22:10:31 - INFO -   - Batch Size: 64
2025-12-08 22:10:31 - INFO -   - Learning Rate: 0.001
2025-12-08 22:10:31 - INFO -   - 학습 데이터: 500,000개 로그
2025-12-08 22:10:31 - INFO - 시퀀스 준비 중...
2025-12-08 22:10:31 - INFO -   템플릿 사전 구축 중...
2025-12-08 22:10:32 - INFO -   ✅ 템플릿 사전 구축 완료: 7,740개 템플릿
2025-12-08 22:10:32 - INFO -   시퀀스 생성 중: 예상 499,990개 시퀀스...
2025-12-08 22:10:32 - INFO -   예상 메모리 사용량: 19.1 MB
2025-12-08 22:10:34 - INFO -   시퀀스 생성 진행: 24,999/499,990 (5.0%) - 경과: 1.7초 - 예상 남은 시간: 33.1초 (0.6분)
2025-12-08 22:10:36 - INFO -   시퀀스 생성 진행: 49,998/499,990 (10.0%) - 경과: 3.4초 - 예상 남은 시간: 30.4초 (0.5분)
2025-12-08 22:10:37 - INFO -   시퀀스 생성 진행: 74,997/499,990 (15.0%) - 경과: 5.0초 - 예상 남은 시간: 28.6초 (0.5분)
2025-12-08 22:10:39 - INFO -   시퀀스 생성 진행: 99,996/499,990 (20.0%) - 경과: 6.7초 - 예상 남은 시간: 26.9초 (0.4분)
2025-12-08 22:10:41 - INFO -   시퀀스 생성 진행: 124,995/499,990 (25.0%) - 경과: 8.4초 - 예상 남은 시간: 25.2초 (0.4분)
2025-12-08 22:10:42 - INFO -   시퀀스 생성 진행: 149,994/499,990 (30.0%) - 경과: 10.1초 - 예상 남은 시간: 23.6초 (0.4분)
2025-12-08 22:10:44 - INFO -   시퀀스 생성 진행: 174,993/499,990 (35.0%) - 경과: 11.8초 - 예상 남은 시간: 21.9초 (0.4분)
2025-12-08 22:10:46 - INFO -   시퀀스 생성 진행: 199,992/499,990 (40.0%) - 경과: 13.5초 - 예상 남은 시간: 20.2초 (0.3분)
2025-12-08 22:10:47 - INFO -   시퀀스 생성 진행: 224,991/499,990 (45.0%) - 경과: 15.1초 - 예상 남은 시간: 18.5초 (0.3분)
2025-12-08 22:10:49 - INFO -   시퀀스 생성 진행: 249,990/499,990 (50.0%) - 경과: 16.8초 - 예상 남은 시간: 16.8초 (0.3분)
2025-12-08 22:10:51 - INFO -   시퀀스 생성 진행: 274,989/499,990 (55.0%) - 경과: 18.5초 - 예상 남은 시간: 15.1초 (0.3분)
2025-12-08 22:10:53 - INFO -   시퀀스 생성 진행: 299,988/499,990 (60.0%) - 경과: 20.3초 - 예상 남은 시간: 13.5초 (0.2분)
2025-12-08 22:10:54 - INFO -   시퀀스 생성 진행: 324,987/499,990 (65.0%) - 경과: 22.0초 - 예상 남은 시간: 11.8초 (0.2분)
2025-12-08 22:10:56 - INFO -   시퀀스 생성 진행: 349,986/499,990 (70.0%) - 경과: 23.7초 - 예상 남은 시간: 10.2초 (0.2분)
2025-12-08 22:10:58 - INFO -   시퀀스 생성 진행: 374,985/499,990 (75.0%) - 경과: 25.4초 - 예상 남은 시간: 8.5초 (0.1분)
2025-12-08 22:11:00 - INFO -   시퀀스 생성 진행: 399,984/499,990 (80.0%) - 경과: 27.2초 - 예상 남은 시간: 6.8초 (0.1분)
2025-12-08 22:11:01 - INFO -   시퀀스 생성 진행: 424,983/499,990 (85.0%) - 경과: 29.1초 - 예상 남은 시간: 5.1초 (0.1분)
2025-12-08 22:11:03 - INFO -   시퀀스 생성 진행: 449,982/499,990 (90.0%) - 경과: 31.1초 - 예상 남은 시간: 3.5초 (0.1분)
2025-12-08 22:11:05 - INFO -   시퀀스 생성 진행: 474,981/499,990 (95.0%) - 경과: 33.0초 - 예상 남은 시간: 1.7초 (0.0분)
2025-12-08 22:11:07 - INFO -   시퀀스 생성 진행: 499,980/499,990 (100.0%) - 경과: 34.8초 - 예상 남은 시간: 0.0초 (0.0분)
2025-12-08 22:11:07 - INFO -   시퀀스 생성 진행: 499,990/499,990 (100.0%) - 경과: 34.8초 - 예상 남은 시간: 0.0초 (0.0분)
2025-12-08 22:11:07 - INFO - ✅ 시퀀스 준비 완료: 499,990개
2025-12-08 22:11:07 - INFO -   - 어휘 크기: 7,741
2025-12-08 22:11:07 - INFO -    💡 원본 로그 데이터 메모리 해제 완료
2025-12-08 22:11:07 - INFO - 모델 구축 중...
2025-12-08 22:11:07 - INFO - ✅ 모델 구축 완료
2025-12-08 22:11:07 - INFO - 데이터 텐서 변환 중...
2025-12-08 22:11:07 - INFO - ✅ 텐서 변환 완료: 7,813개 배치
2025-12-08 22:11:07 - INFO -    💡 NumPy 배열 메모리 해제 완료 (텐서만 메모리에 유지)
2025-12-08 22:11:08 - INFO - 
============================================================
2025-12-08 22:11:08 - INFO - 학습 시작
2025-12-08 22:11:08 - INFO - ============================================================
2025-12-08 22:11:11 - INFO -   Epoch 1/20 - 배치 781/7813 (10.0%) - 현재 Loss: 2.2713
2025-12-08 22:11:14 - INFO -   Epoch 1/20 - 배치 1562/7813 (20.0%) - 현재 Loss: 5.3723
2025-12-08 22:11:18 - INFO -   Epoch 1/20 - 배치 2343/7813 (30.0%) - 현재 Loss: 7.5219
2025-12-08 22:11:21 - INFO -   Epoch 1/20 - 배치 3124/7813 (40.0%) - 현재 Loss: 2.1728
2025-12-08 22:11:24 - INFO -   Epoch 1/20 - 배치 3905/7813 (50.0%) - 현재 Loss: 4.5890
2025-12-08 22:11:28 - INFO -   Epoch 1/20 - 배치 4686/7813 (60.0%) - 현재 Loss: 1.7883
2025-12-08 22:11:31 - INFO -   Epoch 1/20 - 배치 5467/7813 (70.0%) - 현재 Loss: 5.8670
2025-12-08 22:11:35 - INFO -   Epoch 1/20 - 배치 6248/7813 (80.0%) - 현재 Loss: 1.6993
2025-12-08 22:11:38 - INFO -   Epoch 1/20 - 배치 7029/7813 (90.0%) - 현재 Loss: 2.1130
2025-12-08 22:11:41 - INFO -   Epoch 1/20 - 배치 7810/7813 (100.0%) - 현재 Loss: 4.7770
2025-12-08 22:11:41 - INFO - Epoch 1/20 완료:
2025-12-08 22:11:41 - INFO -   - 평균 Loss: 3.6673
2025-12-08 22:11:41 - INFO -   - Epoch 소요 시간: 33.41초
2025-12-08 22:11:41 - INFO -   - 총 경과 시간: 70.41초 (1.2분)
2025-12-08 22:11:41 - INFO -   ⭐ 최고 Loss 갱신: 3.6673
2025-12-08 22:11:44 - INFO -   Epoch 2/20 - 배치 781/7813 (10.0%) - 현재 Loss: 2.2177
2025-12-08 22:11:48 - INFO -   Epoch 2/20 - 배치 1562/7813 (20.0%) - 현재 Loss: 4.7309
2025-12-08 22:11:51 - INFO -   Epoch 2/20 - 배치 2343/7813 (30.0%) - 현재 Loss: 6.1609
2025-12-08 22:11:54 - INFO -   Epoch 2/20 - 배치 3124/7813 (40.0%) - 현재 Loss: 2.1302
2025-12-08 22:11:58 - INFO -   Epoch 2/20 - 배치 3905/7813 (50.0%) - 현재 Loss: 3.3585
2025-12-08 22:12:01 - INFO -   Epoch 2/20 - 배치 4686/7813 (60.0%) - 현재 Loss: 1.7656
2025-12-08 22:12:05 - INFO -   Epoch 2/20 - 배치 5467/7813 (70.0%) - 현재 Loss: 4.8886
2025-12-08 22:12:08 - INFO -   Epoch 2/20 - 배치 6248/7813 (80.0%) - 현재 Loss: 1.6857
2025-12-08 22:12:11 - INFO -   Epoch 2/20 - 배치 7029/7813 (90.0%) - 현재 Loss: 2.0784
2025-12-08 22:12:15 - INFO -   Epoch 2/20 - 배치 7810/7813 (100.0%) - 현재 Loss: 4.2442
2025-12-08 22:12:15 - INFO - Epoch 2/20 완료:
2025-12-08 22:12:15 - INFO -   - 평균 Loss: 3.2402
2025-12-08 22:12:15 - INFO -   - Epoch 소요 시간: 33.61초
2025-12-08 22:12:15 - INFO -   - 총 경과 시간: 104.03초 (1.7분)
2025-12-08 22:12:15 - INFO -   - 예상 남은 시간: 936.24초 (15.6분)
2025-12-08 22:12:15 - INFO -   ⭐ 최고 Loss 갱신: 3.2402
2025-12-08 22:12:18 - INFO -   Epoch 3/20 - 배치 781/7813 (10.0%) - 현재 Loss: 2.2233
2025-12-08 22:12:21 - INFO -   Epoch 3/20 - 배치 1562/7813 (20.0%) - 현재 Loss: 4.5079
2025-12-08 22:12:25 - INFO -   Epoch 3/20 - 배치 2343/7813 (30.0%) - 현재 Loss: 5.6677
2025-12-08 22:12:28 - INFO -   Epoch 3/20 - 배치 3124/7813 (40.0%) - 현재 Loss: 2.0841
2025-12-08 22:12:31 - INFO -   Epoch 3/20 - 배치 3905/7813 (50.0%) - 현재 Loss: 3.3157
2025-12-08 22:12:35 - INFO -   Epoch 3/20 - 배치 4686/7813 (60.0%) - 현재 Loss: 1.7730
2025-12-08 22:12:38 - INFO -   Epoch 3/20 - 배치 5467/7813 (70.0%) - 현재 Loss: 4.6122
2025-12-08 22:12:41 - INFO -   Epoch 3/20 - 배치 6248/7813 (80.0%) - 현재 Loss: 1.6954
2025-12-08 22:12:45 - INFO -   Epoch 3/20 - 배치 7029/7813 (90.0%) - 현재 Loss: 2.0874
2025-12-08 22:12:48 - INFO -   Epoch 3/20 - 배치 7810/7813 (100.0%) - 현재 Loss: 4.0760
2025-12-08 22:12:48 - INFO - Epoch 3/20 완료:
2025-12-08 22:12:48 - INFO -   - 평균 Loss: 3.1620
2025-12-08 22:12:48 - INFO -   - Epoch 소요 시간: 33.22초
2025-12-08 22:12:48 - INFO -   - 총 경과 시간: 137.25초 (2.3분)
2025-12-08 22:12:48 - INFO -   - 예상 남은 시간: 777.76초 (13.0분)
2025-12-08 22:12:48 - INFO -   ⭐ 최고 Loss 갱신: 3.1620
2025-12-08 22:12:51 - INFO -   Epoch 4/20 - 배치 781/7813 (10.0%) - 현재 Loss: 2.2172
2025-12-08 22:12:55 - INFO -   Epoch 4/20 - 배치 1562/7813 (20.0%) - 현재 Loss: 4.3201
2025-12-08 22:12:58 - INFO -   Epoch 4/20 - 배치 2343/7813 (30.0%) - 현재 Loss: 5.5270
2025-12-08 22:13:01 - INFO -   Epoch 4/20 - 배치 3124/7813 (40.0%) - 현재 Loss: 2.0987
2025-12-08 22:13:05 - INFO -   Epoch 4/20 - 배치 3905/7813 (50.0%) - 현재 Loss: 3.2200
2025-12-08 22:13:08 - INFO -   Epoch 4/20 - 배치 4686/7813 (60.0%) - 현재 Loss: 1.7920
2025-12-08 22:13:12 - INFO -   Epoch 4/20 - 배치 5467/7813 (70.0%) - 현재 Loss: 4.5022
2025-12-08 22:13:15 - INFO -   Epoch 4/20 - 배치 6248/7813 (80.0%) - 현재 Loss: 1.6977
2025-12-08 22:13:18 - INFO -   Epoch 4/20 - 배치 7029/7813 (90.0%) - 현재 Loss: 2.0697
2025-12-08 22:13:22 - INFO -   Epoch 4/20 - 배치 7810/7813 (100.0%) - 현재 Loss: 4.0491
2025-12-08 22:13:22 - INFO - Epoch 4/20 완료:
2025-12-08 22:13:22 - INFO -   - 평균 Loss: 3.1119
2025-12-08 22:13:22 - INFO -   - Epoch 소요 시간: 33.60초
2025-12-08 22:13:22 - INFO -   - 총 경과 시간: 170.85초 (2.8분)
2025-12-08 22:13:22 - INFO -   - 예상 남은 시간: 683.40초 (11.4분)
2025-12-08 22:13:22 - INFO -   ⭐ 최고 Loss 갱신: 3.1119
2025-12-08 22:13:25 - INFO -   Epoch 5/20 - 배치 781/7813 (10.0%) - 현재 Loss: 2.2327
2025-12-08 22:13:28 - INFO -   Epoch 5/20 - 배치 1562/7813 (20.0%) - 현재 Loss: 4.2391
2025-12-08 22:13:31 - INFO -   Epoch 5/20 - 배치 2343/7813 (30.0%) - 현재 Loss: 5.2908
2025-12-08 22:13:35 - INFO -   Epoch 5/20 - 배치 3124/7813 (40.0%) - 현재 Loss: 2.0984
2025-12-08 22:13:38 - INFO -   Epoch 5/20 - 배치 3905/7813 (50.0%) - 현재 Loss: 3.2118
2025-12-08 22:13:41 - INFO -   Epoch 5/20 - 배치 4686/7813 (60.0%) - 현재 Loss: 1.7984
2025-12-08 22:13:45 - INFO -   Epoch 5/20 - 배치 5467/7813 (70.0%) - 현재 Loss: 4.5055
2025-12-08 22:13:48 - INFO -   Epoch 5/20 - 배치 6248/7813 (80.0%) - 현재 Loss: 1.7019
2025-12-08 22:13:51 - INFO -   Epoch 5/20 - 배치 7029/7813 (90.0%) - 현재 Loss: 2.0819
2025-12-08 22:13:55 - INFO -   Epoch 5/20 - 배치 7810/7813 (100.0%) - 현재 Loss: 3.8782
2025-12-08 22:13:55 - INFO - Epoch 5/20 완료:
2025-12-08 22:13:55 - INFO -   - 평균 Loss: 3.0766
2025-12-08 22:13:55 - INFO -   - Epoch 소요 시간: 33.07초
2025-12-08 22:13:55 - INFO -   - 총 경과 시간: 203.92초 (3.4분)
2025-12-08 22:13:55 - INFO -   - 예상 남은 시간: 611.76초 (10.2분)
2025-12-08 22:13:55 - INFO -   ⭐ 최고 Loss 갱신: 3.0766
2025-12-08 22:13:58 - INFO -   Epoch 6/20 - 배치 781/7813 (10.0%) - 현재 Loss: 2.1958
2025-12-08 22:14:01 - INFO -   Epoch 6/20 - 배치 1562/7813 (20.0%) - 현재 Loss: 4.2751
2025-12-08 22:14:05 - INFO -   Epoch 6/20 - 배치 2343/7813 (30.0%) - 현재 Loss: 5.2001
2025-12-08 22:14:08 - INFO -   Epoch 6/20 - 배치 3124/7813 (40.0%) - 현재 Loss: 2.1163
2025-12-08 22:14:11 - INFO -   Epoch 6/20 - 배치 3905/7813 (50.0%) - 현재 Loss: 3.3149
2025-12-08 22:14:14 - INFO -   Epoch 6/20 - 배치 4686/7813 (60.0%) - 현재 Loss: 1.7685
2025-12-08 22:14:18 - INFO -   Epoch 6/20 - 배치 5467/7813 (70.0%) - 현재 Loss: 4.4676
2025-12-08 22:14:21 - INFO -   Epoch 6/20 - 배치 6248/7813 (80.0%) - 현재 Loss: 1.6926
2025-12-08 22:14:24 - INFO -   Epoch 6/20 - 배치 7029/7813 (90.0%) - 현재 Loss: 2.1061
2025-12-08 22:14:28 - INFO -   Epoch 6/20 - 배치 7810/7813 (100.0%) - 현재 Loss: 3.8750
2025-12-08 22:14:28 - INFO - Epoch 6/20 완료:
2025-12-08 22:14:28 - INFO -   - 평균 Loss: 3.0515
2025-12-08 22:14:28 - INFO -   - Epoch 소요 시간: 33.03초
2025-12-08 22:14:28 - INFO -   - 총 경과 시간: 236.95초 (3.9분)
2025-12-08 22:14:28 - INFO -   - 예상 남은 시간: 552.89초 (9.2분)
2025-12-08 22:14:28 - INFO -   ⭐ 최고 Loss 갱신: 3.0515
2025-12-08 22:14:31 - INFO -   Epoch 7/20 - 배치 781/7813 (10.0%) - 현재 Loss: 2.2072
2025-12-08 22:14:34 - INFO -   Epoch 7/20 - 배치 1562/7813 (20.0%) - 현재 Loss: 4.3298
2025-12-08 22:14:37 - INFO -   Epoch 7/20 - 배치 2343/7813 (30.0%) - 현재 Loss: 5.2001
2025-12-08 22:14:41 - INFO -   Epoch 7/20 - 배치 3124/7813 (40.0%) - 현재 Loss: 2.1141
2025-12-08 22:14:44 - INFO -   Epoch 7/20 - 배치 3905/7813 (50.0%) - 현재 Loss: 3.2077
2025-12-08 22:14:47 - INFO -   Epoch 7/20 - 배치 4686/7813 (60.0%) - 현재 Loss: 1.7754
2025-12-08 22:14:50 - INFO -   Epoch 7/20 - 배치 5467/7813 (70.0%) - 현재 Loss: 4.4160
2025-12-08 22:14:54 - INFO -   Epoch 7/20 - 배치 6248/7813 (80.0%) - 현재 Loss: 1.6846
2025-12-08 22:14:57 - INFO -   Epoch 7/20 - 배치 7029/7813 (90.0%) - 현재 Loss: 2.0795
2025-12-08 22:15:00 - INFO -   Epoch 7/20 - 배치 7810/7813 (100.0%) - 현재 Loss: 3.8426
2025-12-08 22:15:00 - INFO - Epoch 7/20 완료:
2025-12-08 22:15:00 - INFO -   - 평균 Loss: 3.0190
2025-12-08 22:15:00 - INFO -   - Epoch 소요 시간: 32.35초
2025-12-08 22:15:00 - INFO -   - 총 경과 시간: 269.30초 (4.5분)
2025-12-08 22:15:00 - INFO -   - 예상 남은 시간: 500.13초 (8.3분)
2025-12-08 22:15:00 - INFO -   ⭐ 최고 Loss 갱신: 3.0190
2025-12-08 22:15:03 - INFO -   Epoch 8/20 - 배치 781/7813 (10.0%) - 현재 Loss: 2.2075
2025-12-08 22:15:07 - INFO -   Epoch 8/20 - 배치 1562/7813 (20.0%) - 현재 Loss: 4.0977
2025-12-08 22:15:10 - INFO -   Epoch 8/20 - 배치 2343/7813 (30.0%) - 현재 Loss: 5.0766
2025-12-08 22:15:13 - INFO -   Epoch 8/20 - 배치 3124/7813 (40.0%) - 현재 Loss: 2.0887
2025-12-08 22:15:16 - INFO -   Epoch 8/20 - 배치 3905/7813 (50.0%) - 현재 Loss: 3.2146
2025-12-08 22:15:20 - INFO -   Epoch 8/20 - 배치 4686/7813 (60.0%) - 현재 Loss: 1.7606
2025-12-08 22:15:23 - INFO -   Epoch 8/20 - 배치 5467/7813 (70.0%) - 현재 Loss: 4.2871
2025-12-08 22:15:26 - INFO -   Epoch 8/20 - 배치 6248/7813 (80.0%) - 현재 Loss: 1.6866
2025-12-08 22:15:29 - INFO -   Epoch 8/20 - 배치 7029/7813 (90.0%) - 현재 Loss: 2.0797
2025-12-08 22:15:33 - INFO -   Epoch 8/20 - 배치 7810/7813 (100.0%) - 현재 Loss: 3.8643
2025-12-08 22:15:33 - INFO - Epoch 8/20 완료:
2025-12-08 22:15:33 - INFO -   - 평균 Loss: 2.9902
2025-12-08 22:15:33 - INFO -   - Epoch 소요 시간: 32.59초
2025-12-08 22:15:33 - INFO -   - 총 경과 시간: 301.90초 (5.0분)
2025-12-08 22:15:33 - INFO -   - 예상 남은 시간: 452.84초 (7.5분)
2025-12-08 22:15:33 - INFO -   ⭐ 최고 Loss 갱신: 2.9902
2025-12-08 22:15:36 - INFO -   Epoch 9/20 - 배치 781/7813 (10.0%) - 현재 Loss: 2.2016
2025-12-08 22:15:39 - INFO -   Epoch 9/20 - 배치 1562/7813 (20.0%) - 현재 Loss: 3.9818
2025-12-08 22:15:43 - INFO -   Epoch 9/20 - 배치 2343/7813 (30.0%) - 현재 Loss: 4.8731
2025-12-08 22:15:46 - INFO -   Epoch 9/20 - 배치 3124/7813 (40.0%) - 현재 Loss: 2.0796
2025-12-08 22:16:03 - INFO -   Epoch 9/20 - 배치 3905/7813 (50.0%) - 현재 Loss: 3.2054
2025-12-08 22:16:07 - INFO -   Epoch 9/20 - 배치 4686/7813 (60.0%) - 현재 Loss: 1.7597
2025-12-08 22:16:11 - INFO -   Epoch 9/20 - 배치 5467/7813 (70.0%) - 현재 Loss: 4.2464
2025-12-08 22:16:14 - INFO -   Epoch 9/20 - 배치 6248/7813 (80.0%) - 현재 Loss: 1.6740
2025-12-08 22:16:17 - INFO -   Epoch 9/20 - 배치 7029/7813 (90.0%) - 현재 Loss: 2.0918
2025-12-08 22:16:21 - INFO -   Epoch 9/20 - 배치 7810/7813 (100.0%) - 현재 Loss: 3.7491
2025-12-08 22:16:21 - INFO - Epoch 9/20 완료:
2025-12-08 22:16:21 - INFO -   - 평균 Loss: 2.9620
2025-12-08 22:16:21 - INFO -   - Epoch 소요 시간: 48.54초
2025-12-08 22:16:21 - INFO -   - 총 경과 시간: 350.43초 (5.8분)
2025-12-08 22:16:21 - INFO -   - 예상 남은 시간: 428.31초 (7.1분)
2025-12-08 22:16:21 - INFO -   ⭐ 최고 Loss 갱신: 2.9620
2025-12-08 22:16:25 - INFO -   Epoch 10/20 - 배치 781/7813 (10.0%) - 현재 Loss: 2.2052
2025-12-08 22:16:28 - INFO -   Epoch 10/20 - 배치 1562/7813 (20.0%) - 현재 Loss: 3.9002
2025-12-08 22:16:31 - INFO -   Epoch 10/20 - 배치 2343/7813 (30.0%) - 현재 Loss: 4.8188
2025-12-08 22:16:35 - INFO -   Epoch 10/20 - 배치 3124/7813 (40.0%) - 현재 Loss: 2.0811
2025-12-08 22:16:38 - INFO -   Epoch 10/20 - 배치 3905/7813 (50.0%) - 현재 Loss: 3.1658
2025-12-08 22:16:42 - INFO -   Epoch 10/20 - 배치 4686/7813 (60.0%) - 현재 Loss: 1.7627
2025-12-08 22:16:45 - INFO -   Epoch 10/20 - 배치 5467/7813 (70.0%) - 현재 Loss: 4.1815
2025-12-08 22:16:48 - INFO -   Epoch 10/20 - 배치 6248/7813 (80.0%) - 현재 Loss: 1.6728
2025-12-08 22:16:52 - INFO -   Epoch 10/20 - 배치 7029/7813 (90.0%) - 현재 Loss: 2.0978
2025-12-08 22:16:55 - INFO -   Epoch 10/20 - 배치 7810/7813 (100.0%) - 현재 Loss: 3.7631
2025-12-08 22:16:55 - INFO - Epoch 10/20 완료:
2025-12-08 22:16:55 - INFO -   - 평균 Loss: 2.9394
2025-12-08 22:16:55 - INFO -   - Epoch 소요 시간: 34.04초
2025-12-08 22:16:55 - INFO -   - 총 경과 시간: 384.47초 (6.4분)
2025-12-08 22:16:55 - INFO -   - 예상 남은 시간: 384.47초 (6.4분)
2025-12-08 22:16:55 - INFO -   ⭐ 최고 Loss 갱신: 2.9394
2025-12-08 22:16:59 - INFO -   Epoch 11/20 - 배치 781/7813 (10.0%) - 현재 Loss: 2.2025
2025-12-08 22:17:02 - INFO -   Epoch 11/20 - 배치 1562/7813 (20.0%) - 현재 Loss: 3.9005
2025-12-08 22:17:05 - INFO -   Epoch 11/20 - 배치 2343/7813 (30.0%) - 현재 Loss: 4.6960
2025-12-08 22:17:09 - INFO -   Epoch 11/20 - 배치 3124/7813 (40.0%) - 현재 Loss: 2.0747
2025-12-08 22:17:12 - INFO -   Epoch 11/20 - 배치 3905/7813 (50.0%) - 현재 Loss: 3.0973
2025-12-08 22:17:15 - INFO -   Epoch 11/20 - 배치 4686/7813 (60.0%) - 현재 Loss: 1.7645
2025-12-08 22:17:19 - INFO -   Epoch 11/20 - 배치 5467/7813 (70.0%) - 현재 Loss: 4.1155
2025-12-08 22:17:22 - INFO -   Epoch 11/20 - 배치 6248/7813 (80.0%) - 현재 Loss: 1.6792
2025-12-08 22:17:25 - INFO -   Epoch 11/20 - 배치 7029/7813 (90.0%) - 현재 Loss: 2.0979
2025-12-08 22:17:29 - INFO -   Epoch 11/20 - 배치 7810/7813 (100.0%) - 현재 Loss: 3.8079
2025-12-08 22:17:29 - INFO - Epoch 11/20 완료:
2025-12-08 22:17:29 - INFO -   - 평균 Loss: 2.9206
2025-12-08 22:17:29 - INFO -   - Epoch 소요 시간: 33.54초
2025-12-08 22:17:29 - INFO -   - 총 경과 시간: 418.01초 (7.0분)
2025-12-08 22:17:29 - INFO -   - 예상 남은 시간: 342.01초 (5.7분)
2025-12-08 22:17:29 - INFO -   ⭐ 최고 Loss 갱신: 2.9206
2025-12-08 22:17:32 - INFO -   Epoch 12/20 - 배치 781/7813 (10.0%) - 현재 Loss: 2.2047
2025-12-08 22:17:35 - INFO -   Epoch 12/20 - 배치 1562/7813 (20.0%) - 현재 Loss: 3.7997
2025-12-08 22:17:39 - INFO -   Epoch 12/20 - 배치 2343/7813 (30.0%) - 현재 Loss: 4.4577
2025-12-08 22:17:42 - INFO -   Epoch 12/20 - 배치 3124/7813 (40.0%) - 현재 Loss: 2.1036
2025-12-08 22:17:45 - INFO -   Epoch 12/20 - 배치 3905/7813 (50.0%) - 현재 Loss: 2.9619
2025-12-08 22:17:49 - INFO -   Epoch 12/20 - 배치 4686/7813 (60.0%) - 현재 Loss: 1.7704
2025-12-08 22:17:52 - INFO -   Epoch 12/20 - 배치 5467/7813 (70.0%) - 현재 Loss: 4.0312
2025-12-08 22:17:55 - INFO -   Epoch 12/20 - 배치 6248/7813 (80.0%) - 현재 Loss: 1.6767
2025-12-08 22:17:59 - INFO -   Epoch 12/20 - 배치 7029/7813 (90.0%) - 현재 Loss: 2.0967
2025-12-08 22:18:02 - INFO -   Epoch 12/20 - 배치 7810/7813 (100.0%) - 현재 Loss: 3.7918
2025-12-08 22:18:02 - INFO - Epoch 12/20 완료:
2025-12-08 22:18:02 - INFO -   - 평균 Loss: 2.8991
2025-12-08 22:18:02 - INFO -   - Epoch 소요 시간: 33.33초
2025-12-08 22:18:02 - INFO -   - 총 경과 시간: 451.35초 (7.5분)
2025-12-08 22:18:02 - INFO -   - 예상 남은 시간: 300.90초 (5.0분)
2025-12-08 22:18:02 - INFO -   ⭐ 최고 Loss 갱신: 2.8991
2025-12-08 22:18:05 - INFO -   Epoch 13/20 - 배치 781/7813 (10.0%) - 현재 Loss: 2.1940
2025-12-08 22:18:09 - INFO -   Epoch 13/20 - 배치 1562/7813 (20.0%) - 현재 Loss: 3.6767
2025-12-08 22:18:12 - INFO -   Epoch 13/20 - 배치 2343/7813 (30.0%) - 현재 Loss: 4.2232
2025-12-08 22:18:15 - INFO -   Epoch 13/20 - 배치 3124/7813 (40.0%) - 현재 Loss: 2.1305
2025-12-08 22:18:19 - INFO -   Epoch 13/20 - 배치 3905/7813 (50.0%) - 현재 Loss: 2.9721
2025-12-08 22:18:22 - INFO -   Epoch 13/20 - 배치 4686/7813 (60.0%) - 현재 Loss: 1.7642
2025-12-08 22:18:25 - INFO -   Epoch 13/20 - 배치 5467/7813 (70.0%) - 현재 Loss: 4.0113
2025-12-08 22:18:29 - INFO -   Epoch 13/20 - 배치 6248/7813 (80.0%) - 현재 Loss: 1.6761
2025-12-08 22:18:32 - INFO -   Epoch 13/20 - 배치 7029/7813 (90.0%) - 현재 Loss: 2.0953
2025-12-08 22:18:35 - INFO -   Epoch 13/20 - 배치 7810/7813 (100.0%) - 현재 Loss: 3.6183
2025-12-08 22:18:35 - INFO - Epoch 13/20 완료:
2025-12-08 22:18:35 - INFO -   - 평균 Loss: 2.8793
2025-12-08 22:18:35 - INFO -   - Epoch 소요 시간: 33.29초
2025-12-08 22:18:35 - INFO -   - 총 경과 시간: 484.64초 (8.1분)
2025-12-08 22:18:35 - INFO -   - 예상 남은 시간: 260.96초 (4.3분)
2025-12-08 22:18:35 - INFO -   ⭐ 최고 Loss 갱신: 2.8793
2025-12-08 22:18:39 - INFO -   Epoch 14/20 - 배치 781/7813 (10.0%) - 현재 Loss: 2.2045
2025-12-08 22:18:42 - INFO -   Epoch 14/20 - 배치 1562/7813 (20.0%) - 현재 Loss: 3.6530
2025-12-08 22:18:45 - INFO -   Epoch 14/20 - 배치 2343/7813 (30.0%) - 현재 Loss: 4.1091
2025-12-08 22:18:49 - INFO -   Epoch 14/20 - 배치 3124/7813 (40.0%) - 현재 Loss: 2.1097
2025-12-08 22:18:52 - INFO -   Epoch 14/20 - 배치 3905/7813 (50.0%) - 현재 Loss: 2.9251
2025-12-08 22:18:55 - INFO -   Epoch 14/20 - 배치 4686/7813 (60.0%) - 현재 Loss: 1.7630
2025-12-08 22:18:59 - INFO -   Epoch 14/20 - 배치 5467/7813 (70.0%) - 현재 Loss: 3.9778
2025-12-08 22:19:02 - INFO -   Epoch 14/20 - 배치 6248/7813 (80.0%) - 현재 Loss: 1.6811
2025-12-08 22:19:05 - INFO -   Epoch 14/20 - 배치 7029/7813 (90.0%) - 현재 Loss: 2.0866
2025-12-08 22:19:09 - INFO -   Epoch 14/20 - 배치 7810/7813 (100.0%) - 현재 Loss: 3.5581
2025-12-08 22:19:09 - INFO - Epoch 14/20 완료:
2025-12-08 22:19:09 - INFO -   - 평균 Loss: 2.8626
2025-12-08 22:19:09 - INFO -   - Epoch 소요 시간: 33.45초
2025-12-08 22:19:09 - INFO -   - 총 경과 시간: 518.09초 (8.6분)
2025-12-08 22:19:09 - INFO -   - 예상 남은 시간: 222.04초 (3.7분)
2025-12-08 22:19:09 - INFO -   ⭐ 최고 Loss 갱신: 2.8626
2025-12-08 22:19:12 - INFO -   Epoch 15/20 - 배치 781/7813 (10.0%) - 현재 Loss: 2.1912
2025-12-08 22:19:16 - INFO -   Epoch 15/20 - 배치 1562/7813 (20.0%) - 현재 Loss: 3.5858
2025-12-08 22:19:19 - INFO -   Epoch 15/20 - 배치 2343/7813 (30.0%) - 현재 Loss: 4.0076
2025-12-08 22:19:22 - INFO -   Epoch 15/20 - 배치 3124/7813 (40.0%) - 현재 Loss: 2.1179
2025-12-08 22:19:26 - INFO -   Epoch 15/20 - 배치 3905/7813 (50.0%) - 현재 Loss: 2.9025
2025-12-08 22:19:29 - INFO -   Epoch 15/20 - 배치 4686/7813 (60.0%) - 현재 Loss: 1.7625
2025-12-08 22:19:32 - INFO -   Epoch 15/20 - 배치 5467/7813 (70.0%) - 현재 Loss: 3.8441
2025-12-08 22:19:36 - INFO -   Epoch 15/20 - 배치 6248/7813 (80.0%) - 현재 Loss: 1.6730
2025-12-08 22:19:39 - INFO -   Epoch 15/20 - 배치 7029/7813 (90.0%) - 현재 Loss: 2.0834
2025-12-08 22:19:42 - INFO -   Epoch 15/20 - 배치 7810/7813 (100.0%) - 현재 Loss: 3.5216
2025-12-08 22:19:42 - INFO - Epoch 15/20 완료:
2025-12-08 22:19:42 - INFO -   - 평균 Loss: 2.8462
2025-12-08 22:19:42 - INFO -   - Epoch 소요 시간: 33.55초
2025-12-08 22:19:42 - INFO -   - 총 경과 시간: 551.64초 (9.2분)
2025-12-08 22:19:42 - INFO -   - 예상 남은 시간: 183.88초 (3.1분)
2025-12-08 22:19:42 - INFO -   ⭐ 최고 Loss 갱신: 2.8462
2025-12-08 22:19:46 - INFO -   Epoch 16/20 - 배치 781/7813 (10.0%) - 현재 Loss: 2.1844
2025-12-08 22:19:49 - INFO -   Epoch 16/20 - 배치 1562/7813 (20.0%) - 현재 Loss: 3.5163
2025-12-08 22:19:52 - INFO -   Epoch 16/20 - 배치 2343/7813 (30.0%) - 현재 Loss: 4.0222
2025-12-08 22:19:56 - INFO -   Epoch 16/20 - 배치 3124/7813 (40.0%) - 현재 Loss: 2.1144
2025-12-08 22:19:59 - INFO -   Epoch 16/20 - 배치 3905/7813 (50.0%) - 현재 Loss: 2.9484
2025-12-08 22:20:03 - INFO -   Epoch 16/20 - 배치 4686/7813 (60.0%) - 현재 Loss: 1.7795
2025-12-08 22:20:06 - INFO -   Epoch 16/20 - 배치 5467/7813 (70.0%) - 현재 Loss: 3.8513
2025-12-08 22:20:09 - INFO -   Epoch 16/20 - 배치 6248/7813 (80.0%) - 현재 Loss: 1.6706
2025-12-08 22:20:13 - INFO -   Epoch 16/20 - 배치 7029/7813 (90.0%) - 현재 Loss: 2.0885
2025-12-08 22:20:16 - INFO -   Epoch 16/20 - 배치 7810/7813 (100.0%) - 현재 Loss: 3.4775
2025-12-08 22:20:16 - INFO - Epoch 16/20 완료:
2025-12-08 22:20:16 - INFO -   - 평균 Loss: 2.8330
2025-12-08 22:20:16 - INFO -   - Epoch 소요 시간: 33.78초
2025-12-08 22:20:16 - INFO -   - 총 경과 시간: 585.41초 (9.8분)
2025-12-08 22:20:16 - INFO -   - 예상 남은 시간: 146.35초 (2.4분)
2025-12-08 22:20:16 - INFO -   ⭐ 최고 Loss 갱신: 2.8330
2025-12-08 22:20:21 - INFO -   Epoch 17/20 - 배치 781/7813 (10.0%) - 현재 Loss: 2.1900
2025-12-08 22:26:01 - INFO -   Epoch 17/20 - 배치 1562/7813 (20.0%) - 현재 Loss: 3.5450
2025-12-08 22:26:07 - INFO -   Epoch 17/20 - 배치 2343/7813 (30.0%) - 현재 Loss: 3.8359
2025-12-08 22:26:12 - INFO -   Epoch 17/20 - 배치 3124/7813 (40.0%) - 현재 Loss: 2.1122
2025-12-08 22:26:16 - INFO -   Epoch 17/20 - 배치 3905/7813 (50.0%) - 현재 Loss: 2.9107
2025-12-08 22:26:20 - INFO -   Epoch 17/20 - 배치 4686/7813 (60.0%) - 현재 Loss: 1.7698
2025-12-08 22:26:23 - INFO -   Epoch 17/20 - 배치 5467/7813 (70.0%) - 현재 Loss: 3.8591
2025-12-08 22:26:26 - INFO -   Epoch 17/20 - 배치 6248/7813 (80.0%) - 현재 Loss: 1.6794
2025-12-08 22:26:30 - INFO -   Epoch 17/20 - 배치 7029/7813 (90.0%) - 현재 Loss: 2.0812
2025-12-08 22:26:33 - INFO -   Epoch 17/20 - 배치 7810/7813 (100.0%) - 현재 Loss: 3.4332
2025-12-08 22:26:33 - INFO - Epoch 17/20 완료:
2025-12-08 22:26:33 - INFO -   - 평균 Loss: 2.8188
2025-12-08 22:26:33 - INFO -   - Epoch 소요 시간: 377.04초
2025-12-08 22:26:33 - INFO -   - 총 경과 시간: 962.46초 (16.0분)
2025-12-08 22:26:33 - INFO -   - 예상 남은 시간: 169.85초 (2.8분)
2025-12-08 22:26:33 - INFO -   ⭐ 최고 Loss 갱신: 2.8188
2025-12-08 22:26:37 - INFO -   Epoch 18/20 - 배치 781/7813 (10.0%) - 현재 Loss: 2.1848
2025-12-08 22:26:40 - INFO -   Epoch 18/20 - 배치 1562/7813 (20.0%) - 현재 Loss: 3.5075
2025-12-08 22:26:43 - INFO -   Epoch 18/20 - 배치 2343/7813 (30.0%) - 현재 Loss: 3.6974
2025-12-08 22:26:47 - INFO -   Epoch 18/20 - 배치 3124/7813 (40.0%) - 현재 Loss: 2.0881
2025-12-08 22:26:50 - INFO -   Epoch 18/20 - 배치 3905/7813 (50.0%) - 현재 Loss: 2.8654
2025-12-08 22:26:53 - INFO -   Epoch 18/20 - 배치 4686/7813 (60.0%) - 현재 Loss: 1.7702
2025-12-08 22:26:57 - INFO -   Epoch 18/20 - 배치 5467/7813 (70.0%) - 현재 Loss: 3.8454
2025-12-08 22:27:00 - INFO -   Epoch 18/20 - 배치 6248/7813 (80.0%) - 현재 Loss: 1.6748
2025-12-08 22:27:03 - INFO -   Epoch 18/20 - 배치 7029/7813 (90.0%) - 현재 Loss: 2.0734
2025-12-08 22:27:07 - INFO -   Epoch 18/20 - 배치 7810/7813 (100.0%) - 현재 Loss: 3.3885
2025-12-08 22:27:07 - INFO - Epoch 18/20 완료:
2025-12-08 22:27:07 - INFO -   - 평균 Loss: 2.8047
2025-12-08 22:27:07 - INFO -   - Epoch 소요 시간: 33.44초
2025-12-08 22:27:07 - INFO -   - 총 경과 시간: 995.90초 (16.6분)
2025-12-08 22:27:07 - INFO -   - 예상 남은 시간: 110.66초 (1.8분)
2025-12-08 22:27:07 - INFO -   ⭐ 최고 Loss 갱신: 2.8047
2025-12-08 22:27:10 - INFO -   Epoch 19/20 - 배치 781/7813 (10.0%) - 현재 Loss: 2.1873
2025-12-08 22:27:13 - INFO -   Epoch 19/20 - 배치 1562/7813 (20.0%) - 현재 Loss: 3.5728
2025-12-08 22:27:17 - INFO -   Epoch 19/20 - 배치 2343/7813 (30.0%) - 현재 Loss: 3.6256
2025-12-08 22:27:20 - INFO -   Epoch 19/20 - 배치 3124/7813 (40.0%) - 현재 Loss: 2.0819
2025-12-08 22:27:23 - INFO -   Epoch 19/20 - 배치 3905/7813 (50.0%) - 현재 Loss: 2.8811
2025-12-08 22:27:27 - INFO -   Epoch 19/20 - 배치 4686/7813 (60.0%) - 현재 Loss: 1.7667
2025-12-08 22:27:30 - INFO -   Epoch 19/20 - 배치 5467/7813 (70.0%) - 현재 Loss: 3.8459
2025-12-08 22:27:33 - INFO -   Epoch 19/20 - 배치 6248/7813 (80.0%) - 현재 Loss: 1.6705
2025-12-08 22:27:36 - INFO -   Epoch 19/20 - 배치 7029/7813 (90.0%) - 현재 Loss: 2.0798
2025-12-08 22:27:40 - INFO -   Epoch 19/20 - 배치 7810/7813 (100.0%) - 현재 Loss: 3.3205
2025-12-08 22:27:40 - INFO - Epoch 19/20 완료:
2025-12-08 22:27:40 - INFO -   - 평균 Loss: 2.7942
2025-12-08 22:27:40 - INFO -   - Epoch 소요 시간: 33.11초
2025-12-08 22:27:40 - INFO -   - 총 경과 시간: 1029.01초 (17.2분)
2025-12-08 22:27:40 - INFO -   - 예상 남은 시간: 54.16초 (0.9분)
2025-12-08 22:27:40 - INFO -   ⭐ 최고 Loss 갱신: 2.7942
2025-12-08 22:27:43 - INFO -   Epoch 20/20 - 배치 781/7813 (10.0%) - 현재 Loss: 2.1908
2025-12-08 22:27:46 - INFO -   Epoch 20/20 - 배치 1562/7813 (20.0%) - 현재 Loss: 3.4934
2025-12-08 22:27:50 - INFO -   Epoch 20/20 - 배치 2343/7813 (30.0%) - 현재 Loss: 3.4468
2025-12-08 22:27:53 - INFO -   Epoch 20/20 - 배치 3124/7813 (40.0%) - 현재 Loss: 2.0774
2025-12-08 22:27:56 - INFO -   Epoch 20/20 - 배치 3905/7813 (50.0%) - 현재 Loss: 2.8377
2025-12-08 22:28:00 - INFO -   Epoch 20/20 - 배치 4686/7813 (60.0%) - 현재 Loss: 1.7711
2025-12-08 22:28:03 - INFO -   Epoch 20/20 - 배치 5467/7813 (70.0%) - 현재 Loss: 3.9131
2025-12-08 22:28:06 - INFO -   Epoch 20/20 - 배치 6248/7813 (80.0%) - 현재 Loss: 1.6740
2025-12-08 22:28:09 - INFO -   Epoch 20/20 - 배치 7029/7813 (90.0%) - 현재 Loss: 2.0788
2025-12-08 22:28:13 - INFO -   Epoch 20/20 - 배치 7810/7813 (100.0%) - 현재 Loss: 3.3112
2025-12-08 22:28:13 - INFO - Epoch 20/20 완료:
2025-12-08 22:28:13 - INFO -   - 평균 Loss: 2.7828
2025-12-08 22:28:13 - INFO -   - Epoch 소요 시간: 32.94초
2025-12-08 22:28:13 - INFO -   - 총 경과 시간: 1061.96초 (17.7분)
2025-12-08 22:28:13 - INFO -   ⭐ 최고 Loss 갱신: 2.7828
2025-12-08 22:28:13 - INFO - 
============================================================
2025-12-08 22:28:13 - INFO - ✅ DeepLog 모델 학습 완료
2025-12-08 22:28:13 - INFO -   - 총 소요 시간: 1061.96초 (17.7분)
2025-12-08 22:28:13 - INFO -   - 최종 Loss: 2.7828
2025-12-08 22:28:13 - INFO -   - 최고 Loss: 2.7828
2025-12-08 22:28:13 - INFO - ============================================================
