2025-12-08 21:05:41 - INFO - 📝 학습 로그 파일: /Users/zzangdol/PycharmProjects/zzangdol/pattern/prelog/logs/training/deeplog_training_20251208_210541.log
2025-12-08 21:05:41 - INFO - ============================================================
2025-12-08 21:05:41 - INFO - DeepLog 모델 학습 시작
2025-12-08 21:05:41 - INFO - ============================================================
2025-12-08 21:05:41 - INFO - 학습 파라미터:
2025-12-08 21:05:41 - INFO -   - Epochs: 20
2025-12-08 21:05:41 - INFO -   - Batch Size: 64
2025-12-08 21:05:41 - INFO -   - Learning Rate: 0.001
2025-12-08 21:05:41 - INFO -   - 학습 데이터: 500,000개 로그
2025-12-08 21:05:41 - INFO - 시퀀스 준비 중...
2025-12-08 21:05:41 - INFO -   템플릿 사전 구축 중...
2025-12-08 21:05:43 - INFO -   ✅ 템플릿 사전 구축 완료: 7,740개 템플릿
2025-12-08 21:05:43 - INFO -   시퀀스 생성 중: 예상 499,990개 시퀀스...
2025-12-08 21:05:43 - INFO -   예상 메모리 사용량: 19.1 MB
2025-12-08 21:05:45 - INFO -   시퀀스 생성 진행: 24,999/499,990 (5.0%) - 경과: 2.0초 - 예상 남은 시간: 37.3초 (0.6분)
2025-12-08 21:05:47 - INFO -   시퀀스 생성 진행: 49,998/499,990 (10.0%) - 경과: 3.9초 - 예상 남은 시간: 34.7초 (0.6분)
2025-12-08 21:05:49 - INFO -   시퀀스 생성 진행: 74,997/499,990 (15.0%) - 경과: 5.8초 - 예상 남은 시간: 32.8초 (0.5분)
2025-12-08 21:05:51 - INFO -   시퀀스 생성 진행: 99,996/499,990 (20.0%) - 경과: 7.7초 - 예상 남은 시간: 30.8초 (0.5분)
2025-12-08 21:05:53 - INFO -   시퀀스 생성 진행: 124,995/499,990 (25.0%) - 경과: 9.6초 - 예상 남은 시간: 28.8초 (0.5분)
2025-12-08 21:05:55 - INFO -   시퀀스 생성 진행: 149,994/499,990 (30.0%) - 경과: 11.5초 - 예상 남은 시간: 26.9초 (0.4분)
2025-12-08 21:05:56 - INFO -   시퀀스 생성 진행: 174,993/499,990 (35.0%) - 경과: 13.5초 - 예상 남은 시간: 25.0초 (0.4분)
2025-12-08 21:05:58 - INFO -   시퀀스 생성 진행: 199,992/499,990 (40.0%) - 경과: 15.4초 - 예상 남은 시간: 23.1초 (0.4분)
2025-12-08 21:06:00 - INFO -   시퀀스 생성 진행: 224,991/499,990 (45.0%) - 경과: 17.3초 - 예상 남은 시간: 21.2초 (0.4분)
2025-12-08 21:06:02 - INFO -   시퀀스 생성 진행: 249,990/499,990 (50.0%) - 경과: 19.2초 - 예상 남은 시간: 19.2초 (0.3분)
2025-12-08 21:06:04 - INFO -   시퀀스 생성 진행: 274,989/499,990 (55.0%) - 경과: 21.2초 - 예상 남은 시간: 17.4초 (0.3분)
2025-12-08 21:06:06 - INFO -   시퀀스 생성 진행: 299,988/499,990 (60.0%) - 경과: 23.3초 - 예상 남은 시간: 15.5초 (0.3분)
2025-12-08 21:06:08 - INFO -   시퀀스 생성 진행: 324,987/499,990 (65.0%) - 경과: 25.2초 - 예상 남은 시간: 13.6초 (0.2분)
2025-12-08 21:06:10 - INFO -   시퀀스 생성 진행: 349,986/499,990 (70.0%) - 경과: 27.2초 - 예상 남은 시간: 11.7초 (0.2분)
2025-12-08 21:06:12 - INFO -   시퀀스 생성 진행: 374,985/499,990 (75.0%) - 경과: 29.1초 - 예상 남은 시간: 9.7초 (0.2분)
2025-12-08 21:06:14 - INFO -   시퀀스 생성 진행: 399,984/499,990 (80.0%) - 경과: 31.1초 - 예상 남은 시간: 7.8초 (0.1분)
2025-12-08 21:06:16 - INFO -   시퀀스 생성 진행: 424,983/499,990 (85.0%) - 경과: 33.3초 - 예상 남은 시간: 5.9초 (0.1분)
2025-12-08 21:06:18 - INFO -   시퀀스 생성 진행: 449,982/499,990 (90.0%) - 경과: 35.5초 - 예상 남은 시간: 3.9초 (0.1분)
2025-12-08 21:06:21 - INFO -   시퀀스 생성 진행: 474,981/499,990 (95.0%) - 경과: 37.7초 - 예상 남은 시간: 2.0초 (0.0분)
2025-12-08 21:06:23 - INFO -   시퀀스 생성 진행: 499,980/499,990 (100.0%) - 경과: 39.8초 - 예상 남은 시간: 0.0초 (0.0분)
2025-12-08 21:06:23 - INFO -   시퀀스 생성 진행: 499,990/499,990 (100.0%) - 경과: 39.8초 - 예상 남은 시간: 0.0초 (0.0분)
2025-12-08 21:06:23 - INFO - ✅ 시퀀스 준비 완료: 499,990개
2025-12-08 21:06:23 - INFO -   - 어휘 크기: 7,741
2025-12-08 21:06:23 - INFO -    💡 원본 로그 데이터 메모리 해제 완료
2025-12-08 21:06:23 - INFO - 모델 구축 중...
2025-12-08 21:06:23 - INFO - ✅ 모델 구축 완료
2025-12-08 21:06:23 - INFO - 데이터 텐서 변환 중...
2025-12-08 21:06:23 - INFO - ✅ 텐서 변환 완료: 7,813개 배치
2025-12-08 21:06:23 - INFO -    💡 NumPy 배열 메모리 해제 완료 (텐서만 메모리에 유지)
2025-12-08 21:06:23 - INFO - 
============================================================
2025-12-08 21:06:23 - INFO - 학습 시작
2025-12-08 21:06:23 - INFO - ============================================================
2025-12-08 21:06:27 - INFO -   Epoch 1/20 - 배치 781/7813 (10.0%) - 현재 Loss: 2.2524
2025-12-08 21:06:31 - INFO -   Epoch 1/20 - 배치 1562/7813 (20.0%) - 현재 Loss: 5.4848
2025-12-08 21:06:34 - INFO -   Epoch 1/20 - 배치 2343/7813 (30.0%) - 현재 Loss: 7.6573
2025-12-08 21:06:38 - INFO -   Epoch 1/20 - 배치 3124/7813 (40.0%) - 현재 Loss: 2.1868
2025-12-08 21:06:41 - INFO -   Epoch 1/20 - 배치 3905/7813 (50.0%) - 현재 Loss: 4.8420
2025-12-08 21:06:45 - INFO -   Epoch 1/20 - 배치 4686/7813 (60.0%) - 현재 Loss: 1.7932
2025-12-08 21:06:49 - INFO -   Epoch 1/20 - 배치 5467/7813 (70.0%) - 현재 Loss: 5.9042
2025-12-08 21:06:53 - INFO -   Epoch 1/20 - 배치 6248/7813 (80.0%) - 현재 Loss: 1.6850
2025-12-08 21:06:57 - INFO -   Epoch 1/20 - 배치 7029/7813 (90.0%) - 현재 Loss: 2.0919
2025-12-08 21:07:00 - INFO -   Epoch 1/20 - 배치 7810/7813 (100.0%) - 현재 Loss: 4.4834
2025-12-08 21:07:00 - INFO - Epoch 1/20 완료:
2025-12-08 21:07:00 - INFO -   - 평균 Loss: 3.6861
2025-12-08 21:07:00 - INFO -   - Epoch 소요 시간: 37.17초
2025-12-08 21:07:00 - INFO -   - 총 경과 시간: 79.28초 (1.3분)
2025-12-08 21:07:00 - INFO -   ⭐ 최고 Loss 갱신: 3.6861
2025-12-08 21:07:04 - INFO -   Epoch 2/20 - 배치 781/7813 (10.0%) - 현재 Loss: 2.2169
2025-12-08 21:07:08 - INFO -   Epoch 2/20 - 배치 1562/7813 (20.0%) - 현재 Loss: 4.7168
2025-12-08 21:07:12 - INFO -   Epoch 2/20 - 배치 2343/7813 (30.0%) - 현재 Loss: 6.2893
2025-12-08 21:07:16 - INFO -   Epoch 2/20 - 배치 3124/7813 (40.0%) - 현재 Loss: 2.1149
2025-12-08 21:07:20 - INFO -   Epoch 2/20 - 배치 3905/7813 (50.0%) - 현재 Loss: 3.4003
2025-12-08 21:07:24 - INFO -   Epoch 2/20 - 배치 4686/7813 (60.0%) - 현재 Loss: 1.7727
2025-12-08 21:07:28 - INFO -   Epoch 2/20 - 배치 5467/7813 (70.0%) - 현재 Loss: 4.8185
2025-12-08 21:07:32 - INFO -   Epoch 2/20 - 배치 6248/7813 (80.0%) - 현재 Loss: 1.6895
2025-12-08 21:07:36 - INFO -   Epoch 2/20 - 배치 7029/7813 (90.0%) - 현재 Loss: 2.0952
2025-12-08 21:07:40 - INFO -   Epoch 2/20 - 배치 7810/7813 (100.0%) - 현재 Loss: 4.1019
2025-12-08 21:07:40 - INFO - Epoch 2/20 완료:
2025-12-08 21:07:40 - INFO -   - 평균 Loss: 3.2443
2025-12-08 21:07:40 - INFO -   - Epoch 소요 시간: 39.17초
2025-12-08 21:07:40 - INFO -   - 총 경과 시간: 118.46초 (2.0분)
2025-12-08 21:07:40 - INFO -   - 예상 남은 시간: 1066.10초 (17.8분)
2025-12-08 21:07:40 - INFO -   ⭐ 최고 Loss 갱신: 3.2443
2025-12-08 21:07:43 - INFO -   Epoch 3/20 - 배치 781/7813 (10.0%) - 현재 Loss: 2.2037
2025-12-08 21:07:47 - INFO -   Epoch 3/20 - 배치 1562/7813 (20.0%) - 현재 Loss: 4.4824
2025-12-08 21:07:52 - INFO -   Epoch 3/20 - 배치 2343/7813 (30.0%) - 현재 Loss: 5.8153
2025-12-08 21:07:55 - INFO -   Epoch 3/20 - 배치 3124/7813 (40.0%) - 현재 Loss: 2.1474
2025-12-08 21:07:59 - INFO -   Epoch 3/20 - 배치 3905/7813 (50.0%) - 현재 Loss: 3.2789
2025-12-08 21:08:03 - INFO -   Epoch 3/20 - 배치 4686/7813 (60.0%) - 현재 Loss: 1.7720
2025-12-08 21:08:07 - INFO -   Epoch 3/20 - 배치 5467/7813 (70.0%) - 현재 Loss: 4.5692
2025-12-08 21:08:11 - INFO -   Epoch 3/20 - 배치 6248/7813 (80.0%) - 현재 Loss: 1.7001
2025-12-08 21:08:14 - INFO -   Epoch 3/20 - 배치 7029/7813 (90.0%) - 현재 Loss: 2.0567
2025-12-08 21:08:18 - INFO -   Epoch 3/20 - 배치 7810/7813 (100.0%) - 현재 Loss: 4.0997
2025-12-08 21:08:18 - INFO - Epoch 3/20 완료:
2025-12-08 21:08:18 - INFO -   - 평균 Loss: 3.1599
2025-12-08 21:08:18 - INFO -   - Epoch 소요 시간: 38.40초
2025-12-08 21:08:18 - INFO -   - 총 경과 시간: 156.86초 (2.6분)
2025-12-08 21:08:18 - INFO -   - 예상 남은 시간: 888.86초 (14.8분)
2025-12-08 21:08:18 - INFO -   ⭐ 최고 Loss 갱신: 3.1599
2025-12-08 21:08:22 - INFO -   Epoch 4/20 - 배치 781/7813 (10.0%) - 현재 Loss: 2.2131
2025-12-08 21:08:25 - INFO -   Epoch 4/20 - 배치 1562/7813 (20.0%) - 현재 Loss: 4.3958
2025-12-08 21:08:29 - INFO -   Epoch 4/20 - 배치 2343/7813 (30.0%) - 현재 Loss: 5.5189
2025-12-08 21:08:32 - INFO -   Epoch 4/20 - 배치 3124/7813 (40.0%) - 현재 Loss: 2.1359
2025-12-08 21:08:36 - INFO -   Epoch 4/20 - 배치 3905/7813 (50.0%) - 현재 Loss: 3.2080
2025-12-08 21:08:39 - INFO -   Epoch 4/20 - 배치 4686/7813 (60.0%) - 현재 Loss: 1.7643
2025-12-08 21:08:43 - INFO -   Epoch 4/20 - 배치 5467/7813 (70.0%) - 현재 Loss: 4.4855
2025-12-08 21:08:47 - INFO -   Epoch 4/20 - 배치 6248/7813 (80.0%) - 현재 Loss: 1.6834
2025-12-08 21:08:50 - INFO -   Epoch 4/20 - 배치 7029/7813 (90.0%) - 현재 Loss: 2.0727
2025-12-08 21:08:54 - INFO -   Epoch 4/20 - 배치 7810/7813 (100.0%) - 현재 Loss: 3.9878
2025-12-08 21:08:54 - INFO - Epoch 4/20 완료:
2025-12-08 21:08:54 - INFO -   - 평균 Loss: 3.1188
2025-12-08 21:08:54 - INFO -   - Epoch 소요 시간: 35.84초
2025-12-08 21:08:54 - INFO -   - 총 경과 시간: 192.70초 (3.2분)
2025-12-08 21:08:54 - INFO -   - 예상 남은 시간: 770.79초 (12.8분)
2025-12-08 21:08:54 - INFO -   ⭐ 최고 Loss 갱신: 3.1188
2025-12-08 21:08:57 - INFO -   Epoch 5/20 - 배치 781/7813 (10.0%) - 현재 Loss: 2.2160
2025-12-08 21:09:01 - INFO -   Epoch 5/20 - 배치 1562/7813 (20.0%) - 현재 Loss: 4.2938
2025-12-08 21:09:04 - INFO -   Epoch 5/20 - 배치 2343/7813 (30.0%) - 현재 Loss: 5.1937
2025-12-08 21:09:08 - INFO -   Epoch 5/20 - 배치 3124/7813 (40.0%) - 현재 Loss: 2.1270
2025-12-08 21:09:11 - INFO -   Epoch 5/20 - 배치 3905/7813 (50.0%) - 현재 Loss: 3.2153
2025-12-08 21:09:15 - INFO -   Epoch 5/20 - 배치 4686/7813 (60.0%) - 현재 Loss: 1.7522
2025-12-08 21:09:18 - INFO -   Epoch 5/20 - 배치 5467/7813 (70.0%) - 현재 Loss: 4.4067
2025-12-08 21:09:21 - INFO -   Epoch 5/20 - 배치 6248/7813 (80.0%) - 현재 Loss: 1.6899
2025-12-08 21:09:25 - INFO -   Epoch 5/20 - 배치 7029/7813 (90.0%) - 현재 Loss: 2.0697
2025-12-08 21:09:28 - INFO -   Epoch 5/20 - 배치 7810/7813 (100.0%) - 현재 Loss: 3.9407
2025-12-08 21:09:28 - INFO - Epoch 5/20 완료:
2025-12-08 21:09:28 - INFO -   - 평균 Loss: 3.0895
2025-12-08 21:09:28 - INFO -   - Epoch 소요 시간: 34.42초
2025-12-08 21:09:28 - INFO -   - 총 경과 시간: 227.12초 (3.8분)
2025-12-08 21:09:28 - INFO -   - 예상 남은 시간: 681.35초 (11.4분)
2025-12-08 21:09:28 - INFO -   ⭐ 최고 Loss 갱신: 3.0895
2025-12-08 21:09:32 - INFO -   Epoch 6/20 - 배치 781/7813 (10.0%) - 현재 Loss: 2.2163
2025-12-08 21:09:35 - INFO -   Epoch 6/20 - 배치 1562/7813 (20.0%) - 현재 Loss: 4.3721
2025-12-08 21:09:39 - INFO -   Epoch 6/20 - 배치 2343/7813 (30.0%) - 현재 Loss: 5.1242
2025-12-08 21:09:42 - INFO -   Epoch 6/20 - 배치 3124/7813 (40.0%) - 현재 Loss: 2.0779
2025-12-08 21:09:45 - INFO -   Epoch 6/20 - 배치 3905/7813 (50.0%) - 현재 Loss: 3.2003
2025-12-08 21:09:49 - INFO -   Epoch 6/20 - 배치 4686/7813 (60.0%) - 현재 Loss: 1.7633
2025-12-08 21:09:52 - INFO -   Epoch 6/20 - 배치 5467/7813 (70.0%) - 현재 Loss: 4.3940
2025-12-08 21:09:56 - INFO -   Epoch 6/20 - 배치 6248/7813 (80.0%) - 현재 Loss: 1.6888
2025-12-08 21:09:59 - INFO -   Epoch 6/20 - 배치 7029/7813 (90.0%) - 현재 Loss: 2.0789
2025-12-08 21:10:03 - INFO -   Epoch 6/20 - 배치 7810/7813 (100.0%) - 현재 Loss: 3.8683
2025-12-08 21:10:03 - INFO - Epoch 6/20 완료:
2025-12-08 21:10:03 - INFO -   - 평균 Loss: 3.0661
2025-12-08 21:10:03 - INFO -   - Epoch 소요 시간: 34.38초
2025-12-08 21:10:03 - INFO -   - 총 경과 시간: 261.49초 (4.4분)
2025-12-08 21:10:03 - INFO -   - 예상 남은 시간: 610.15초 (10.2분)
2025-12-08 21:10:03 - INFO -   ⭐ 최고 Loss 갱신: 3.0661
2025-12-08 21:10:06 - INFO -   Epoch 7/20 - 배치 781/7813 (10.0%) - 현재 Loss: 2.2275
2025-12-08 21:10:10 - INFO -   Epoch 7/20 - 배치 1562/7813 (20.0%) - 현재 Loss: 4.2849
2025-12-08 21:10:13 - INFO -   Epoch 7/20 - 배치 2343/7813 (30.0%) - 현재 Loss: 4.9942
2025-12-08 21:10:16 - INFO -   Epoch 7/20 - 배치 3124/7813 (40.0%) - 현재 Loss: 2.0999
2025-12-08 21:10:20 - INFO -   Epoch 7/20 - 배치 3905/7813 (50.0%) - 현재 Loss: 3.1557
2025-12-08 21:10:23 - INFO -   Epoch 7/20 - 배치 4686/7813 (60.0%) - 현재 Loss: 1.7650
2025-12-08 21:10:27 - INFO -   Epoch 7/20 - 배치 5467/7813 (70.0%) - 현재 Loss: 4.3218
2025-12-08 21:10:30 - INFO -   Epoch 7/20 - 배치 6248/7813 (80.0%) - 현재 Loss: 1.6986
2025-12-08 21:10:34 - INFO -   Epoch 7/20 - 배치 7029/7813 (90.0%) - 현재 Loss: 2.0843
2025-12-08 21:10:37 - INFO -   Epoch 7/20 - 배치 7810/7813 (100.0%) - 현재 Loss: 3.8561
2025-12-08 21:10:37 - INFO - Epoch 7/20 완료:
2025-12-08 21:10:37 - INFO -   - 평균 Loss: 3.0270
2025-12-08 21:10:37 - INFO -   - Epoch 소요 시간: 34.31초
2025-12-08 21:10:37 - INFO -   - 총 경과 시간: 295.81초 (4.9분)
2025-12-08 21:10:37 - INFO -   - 예상 남은 시간: 549.35초 (9.2분)
2025-12-08 21:10:37 - INFO -   ⭐ 최고 Loss 갱신: 3.0270
2025-12-08 21:10:40 - INFO -   Epoch 8/20 - 배치 781/7813 (10.0%) - 현재 Loss: 2.2263
2025-12-08 21:10:44 - INFO -   Epoch 8/20 - 배치 1562/7813 (20.0%) - 현재 Loss: 4.1216
2025-12-08 21:10:47 - INFO -   Epoch 8/20 - 배치 2343/7813 (30.0%) - 현재 Loss: 4.8070
2025-12-08 21:10:51 - INFO -   Epoch 8/20 - 배치 3124/7813 (40.0%) - 현재 Loss: 2.0999
2025-12-08 21:10:54 - INFO -   Epoch 8/20 - 배치 3905/7813 (50.0%) - 현재 Loss: 3.1525
2025-12-08 21:10:58 - INFO -   Epoch 8/20 - 배치 4686/7813 (60.0%) - 현재 Loss: 1.7525
2025-12-08 21:11:01 - INFO -   Epoch 8/20 - 배치 5467/7813 (70.0%) - 현재 Loss: 4.2669
2025-12-08 21:11:05 - INFO -   Epoch 8/20 - 배치 6248/7813 (80.0%) - 현재 Loss: 1.7007
2025-12-08 21:11:08 - INFO -   Epoch 8/20 - 배치 7029/7813 (90.0%) - 현재 Loss: 2.0826
2025-12-08 21:11:12 - INFO -   Epoch 8/20 - 배치 7810/7813 (100.0%) - 현재 Loss: 3.7454
2025-12-08 21:11:12 - INFO - Epoch 8/20 완료:
2025-12-08 21:11:12 - INFO -   - 평균 Loss: 2.9885
2025-12-08 21:11:12 - INFO -   - Epoch 소요 시간: 34.51초
2025-12-08 21:11:12 - INFO -   - 총 경과 시간: 330.32초 (5.5분)
2025-12-08 21:11:12 - INFO -   - 예상 남은 시간: 495.48초 (8.3분)
2025-12-08 21:11:12 - INFO -   ⭐ 최고 Loss 갱신: 2.9885
2025-12-08 21:11:15 - INFO -   Epoch 9/20 - 배치 781/7813 (10.0%) - 현재 Loss: 2.2140
2025-12-08 21:11:18 - INFO -   Epoch 9/20 - 배치 1562/7813 (20.0%) - 현재 Loss: 4.0553
2025-12-08 21:11:22 - INFO -   Epoch 9/20 - 배치 2343/7813 (30.0%) - 현재 Loss: 4.6788
2025-12-08 21:11:25 - INFO -   Epoch 9/20 - 배치 3124/7813 (40.0%) - 현재 Loss: 2.0820
2025-12-08 21:11:29 - INFO -   Epoch 9/20 - 배치 3905/7813 (50.0%) - 현재 Loss: 3.1507
2025-12-08 21:11:32 - INFO -   Epoch 9/20 - 배치 4686/7813 (60.0%) - 현재 Loss: 1.7524
2025-12-08 21:11:36 - INFO -   Epoch 9/20 - 배치 5467/7813 (70.0%) - 현재 Loss: 4.2408
2025-12-08 21:11:39 - INFO -   Epoch 9/20 - 배치 6248/7813 (80.0%) - 현재 Loss: 1.6956
2025-12-08 21:11:42 - INFO -   Epoch 9/20 - 배치 7029/7813 (90.0%) - 현재 Loss: 2.0892
2025-12-08 21:11:46 - INFO -   Epoch 9/20 - 배치 7810/7813 (100.0%) - 현재 Loss: 3.7341
2025-12-08 21:11:46 - INFO - Epoch 9/20 완료:
2025-12-08 21:11:46 - INFO -   - 평균 Loss: 2.9616
2025-12-08 21:11:46 - INFO -   - Epoch 소요 시간: 34.32초
2025-12-08 21:11:46 - INFO -   - 총 경과 시간: 364.64초 (6.1분)
2025-12-08 21:11:46 - INFO -   - 예상 남은 시간: 445.67초 (7.4분)
2025-12-08 21:11:46 - INFO -   ⭐ 최고 Loss 갱신: 2.9616
2025-12-08 21:11:49 - INFO -   Epoch 10/20 - 배치 781/7813 (10.0%) - 현재 Loss: 2.2143
2025-12-08 21:11:53 - INFO -   Epoch 10/20 - 배치 1562/7813 (20.0%) - 현재 Loss: 3.9850
2025-12-08 21:11:56 - INFO -   Epoch 10/20 - 배치 2343/7813 (30.0%) - 현재 Loss: 4.4315
2025-12-08 21:12:00 - INFO -   Epoch 10/20 - 배치 3124/7813 (40.0%) - 현재 Loss: 2.0812
2025-12-08 21:12:03 - INFO -   Epoch 10/20 - 배치 3905/7813 (50.0%) - 현재 Loss: 3.1627
2025-12-08 21:12:06 - INFO -   Epoch 10/20 - 배치 4686/7813 (60.0%) - 현재 Loss: 1.7516
2025-12-08 21:12:10 - INFO -   Epoch 10/20 - 배치 5467/7813 (70.0%) - 현재 Loss: 4.1378
2025-12-08 21:12:13 - INFO -   Epoch 10/20 - 배치 6248/7813 (80.0%) - 현재 Loss: 1.6936
2025-12-08 21:12:16 - INFO -   Epoch 10/20 - 배치 7029/7813 (90.0%) - 현재 Loss: 2.0937
2025-12-08 21:12:20 - INFO -   Epoch 10/20 - 배치 7810/7813 (100.0%) - 현재 Loss: 3.7555
2025-12-08 21:12:20 - INFO - Epoch 10/20 완료:
2025-12-08 21:12:20 - INFO -   - 평균 Loss: 2.9367
2025-12-08 21:12:20 - INFO -   - Epoch 소요 시간: 33.97초
2025-12-08 21:12:20 - INFO -   - 총 경과 시간: 398.61초 (6.6분)
2025-12-08 21:12:20 - INFO -   - 예상 남은 시간: 398.61초 (6.6분)
2025-12-08 21:12:20 - INFO -   ⭐ 최고 Loss 갱신: 2.9367
2025-12-08 21:12:23 - INFO -   Epoch 11/20 - 배치 781/7813 (10.0%) - 현재 Loss: 2.2070
2025-12-08 21:12:27 - INFO -   Epoch 11/20 - 배치 1562/7813 (20.0%) - 현재 Loss: 3.9171
2025-12-08 21:12:30 - INFO -   Epoch 11/20 - 배치 2343/7813 (30.0%) - 현재 Loss: 4.2214
2025-12-08 21:12:33 - INFO -   Epoch 11/20 - 배치 3124/7813 (40.0%) - 현재 Loss: 2.0658
2025-12-08 21:12:37 - INFO -   Epoch 11/20 - 배치 3905/7813 (50.0%) - 현재 Loss: 3.0193
2025-12-08 21:12:40 - INFO -   Epoch 11/20 - 배치 4686/7813 (60.0%) - 현재 Loss: 1.7569
2025-12-08 21:12:43 - INFO -   Epoch 11/20 - 배치 5467/7813 (70.0%) - 현재 Loss: 4.0466
2025-12-08 21:12:47 - INFO -   Epoch 11/20 - 배치 6248/7813 (80.0%) - 현재 Loss: 1.6886
2025-12-08 21:12:50 - INFO -   Epoch 11/20 - 배치 7029/7813 (90.0%) - 현재 Loss: 2.0902
2025-12-08 21:12:54 - INFO -   Epoch 11/20 - 배치 7810/7813 (100.0%) - 현재 Loss: 3.7733
2025-12-08 21:12:54 - INFO - Epoch 11/20 완료:
2025-12-08 21:12:54 - INFO -   - 평균 Loss: 2.9154
2025-12-08 21:12:54 - INFO -   - Epoch 소요 시간: 33.90초
2025-12-08 21:12:54 - INFO -   - 총 경과 시간: 432.52초 (7.2분)
2025-12-08 21:12:54 - INFO -   - 예상 남은 시간: 353.88초 (5.9분)
2025-12-08 21:12:54 - INFO -   ⭐ 최고 Loss 갱신: 2.9154
2025-12-08 21:12:57 - INFO -   Epoch 12/20 - 배치 781/7813 (10.0%) - 현재 Loss: 2.2003
2025-12-08 21:13:01 - INFO -   Epoch 12/20 - 배치 1562/7813 (20.0%) - 현재 Loss: 3.9208
2025-12-08 21:13:04 - INFO -   Epoch 12/20 - 배치 2343/7813 (30.0%) - 현재 Loss: 4.0993
2025-12-08 21:13:07 - INFO -   Epoch 12/20 - 배치 3124/7813 (40.0%) - 현재 Loss: 2.0678
2025-12-08 21:13:11 - INFO -   Epoch 12/20 - 배치 3905/7813 (50.0%) - 현재 Loss: 3.0595
2025-12-08 21:13:14 - INFO -   Epoch 12/20 - 배치 4686/7813 (60.0%) - 현재 Loss: 1.7657
2025-12-08 21:13:17 - INFO -   Epoch 12/20 - 배치 5467/7813 (70.0%) - 현재 Loss: 4.0397
2025-12-08 21:13:21 - INFO -   Epoch 12/20 - 배치 6248/7813 (80.0%) - 현재 Loss: 1.6865
2025-12-08 21:13:24 - INFO -   Epoch 12/20 - 배치 7029/7813 (90.0%) - 현재 Loss: 2.0937
2025-12-08 21:13:28 - INFO -   Epoch 12/20 - 배치 7810/7813 (100.0%) - 현재 Loss: 3.6290
2025-12-08 21:13:28 - INFO - Epoch 12/20 완료:
2025-12-08 21:13:28 - INFO -   - 평균 Loss: 2.8979
2025-12-08 21:13:28 - INFO -   - Epoch 소요 시간: 33.84초
2025-12-08 21:13:28 - INFO -   - 총 경과 시간: 466.36초 (7.8분)
2025-12-08 21:13:28 - INFO -   - 예상 남은 시간: 310.91초 (5.2분)
2025-12-08 21:13:28 - INFO -   ⭐ 최고 Loss 갱신: 2.8979
2025-12-08 21:13:31 - INFO -   Epoch 13/20 - 배치 781/7813 (10.0%) - 현재 Loss: 2.2018
2025-12-08 21:13:34 - INFO -   Epoch 13/20 - 배치 1562/7813 (20.0%) - 현재 Loss: 3.7831
2025-12-08 21:13:38 - INFO -   Epoch 13/20 - 배치 2343/7813 (30.0%) - 현재 Loss: 4.0122
2025-12-08 21:13:41 - INFO -   Epoch 13/20 - 배치 3124/7813 (40.0%) - 현재 Loss: 2.0628
2025-12-08 21:13:44 - INFO -   Epoch 13/20 - 배치 3905/7813 (50.0%) - 현재 Loss: 3.0302
2025-12-08 21:13:48 - INFO -   Epoch 13/20 - 배치 4686/7813 (60.0%) - 현재 Loss: 1.7611
2025-12-08 21:13:53 - INFO -   Epoch 13/20 - 배치 5467/7813 (70.0%) - 현재 Loss: 3.9170
2025-12-08 21:13:57 - INFO -   Epoch 13/20 - 배치 6248/7813 (80.0%) - 현재 Loss: 1.6886
2025-12-08 21:14:00 - INFO -   Epoch 13/20 - 배치 7029/7813 (90.0%) - 현재 Loss: 2.0858
2025-12-08 21:14:04 - INFO -   Epoch 13/20 - 배치 7810/7813 (100.0%) - 현재 Loss: 3.5949
2025-12-08 21:14:04 - INFO - Epoch 13/20 완료:
2025-12-08 21:14:04 - INFO -   - 평균 Loss: 2.8830
2025-12-08 21:14:04 - INFO -   - Epoch 소요 시간: 36.53초
2025-12-08 21:14:04 - INFO -   - 총 경과 시간: 502.89초 (8.4분)
2025-12-08 21:14:04 - INFO -   - 예상 남은 시간: 270.79초 (4.5분)
2025-12-08 21:14:04 - INFO -   ⭐ 최고 Loss 갱신: 2.8830
2025-12-08 21:14:08 - INFO -   Epoch 14/20 - 배치 781/7813 (10.0%) - 현재 Loss: 2.2019
2025-12-08 21:14:12 - INFO -   Epoch 14/20 - 배치 1562/7813 (20.0%) - 현재 Loss: 3.7939
2025-12-08 21:14:15 - INFO -   Epoch 14/20 - 배치 2343/7813 (30.0%) - 현재 Loss: 3.9253
2025-12-08 21:14:19 - INFO -   Epoch 14/20 - 배치 3124/7813 (40.0%) - 현재 Loss: 2.0744
2025-12-08 21:14:23 - INFO -   Epoch 14/20 - 배치 3905/7813 (50.0%) - 현재 Loss: 3.0535
2025-12-08 21:14:27 - INFO -   Epoch 14/20 - 배치 4686/7813 (60.0%) - 현재 Loss: 1.7666
2025-12-08 21:14:30 - INFO -   Epoch 14/20 - 배치 5467/7813 (70.0%) - 현재 Loss: 3.8824
2025-12-08 21:14:34 - INFO -   Epoch 14/20 - 배치 6248/7813 (80.0%) - 현재 Loss: 1.6913
2025-12-08 21:14:38 - INFO -   Epoch 14/20 - 배치 7029/7813 (90.0%) - 현재 Loss: 2.0842
2025-12-08 21:14:41 - INFO -   Epoch 14/20 - 배치 7810/7813 (100.0%) - 현재 Loss: 3.5273
2025-12-08 21:14:41 - INFO - Epoch 14/20 완료:
2025-12-08 21:14:41 - INFO -   - 평균 Loss: 2.8710
2025-12-08 21:14:41 - INFO -   - Epoch 소요 시간: 37.33초
2025-12-08 21:14:41 - INFO -   - 총 경과 시간: 540.22초 (9.0분)
2025-12-08 21:14:41 - INFO -   - 예상 남은 시간: 231.52초 (3.9분)
2025-12-08 21:14:41 - INFO -   ⭐ 최고 Loss 갱신: 2.8710
2025-12-08 21:14:45 - INFO -   Epoch 15/20 - 배치 781/7813 (10.0%) - 현재 Loss: 2.1919
2025-12-08 21:14:48 - INFO -   Epoch 15/20 - 배치 1562/7813 (20.0%) - 현재 Loss: 3.7840
2025-12-08 21:14:52 - INFO -   Epoch 15/20 - 배치 2343/7813 (30.0%) - 현재 Loss: 3.7033
2025-12-08 21:14:56 - INFO -   Epoch 15/20 - 배치 3124/7813 (40.0%) - 현재 Loss: 2.0788
2025-12-08 21:14:59 - INFO -   Epoch 15/20 - 배치 3905/7813 (50.0%) - 현재 Loss: 2.9841
2025-12-08 21:15:03 - INFO -   Epoch 15/20 - 배치 4686/7813 (60.0%) - 현재 Loss: 1.7874
2025-12-08 21:15:06 - INFO -   Epoch 15/20 - 배치 5467/7813 (70.0%) - 현재 Loss: 3.8513
2025-12-08 21:15:10 - INFO -   Epoch 15/20 - 배치 6248/7813 (80.0%) - 현재 Loss: 1.6878
2025-12-08 21:15:13 - INFO -   Epoch 15/20 - 배치 7029/7813 (90.0%) - 현재 Loss: 2.0861
2025-12-08 21:15:17 - INFO -   Epoch 15/20 - 배치 7810/7813 (100.0%) - 현재 Loss: 3.4463
2025-12-08 21:15:17 - INFO - Epoch 15/20 완료:
2025-12-08 21:15:17 - INFO -   - 평균 Loss: 2.8590
2025-12-08 21:15:17 - INFO -   - Epoch 소요 시간: 35.27초
2025-12-08 21:15:17 - INFO -   - 총 경과 시간: 575.50초 (9.6분)
2025-12-08 21:15:17 - INFO -   - 예상 남은 시간: 191.83초 (3.2분)
2025-12-08 21:15:17 - INFO -   ⭐ 최고 Loss 갱신: 2.8590
2025-12-08 21:15:20 - INFO -   Epoch 16/20 - 배치 781/7813 (10.0%) - 현재 Loss: 2.1887
2025-12-08 21:15:24 - INFO -   Epoch 16/20 - 배치 1562/7813 (20.0%) - 현재 Loss: 3.7045
2025-12-08 21:15:27 - INFO -   Epoch 16/20 - 배치 2343/7813 (30.0%) - 현재 Loss: 3.6930
2025-12-08 21:15:31 - INFO -   Epoch 16/20 - 배치 3124/7813 (40.0%) - 현재 Loss: 2.0874
2025-12-08 21:15:34 - INFO -   Epoch 16/20 - 배치 3905/7813 (50.0%) - 현재 Loss: 2.9873
2025-12-08 21:15:38 - INFO -   Epoch 16/20 - 배치 4686/7813 (60.0%) - 현재 Loss: 1.7764
2025-12-08 21:15:41 - INFO -   Epoch 16/20 - 배치 5467/7813 (70.0%) - 현재 Loss: 3.7953
2025-12-08 21:15:45 - INFO -   Epoch 16/20 - 배치 6248/7813 (80.0%) - 현재 Loss: 1.6850
2025-12-08 21:15:49 - INFO -   Epoch 16/20 - 배치 7029/7813 (90.0%) - 현재 Loss: 2.0878
2025-12-08 21:15:52 - INFO -   Epoch 16/20 - 배치 7810/7813 (100.0%) - 현재 Loss: 3.4005
2025-12-08 21:15:52 - INFO - Epoch 16/20 완료:
2025-12-08 21:15:52 - INFO -   - 평균 Loss: 2.8474
2025-12-08 21:15:52 - INFO -   - Epoch 소요 시간: 35.42초
2025-12-08 21:15:52 - INFO -   - 총 경과 시간: 610.92초 (10.2분)
2025-12-08 21:15:52 - INFO -   - 예상 남은 시간: 152.73초 (2.5분)
2025-12-08 21:15:52 - INFO -   ⭐ 최고 Loss 갱신: 2.8474
2025-12-08 21:15:56 - INFO -   Epoch 17/20 - 배치 781/7813 (10.0%) - 현재 Loss: 2.1829
2025-12-08 21:15:59 - INFO -   Epoch 17/20 - 배치 1562/7813 (20.0%) - 현재 Loss: 3.7609
2025-12-08 21:16:03 - INFO -   Epoch 17/20 - 배치 2343/7813 (30.0%) - 현재 Loss: 3.6437
2025-12-08 21:16:06 - INFO -   Epoch 17/20 - 배치 3124/7813 (40.0%) - 현재 Loss: 2.0853
2025-12-08 21:16:10 - INFO -   Epoch 17/20 - 배치 3905/7813 (50.0%) - 현재 Loss: 2.9755
2025-12-08 21:16:13 - INFO -   Epoch 17/20 - 배치 4686/7813 (60.0%) - 현재 Loss: 1.7733
2025-12-08 21:16:17 - INFO -   Epoch 17/20 - 배치 5467/7813 (70.0%) - 현재 Loss: 3.8477
2025-12-08 21:16:21 - INFO -   Epoch 17/20 - 배치 6248/7813 (80.0%) - 현재 Loss: 1.6832
2025-12-08 21:16:25 - INFO -   Epoch 17/20 - 배치 7029/7813 (90.0%) - 현재 Loss: 2.0815
2025-12-08 21:16:28 - INFO -   Epoch 17/20 - 배치 7810/7813 (100.0%) - 현재 Loss: 3.4734
2025-12-08 21:16:28 - INFO - Epoch 17/20 완료:
2025-12-08 21:16:28 - INFO -   - 평균 Loss: 2.8366
2025-12-08 21:16:28 - INFO -   - Epoch 소요 시간: 36.03초
2025-12-08 21:16:28 - INFO -   - 총 경과 시간: 646.95초 (10.8분)
2025-12-08 21:16:28 - INFO -   - 예상 남은 시간: 114.17초 (1.9분)
2025-12-08 21:16:28 - INFO -   ⭐ 최고 Loss 갱신: 2.8366
2025-12-08 21:16:32 - INFO -   Epoch 18/20 - 배치 781/7813 (10.0%) - 현재 Loss: 2.1797
2025-12-08 21:16:35 - INFO -   Epoch 18/20 - 배치 1562/7813 (20.0%) - 현재 Loss: 3.7048
2025-12-08 21:16:39 - INFO -   Epoch 18/20 - 배치 2343/7813 (30.0%) - 현재 Loss: 3.5078
2025-12-08 21:16:42 - INFO -   Epoch 18/20 - 배치 3124/7813 (40.0%) - 현재 Loss: 2.0825
2025-12-08 21:16:46 - INFO -   Epoch 18/20 - 배치 3905/7813 (50.0%) - 현재 Loss: 2.9761
2025-12-08 21:16:49 - INFO -   Epoch 18/20 - 배치 4686/7813 (60.0%) - 현재 Loss: 1.7743
2025-12-08 21:16:53 - INFO -   Epoch 18/20 - 배치 5467/7813 (70.0%) - 현재 Loss: 3.7655
2025-12-08 21:16:56 - INFO -   Epoch 18/20 - 배치 6248/7813 (80.0%) - 현재 Loss: 1.6840
2025-12-08 21:17:00 - INFO -   Epoch 18/20 - 배치 7029/7813 (90.0%) - 현재 Loss: 2.0680
2025-12-08 21:17:03 - INFO -   Epoch 18/20 - 배치 7810/7813 (100.0%) - 현재 Loss: 3.3721
2025-12-08 21:17:03 - INFO - Epoch 18/20 완료:
2025-12-08 21:17:03 - INFO -   - 평균 Loss: 2.8267
2025-12-08 21:17:03 - INFO -   - Epoch 소요 시간: 34.91초
2025-12-08 21:17:03 - INFO -   - 총 경과 시간: 681.87초 (11.4분)
2025-12-08 21:17:03 - INFO -   - 예상 남은 시간: 75.76초 (1.3분)
2025-12-08 21:17:03 - INFO -   ⭐ 최고 Loss 갱신: 2.8267
2025-12-08 21:17:07 - INFO -   Epoch 19/20 - 배치 781/7813 (10.0%) - 현재 Loss: 2.1899
2025-12-08 21:17:10 - INFO -   Epoch 19/20 - 배치 1562/7813 (20.0%) - 현재 Loss: 3.7282
2025-12-08 21:17:14 - INFO -   Epoch 19/20 - 배치 2343/7813 (30.0%) - 현재 Loss: 3.5390
2025-12-08 21:17:17 - INFO -   Epoch 19/20 - 배치 3124/7813 (40.0%) - 현재 Loss: 2.1010
2025-12-08 21:17:21 - INFO -   Epoch 19/20 - 배치 3905/7813 (50.0%) - 현재 Loss: 3.0367
2025-12-08 21:17:24 - INFO -   Epoch 19/20 - 배치 4686/7813 (60.0%) - 현재 Loss: 1.7743
2025-12-08 21:17:28 - INFO -   Epoch 19/20 - 배치 5467/7813 (70.0%) - 현재 Loss: 3.8635
2025-12-08 21:17:31 - INFO -   Epoch 19/20 - 배치 6248/7813 (80.0%) - 현재 Loss: 1.6875
2025-12-08 21:17:34 - INFO -   Epoch 19/20 - 배치 7029/7813 (90.0%) - 현재 Loss: 2.0739
2025-12-08 21:17:38 - INFO -   Epoch 19/20 - 배치 7810/7813 (100.0%) - 현재 Loss: 3.3498
2025-12-08 21:17:38 - INFO - Epoch 19/20 완료:
2025-12-08 21:17:38 - INFO -   - 평균 Loss: 2.8172
2025-12-08 21:17:38 - INFO -   - Epoch 소요 시간: 34.72초
2025-12-08 21:17:38 - INFO -   - 총 경과 시간: 716.59초 (11.9분)
2025-12-08 21:17:38 - INFO -   - 예상 남은 시간: 37.72초 (0.6분)
2025-12-08 21:17:38 - INFO -   ⭐ 최고 Loss 갱신: 2.8172
2025-12-08 21:17:41 - INFO -   Epoch 20/20 - 배치 781/7813 (10.0%) - 현재 Loss: 2.2014
2025-12-08 21:17:44 - INFO -   Epoch 20/20 - 배치 1562/7813 (20.0%) - 현재 Loss: 3.7181
2025-12-08 21:17:48 - INFO -   Epoch 20/20 - 배치 2343/7813 (30.0%) - 현재 Loss: 3.3635
2025-12-08 21:17:51 - INFO -   Epoch 20/20 - 배치 3124/7813 (40.0%) - 현재 Loss: 2.0890
2025-12-08 21:17:55 - INFO -   Epoch 20/20 - 배치 3905/7813 (50.0%) - 현재 Loss: 3.0920
2025-12-08 21:17:58 - INFO -   Epoch 20/20 - 배치 4686/7813 (60.0%) - 현재 Loss: 1.7779
2025-12-08 21:18:01 - INFO -   Epoch 20/20 - 배치 5467/7813 (70.0%) - 현재 Loss: 3.8589
2025-12-08 21:18:04 - INFO -   Epoch 20/20 - 배치 6248/7813 (80.0%) - 현재 Loss: 1.6853
2025-12-08 21:18:08 - INFO -   Epoch 20/20 - 배치 7029/7813 (90.0%) - 현재 Loss: 2.0775
2025-12-08 21:18:11 - INFO -   Epoch 20/20 - 배치 7810/7813 (100.0%) - 현재 Loss: 3.3232
2025-12-08 21:18:11 - INFO - Epoch 20/20 완료:
2025-12-08 21:18:11 - INFO -   - 평균 Loss: 2.8110
2025-12-08 21:18:11 - INFO -   - Epoch 소요 시간: 33.22초
2025-12-08 21:18:11 - INFO -   - 총 경과 시간: 749.81초 (12.5분)
2025-12-08 21:18:11 - INFO -   ⭐ 최고 Loss 갱신: 2.8110
2025-12-08 21:18:11 - INFO - 
============================================================
2025-12-08 21:18:11 - INFO - ✅ DeepLog 모델 학습 완료
2025-12-08 21:18:11 - INFO -   - 총 소요 시간: 749.81초 (12.5분)
2025-12-08 21:18:11 - INFO -   - 최종 Loss: 2.8110
2025-12-08 21:18:11 - INFO -   - 최고 Loss: 2.8110
2025-12-08 21:18:11 - INFO - ============================================================
