2025-12-08 18:33:54 - INFO - 📝 학습 로그 파일: /Users/zzangdol/PycharmProjects/zzangdol/pattern/prelog/logs/training/deeplog_training_20251208_183354.log
2025-12-08 18:33:54 - INFO - ============================================================
2025-12-08 18:33:54 - INFO - DeepLog 모델 학습 시작
2025-12-08 18:33:54 - INFO - ============================================================
2025-12-08 18:33:54 - INFO - 학습 파라미터:
2025-12-08 18:33:54 - INFO -   - Epochs: 5
2025-12-08 18:33:54 - INFO -   - Batch Size: 128
2025-12-08 18:33:54 - INFO -   - Learning Rate: 0.001
2025-12-08 18:33:54 - INFO -   - 학습 데이터: 100,000개 로그
2025-12-08 18:33:54 - INFO - 시퀀스 준비 중...
2025-12-08 18:33:54 - INFO -   템플릿 사전 구축 중...
2025-12-08 18:33:55 - INFO -   ✅ 템플릿 사전 구축 완료: 3,547개 템플릿
2025-12-08 18:33:55 - INFO -   시퀀스 생성 중: 예상 99,990개 시퀀스...
2025-12-08 18:33:55 - INFO -   예상 메모리 사용량: 3.8 MB
2025-12-08 18:33:55 - INFO -   시퀀스 생성 진행: 4,999/99,990 (5.0%) - 경과: 0.4초 - 예상 남은 시간: 7.4초 (0.1분)
2025-12-08 18:33:55 - INFO -   시퀀스 생성 진행: 9,998/99,990 (10.0%) - 경과: 0.8초 - 예상 남은 시간: 6.8초 (0.1분)
2025-12-08 18:33:56 - INFO -   시퀀스 생성 진행: 14,997/99,990 (15.0%) - 경과: 1.1초 - 예상 남은 시간: 6.5초 (0.1분)
2025-12-08 18:33:56 - INFO -   시퀀스 생성 진행: 19,996/99,990 (20.0%) - 경과: 1.6초 - 예상 남은 시간: 6.3초 (0.1분)
2025-12-08 18:33:57 - INFO -   시퀀스 생성 진행: 24,995/99,990 (25.0%) - 경과: 2.0초 - 예상 남은 시간: 5.9초 (0.1분)
2025-12-08 18:33:57 - INFO -   시퀀스 생성 진행: 29,994/99,990 (30.0%) - 경과: 2.3초 - 예상 남은 시간: 5.5초 (0.1분)
2025-12-08 18:33:57 - INFO -   시퀀스 생성 진행: 34,993/99,990 (35.0%) - 경과: 2.7초 - 예상 남은 시간: 5.1초 (0.1분)
2025-12-08 18:33:58 - INFO -   시퀀스 생성 진행: 39,992/99,990 (40.0%) - 경과: 3.1초 - 예상 남은 시간: 4.7초 (0.1분)
2025-12-08 18:33:58 - INFO -   시퀀스 생성 진행: 44,991/99,990 (45.0%) - 경과: 3.5초 - 예상 남은 시간: 4.3초 (0.1분)
2025-12-08 18:33:59 - INFO -   시퀀스 생성 진행: 49,990/99,990 (50.0%) - 경과: 3.9초 - 예상 남은 시간: 3.9초 (0.1분)
2025-12-08 18:33:59 - INFO -   시퀀스 생성 진행: 54,989/99,990 (55.0%) - 경과: 4.3초 - 예상 남은 시간: 3.5초 (0.1분)
2025-12-08 18:33:59 - INFO -   시퀀스 생성 진행: 59,988/99,990 (60.0%) - 경과: 4.7초 - 예상 남은 시간: 3.1초 (0.1분)
2025-12-08 18:34:00 - INFO -   시퀀스 생성 진행: 64,987/99,990 (65.0%) - 경과: 5.0초 - 예상 남은 시간: 2.7초 (0.0분)
2025-12-08 18:34:00 - INFO -   시퀀스 생성 진행: 69,986/99,990 (70.0%) - 경과: 5.4초 - 예상 남은 시간: 2.3초 (0.0분)
2025-12-08 18:34:01 - INFO -   시퀀스 생성 진행: 74,985/99,990 (75.0%) - 경과: 5.8초 - 예상 남은 시간: 1.9초 (0.0분)
2025-12-08 18:34:01 - INFO -   시퀀스 생성 진행: 79,984/99,990 (80.0%) - 경과: 6.2초 - 예상 남은 시간: 1.6초 (0.0분)
2025-12-08 18:34:01 - INFO -   시퀀스 생성 진행: 84,983/99,990 (85.0%) - 경과: 6.6초 - 예상 남은 시간: 1.2초 (0.0분)
2025-12-08 18:34:02 - INFO -   시퀀스 생성 진행: 89,982/99,990 (90.0%) - 경과: 7.1초 - 예상 남은 시간: 0.8초 (0.0분)
2025-12-08 18:34:02 - INFO -   시퀀스 생성 진행: 94,981/99,990 (95.0%) - 경과: 7.5초 - 예상 남은 시간: 0.4초 (0.0분)
2025-12-08 18:34:03 - INFO -   시퀀스 생성 진행: 99,980/99,990 (100.0%) - 경과: 7.9초 - 예상 남은 시간: 0.0초 (0.0분)
2025-12-08 18:34:03 - INFO -   시퀀스 생성 진행: 99,990/99,990 (100.0%) - 경과: 7.9초 - 예상 남은 시간: 0.0초 (0.0분)
2025-12-08 18:34:03 - INFO - ✅ 시퀀스 준비 완료: 99,990개
2025-12-08 18:34:03 - INFO -   - 어휘 크기: 3,548
2025-12-08 18:34:03 - INFO -    💡 원본 로그 데이터 메모리 해제 완료
2025-12-08 18:34:03 - INFO - 모델 구축 중...
2025-12-08 18:34:03 - INFO - ✅ 모델 구축 완료
2025-12-08 18:34:03 - INFO - 데이터 텐서 변환 중...
2025-12-08 18:34:03 - INFO - ✅ 텐서 변환 완료: 782개 배치
2025-12-08 18:34:03 - INFO -    💡 NumPy 배열 메모리 해제 완료 (텐서만 메모리에 유지)
2025-12-08 18:34:03 - INFO - 
============================================================
2025-12-08 18:34:03 - INFO - 학습 시작
2025-12-08 18:34:03 - INFO - ============================================================
2025-12-08 18:34:04 - INFO -   Epoch 1/5 - 배치 78/782 (10.0%) - 현재 Loss: 4.4963
2025-12-08 18:34:04 - INFO -   Epoch 1/5 - 배치 156/782 (19.9%) - 현재 Loss: 6.7618
2025-12-08 18:34:04 - INFO -   Epoch 1/5 - 배치 234/782 (29.9%) - 현재 Loss: 5.5537
2025-12-08 18:34:05 - INFO -   Epoch 1/5 - 배치 312/782 (39.9%) - 현재 Loss: 2.2711
2025-12-08 18:34:05 - INFO -   Epoch 1/5 - 배치 390/782 (49.9%) - 현재 Loss: 5.3927
2025-12-08 18:34:06 - INFO -   Epoch 1/5 - 배치 468/782 (59.8%) - 현재 Loss: 5.8896
2025-12-08 18:34:06 - INFO -   Epoch 1/5 - 배치 546/782 (69.8%) - 현재 Loss: 4.2063
2025-12-08 18:34:06 - INFO -   Epoch 1/5 - 배치 624/782 (79.8%) - 현재 Loss: 2.1349
2025-12-08 18:34:07 - INFO -   Epoch 1/5 - 배치 702/782 (89.8%) - 현재 Loss: 7.3640
2025-12-08 18:34:07 - INFO -   Epoch 1/5 - 배치 780/782 (99.7%) - 현재 Loss: 4.8315
2025-12-08 18:34:07 - INFO - Epoch 1/5 완료:
2025-12-08 18:34:07 - INFO -   - 평균 Loss: 4.4256
2025-12-08 18:34:07 - INFO -   - Epoch 소요 시간: 4.08초
2025-12-08 18:34:07 - INFO -   - 총 경과 시간: 12.90초 (0.2분)
2025-12-08 18:34:07 - INFO -   ⭐ 최고 Loss 갱신: 4.4256
2025-12-08 18:34:08 - INFO -   Epoch 2/5 - 배치 78/782 (10.0%) - 현재 Loss: 3.9887
2025-12-08 18:34:08 - INFO -   Epoch 2/5 - 배치 156/782 (19.9%) - 현재 Loss: 5.2779
2025-12-08 18:34:08 - INFO -   Epoch 2/5 - 배치 234/782 (29.9%) - 현재 Loss: 4.9930
2025-12-08 18:34:09 - INFO -   Epoch 2/5 - 배치 312/782 (39.9%) - 현재 Loss: 2.1433
2025-12-08 18:34:09 - INFO -   Epoch 2/5 - 배치 390/782 (49.9%) - 현재 Loss: 4.5864
2025-12-08 18:34:10 - INFO -   Epoch 2/5 - 배치 468/782 (59.8%) - 현재 Loss: 5.2216
2025-12-08 18:34:10 - INFO -   Epoch 2/5 - 배치 546/782 (69.8%) - 현재 Loss: 3.8340
2025-12-08 18:34:10 - INFO -   Epoch 2/5 - 배치 624/782 (79.8%) - 현재 Loss: 1.9989
2025-12-08 18:34:11 - INFO -   Epoch 2/5 - 배치 702/782 (89.8%) - 현재 Loss: 6.2093
2025-12-08 18:34:11 - INFO -   Epoch 2/5 - 배치 780/782 (99.7%) - 현재 Loss: 4.1342
2025-12-08 18:34:11 - INFO - Epoch 2/5 완료:
2025-12-08 18:34:11 - INFO -   - 평균 Loss: 3.8348
2025-12-08 18:34:11 - INFO -   - Epoch 소요 시간: 4.01초
2025-12-08 18:34:11 - INFO -   - 총 경과 시간: 16.91초 (0.3분)
2025-12-08 18:34:11 - INFO -   - 예상 남은 시간: 25.36초 (0.4분)
2025-12-08 18:34:11 - INFO -   ⭐ 최고 Loss 갱신: 3.8348
2025-12-08 18:34:12 - INFO -   Epoch 3/5 - 배치 78/782 (10.0%) - 현재 Loss: 3.8727
2025-12-08 18:34:12 - INFO -   Epoch 3/5 - 배치 156/782 (19.9%) - 현재 Loss: 5.0871
2025-12-08 18:34:12 - INFO -   Epoch 3/5 - 배치 234/782 (29.9%) - 현재 Loss: 4.8487
2025-12-08 18:34:13 - INFO -   Epoch 3/5 - 배치 312/782 (39.9%) - 현재 Loss: 2.1427
2025-12-08 18:34:13 - INFO -   Epoch 3/5 - 배치 390/782 (49.9%) - 현재 Loss: 4.1440
2025-12-08 18:34:14 - INFO -   Epoch 3/5 - 배치 468/782 (59.8%) - 현재 Loss: 5.0497
2025-12-08 18:34:14 - INFO -   Epoch 3/5 - 배치 546/782 (69.8%) - 현재 Loss: 3.6912
2025-12-08 18:34:15 - INFO -   Epoch 3/5 - 배치 624/782 (79.8%) - 현재 Loss: 1.9862
2025-12-08 18:34:15 - INFO -   Epoch 3/5 - 배치 702/782 (89.8%) - 현재 Loss: 5.6343
2025-12-08 18:34:15 - INFO -   Epoch 3/5 - 배치 780/782 (99.7%) - 현재 Loss: 3.9580
2025-12-08 18:34:15 - INFO - Epoch 3/5 완료:
2025-12-08 18:34:15 - INFO -   - 평균 Loss: 3.6923
2025-12-08 18:34:15 - INFO -   - Epoch 소요 시간: 4.05초
2025-12-08 18:34:15 - INFO -   - 총 경과 시간: 20.97초 (0.3분)
2025-12-08 18:34:15 - INFO -   - 예상 남은 시간: 13.98초 (0.2분)
2025-12-08 18:34:15 - INFO -   ⭐ 최고 Loss 갱신: 3.6923
2025-12-08 18:34:16 - INFO -   Epoch 4/5 - 배치 78/782 (10.0%) - 현재 Loss: 3.7928
2025-12-08 18:34:16 - INFO -   Epoch 4/5 - 배치 156/782 (19.9%) - 현재 Loss: 4.9793
2025-12-08 18:34:16 - INFO -   Epoch 4/5 - 배치 234/782 (29.9%) - 현재 Loss: 4.7643
2025-12-08 18:34:17 - INFO -   Epoch 4/5 - 배치 312/782 (39.9%) - 현재 Loss: 2.1382
2025-12-08 18:34:17 - INFO -   Epoch 4/5 - 배치 390/782 (49.9%) - 현재 Loss: 3.8816
2025-12-08 18:34:18 - INFO -   Epoch 4/5 - 배치 468/782 (59.8%) - 현재 Loss: 4.8938
2025-12-08 18:34:18 - INFO -   Epoch 4/5 - 배치 546/782 (69.8%) - 현재 Loss: 3.5782
2025-12-08 18:34:18 - INFO -   Epoch 4/5 - 배치 624/782 (79.8%) - 현재 Loss: 1.9775
2025-12-08 18:34:19 - INFO -   Epoch 4/5 - 배치 702/782 (89.8%) - 현재 Loss: 5.4156
2025-12-08 18:34:19 - INFO -   Epoch 4/5 - 배치 780/782 (99.7%) - 현재 Loss: 3.9007
2025-12-08 18:34:19 - INFO - Epoch 4/5 완료:
2025-12-08 18:34:19 - INFO -   - 평균 Loss: 3.6119
2025-12-08 18:34:19 - INFO -   - Epoch 소요 시간: 3.97초
2025-12-08 18:34:19 - INFO -   - 총 경과 시간: 24.94초 (0.4분)
2025-12-08 18:34:19 - INFO -   - 예상 남은 시간: 6.24초 (0.1분)
2025-12-08 18:34:19 - INFO -   ⭐ 최고 Loss 갱신: 3.6119
2025-12-08 18:34:20 - INFO -   Epoch 5/5 - 배치 78/782 (10.0%) - 현재 Loss: 3.7126
2025-12-08 18:34:20 - INFO -   Epoch 5/5 - 배치 156/782 (19.9%) - 현재 Loss: 4.7785
2025-12-08 18:34:20 - INFO -   Epoch 5/5 - 배치 234/782 (29.9%) - 현재 Loss: 4.6337
2025-12-08 18:34:21 - INFO -   Epoch 5/5 - 배치 312/782 (39.9%) - 현재 Loss: 2.1592
2025-12-08 18:34:21 - INFO -   Epoch 5/5 - 배치 390/782 (49.9%) - 현재 Loss: 3.6741
2025-12-08 18:34:22 - INFO -   Epoch 5/5 - 배치 468/782 (59.8%) - 현재 Loss: 4.7386
2025-12-08 18:34:22 - INFO -   Epoch 5/5 - 배치 546/782 (69.8%) - 현재 Loss: 3.5025
2025-12-08 18:34:22 - INFO -   Epoch 5/5 - 배치 624/782 (79.8%) - 현재 Loss: 1.9742
2025-12-08 18:34:23 - INFO -   Epoch 5/5 - 배치 702/782 (89.8%) - 현재 Loss: 5.3193
2025-12-08 18:34:23 - INFO -   Epoch 5/5 - 배치 780/782 (99.7%) - 현재 Loss: 3.7782
2025-12-08 18:34:23 - INFO - Epoch 5/5 완료:
2025-12-08 18:34:23 - INFO -   - 평균 Loss: 3.5515
2025-12-08 18:34:23 - INFO -   - Epoch 소요 시간: 3.98초
2025-12-08 18:34:23 - INFO -   - 총 경과 시간: 28.92초 (0.5분)
2025-12-08 18:34:23 - INFO -   ⭐ 최고 Loss 갱신: 3.5515
2025-12-08 18:34:23 - INFO - 
============================================================
2025-12-08 18:34:23 - INFO - ✅ DeepLog 모델 학습 완료
2025-12-08 18:34:23 - INFO -   - 총 소요 시간: 28.92초 (0.5분)
2025-12-08 18:34:23 - INFO -   - 최종 Loss: 3.5515
2025-12-08 18:34:23 - INFO -   - 최고 Loss: 3.5515
2025-12-08 18:34:23 - INFO - ============================================================
