2025-12-08 19:00:00 - INFO - 📝 학습 로그 파일: /Users/zzangdol/PycharmProjects/zzangdol/pattern/prelog/logs/training/deeplog_training_20251208_190000.log
2025-12-08 19:00:00 - INFO - ============================================================
2025-12-08 19:00:00 - INFO - DeepLog 모델 학습 시작
2025-12-08 19:00:00 - INFO - ============================================================
2025-12-08 19:00:00 - INFO - 학습 파라미터:
2025-12-08 19:00:00 - INFO -   - Epochs: 10
2025-12-08 19:00:00 - INFO -   - Batch Size: 64
2025-12-08 19:00:00 - INFO -   - Learning Rate: 0.001
2025-12-08 19:00:00 - INFO -   - 학습 데이터: 200,000개 로그
2025-12-08 19:00:00 - INFO - 시퀀스 준비 중...
2025-12-08 19:00:00 - INFO -   템플릿 사전 구축 중...
2025-12-08 19:00:01 - INFO -   ✅ 템플릿 사전 구축 완료: 4,931개 템플릿
2025-12-08 19:00:01 - INFO -   시퀀스 생성 중: 예상 199,990개 시퀀스...
2025-12-08 19:00:01 - INFO -   예상 메모리 사용량: 7.6 MB
2025-12-08 19:00:02 - INFO -   시퀀스 생성 진행: 9,999/199,990 (5.0%) - 경과: 0.7초 - 예상 남은 시간: 13.8초 (0.2분)
2025-12-08 19:00:02 - INFO -   시퀀스 생성 진행: 19,998/199,990 (10.0%) - 경과: 1.5초 - 예상 남은 시간: 13.3초 (0.2분)
2025-12-08 19:00:03 - INFO -   시퀀스 생성 진행: 29,997/199,990 (15.0%) - 경과: 2.2초 - 예상 남은 시간: 12.5초 (0.2분)
2025-12-08 19:00:04 - INFO -   시퀀스 생성 진행: 39,996/199,990 (20.0%) - 경과: 2.9초 - 예상 남은 시간: 11.7초 (0.2분)
2025-12-08 19:00:05 - INFO -   시퀀스 생성 진행: 49,995/199,990 (25.0%) - 경과: 3.6초 - 예상 남은 시간: 10.9초 (0.2분)
2025-12-08 19:00:05 - INFO -   시퀀스 생성 진행: 59,994/199,990 (30.0%) - 경과: 4.4초 - 예상 남은 시간: 10.2초 (0.2분)
2025-12-08 19:00:06 - INFO -   시퀀스 생성 진행: 69,993/199,990 (35.0%) - 경과: 5.1초 - 예상 남은 시간: 9.4초 (0.2분)
2025-12-08 19:00:07 - INFO -   시퀀스 생성 진행: 79,992/199,990 (40.0%) - 경과: 5.8초 - 예상 남은 시간: 8.7초 (0.1분)
2025-12-08 19:00:07 - INFO -   시퀀스 생성 진행: 89,991/199,990 (45.0%) - 경과: 6.5초 - 예상 남은 시간: 8.0초 (0.1분)
2025-12-08 19:00:08 - INFO -   시퀀스 생성 진행: 99,990/199,990 (50.0%) - 경과: 7.2초 - 예상 남은 시간: 7.2초 (0.1분)
2025-12-08 19:00:09 - INFO -   시퀀스 생성 진행: 109,989/199,990 (55.0%) - 경과: 8.0초 - 예상 남은 시간: 6.5초 (0.1분)
2025-12-08 19:00:10 - INFO -   시퀀스 생성 진행: 119,988/199,990 (60.0%) - 경과: 8.7초 - 예상 남은 시간: 5.8초 (0.1분)
2025-12-08 19:00:10 - INFO -   시퀀스 생성 진행: 129,987/199,990 (65.0%) - 경과: 9.4초 - 예상 남은 시간: 5.1초 (0.1분)
2025-12-08 19:00:11 - INFO -   시퀀스 생성 진행: 139,986/199,990 (70.0%) - 경과: 10.2초 - 예상 남은 시간: 4.4초 (0.1분)
2025-12-08 19:00:12 - INFO -   시퀀스 생성 진행: 149,985/199,990 (75.0%) - 경과: 10.9초 - 예상 남은 시간: 3.6초 (0.1분)
2025-12-08 19:00:13 - INFO -   시퀀스 생성 진행: 159,984/199,990 (80.0%) - 경과: 11.7초 - 예상 남은 시간: 2.9초 (0.0분)
2025-12-08 19:00:13 - INFO -   시퀀스 생성 진행: 169,983/199,990 (85.0%) - 경과: 12.4초 - 예상 남은 시간: 2.2초 (0.0분)
2025-12-08 19:00:14 - INFO -   시퀀스 생성 진행: 179,982/199,990 (90.0%) - 경과: 13.3초 - 예상 남은 시간: 1.5초 (0.0분)
2025-12-08 19:00:15 - INFO -   시퀀스 생성 진행: 189,981/199,990 (95.0%) - 경과: 14.1초 - 예상 남은 시간: 0.7초 (0.0분)
2025-12-08 19:00:16 - INFO -   시퀀스 생성 진행: 199,980/199,990 (100.0%) - 경과: 14.9초 - 예상 남은 시간: 0.0초 (0.0분)
2025-12-08 19:00:16 - INFO -   시퀀스 생성 진행: 199,990/199,990 (100.0%) - 경과: 14.9초 - 예상 남은 시간: 0.0초 (0.0분)
2025-12-08 19:00:16 - INFO - ✅ 시퀀스 준비 완료: 199,990개
2025-12-08 19:00:16 - INFO -   - 어휘 크기: 4,932
2025-12-08 19:00:16 - INFO -    💡 원본 로그 데이터 메모리 해제 완료
2025-12-08 19:00:16 - INFO - 모델 구축 중...
2025-12-08 19:00:16 - INFO - ✅ 모델 구축 완료
2025-12-08 19:00:16 - INFO - 데이터 텐서 변환 중...
2025-12-08 19:00:16 - INFO - ✅ 텐서 변환 완료: 3,125개 배치
2025-12-08 19:00:16 - INFO -    💡 NumPy 배열 메모리 해제 완료 (텐서만 메모리에 유지)
2025-12-08 19:00:16 - INFO - 
============================================================
2025-12-08 19:00:16 - INFO - 학습 시작
2025-12-08 19:00:16 - INFO - ============================================================
2025-12-08 19:00:18 - INFO -   Epoch 1/10 - 배치 312/3125 (10.0%) - 현재 Loss: 2.1097
2025-12-08 19:00:19 - INFO -   Epoch 1/10 - 배치 624/3125 (20.0%) - 현재 Loss: 4.3980
2025-12-08 19:00:20 - INFO -   Epoch 1/10 - 배치 936/3125 (30.0%) - 현재 Loss: 6.2672
2025-12-08 19:00:21 - INFO -   Epoch 1/10 - 배치 1248/3125 (39.9%) - 현재 Loss: 2.2600
2025-12-08 19:00:22 - INFO -   Epoch 1/10 - 배치 1560/3125 (49.9%) - 현재 Loss: 4.7295
2025-12-08 19:00:23 - INFO -   Epoch 1/10 - 배치 1872/3125 (59.9%) - 현재 Loss: 5.5081
2025-12-08 19:00:24 - INFO -   Epoch 1/10 - 배치 2184/3125 (69.9%) - 현재 Loss: 3.5287
2025-12-08 19:00:26 - INFO -   Epoch 1/10 - 배치 2496/3125 (79.9%) - 현재 Loss: 1.7381
2025-12-08 19:00:27 - INFO -   Epoch 1/10 - 배치 2808/3125 (89.9%) - 현재 Loss: 7.2208
2025-12-08 19:00:28 - INFO -   Epoch 1/10 - 배치 3120/3125 (99.8%) - 현재 Loss: 4.7002
2025-12-08 19:00:28 - INFO - Epoch 1/10 완료:
2025-12-08 19:00:28 - INFO -   - 평균 Loss: 4.0042
2025-12-08 19:00:28 - INFO -   - Epoch 소요 시간: 11.48초
2025-12-08 19:00:28 - INFO -   - 총 경과 시간: 27.54초 (0.5분)
2025-12-08 19:00:28 - INFO -   ⭐ 최고 Loss 갱신: 4.0042
2025-12-08 19:00:29 - INFO -   Epoch 2/10 - 배치 312/3125 (10.0%) - 현재 Loss: 2.1026
2025-12-08 19:00:30 - INFO -   Epoch 2/10 - 배치 624/3125 (20.0%) - 현재 Loss: 3.8743
2025-12-08 19:00:31 - INFO -   Epoch 2/10 - 배치 936/3125 (30.0%) - 현재 Loss: 5.1502
2025-12-08 19:00:33 - INFO -   Epoch 2/10 - 배치 1248/3125 (39.9%) - 현재 Loss: 2.2331
2025-12-08 19:00:34 - INFO -   Epoch 2/10 - 배치 1560/3125 (49.9%) - 현재 Loss: 3.8811
2025-12-08 19:00:35 - INFO -   Epoch 2/10 - 배치 1872/3125 (59.9%) - 현재 Loss: 4.8818
2025-12-08 19:00:36 - INFO -   Epoch 2/10 - 배치 2184/3125 (69.9%) - 현재 Loss: 3.3105
2025-12-08 19:00:37 - INFO -   Epoch 2/10 - 배치 2496/3125 (79.9%) - 현재 Loss: 1.6838
2025-12-08 19:00:38 - INFO -   Epoch 2/10 - 배치 2808/3125 (89.9%) - 현재 Loss: 4.8531
2025-12-08 19:00:39 - INFO -   Epoch 2/10 - 배치 3120/3125 (99.8%) - 현재 Loss: 4.4898
2025-12-08 19:00:39 - INFO - Epoch 2/10 완료:
2025-12-08 19:00:39 - INFO -   - 평균 Loss: 3.4798
2025-12-08 19:00:39 - INFO -   - Epoch 소요 시간: 11.58초
2025-12-08 19:00:39 - INFO -   - 총 경과 시간: 39.12초 (0.7분)
2025-12-08 19:00:39 - INFO -   - 예상 남은 시간: 156.49초 (2.6분)
2025-12-08 19:00:39 - INFO -   ⭐ 최고 Loss 갱신: 3.4798
2025-12-08 19:00:41 - INFO -   Epoch 3/10 - 배치 312/3125 (10.0%) - 현재 Loss: 2.0974
2025-12-08 19:00:42 - INFO -   Epoch 3/10 - 배치 624/3125 (20.0%) - 현재 Loss: 3.7681
2025-12-08 19:00:43 - INFO -   Epoch 3/10 - 배치 936/3125 (30.0%) - 현재 Loss: 4.9161
2025-12-08 19:00:44 - INFO -   Epoch 3/10 - 배치 1248/3125 (39.9%) - 현재 Loss: 2.2275
2025-12-08 19:00:45 - INFO -   Epoch 3/10 - 배치 1560/3125 (49.9%) - 현재 Loss: 3.5444
2025-12-08 19:00:47 - INFO -   Epoch 3/10 - 배치 1872/3125 (59.9%) - 현재 Loss: 4.6499
2025-12-08 19:00:48 - INFO -   Epoch 3/10 - 배치 2184/3125 (69.9%) - 현재 Loss: 3.2483
2025-12-08 19:00:49 - INFO -   Epoch 3/10 - 배치 2496/3125 (79.9%) - 현재 Loss: 1.6874
2025-12-08 19:00:50 - INFO -   Epoch 3/10 - 배치 2808/3125 (89.9%) - 현재 Loss: 4.0553
2025-12-08 19:00:51 - INFO -   Epoch 3/10 - 배치 3120/3125 (99.8%) - 현재 Loss: 4.3782
2025-12-08 19:00:51 - INFO - Epoch 3/10 완료:
2025-12-08 19:00:51 - INFO -   - 평균 Loss: 3.3603
2025-12-08 19:00:51 - INFO -   - Epoch 소요 시간: 11.65초
2025-12-08 19:00:51 - INFO -   - 총 경과 시간: 50.78초 (0.8분)
2025-12-08 19:00:51 - INFO -   - 예상 남은 시간: 118.48초 (2.0분)
2025-12-08 19:00:51 - INFO -   ⭐ 최고 Loss 갱신: 3.3603
2025-12-08 19:00:52 - INFO -   Epoch 4/10 - 배치 312/3125 (10.0%) - 현재 Loss: 2.0982
2025-12-08 19:00:53 - INFO -   Epoch 4/10 - 배치 624/3125 (20.0%) - 현재 Loss: 3.6339
2025-12-08 19:00:54 - INFO -   Epoch 4/10 - 배치 936/3125 (30.0%) - 현재 Loss: 4.7174
2025-12-08 19:00:56 - INFO -   Epoch 4/10 - 배치 1248/3125 (39.9%) - 현재 Loss: 2.2013
2025-12-08 19:00:57 - INFO -   Epoch 4/10 - 배치 1560/3125 (49.9%) - 현재 Loss: 3.4601
2025-12-08 19:00:58 - INFO -   Epoch 4/10 - 배치 1872/3125 (59.9%) - 현재 Loss: 4.5265
2025-12-08 19:00:59 - INFO -   Epoch 4/10 - 배치 2184/3125 (69.9%) - 현재 Loss: 3.2251
2025-12-08 19:01:00 - INFO -   Epoch 4/10 - 배치 2496/3125 (79.9%) - 현재 Loss: 1.6653
2025-12-08 19:01:01 - INFO -   Epoch 4/10 - 배치 2808/3125 (89.9%) - 현재 Loss: 3.8680
2025-12-08 19:01:03 - INFO -   Epoch 4/10 - 배치 3120/3125 (99.8%) - 현재 Loss: 4.3517
2025-12-08 19:01:03 - INFO - Epoch 4/10 완료:
2025-12-08 19:01:03 - INFO -   - 평균 Loss: 3.2902
2025-12-08 19:01:03 - INFO -   - Epoch 소요 시간: 11.47초
2025-12-08 19:01:03 - INFO -   - 총 경과 시간: 62.25초 (1.0분)
2025-12-08 19:01:03 - INFO -   - 예상 남은 시간: 93.37초 (1.6분)
2025-12-08 19:01:03 - INFO -   ⭐ 최고 Loss 갱신: 3.2902
2025-12-08 19:01:04 - INFO -   Epoch 5/10 - 배치 312/3125 (10.0%) - 현재 Loss: 2.0852
2025-12-08 19:01:05 - INFO -   Epoch 5/10 - 배치 624/3125 (20.0%) - 현재 Loss: 3.5889
2025-12-08 19:01:06 - INFO -   Epoch 5/10 - 배치 936/3125 (30.0%) - 현재 Loss: 4.5181
2025-12-08 19:01:07 - INFO -   Epoch 5/10 - 배치 1248/3125 (39.9%) - 현재 Loss: 2.1814
2025-12-08 19:01:08 - INFO -   Epoch 5/10 - 배치 1560/3125 (49.9%) - 현재 Loss: 3.3156
2025-12-08 19:01:09 - INFO -   Epoch 5/10 - 배치 1872/3125 (59.9%) - 현재 Loss: 4.3797
2025-12-08 19:01:11 - INFO -   Epoch 5/10 - 배치 2184/3125 (69.9%) - 현재 Loss: 3.2152
2025-12-08 19:01:12 - INFO -   Epoch 5/10 - 배치 2496/3125 (79.9%) - 현재 Loss: 1.6923
2025-12-08 19:01:13 - INFO -   Epoch 5/10 - 배치 2808/3125 (89.9%) - 현재 Loss: 3.9071
2025-12-08 19:01:14 - INFO -   Epoch 5/10 - 배치 3120/3125 (99.8%) - 현재 Loss: 4.3126
2025-12-08 19:01:14 - INFO - Epoch 5/10 완료:
2025-12-08 19:01:14 - INFO -   - 평균 Loss: 3.2334
2025-12-08 19:01:14 - INFO -   - Epoch 소요 시간: 11.43초
2025-12-08 19:01:14 - INFO -   - 총 경과 시간: 73.68초 (1.2분)
2025-12-08 19:01:14 - INFO -   - 예상 남은 시간: 73.68초 (1.2분)
2025-12-08 19:01:14 - INFO -   ⭐ 최고 Loss 갱신: 3.2334
2025-12-08 19:01:15 - INFO -   Epoch 6/10 - 배치 312/3125 (10.0%) - 현재 Loss: 2.0912
2025-12-08 19:01:16 - INFO -   Epoch 6/10 - 배치 624/3125 (20.0%) - 현재 Loss: 3.5476
2025-12-08 19:01:18 - INFO -   Epoch 6/10 - 배치 936/3125 (30.0%) - 현재 Loss: 4.5221
2025-12-08 19:01:19 - INFO -   Epoch 6/10 - 배치 1248/3125 (39.9%) - 현재 Loss: 2.2033
2025-12-08 19:01:20 - INFO -   Epoch 6/10 - 배치 1560/3125 (49.9%) - 현재 Loss: 3.1985
2025-12-08 19:01:21 - INFO -   Epoch 6/10 - 배치 1872/3125 (59.9%) - 현재 Loss: 4.3626
2025-12-08 19:01:22 - INFO -   Epoch 6/10 - 배치 2184/3125 (69.9%) - 현재 Loss: 3.1728
2025-12-08 19:01:24 - INFO -   Epoch 6/10 - 배치 2496/3125 (79.9%) - 현재 Loss: 1.6714
2025-12-08 19:01:25 - INFO -   Epoch 6/10 - 배치 2808/3125 (89.9%) - 현재 Loss: 3.5087
2025-12-08 19:01:26 - INFO -   Epoch 6/10 - 배치 3120/3125 (99.8%) - 현재 Loss: 4.1878
2025-12-08 19:01:26 - INFO - Epoch 6/10 완료:
2025-12-08 19:01:26 - INFO -   - 평균 Loss: 3.1988
2025-12-08 19:01:26 - INFO -   - Epoch 소요 시간: 11.83초
2025-12-08 19:01:26 - INFO -   - 총 경과 시간: 85.51초 (1.4분)
2025-12-08 19:01:26 - INFO -   - 예상 남은 시간: 57.01초 (1.0분)
2025-12-08 19:01:26 - INFO -   ⭐ 최고 Loss 갱신: 3.1988
2025-12-08 19:01:27 - INFO -   Epoch 7/10 - 배치 312/3125 (10.0%) - 현재 Loss: 2.0752
2025-12-08 19:01:28 - INFO -   Epoch 7/10 - 배치 624/3125 (20.0%) - 현재 Loss: 3.5258
2025-12-08 19:01:29 - INFO -   Epoch 7/10 - 배치 936/3125 (30.0%) - 현재 Loss: 4.5373
2025-12-08 19:01:30 - INFO -   Epoch 7/10 - 배치 1248/3125 (39.9%) - 현재 Loss: 2.2002
2025-12-08 19:01:32 - INFO -   Epoch 7/10 - 배치 1560/3125 (49.9%) - 현재 Loss: 3.2399
2025-12-08 19:01:33 - INFO -   Epoch 7/10 - 배치 1872/3125 (59.9%) - 현재 Loss: 4.2130
2025-12-08 19:01:34 - INFO -   Epoch 7/10 - 배치 2184/3125 (69.9%) - 현재 Loss: 3.1630
2025-12-08 19:01:35 - INFO -   Epoch 7/10 - 배치 2496/3125 (79.9%) - 현재 Loss: 1.6462
2025-12-08 19:01:36 - INFO -   Epoch 7/10 - 배치 2808/3125 (89.9%) - 현재 Loss: 3.5165
2025-12-08 19:01:37 - INFO -   Epoch 7/10 - 배치 3120/3125 (99.8%) - 현재 Loss: 4.1023
2025-12-08 19:01:37 - INFO - Epoch 7/10 완료:
2025-12-08 19:01:37 - INFO -   - 평균 Loss: 3.1603
2025-12-08 19:01:37 - INFO -   - Epoch 소요 시간: 11.50초
2025-12-08 19:01:37 - INFO -   - 총 경과 시간: 97.02초 (1.6분)
2025-12-08 19:01:37 - INFO -   - 예상 남은 시간: 41.58초 (0.7분)
2025-12-08 19:01:37 - INFO -   ⭐ 최고 Loss 갱신: 3.1603
2025-12-08 19:01:38 - INFO -   Epoch 8/10 - 배치 312/3125 (10.0%) - 현재 Loss: 2.0699
2025-12-08 19:01:40 - INFO -   Epoch 8/10 - 배치 624/3125 (20.0%) - 현재 Loss: 3.3982
2025-12-08 19:01:41 - INFO -   Epoch 8/10 - 배치 936/3125 (30.0%) - 현재 Loss: 4.4026
2025-12-08 19:01:42 - INFO -   Epoch 8/10 - 배치 1248/3125 (39.9%) - 현재 Loss: 2.1512
2025-12-08 19:01:43 - INFO -   Epoch 8/10 - 배치 1560/3125 (49.9%) - 현재 Loss: 3.2969
2025-12-08 19:01:44 - INFO -   Epoch 8/10 - 배치 1872/3125 (59.9%) - 현재 Loss: 4.0807
2025-12-08 19:01:45 - INFO -   Epoch 8/10 - 배치 2184/3125 (69.9%) - 현재 Loss: 3.1757
2025-12-08 19:01:47 - INFO -   Epoch 8/10 - 배치 2496/3125 (79.9%) - 현재 Loss: 1.6632
2025-12-08 19:01:48 - INFO -   Epoch 8/10 - 배치 2808/3125 (89.9%) - 현재 Loss: 3.1976
2025-12-08 19:01:49 - INFO -   Epoch 8/10 - 배치 3120/3125 (99.8%) - 현재 Loss: 4.1090
2025-12-08 19:01:49 - INFO - Epoch 8/10 완료:
2025-12-08 19:01:49 - INFO -   - 평균 Loss: 3.1203
2025-12-08 19:01:49 - INFO -   - Epoch 소요 시간: 11.59초
2025-12-08 19:01:49 - INFO -   - 총 경과 시간: 108.61초 (1.8분)
2025-12-08 19:01:49 - INFO -   - 예상 남은 시간: 27.15초 (0.5분)
2025-12-08 19:01:49 - INFO -   ⭐ 최고 Loss 갱신: 3.1203
2025-12-08 19:01:50 - INFO -   Epoch 9/10 - 배치 312/3125 (10.0%) - 현재 Loss: 2.0721
2025-12-08 19:01:51 - INFO -   Epoch 9/10 - 배치 624/3125 (20.0%) - 현재 Loss: 3.3540
2025-12-08 19:01:52 - INFO -   Epoch 9/10 - 배치 936/3125 (30.0%) - 현재 Loss: 4.3390
2025-12-08 19:01:54 - INFO -   Epoch 9/10 - 배치 1248/3125 (39.9%) - 현재 Loss: 2.1532
2025-12-08 19:01:55 - INFO -   Epoch 9/10 - 배치 1560/3125 (49.9%) - 현재 Loss: 3.1766
2025-12-08 19:01:56 - INFO -   Epoch 9/10 - 배치 1872/3125 (59.9%) - 현재 Loss: 4.0108
2025-12-08 19:01:57 - INFO -   Epoch 9/10 - 배치 2184/3125 (69.9%) - 현재 Loss: 3.1679
2025-12-08 19:01:58 - INFO -   Epoch 9/10 - 배치 2496/3125 (79.9%) - 현재 Loss: 1.6581
2025-12-08 19:01:59 - INFO -   Epoch 9/10 - 배치 2808/3125 (89.9%) - 현재 Loss: 3.2928
2025-12-08 19:02:00 - INFO -   Epoch 9/10 - 배치 3120/3125 (99.8%) - 현재 Loss: 4.0901
2025-12-08 19:02:00 - INFO - Epoch 9/10 완료:
2025-12-08 19:02:00 - INFO -   - 평균 Loss: 3.0920
2025-12-08 19:02:00 - INFO -   - Epoch 소요 시간: 11.48초
2025-12-08 19:02:00 - INFO -   - 총 경과 시간: 120.09초 (2.0분)
2025-12-08 19:02:00 - INFO -   - 예상 남은 시간: 13.34초 (0.2분)
2025-12-08 19:02:00 - INFO -   ⭐ 최고 Loss 갱신: 3.0920
2025-12-08 19:02:02 - INFO -   Epoch 10/10 - 배치 312/3125 (10.0%) - 현재 Loss: 2.0700
2025-12-08 19:02:03 - INFO -   Epoch 10/10 - 배치 624/3125 (20.0%) - 현재 Loss: 3.2876
2025-12-08 19:02:04 - INFO -   Epoch 10/10 - 배치 936/3125 (30.0%) - 현재 Loss: 4.3104
2025-12-08 19:02:05 - INFO -   Epoch 10/10 - 배치 1248/3125 (39.9%) - 현재 Loss: 2.1727
2025-12-08 19:02:06 - INFO -   Epoch 10/10 - 배치 1560/3125 (49.9%) - 현재 Loss: 3.0732
2025-12-08 19:02:07 - INFO -   Epoch 10/10 - 배치 1872/3125 (59.9%) - 현재 Loss: 3.9645
2025-12-08 19:02:08 - INFO -   Epoch 10/10 - 배치 2184/3125 (69.9%) - 현재 Loss: 3.1672
2025-12-08 19:02:10 - INFO -   Epoch 10/10 - 배치 2496/3125 (79.9%) - 현재 Loss: 1.6738
2025-12-08 19:02:11 - INFO -   Epoch 10/10 - 배치 2808/3125 (89.9%) - 현재 Loss: 3.2225
2025-12-08 19:02:12 - INFO -   Epoch 10/10 - 배치 3120/3125 (99.8%) - 현재 Loss: 4.0206
2025-12-08 19:02:12 - INFO - Epoch 10/10 완료:
2025-12-08 19:02:12 - INFO -   - 평균 Loss: 3.0642
2025-12-08 19:02:12 - INFO -   - Epoch 소요 시간: 11.36초
2025-12-08 19:02:12 - INFO -   - 총 경과 시간: 131.45초 (2.2분)
2025-12-08 19:02:12 - INFO -   ⭐ 최고 Loss 갱신: 3.0642
2025-12-08 19:02:12 - INFO - 
============================================================
2025-12-08 19:02:12 - INFO - ✅ DeepLog 모델 학습 완료
2025-12-08 19:02:12 - INFO -   - 총 소요 시간: 131.45초 (2.2분)
2025-12-08 19:02:12 - INFO -   - 최종 Loss: 3.0642
2025-12-08 19:02:12 - INFO -   - 최고 Loss: 3.0642
2025-12-08 19:02:12 - INFO - ============================================================
