2025-12-08 17:31:55 - INFO - 📝 학습 로그 파일: /Users/zzangdol/PycharmProjects/zzangdol/pattern/prelog/logs/training/deeplog_training_20251208_173155.log
2025-12-08 17:31:55 - INFO - ============================================================
2025-12-08 17:31:55 - INFO - DeepLog 모델 학습 시작
2025-12-08 17:31:55 - INFO - ============================================================
2025-12-08 17:31:55 - INFO - 학습 파라미터:
2025-12-08 17:31:55 - INFO -   - Epochs: 50
2025-12-08 17:31:55 - INFO -   - Batch Size: 32
2025-12-08 17:31:55 - INFO -   - Learning Rate: 0.001
2025-12-08 17:31:55 - INFO -   - 학습 데이터: 21,914,605개 로그
2025-12-08 17:31:55 - INFO - 시퀀스 준비 중...
2025-12-08 17:31:56 - INFO -   템플릿 사전 구축 중...
2025-12-08 17:33:06 - INFO -   ✅ 템플릿 사전 구축 완료: 58,131개 템플릿
2025-12-08 17:33:06 - INFO -   시퀀스 생성 중: 예상 21,914,595개 시퀀스...
2025-12-08 17:33:06 - INFO -   예상 메모리 사용량: 836.0 MB
2025-12-08 17:34:21 - INFO -   시퀀스 생성 진행: 1,000,000/21,914,595 (4.6%) - 경과: 75.7초 - 예상 남은 시간: 1583.6초 (26.4분)
2025-12-08 17:35:41 - INFO -   시퀀스 생성 진행: 2,000,000/21,914,595 (9.1%) - 경과: 155.5초 - 예상 남은 시간: 1548.0초 (25.8분)
2025-12-08 17:36:56 - INFO -   시퀀스 생성 진행: 3,000,000/21,914,595 (13.7%) - 경과: 230.8초 - 예상 남은 시간: 1455.4초 (24.3분)
2025-12-08 17:38:11 - INFO -   시퀀스 생성 진행: 4,000,000/21,914,595 (18.3%) - 경과: 305.3초 - 예상 남은 시간: 1367.4초 (22.8분)
2025-12-08 17:39:26 - INFO -   시퀀스 생성 진행: 5,000,000/21,914,595 (22.8%) - 경과: 380.3초 - 예상 남은 시간: 1286.6초 (21.4분)
2025-12-08 17:40:42 - INFO -   시퀀스 생성 진행: 6,000,000/21,914,595 (27.4%) - 경과: 455.9초 - 예상 남은 시간: 1209.3초 (20.2분)
2025-12-08 17:41:58 - INFO -   시퀀스 생성 진행: 7,000,000/21,914,595 (31.9%) - 경과: 532.8초 - 예상 남은 시간: 1135.2초 (18.9분)
2025-12-08 17:43:13 - INFO -   시퀀스 생성 진행: 8,000,000/21,914,595 (36.5%) - 경과: 607.6초 - 예상 남은 시간: 1056.8초 (17.6분)
2025-12-08 17:44:27 - INFO -   시퀀스 생성 진행: 9,000,000/21,914,595 (41.1%) - 경과: 681.7초 - 예상 남은 시간: 978.2초 (16.3분)
2025-12-08 17:45:44 - INFO -   시퀀스 생성 진행: 10,000,000/21,914,595 (45.6%) - 경과: 758.4초 - 예상 남은 시간: 903.7초 (15.1분)
2025-12-08 17:47:07 - INFO -   시퀀스 생성 진행: 11,000,000/21,914,595 (50.2%) - 경과: 841.3초 - 예상 남은 시간: 834.8초 (13.9분)
2025-12-08 17:48:23 - INFO -   시퀀스 생성 진행: 12,000,000/21,914,595 (54.8%) - 경과: 917.8초 - 예상 남은 시간: 758.3초 (12.6분)
2025-12-08 17:49:40 - INFO -   시퀀스 생성 진행: 13,000,000/21,914,595 (59.3%) - 경과: 994.9초 - 예상 남은 시간: 682.2초 (11.4분)
2025-12-08 17:50:57 - INFO -   시퀀스 생성 진행: 14,000,000/21,914,595 (63.9%) - 경과: 1071.3초 - 예상 남은 시간: 605.6초 (10.1분)
2025-12-08 17:52:14 - INFO -   시퀀스 생성 진행: 15,000,000/21,914,595 (68.4%) - 경과: 1148.1초 - 예상 남은 시간: 529.3초 (8.8분)
2025-12-08 17:53:29 - INFO -   시퀀스 생성 진행: 16,000,000/21,914,595 (73.0%) - 경과: 1223.4초 - 예상 남은 시간: 452.2초 (7.5분)
2025-12-08 17:54:44 - INFO -   시퀀스 생성 진행: 17,000,000/21,914,595 (77.6%) - 경과: 1298.8초 - 예상 남은 시간: 375.5초 (6.3분)
2025-12-08 17:56:03 - INFO -   시퀀스 생성 진행: 18,000,000/21,914,595 (82.1%) - 경과: 1377.6초 - 예상 남은 시간: 299.6초 (5.0분)
2025-12-08 17:57:21 - INFO -   시퀀스 생성 진행: 19,000,000/21,914,595 (86.7%) - 경과: 1455.4초 - 예상 남은 시간: 223.3초 (3.7분)
2025-12-08 17:58:39 - INFO -   시퀀스 생성 진행: 20,000,000/21,914,595 (91.3%) - 경과: 1533.5초 - 예상 남은 시간: 146.8초 (2.4분)
2025-12-08 17:59:56 - INFO -   시퀀스 생성 진행: 21,000,000/21,914,595 (95.8%) - 경과: 1610.3초 - 예상 남은 시간: 70.1초 (1.2분)
2025-12-08 18:01:06 - INFO -   시퀀스 생성 진행: 21,914,595/21,914,595 (100.0%) - 경과: 1680.2초 - 예상 남은 시간: 0.0초 (0.0분)
2025-12-08 18:01:06 - INFO - ✅ 시퀀스 준비 완료: 21,914,595개
2025-12-08 18:01:06 - INFO -   - 어휘 크기: 58,132
2025-12-08 18:01:06 - INFO -    💡 원본 로그 데이터 메모리 해제 완료
2025-12-08 18:01:06 - INFO - 모델 구축 중...
2025-12-08 18:01:06 - INFO - ✅ 모델 구축 완료
2025-12-08 18:01:06 - INFO - 데이터 텐서 변환 중...
2025-12-08 18:01:06 - INFO - ✅ 텐서 변환 완료: 684,832개 배치
2025-12-08 18:01:06 - INFO -    💡 NumPy 배열 메모리 해제 완료 (텐서만 메모리에 유지)
2025-12-08 18:01:07 - INFO - 
============================================================
2025-12-08 18:01:07 - INFO - 학습 시작
2025-12-08 18:01:07 - INFO - ============================================================
2025-12-08 18:13:06 - INFO -   Epoch 1/50 - 배치 68483/684832 (10.0%) - 현재 Loss: 0.9578
