2025-12-08 23:37:06 - INFO - 📝 학습 로그 파일: /Users/zzangdol/PycharmProjects/zzangdol/pattern/prelog/logs/training/deeplog_training_20251208_233706.log
2025-12-08 23:37:06 - INFO - ============================================================
2025-12-08 23:37:06 - INFO - DeepLog 모델 학습 시작
2025-12-08 23:37:06 - INFO - ============================================================
2025-12-08 23:37:06 - INFO - 학습 파라미터:
2025-12-08 23:37:06 - INFO -   - Epochs: 20
2025-12-08 23:37:06 - INFO -   - Batch Size: 64
2025-12-08 23:37:06 - INFO -   - Learning Rate: 0.001
2025-12-08 23:37:06 - INFO -   - 학습 데이터: 500,000개 로그
2025-12-08 23:37:06 - INFO - 시퀀스 준비 중...
2025-12-08 23:37:06 - INFO -   템플릿 사전 구축 중...
2025-12-08 23:37:08 - INFO -   ✅ 템플릿 사전 구축 완료: 7,740개 템플릿
2025-12-08 23:37:08 - INFO -   시퀀스 생성 중: 예상 499,990개 시퀀스...
2025-12-08 23:37:08 - INFO -   예상 메모리 사용량: 19.1 MB
2025-12-08 23:37:10 - INFO -   시퀀스 생성 진행: 24,999/499,990 (5.0%) - 경과: 1.9초 - 예상 남은 시간: 36.2초 (0.6분)
2025-12-08 23:37:12 - INFO -   시퀀스 생성 진행: 49,998/499,990 (10.0%) - 경과: 3.7초 - 예상 남은 시간: 33.4초 (0.6분)
2025-12-08 23:37:13 - INFO -   시퀀스 생성 진행: 74,997/499,990 (15.0%) - 경과: 5.5초 - 예상 남은 시간: 31.4초 (0.5분)
2025-12-08 23:37:15 - INFO -   시퀀스 생성 진행: 99,996/499,990 (20.0%) - 경과: 7.4초 - 예상 남은 시간: 29.5초 (0.5분)
2025-12-08 23:37:17 - INFO -   시퀀스 생성 진행: 124,995/499,990 (25.0%) - 경과: 9.2초 - 예상 남은 시간: 27.7초 (0.5분)
2025-12-08 23:37:19 - INFO -   시퀀스 생성 진행: 149,994/499,990 (30.0%) - 경과: 11.1초 - 예상 남은 시간: 25.9초 (0.4분)
2025-12-08 23:37:21 - INFO -   시퀀스 생성 진행: 174,993/499,990 (35.0%) - 경과: 13.0초 - 예상 남은 시간: 24.2초 (0.4분)
2025-12-08 23:37:23 - INFO -   시퀀스 생성 진행: 199,992/499,990 (40.0%) - 경과: 14.9초 - 예상 남은 시간: 22.3초 (0.4분)
