2025-12-08 20:16:43 - INFO - 📝 학습 로그 파일: /Users/zzangdol/PycharmProjects/zzangdol/pattern/prelog/logs/training/deeplog_training_20251208_201643.log
2025-12-08 20:16:43 - INFO - ============================================================
2025-12-08 20:16:43 - INFO - DeepLog 모델 학습 시작
2025-12-08 20:16:43 - INFO - ============================================================
2025-12-08 20:16:43 - INFO - 학습 파라미터:
2025-12-08 20:16:43 - INFO -   - Epochs: 20
2025-12-08 20:16:43 - INFO -   - Batch Size: 64
2025-12-08 20:16:43 - INFO -   - Learning Rate: 0.001
2025-12-08 20:16:43 - INFO -   - 학습 데이터: 500,000개 로그
2025-12-08 20:16:43 - INFO - 시퀀스 준비 중...
2025-12-08 20:16:43 - INFO -   템플릿 사전 구축 중...
2025-12-08 20:16:45 - INFO -   ✅ 템플릿 사전 구축 완료: 7,740개 템플릿
2025-12-08 20:16:45 - INFO -   시퀀스 생성 중: 예상 499,990개 시퀀스...
2025-12-08 20:16:45 - INFO -   예상 메모리 사용량: 19.1 MB
2025-12-08 20:16:47 - INFO -   시퀀스 생성 진행: 24,999/499,990 (5.0%) - 경과: 2.0초 - 예상 남은 시간: 37.5초 (0.6분)
2025-12-08 20:16:49 - INFO -   시퀀스 생성 진행: 49,998/499,990 (10.0%) - 경과: 3.8초 - 예상 남은 시간: 34.5초 (0.6분)
2025-12-08 20:16:51 - INFO -   시퀀스 생성 진행: 74,997/499,990 (15.0%) - 경과: 5.7초 - 예상 남은 시간: 32.5초 (0.5분)
2025-12-08 20:16:53 - INFO -   시퀀스 생성 진행: 99,996/499,990 (20.0%) - 경과: 7.7초 - 예상 남은 시간: 30.7초 (0.5분)
2025-12-08 20:16:55 - INFO -   시퀀스 생성 진행: 124,995/499,990 (25.0%) - 경과: 9.6초 - 예상 남은 시간: 28.7초 (0.5분)
2025-12-08 20:16:57 - INFO -   시퀀스 생성 진행: 149,994/499,990 (30.0%) - 경과: 11.5초 - 예상 남은 시간: 26.8초 (0.4분)
2025-12-08 20:16:58 - INFO -   시퀀스 생성 진행: 174,993/499,990 (35.0%) - 경과: 13.4초 - 예상 남은 시간: 24.9초 (0.4분)
2025-12-08 20:17:00 - INFO -   시퀀스 생성 진행: 199,992/499,990 (40.0%) - 경과: 15.3초 - 예상 남은 시간: 23.0초 (0.4분)
2025-12-08 20:17:02 - INFO -   시퀀스 생성 진행: 224,991/499,990 (45.0%) - 경과: 17.2초 - 예상 남은 시간: 21.0초 (0.4분)
2025-12-08 20:17:04 - INFO -   시퀀스 생성 진행: 249,990/499,990 (50.0%) - 경과: 19.1초 - 예상 남은 시간: 19.1초 (0.3분)
2025-12-08 20:17:06 - INFO -   시퀀스 생성 진행: 274,989/499,990 (55.0%) - 경과: 21.0초 - 예상 남은 시간: 17.2초 (0.3분)
2025-12-08 20:17:08 - INFO -   시퀀스 생성 진행: 299,988/499,990 (60.0%) - 경과: 23.1초 - 예상 남은 시간: 15.4초 (0.3분)
2025-12-08 20:17:10 - INFO -   시퀀스 생성 진행: 324,987/499,990 (65.0%) - 경과: 25.0초 - 예상 남은 시간: 13.5초 (0.2분)
2025-12-08 20:17:12 - INFO -   시퀀스 생성 진행: 349,986/499,990 (70.0%) - 경과: 27.0초 - 예상 남은 시간: 11.6초 (0.2분)
2025-12-08 20:17:14 - INFO -   시퀀스 생성 진행: 374,985/499,990 (75.0%) - 경과: 28.9초 - 예상 남은 시간: 9.6초 (0.2분)
2025-12-08 20:17:16 - INFO -   시퀀스 생성 진행: 399,984/499,990 (80.0%) - 경과: 30.9초 - 예상 남은 시간: 7.7초 (0.1분)
2025-12-08 20:17:18 - INFO -   시퀀스 생성 진행: 424,983/499,990 (85.0%) - 경과: 33.0초 - 예상 남은 시간: 5.8초 (0.1분)
2025-12-08 20:17:20 - INFO -   시퀀스 생성 진행: 449,982/499,990 (90.0%) - 경과: 35.2초 - 예상 남은 시간: 3.9초 (0.1분)
2025-12-08 20:17:22 - INFO -   시퀀스 생성 진행: 474,981/499,990 (95.0%) - 경과: 37.3초 - 예상 남은 시간: 2.0초 (0.0분)
2025-12-08 20:17:24 - INFO -   시퀀스 생성 진행: 499,980/499,990 (100.0%) - 경과: 39.4초 - 예상 남은 시간: 0.0초 (0.0분)
2025-12-08 20:17:24 - INFO -   시퀀스 생성 진행: 499,990/499,990 (100.0%) - 경과: 39.4초 - 예상 남은 시간: 0.0초 (0.0분)
2025-12-08 20:17:25 - INFO - ✅ 시퀀스 준비 완료: 499,990개
2025-12-08 20:17:25 - INFO -   - 어휘 크기: 7,741
2025-12-08 20:17:25 - INFO -    💡 원본 로그 데이터 메모리 해제 완료
2025-12-08 20:17:25 - INFO - 모델 구축 중...
2025-12-08 20:17:25 - INFO - ✅ 모델 구축 완료
2025-12-08 20:17:25 - INFO - 데이터 텐서 변환 중...
2025-12-08 20:17:25 - INFO - ✅ 텐서 변환 완료: 7,813개 배치
2025-12-08 20:17:25 - INFO -    💡 NumPy 배열 메모리 해제 완료 (텐서만 메모리에 유지)
2025-12-08 20:17:25 - INFO - 
============================================================
2025-12-08 20:17:25 - INFO - 학습 시작
2025-12-08 20:17:25 - INFO - ============================================================
2025-12-08 20:17:29 - INFO -   Epoch 1/20 - 배치 781/7813 (10.0%) - 현재 Loss: 2.2530
2025-12-08 20:17:32 - INFO -   Epoch 1/20 - 배치 1562/7813 (20.0%) - 현재 Loss: 5.3447
2025-12-08 20:17:36 - INFO -   Epoch 1/20 - 배치 2343/7813 (30.0%) - 현재 Loss: 7.5847
2025-12-08 20:17:40 - INFO -   Epoch 1/20 - 배치 3124/7813 (40.0%) - 현재 Loss: 2.1894
2025-12-08 20:17:43 - INFO -   Epoch 1/20 - 배치 3905/7813 (50.0%) - 현재 Loss: 4.7443
2025-12-08 20:17:47 - INFO -   Epoch 1/20 - 배치 4686/7813 (60.0%) - 현재 Loss: 1.7864
2025-12-08 20:17:51 - INFO -   Epoch 1/20 - 배치 5467/7813 (70.0%) - 현재 Loss: 5.9133
2025-12-08 20:17:54 - INFO -   Epoch 1/20 - 배치 6248/7813 (80.0%) - 현재 Loss: 1.6935
2025-12-08 20:17:58 - INFO -   Epoch 1/20 - 배치 7029/7813 (90.0%) - 현재 Loss: 2.0961
2025-12-08 20:18:02 - INFO -   Epoch 1/20 - 배치 7810/7813 (100.0%) - 현재 Loss: 4.5987
2025-12-08 20:18:02 - INFO - Epoch 1/20 완료:
2025-12-08 20:18:02 - INFO -   - 평균 Loss: 3.6781
2025-12-08 20:18:02 - INFO -   - Epoch 소요 시간: 36.90초
2025-12-08 20:18:02 - INFO -   - 총 경과 시간: 78.58초 (1.3분)
2025-12-08 20:18:02 - INFO -   ⭐ 최고 Loss 갱신: 3.6781
2025-12-08 20:18:05 - INFO -   Epoch 2/20 - 배치 781/7813 (10.0%) - 현재 Loss: 2.2117
2025-12-08 20:18:09 - INFO -   Epoch 2/20 - 배치 1562/7813 (20.0%) - 현재 Loss: 4.7608
2025-12-08 20:18:12 - INFO -   Epoch 2/20 - 배치 2343/7813 (30.0%) - 현재 Loss: 6.0857
2025-12-08 20:18:16 - INFO -   Epoch 2/20 - 배치 3124/7813 (40.0%) - 현재 Loss: 2.1250
2025-12-08 20:18:19 - INFO -   Epoch 2/20 - 배치 3905/7813 (50.0%) - 현재 Loss: 3.3455
2025-12-08 20:18:23 - INFO -   Epoch 2/20 - 배치 4686/7813 (60.0%) - 현재 Loss: 1.7837
2025-12-08 20:18:26 - INFO -   Epoch 2/20 - 배치 5467/7813 (70.0%) - 현재 Loss: 4.8333
2025-12-08 20:18:30 - INFO -   Epoch 2/20 - 배치 6248/7813 (80.0%) - 현재 Loss: 1.6887
2025-12-08 20:18:33 - INFO -   Epoch 2/20 - 배치 7029/7813 (90.0%) - 현재 Loss: 2.0861
2025-12-08 20:18:37 - INFO -   Epoch 2/20 - 배치 7810/7813 (100.0%) - 현재 Loss: 4.1106
2025-12-08 20:18:37 - INFO - Epoch 2/20 완료:
2025-12-08 20:18:37 - INFO -   - 평균 Loss: 3.2379
2025-12-08 20:18:37 - INFO -   - Epoch 소요 시간: 34.95초
2025-12-08 20:18:37 - INFO -   - 총 경과 시간: 113.53초 (1.9분)
2025-12-08 20:18:37 - INFO -   - 예상 남은 시간: 1021.73초 (17.0분)
2025-12-08 20:18:37 - INFO -   ⭐ 최고 Loss 갱신: 3.2379
2025-12-08 20:18:40 - INFO -   Epoch 3/20 - 배치 781/7813 (10.0%) - 현재 Loss: 2.2161
2025-12-08 20:18:44 - INFO -   Epoch 3/20 - 배치 1562/7813 (20.0%) - 현재 Loss: 4.4384
2025-12-08 20:18:47 - INFO -   Epoch 3/20 - 배치 2343/7813 (30.0%) - 현재 Loss: 5.6583
2025-12-08 20:18:51 - INFO -   Epoch 3/20 - 배치 3124/7813 (40.0%) - 현재 Loss: 2.1614
2025-12-08 20:18:54 - INFO -   Epoch 3/20 - 배치 3905/7813 (50.0%) - 현재 Loss: 3.3153
2025-12-08 20:18:58 - INFO -   Epoch 3/20 - 배치 4686/7813 (60.0%) - 현재 Loss: 1.7640
2025-12-08 20:19:02 - INFO -   Epoch 3/20 - 배치 5467/7813 (70.0%) - 현재 Loss: 4.6776
2025-12-08 20:19:05 - INFO -   Epoch 3/20 - 배치 6248/7813 (80.0%) - 현재 Loss: 1.7085
2025-12-08 20:19:09 - INFO -   Epoch 3/20 - 배치 7029/7813 (90.0%) - 현재 Loss: 2.0676
2025-12-08 20:19:13 - INFO -   Epoch 3/20 - 배치 7810/7813 (100.0%) - 현재 Loss: 3.9751
2025-12-08 20:19:13 - INFO - Epoch 3/20 완료:
2025-12-08 20:19:13 - INFO -   - 평균 Loss: 3.1538
2025-12-08 20:19:13 - INFO -   - Epoch 소요 시간: 35.86초
2025-12-08 20:19:13 - INFO -   - 총 경과 시간: 149.38초 (2.5분)
2025-12-08 20:19:13 - INFO -   - 예상 남은 시간: 846.51초 (14.1분)
2025-12-08 20:19:13 - INFO -   ⭐ 최고 Loss 갱신: 3.1538
2025-12-08 20:19:16 - INFO -   Epoch 4/20 - 배치 781/7813 (10.0%) - 현재 Loss: 2.2015
2025-12-08 20:19:20 - INFO -   Epoch 4/20 - 배치 1562/7813 (20.0%) - 현재 Loss: 4.2924
2025-12-08 20:19:24 - INFO -   Epoch 4/20 - 배치 2343/7813 (30.0%) - 현재 Loss: 5.3256
2025-12-08 20:19:27 - INFO -   Epoch 4/20 - 배치 3124/7813 (40.0%) - 현재 Loss: 2.1104
2025-12-08 20:19:31 - INFO -   Epoch 4/20 - 배치 3905/7813 (50.0%) - 현재 Loss: 3.2397
2025-12-08 20:19:35 - INFO -   Epoch 4/20 - 배치 4686/7813 (60.0%) - 현재 Loss: 1.7558
2025-12-08 20:19:39 - INFO -   Epoch 4/20 - 배치 5467/7813 (70.0%) - 현재 Loss: 4.6017
2025-12-08 20:19:42 - INFO -   Epoch 4/20 - 배치 6248/7813 (80.0%) - 현재 Loss: 1.6886
2025-12-08 20:19:46 - INFO -   Epoch 4/20 - 배치 7029/7813 (90.0%) - 현재 Loss: 2.0879
2025-12-08 20:19:49 - INFO -   Epoch 4/20 - 배치 7810/7813 (100.0%) - 현재 Loss: 3.8972
2025-12-08 20:19:49 - INFO - Epoch 4/20 완료:
2025-12-08 20:19:49 - INFO -   - 평균 Loss: 3.1067
2025-12-08 20:19:49 - INFO -   - Epoch 소요 시간: 36.65초
2025-12-08 20:19:49 - INFO -   - 총 경과 시간: 186.03초 (3.1분)
2025-12-08 20:19:49 - INFO -   - 예상 남은 시간: 744.12초 (12.4분)
2025-12-08 20:19:49 - INFO -   ⭐ 최고 Loss 갱신: 3.1067
2025-12-08 20:19:53 - INFO -   Epoch 5/20 - 배치 781/7813 (10.0%) - 현재 Loss: 2.1982
2025-12-08 20:19:57 - INFO -   Epoch 5/20 - 배치 1562/7813 (20.0%) - 현재 Loss: 4.3605
2025-12-08 20:20:00 - INFO -   Epoch 5/20 - 배치 2343/7813 (30.0%) - 현재 Loss: 5.3112
2025-12-08 20:20:04 - INFO -   Epoch 5/20 - 배치 3124/7813 (40.0%) - 현재 Loss: 2.1274
2025-12-08 20:20:07 - INFO -   Epoch 5/20 - 배치 3905/7813 (50.0%) - 현재 Loss: 3.2130
2025-12-08 20:20:11 - INFO -   Epoch 5/20 - 배치 4686/7813 (60.0%) - 현재 Loss: 1.7726
2025-12-08 20:20:14 - INFO -   Epoch 5/20 - 배치 5467/7813 (70.0%) - 현재 Loss: 4.5037
2025-12-08 20:20:18 - INFO -   Epoch 5/20 - 배치 6248/7813 (80.0%) - 현재 Loss: 1.6852
2025-12-08 20:20:21 - INFO -   Epoch 5/20 - 배치 7029/7813 (90.0%) - 현재 Loss: 2.1182
2025-12-08 20:20:25 - INFO -   Epoch 5/20 - 배치 7810/7813 (100.0%) - 현재 Loss: 3.9020
2025-12-08 20:20:25 - INFO - Epoch 5/20 완료:
2025-12-08 20:20:25 - INFO -   - 평균 Loss: 3.0747
2025-12-08 20:20:25 - INFO -   - Epoch 소요 시간: 35.64초
2025-12-08 20:20:25 - INFO -   - 총 경과 시간: 221.67초 (3.7분)
2025-12-08 20:20:25 - INFO -   - 예상 남은 시간: 665.00초 (11.1분)
2025-12-08 20:20:25 - INFO -   ⭐ 최고 Loss 갱신: 3.0747
2025-12-08 20:20:29 - INFO -   Epoch 6/20 - 배치 781/7813 (10.0%) - 현재 Loss: 2.2141
2025-12-08 20:20:32 - INFO -   Epoch 6/20 - 배치 1562/7813 (20.0%) - 현재 Loss: 4.2435
2025-12-08 20:20:36 - INFO -   Epoch 6/20 - 배치 2343/7813 (30.0%) - 현재 Loss: 4.9022
2025-12-08 20:20:40 - INFO -   Epoch 6/20 - 배치 3124/7813 (40.0%) - 현재 Loss: 2.1259
2025-12-08 20:20:43 - INFO -   Epoch 6/20 - 배치 3905/7813 (50.0%) - 현재 Loss: 3.1635
2025-12-08 20:20:47 - INFO -   Epoch 6/20 - 배치 4686/7813 (60.0%) - 현재 Loss: 1.7614
2025-12-08 20:20:51 - INFO -   Epoch 6/20 - 배치 5467/7813 (70.0%) - 현재 Loss: 4.3441
2025-12-08 20:20:54 - INFO -   Epoch 6/20 - 배치 6248/7813 (80.0%) - 현재 Loss: 1.6864
2025-12-08 20:20:58 - INFO -   Epoch 6/20 - 배치 7029/7813 (90.0%) - 현재 Loss: 2.1065
2025-12-08 20:21:02 - INFO -   Epoch 6/20 - 배치 7810/7813 (100.0%) - 현재 Loss: 3.8426
2025-12-08 20:21:02 - INFO - Epoch 6/20 완료:
2025-12-08 20:21:02 - INFO -   - 평균 Loss: 3.0444
2025-12-08 20:21:02 - INFO -   - Epoch 소요 시간: 36.58초
2025-12-08 20:21:02 - INFO -   - 총 경과 시간: 258.25초 (4.3분)
2025-12-08 20:21:02 - INFO -   - 예상 남은 시간: 602.57초 (10.0분)
2025-12-08 20:21:02 - INFO -   ⭐ 최고 Loss 갱신: 3.0444
2025-12-08 20:21:05 - INFO -   Epoch 7/20 - 배치 781/7813 (10.0%) - 현재 Loss: 2.2072
2025-12-08 20:21:08 - INFO -   Epoch 7/20 - 배치 1562/7813 (20.0%) - 현재 Loss: 4.2738
2025-12-08 20:21:12 - INFO -   Epoch 7/20 - 배치 2343/7813 (30.0%) - 현재 Loss: 4.8489
2025-12-08 20:21:15 - INFO -   Epoch 7/20 - 배치 3124/7813 (40.0%) - 현재 Loss: 2.1100
2025-12-08 20:21:18 - INFO -   Epoch 7/20 - 배치 3905/7813 (50.0%) - 현재 Loss: 3.1641
2025-12-08 20:21:22 - INFO -   Epoch 7/20 - 배치 4686/7813 (60.0%) - 현재 Loss: 1.7706
2025-12-08 20:21:25 - INFO -   Epoch 7/20 - 배치 5467/7813 (70.0%) - 현재 Loss: 4.2048
2025-12-08 20:21:28 - INFO -   Epoch 7/20 - 배치 6248/7813 (80.0%) - 현재 Loss: 1.6912
2025-12-08 20:21:32 - INFO -   Epoch 7/20 - 배치 7029/7813 (90.0%) - 현재 Loss: 2.1141
2025-12-08 20:21:35 - INFO -   Epoch 7/20 - 배치 7810/7813 (100.0%) - 현재 Loss: 3.7436
2025-12-08 20:21:35 - INFO - Epoch 7/20 완료:
2025-12-08 20:21:35 - INFO -   - 평균 Loss: 3.0130
2025-12-08 20:21:35 - INFO -   - Epoch 소요 시간: 33.23초
2025-12-08 20:21:35 - INFO -   - 총 경과 시간: 291.48초 (4.9분)
2025-12-08 20:21:35 - INFO -   - 예상 남은 시간: 541.32초 (9.0분)
2025-12-08 20:21:35 - INFO -   ⭐ 최고 Loss 갱신: 3.0130
2025-12-08 20:21:38 - INFO -   Epoch 8/20 - 배치 781/7813 (10.0%) - 현재 Loss: 2.1885
2025-12-08 20:21:41 - INFO -   Epoch 8/20 - 배치 1562/7813 (20.0%) - 현재 Loss: 4.1728
2025-12-08 20:21:44 - INFO -   Epoch 8/20 - 배치 2343/7813 (30.0%) - 현재 Loss: 4.7372
2025-12-08 20:21:48 - INFO -   Epoch 8/20 - 배치 3124/7813 (40.0%) - 현재 Loss: 2.0620
2025-12-08 20:21:51 - INFO -   Epoch 8/20 - 배치 3905/7813 (50.0%) - 현재 Loss: 3.0987
2025-12-08 20:21:54 - INFO -   Epoch 8/20 - 배치 4686/7813 (60.0%) - 현재 Loss: 1.7725
2025-12-08 20:21:58 - INFO -   Epoch 8/20 - 배치 5467/7813 (70.0%) - 현재 Loss: 4.2728
2025-12-08 20:22:01 - INFO -   Epoch 8/20 - 배치 6248/7813 (80.0%) - 현재 Loss: 1.6840
2025-12-08 20:22:04 - INFO -   Epoch 8/20 - 배치 7029/7813 (90.0%) - 현재 Loss: 2.0832
2025-12-08 20:22:07 - INFO -   Epoch 8/20 - 배치 7810/7813 (100.0%) - 현재 Loss: 3.7721
2025-12-08 20:22:07 - INFO - Epoch 8/20 완료:
2025-12-08 20:22:07 - INFO -   - 평균 Loss: 2.9897
2025-12-08 20:22:07 - INFO -   - Epoch 소요 시간: 32.40초
2025-12-08 20:22:07 - INFO -   - 총 경과 시간: 323.88초 (5.4분)
2025-12-08 20:22:07 - INFO -   - 예상 남은 시간: 485.82초 (8.1분)
2025-12-08 20:22:07 - INFO -   ⭐ 최고 Loss 갱신: 2.9897
2025-12-08 20:22:10 - INFO -   Epoch 9/20 - 배치 781/7813 (10.0%) - 현재 Loss: 2.1954
2025-12-08 20:22:14 - INFO -   Epoch 9/20 - 배치 1562/7813 (20.0%) - 현재 Loss: 4.0609
2025-12-08 20:22:17 - INFO -   Epoch 9/20 - 배치 2343/7813 (30.0%) - 현재 Loss: 4.5374
2025-12-08 20:22:20 - INFO -   Epoch 9/20 - 배치 3124/7813 (40.0%) - 현재 Loss: 2.0549
2025-12-08 20:22:23 - INFO -   Epoch 9/20 - 배치 3905/7813 (50.0%) - 현재 Loss: 3.1596
2025-12-08 20:22:26 - INFO -   Epoch 9/20 - 배치 4686/7813 (60.0%) - 현재 Loss: 1.7613
2025-12-08 20:22:30 - INFO -   Epoch 9/20 - 배치 5467/7813 (70.0%) - 현재 Loss: 4.0519
2025-12-08 20:22:33 - INFO -   Epoch 9/20 - 배치 6248/7813 (80.0%) - 현재 Loss: 1.6853
2025-12-08 20:22:36 - INFO -   Epoch 9/20 - 배치 7029/7813 (90.0%) - 현재 Loss: 2.0883
2025-12-08 20:22:39 - INFO -   Epoch 9/20 - 배치 7810/7813 (100.0%) - 현재 Loss: 3.7078
2025-12-08 20:22:39 - INFO - Epoch 9/20 완료:
2025-12-08 20:22:39 - INFO -   - 평균 Loss: 2.9632
2025-12-08 20:22:39 - INFO -   - Epoch 소요 시간: 32.14초
2025-12-08 20:22:39 - INFO -   - 총 경과 시간: 356.02초 (5.9분)
2025-12-08 20:22:39 - INFO -   - 예상 남은 시간: 435.14초 (7.3분)
2025-12-08 20:22:39 - INFO -   ⭐ 최고 Loss 갱신: 2.9632
2025-12-08 20:22:43 - INFO -   Epoch 10/20 - 배치 781/7813 (10.0%) - 현재 Loss: 2.1925
2025-12-08 20:22:46 - INFO -   Epoch 10/20 - 배치 1562/7813 (20.0%) - 현재 Loss: 4.0872
2025-12-08 20:22:49 - INFO -   Epoch 10/20 - 배치 2343/7813 (30.0%) - 현재 Loss: 4.4937
2025-12-08 20:22:52 - INFO -   Epoch 10/20 - 배치 3124/7813 (40.0%) - 현재 Loss: 2.0937
2025-12-08 20:22:56 - INFO -   Epoch 10/20 - 배치 3905/7813 (50.0%) - 현재 Loss: 3.1033
2025-12-08 20:22:59 - INFO -   Epoch 10/20 - 배치 4686/7813 (60.0%) - 현재 Loss: 1.7651
2025-12-08 20:23:02 - INFO -   Epoch 10/20 - 배치 5467/7813 (70.0%) - 현재 Loss: 4.0135
2025-12-08 20:23:06 - INFO -   Epoch 10/20 - 배치 6248/7813 (80.0%) - 현재 Loss: 1.6879
2025-12-08 20:23:09 - INFO -   Epoch 10/20 - 배치 7029/7813 (90.0%) - 현재 Loss: 2.1096
2025-12-08 20:23:12 - INFO -   Epoch 10/20 - 배치 7810/7813 (100.0%) - 현재 Loss: 3.6868
2025-12-08 20:23:12 - INFO - Epoch 10/20 완료:
2025-12-08 20:23:12 - INFO -   - 평균 Loss: 2.9418
2025-12-08 20:23:12 - INFO -   - Epoch 소요 시간: 32.83초
2025-12-08 20:23:12 - INFO -   - 총 경과 시간: 388.85초 (6.5분)
2025-12-08 20:23:12 - INFO -   - 예상 남은 시간: 388.85초 (6.5분)
2025-12-08 20:23:12 - INFO -   ⭐ 최고 Loss 갱신: 2.9418
2025-12-08 20:23:16 - INFO -   Epoch 11/20 - 배치 781/7813 (10.0%) - 현재 Loss: 2.1826
2025-12-08 20:23:19 - INFO -   Epoch 11/20 - 배치 1562/7813 (20.0%) - 현재 Loss: 4.0045
2025-12-08 20:23:22 - INFO -   Epoch 11/20 - 배치 2343/7813 (30.0%) - 현재 Loss: 4.2964
2025-12-08 20:23:26 - INFO -   Epoch 11/20 - 배치 3124/7813 (40.0%) - 현재 Loss: 2.1126
2025-12-08 20:23:29 - INFO -   Epoch 11/20 - 배치 3905/7813 (50.0%) - 현재 Loss: 3.1200
2025-12-08 20:23:32 - INFO -   Epoch 11/20 - 배치 4686/7813 (60.0%) - 현재 Loss: 1.7650
2025-12-08 20:23:35 - INFO -   Epoch 11/20 - 배치 5467/7813 (70.0%) - 현재 Loss: 4.0786
2025-12-08 20:23:39 - INFO -   Epoch 11/20 - 배치 6248/7813 (80.0%) - 현재 Loss: 1.6909
2025-12-08 20:23:42 - INFO -   Epoch 11/20 - 배치 7029/7813 (90.0%) - 현재 Loss: 2.0897
2025-12-08 20:23:45 - INFO -   Epoch 11/20 - 배치 7810/7813 (100.0%) - 현재 Loss: 3.6346
2025-12-08 20:23:45 - INFO - Epoch 11/20 완료:
2025-12-08 20:23:45 - INFO -   - 평균 Loss: 2.9176
2025-12-08 20:23:45 - INFO -   - Epoch 소요 시간: 33.21초
2025-12-08 20:23:45 - INFO -   - 총 경과 시간: 422.06초 (7.0분)
2025-12-08 20:23:45 - INFO -   - 예상 남은 시간: 345.32초 (5.8분)
2025-12-08 20:23:45 - INFO -   ⭐ 최고 Loss 갱신: 2.9176
2025-12-08 20:23:49 - INFO -   Epoch 12/20 - 배치 781/7813 (10.0%) - 현재 Loss: 2.1619
2025-12-08 20:23:52 - INFO -   Epoch 12/20 - 배치 1562/7813 (20.0%) - 현재 Loss: 3.8900
2025-12-08 20:23:56 - INFO -   Epoch 12/20 - 배치 2343/7813 (30.0%) - 현재 Loss: 4.0789
2025-12-08 20:23:59 - INFO -   Epoch 12/20 - 배치 3124/7813 (40.0%) - 현재 Loss: 2.0980
2025-12-08 20:24:02 - INFO -   Epoch 12/20 - 배치 3905/7813 (50.0%) - 현재 Loss: 3.1019
2025-12-08 20:24:05 - INFO -   Epoch 12/20 - 배치 4686/7813 (60.0%) - 현재 Loss: 1.7617
2025-12-08 20:24:09 - INFO -   Epoch 12/20 - 배치 5467/7813 (70.0%) - 현재 Loss: 4.0131
2025-12-08 20:24:12 - INFO -   Epoch 12/20 - 배치 6248/7813 (80.0%) - 현재 Loss: 1.6923
2025-12-08 20:24:15 - INFO -   Epoch 12/20 - 배치 7029/7813 (90.0%) - 현재 Loss: 2.0991
2025-12-08 20:24:19 - INFO -   Epoch 12/20 - 배치 7810/7813 (100.0%) - 현재 Loss: 3.5940
2025-12-08 20:24:19 - INFO - Epoch 12/20 완료:
2025-12-08 20:24:19 - INFO -   - 평균 Loss: 2.8963
2025-12-08 20:24:19 - INFO -   - Epoch 소요 시간: 33.24초
2025-12-08 20:24:19 - INFO -   - 총 경과 시간: 455.30초 (7.6분)
2025-12-08 20:24:19 - INFO -   - 예상 남은 시간: 303.53초 (5.1분)
2025-12-08 20:24:19 - INFO -   ⭐ 최고 Loss 갱신: 2.8963
2025-12-08 20:24:22 - INFO -   Epoch 13/20 - 배치 781/7813 (10.0%) - 현재 Loss: 2.1530
2025-12-08 20:24:25 - INFO -   Epoch 13/20 - 배치 1562/7813 (20.0%) - 현재 Loss: 3.8113
2025-12-08 20:24:29 - INFO -   Epoch 13/20 - 배치 2343/7813 (30.0%) - 현재 Loss: 3.9985
2025-12-08 20:24:32 - INFO -   Epoch 13/20 - 배치 3124/7813 (40.0%) - 현재 Loss: 2.0869
2025-12-08 20:24:35 - INFO -   Epoch 13/20 - 배치 3905/7813 (50.0%) - 현재 Loss: 3.0535
2025-12-08 20:24:38 - INFO -   Epoch 13/20 - 배치 4686/7813 (60.0%) - 현재 Loss: 1.7533
2025-12-08 20:24:42 - INFO -   Epoch 13/20 - 배치 5467/7813 (70.0%) - 현재 Loss: 3.9612
2025-12-08 20:24:45 - INFO -   Epoch 13/20 - 배치 6248/7813 (80.0%) - 현재 Loss: 1.6907
2025-12-08 20:24:48 - INFO -   Epoch 13/20 - 배치 7029/7813 (90.0%) - 현재 Loss: 2.0961
2025-12-08 20:24:52 - INFO -   Epoch 13/20 - 배치 7810/7813 (100.0%) - 현재 Loss: 3.5620
2025-12-08 20:24:52 - INFO - Epoch 13/20 완료:
2025-12-08 20:24:52 - INFO -   - 평균 Loss: 2.8771
2025-12-08 20:24:52 - INFO -   - Epoch 소요 시간: 33.07초
2025-12-08 20:24:52 - INFO -   - 총 경과 시간: 488.37초 (8.1분)
2025-12-08 20:24:52 - INFO -   - 예상 남은 시간: 262.97초 (4.4분)
2025-12-08 20:24:52 - INFO -   ⭐ 최고 Loss 갱신: 2.8771
2025-12-08 20:24:55 - INFO -   Epoch 14/20 - 배치 781/7813 (10.0%) - 현재 Loss: 2.1713
2025-12-08 20:24:58 - INFO -   Epoch 14/20 - 배치 1562/7813 (20.0%) - 현재 Loss: 3.8305
2025-12-08 20:25:02 - INFO -   Epoch 14/20 - 배치 2343/7813 (30.0%) - 현재 Loss: 3.9626
2025-12-08 20:25:05 - INFO -   Epoch 14/20 - 배치 3124/7813 (40.0%) - 현재 Loss: 2.0993
2025-12-08 20:25:08 - INFO -   Epoch 14/20 - 배치 3905/7813 (50.0%) - 현재 Loss: 3.0411
2025-12-08 20:25:12 - INFO -   Epoch 14/20 - 배치 4686/7813 (60.0%) - 현재 Loss: 1.7484
2025-12-08 20:25:15 - INFO -   Epoch 14/20 - 배치 5467/7813 (70.0%) - 현재 Loss: 3.9487
2025-12-08 20:25:18 - INFO -   Epoch 14/20 - 배치 6248/7813 (80.0%) - 현재 Loss: 1.6895
2025-12-08 20:25:22 - INFO -   Epoch 14/20 - 배치 7029/7813 (90.0%) - 현재 Loss: 2.0770
2025-12-08 20:25:25 - INFO -   Epoch 14/20 - 배치 7810/7813 (100.0%) - 현재 Loss: 3.5845
2025-12-08 20:25:25 - INFO - Epoch 14/20 완료:
2025-12-08 20:25:25 - INFO -   - 평균 Loss: 2.8607
2025-12-08 20:25:25 - INFO -   - Epoch 소요 시간: 33.18초
2025-12-08 20:25:25 - INFO -   - 총 경과 시간: 521.55초 (8.7분)
2025-12-08 20:25:25 - INFO -   - 예상 남은 시간: 223.52초 (3.7분)
2025-12-08 20:25:25 - INFO -   ⭐ 최고 Loss 갱신: 2.8607
2025-12-08 20:25:28 - INFO -   Epoch 15/20 - 배치 781/7813 (10.0%) - 현재 Loss: 2.1755
2025-12-08 20:25:31 - INFO -   Epoch 15/20 - 배치 1562/7813 (20.0%) - 현재 Loss: 3.7453
2025-12-08 20:25:35 - INFO -   Epoch 15/20 - 배치 2343/7813 (30.0%) - 현재 Loss: 3.7768
2025-12-08 20:25:38 - INFO -   Epoch 15/20 - 배치 3124/7813 (40.0%) - 현재 Loss: 2.0936
2025-12-08 20:25:41 - INFO -   Epoch 15/20 - 배치 3905/7813 (50.0%) - 현재 Loss: 2.9490
2025-12-08 20:25:45 - INFO -   Epoch 15/20 - 배치 4686/7813 (60.0%) - 현재 Loss: 1.7428
2025-12-08 20:25:48 - INFO -   Epoch 15/20 - 배치 5467/7813 (70.0%) - 현재 Loss: 4.0074
2025-12-08 20:25:51 - INFO -   Epoch 15/20 - 배치 6248/7813 (80.0%) - 현재 Loss: 1.6866
2025-12-08 20:25:55 - INFO -   Epoch 15/20 - 배치 7029/7813 (90.0%) - 현재 Loss: 2.0776
2025-12-08 20:25:58 - INFO -   Epoch 15/20 - 배치 7810/7813 (100.0%) - 현재 Loss: 3.5292
2025-12-08 20:25:58 - INFO - Epoch 15/20 완료:
2025-12-08 20:25:58 - INFO -   - 평균 Loss: 2.8448
2025-12-08 20:25:58 - INFO -   - Epoch 소요 시간: 33.02초
2025-12-08 20:25:58 - INFO -   - 총 경과 시간: 554.57초 (9.2분)
2025-12-08 20:25:58 - INFO -   - 예상 남은 시간: 184.86초 (3.1분)
2025-12-08 20:25:58 - INFO -   ⭐ 최고 Loss 갱신: 2.8448
2025-12-08 20:26:01 - INFO -   Epoch 16/20 - 배치 781/7813 (10.0%) - 현재 Loss: 2.1744
2025-12-08 20:26:04 - INFO -   Epoch 16/20 - 배치 1562/7813 (20.0%) - 현재 Loss: 3.6894
2025-12-08 20:26:08 - INFO -   Epoch 16/20 - 배치 2343/7813 (30.0%) - 현재 Loss: 3.8116
2025-12-08 20:26:11 - INFO -   Epoch 16/20 - 배치 3124/7813 (40.0%) - 현재 Loss: 2.1044
2025-12-08 20:26:14 - INFO -   Epoch 16/20 - 배치 3905/7813 (50.0%) - 현재 Loss: 2.8888
2025-12-08 20:26:17 - INFO -   Epoch 16/20 - 배치 4686/7813 (60.0%) - 현재 Loss: 1.7421
2025-12-08 20:26:21 - INFO -   Epoch 16/20 - 배치 5467/7813 (70.0%) - 현재 Loss: 3.9761
2025-12-08 20:26:24 - INFO -   Epoch 16/20 - 배치 6248/7813 (80.0%) - 현재 Loss: 1.6890
2025-12-08 20:26:27 - INFO -   Epoch 16/20 - 배치 7029/7813 (90.0%) - 현재 Loss: 2.0689
2025-12-08 20:26:30 - INFO -   Epoch 16/20 - 배치 7810/7813 (100.0%) - 현재 Loss: 3.5878
2025-12-08 20:26:30 - INFO - Epoch 16/20 완료:
2025-12-08 20:26:30 - INFO -   - 평균 Loss: 2.8297
2025-12-08 20:26:30 - INFO -   - Epoch 소요 시간: 32.24초
2025-12-08 20:26:30 - INFO -   - 총 경과 시간: 586.81초 (9.8분)
2025-12-08 20:26:30 - INFO -   - 예상 남은 시간: 146.70초 (2.4분)
2025-12-08 20:26:30 - INFO -   ⭐ 최고 Loss 갱신: 2.8297
2025-12-08 20:26:33 - INFO -   Epoch 17/20 - 배치 781/7813 (10.0%) - 현재 Loss: 2.1688
2025-12-08 20:26:36 - INFO -   Epoch 17/20 - 배치 1562/7813 (20.0%) - 현재 Loss: 3.7115
2025-12-08 20:26:40 - INFO -   Epoch 17/20 - 배치 2343/7813 (30.0%) - 현재 Loss: 3.5254
2025-12-08 20:26:43 - INFO -   Epoch 17/20 - 배치 3124/7813 (40.0%) - 현재 Loss: 2.1013
2025-12-08 20:26:46 - INFO -   Epoch 17/20 - 배치 3905/7813 (50.0%) - 현재 Loss: 2.8933
2025-12-08 20:26:49 - INFO -   Epoch 17/20 - 배치 4686/7813 (60.0%) - 현재 Loss: 1.7398
2025-12-08 20:26:53 - INFO -   Epoch 17/20 - 배치 5467/7813 (70.0%) - 현재 Loss: 4.0085
2025-12-08 20:26:56 - INFO -   Epoch 17/20 - 배치 6248/7813 (80.0%) - 현재 Loss: 1.6873
2025-12-08 20:26:59 - INFO -   Epoch 17/20 - 배치 7029/7813 (90.0%) - 현재 Loss: 2.0700
2025-12-08 20:27:02 - INFO -   Epoch 17/20 - 배치 7810/7813 (100.0%) - 현재 Loss: 3.5191
2025-12-08 20:27:02 - INFO - Epoch 17/20 완료:
2025-12-08 20:27:02 - INFO -   - 평균 Loss: 2.8159
2025-12-08 20:27:02 - INFO -   - Epoch 소요 시간: 32.05초
2025-12-08 20:27:02 - INFO -   - 총 경과 시간: 618.86초 (10.3분)
2025-12-08 20:27:02 - INFO -   - 예상 남은 시간: 109.21초 (1.8분)
2025-12-08 20:27:02 - INFO -   ⭐ 최고 Loss 갱신: 2.8159
2025-12-08 20:27:05 - INFO -   Epoch 18/20 - 배치 781/7813 (10.0%) - 현재 Loss: 2.1664
2025-12-08 20:27:09 - INFO -   Epoch 18/20 - 배치 1562/7813 (20.0%) - 현재 Loss: 3.5831
2025-12-08 20:27:12 - INFO -   Epoch 18/20 - 배치 2343/7813 (30.0%) - 현재 Loss: 3.4939
2025-12-08 20:27:15 - INFO -   Epoch 18/20 - 배치 3124/7813 (40.0%) - 현재 Loss: 2.1003
2025-12-08 20:27:18 - INFO -   Epoch 18/20 - 배치 3905/7813 (50.0%) - 현재 Loss: 2.8848
2025-12-08 20:27:21 - INFO -   Epoch 18/20 - 배치 4686/7813 (60.0%) - 현재 Loss: 1.7407
2025-12-08 20:27:25 - INFO -   Epoch 18/20 - 배치 5467/7813 (70.0%) - 현재 Loss: 4.0093
2025-12-08 20:27:28 - INFO -   Epoch 18/20 - 배치 6248/7813 (80.0%) - 현재 Loss: 1.6762
2025-12-08 20:27:31 - INFO -   Epoch 18/20 - 배치 7029/7813 (90.0%) - 현재 Loss: 2.0674
2025-12-08 20:27:34 - INFO -   Epoch 18/20 - 배치 7810/7813 (100.0%) - 현재 Loss: 3.5014
2025-12-08 20:27:34 - INFO - Epoch 18/20 완료:
2025-12-08 20:27:34 - INFO -   - 평균 Loss: 2.8023
2025-12-08 20:27:34 - INFO -   - Epoch 소요 시간: 32.00초
2025-12-08 20:27:34 - INFO -   - 총 경과 시간: 650.86초 (10.8분)
2025-12-08 20:27:34 - INFO -   - 예상 남은 시간: 72.32초 (1.2분)
2025-12-08 20:27:34 - INFO -   ⭐ 최고 Loss 갱신: 2.8023
2025-12-08 20:27:37 - INFO -   Epoch 19/20 - 배치 781/7813 (10.0%) - 현재 Loss: 2.1706
2025-12-08 20:27:41 - INFO -   Epoch 19/20 - 배치 1562/7813 (20.0%) - 현재 Loss: 3.5569
2025-12-08 20:27:44 - INFO -   Epoch 19/20 - 배치 2343/7813 (30.0%) - 현재 Loss: 3.3126
2025-12-08 20:27:47 - INFO -   Epoch 19/20 - 배치 3124/7813 (40.0%) - 현재 Loss: 2.0939
2025-12-08 20:27:50 - INFO -   Epoch 19/20 - 배치 3905/7813 (50.0%) - 현재 Loss: 2.9124
2025-12-08 20:27:54 - INFO -   Epoch 19/20 - 배치 4686/7813 (60.0%) - 현재 Loss: 1.7483
2025-12-08 20:27:57 - INFO -   Epoch 19/20 - 배치 5467/7813 (70.0%) - 현재 Loss: 4.0180
2025-12-08 20:28:00 - INFO -   Epoch 19/20 - 배치 6248/7813 (80.0%) - 현재 Loss: 1.6780
2025-12-08 20:28:03 - INFO -   Epoch 19/20 - 배치 7029/7813 (90.0%) - 현재 Loss: 2.0680
2025-12-08 20:28:07 - INFO -   Epoch 19/20 - 배치 7810/7813 (100.0%) - 현재 Loss: 3.4629
2025-12-08 20:28:07 - INFO - Epoch 19/20 완료:
2025-12-08 20:28:07 - INFO -   - 평균 Loss: 2.7916
2025-12-08 20:28:07 - INFO -   - Epoch 소요 시간: 32.52초
2025-12-08 20:28:07 - INFO -   - 총 경과 시간: 683.38초 (11.4분)
2025-12-08 20:28:07 - INFO -   - 예상 남은 시간: 35.97초 (0.6분)
2025-12-08 20:28:07 - INFO -   ⭐ 최고 Loss 갱신: 2.7916
2025-12-08 20:28:10 - INFO -   Epoch 20/20 - 배치 781/7813 (10.0%) - 현재 Loss: 2.1692
2025-12-08 20:28:13 - INFO -   Epoch 20/20 - 배치 1562/7813 (20.0%) - 현재 Loss: 3.6022
2025-12-08 20:28:16 - INFO -   Epoch 20/20 - 배치 2343/7813 (30.0%) - 현재 Loss: 3.1650
2025-12-08 20:28:20 - INFO -   Epoch 20/20 - 배치 3124/7813 (40.0%) - 현재 Loss: 2.0759
2025-12-08 20:28:23 - INFO -   Epoch 20/20 - 배치 3905/7813 (50.0%) - 현재 Loss: 2.8527
2025-12-08 20:28:26 - INFO -   Epoch 20/20 - 배치 4686/7813 (60.0%) - 현재 Loss: 1.7556
2025-12-08 20:28:29 - INFO -   Epoch 20/20 - 배치 5467/7813 (70.0%) - 현재 Loss: 3.9480
2025-12-08 20:28:32 - INFO -   Epoch 20/20 - 배치 6248/7813 (80.0%) - 현재 Loss: 1.6792
2025-12-08 20:28:35 - INFO -   Epoch 20/20 - 배치 7029/7813 (90.0%) - 현재 Loss: 2.0709
2025-12-08 20:28:39 - INFO -   Epoch 20/20 - 배치 7810/7813 (100.0%) - 현재 Loss: 3.5147
2025-12-08 20:28:39 - INFO - Epoch 20/20 완료:
2025-12-08 20:28:39 - INFO -   - 평균 Loss: 2.7802
2025-12-08 20:28:39 - INFO -   - Epoch 소요 시간: 31.98초
2025-12-08 20:28:39 - INFO -   - 총 경과 시간: 715.37초 (11.9분)
2025-12-08 20:28:39 - INFO -   ⭐ 최고 Loss 갱신: 2.7802
2025-12-08 20:28:39 - INFO - 
============================================================
2025-12-08 20:28:39 - INFO - ✅ DeepLog 모델 학습 완료
2025-12-08 20:28:39 - INFO -   - 총 소요 시간: 715.37초 (11.9분)
2025-12-08 20:28:39 - INFO -   - 최종 Loss: 2.7802
2025-12-08 20:28:39 - INFO -   - 최고 Loss: 2.7802
2025-12-08 20:28:39 - INFO - ============================================================
