2025-12-08 18:21:24 - INFO - 📝 학습 로그 파일: /Users/zzangdol/PycharmProjects/zzangdol/pattern/prelog/logs/training/deeplog_training_20251208_182124.log
2025-12-08 18:21:24 - INFO - ============================================================
2025-12-08 18:21:24 - INFO - DeepLog 모델 학습 시작
2025-12-08 18:21:24 - INFO - ============================================================
2025-12-08 18:21:24 - INFO - 학습 파라미터:
2025-12-08 18:21:24 - INFO -   - Epochs: 5
2025-12-08 18:21:24 - INFO -   - Batch Size: 128
2025-12-08 18:21:24 - INFO -   - Learning Rate: 0.001
2025-12-08 18:21:24 - INFO -   - 학습 데이터: 61,144개 로그
2025-12-08 18:21:24 - INFO - 시퀀스 준비 중...
2025-12-08 18:21:24 - INFO -   템플릿 사전 구축 중...
2025-12-08 18:21:24 - INFO -   ✅ 템플릿 사전 구축 완료: 713개 템플릿
2025-12-08 18:21:24 - INFO -   시퀀스 생성 중: 예상 61,134개 시퀀스...
2025-12-08 18:21:24 - INFO -   예상 메모리 사용량: 2.3 MB
2025-12-08 18:21:24 - INFO -   시퀀스 생성 진행: 3,056/61,134 (5.0%) - 경과: 0.2초 - 예상 남은 시간: 4.2초 (0.1분)
2025-12-08 18:21:24 - INFO -   시퀀스 생성 진행: 6,112/61,134 (10.0%) - 경과: 0.4초 - 예상 남은 시간: 3.9초 (0.1분)
2025-12-08 18:21:25 - INFO -   시퀀스 생성 진행: 9,168/61,134 (15.0%) - 경과: 0.6초 - 예상 남은 시간: 3.7초 (0.1분)
2025-12-08 18:21:25 - INFO -   시퀀스 생성 진행: 12,224/61,134 (20.0%) - 경과: 0.9초 - 예상 남은 시간: 3.4초 (0.1분)
2025-12-08 18:21:25 - INFO -   시퀀스 생성 진행: 15,280/61,134 (25.0%) - 경과: 1.1초 - 예상 남은 시간: 3.2초 (0.1분)
2025-12-08 18:21:25 - INFO -   시퀀스 생성 진행: 18,336/61,134 (30.0%) - 경과: 1.3초 - 예상 남은 시간: 3.0초 (0.1분)
2025-12-08 18:21:25 - INFO -   시퀀스 생성 진행: 21,392/61,134 (35.0%) - 경과: 1.5초 - 예상 남은 시간: 2.8초 (0.0분)
2025-12-08 18:21:26 - INFO -   시퀀스 생성 진행: 24,448/61,134 (40.0%) - 경과: 1.8초 - 예상 남은 시간: 2.7초 (0.0분)
2025-12-08 18:21:26 - INFO -   시퀀스 생성 진행: 27,504/61,134 (45.0%) - 경과: 2.0초 - 예상 남은 시간: 2.4초 (0.0분)
2025-12-08 18:21:26 - INFO -   시퀀스 생성 진행: 30,560/61,134 (50.0%) - 경과: 2.2초 - 예상 남은 시간: 2.2초 (0.0분)
2025-12-08 18:21:26 - INFO -   시퀀스 생성 진행: 33,616/61,134 (55.0%) - 경과: 2.4초 - 예상 남은 시간: 2.0초 (0.0분)
2025-12-08 18:21:27 - INFO -   시퀀스 생성 진행: 36,672/61,134 (60.0%) - 경과: 2.6초 - 예상 남은 시간: 1.8초 (0.0분)
2025-12-08 18:21:27 - INFO -   시퀀스 생성 진행: 39,728/61,134 (65.0%) - 경과: 2.9초 - 예상 남은 시간: 1.5초 (0.0분)
2025-12-08 18:21:27 - INFO -   시퀀스 생성 진행: 42,784/61,134 (70.0%) - 경과: 3.1초 - 예상 남은 시간: 1.3초 (0.0분)
2025-12-08 18:21:27 - INFO -   시퀀스 생성 진행: 45,840/61,134 (75.0%) - 경과: 3.3초 - 예상 남은 시간: 1.1초 (0.0분)
2025-12-08 18:21:27 - INFO -   시퀀스 생성 진행: 48,896/61,134 (80.0%) - 경과: 3.5초 - 예상 남은 시간: 0.9초 (0.0분)
2025-12-08 18:21:28 - INFO -   시퀀스 생성 진행: 51,952/61,134 (85.0%) - 경과: 3.7초 - 예상 남은 시간: 0.7초 (0.0분)
2025-12-08 18:21:28 - INFO -   시퀀스 생성 진행: 55,008/61,134 (90.0%) - 경과: 3.9초 - 예상 남은 시간: 0.4초 (0.0분)
2025-12-08 18:21:28 - INFO -   시퀀스 생성 진행: 58,064/61,134 (95.0%) - 경과: 4.2초 - 예상 남은 시간: 0.2초 (0.0분)
2025-12-08 18:21:28 - INFO -   시퀀스 생성 진행: 61,120/61,134 (100.0%) - 경과: 4.4초 - 예상 남은 시간: 0.0초 (0.0분)
2025-12-08 18:21:28 - INFO -   시퀀스 생성 진행: 61,134/61,134 (100.0%) - 경과: 4.4초 - 예상 남은 시간: 0.0초 (0.0분)
2025-12-08 18:21:28 - INFO - ✅ 시퀀스 준비 완료: 61,134개
2025-12-08 18:21:28 - INFO -   - 어휘 크기: 714
2025-12-08 18:21:28 - INFO -    💡 원본 로그 데이터 메모리 해제 완료
2025-12-08 18:21:28 - INFO - 모델 구축 중...
2025-12-08 18:21:28 - INFO - ✅ 모델 구축 완료
2025-12-08 18:21:28 - INFO - 데이터 텐서 변환 중...
2025-12-08 18:21:28 - INFO - ✅ 텐서 변환 완료: 478개 배치
2025-12-08 18:21:28 - INFO -    💡 NumPy 배열 메모리 해제 완료 (텐서만 메모리에 유지)
2025-12-08 18:21:29 - INFO - 
============================================================
2025-12-08 18:21:29 - INFO - 학습 시작
2025-12-08 18:21:29 - INFO - ============================================================
2025-12-08 18:21:29 - INFO -   Epoch 1/5 - 배치 47/478 (9.8%) - 현재 Loss: 2.8386
2025-12-08 18:21:29 - INFO -   Epoch 1/5 - 배치 94/478 (19.7%) - 현재 Loss: 1.9101
2025-12-08 18:21:29 - INFO -   Epoch 1/5 - 배치 141/478 (29.5%) - 현재 Loss: 1.7358
2025-12-08 18:21:30 - INFO -   Epoch 1/5 - 배치 188/478 (39.3%) - 현재 Loss: 2.0042
2025-12-08 18:21:30 - INFO -   Epoch 1/5 - 배치 235/478 (49.2%) - 현재 Loss: 1.8162
2025-12-08 18:21:30 - INFO -   Epoch 1/5 - 배치 282/478 (59.0%) - 현재 Loss: 1.4872
2025-12-08 18:21:30 - INFO -   Epoch 1/5 - 배치 329/478 (68.8%) - 현재 Loss: 1.2641
2025-12-08 18:21:30 - INFO -   Epoch 1/5 - 배치 376/478 (78.7%) - 현재 Loss: 1.3216
2025-12-08 18:21:31 - INFO -   Epoch 1/5 - 배치 423/478 (88.5%) - 현재 Loss: 1.2163
2025-12-08 18:21:31 - INFO -   Epoch 1/5 - 배치 470/478 (98.3%) - 현재 Loss: 1.1461
2025-12-08 18:21:31 - INFO - Epoch 1/5 완료:
2025-12-08 18:21:31 - INFO -   - 평균 Loss: 2.0962
2025-12-08 18:21:31 - INFO -   - Epoch 소요 시간: 1.95초
2025-12-08 18:21:31 - INFO -   - 총 경과 시간: 7.05초 (0.1분)
2025-12-08 18:21:31 - INFO -   ⭐ 최고 Loss 갱신: 2.0962
2025-12-08 18:21:31 - INFO -   Epoch 2/5 - 배치 47/478 (9.8%) - 현재 Loss: 1.8233
2025-12-08 18:21:31 - INFO -   Epoch 2/5 - 배치 94/478 (19.7%) - 현재 Loss: 1.0492
2025-12-08 18:21:31 - INFO -   Epoch 2/5 - 배치 141/478 (29.5%) - 현재 Loss: 0.8008
2025-12-08 18:21:32 - INFO -   Epoch 2/5 - 배치 188/478 (39.3%) - 현재 Loss: 0.9855
2025-12-08 18:21:32 - INFO -   Epoch 2/5 - 배치 235/478 (49.2%) - 현재 Loss: 0.9189
2025-12-08 18:21:32 - INFO -   Epoch 2/5 - 배치 282/478 (59.0%) - 현재 Loss: 0.8443
2025-12-08 18:21:32 - INFO -   Epoch 2/5 - 배치 329/478 (68.8%) - 현재 Loss: 0.7301
2025-12-08 18:21:32 - INFO -   Epoch 2/5 - 배치 376/478 (78.7%) - 현재 Loss: 0.8702
2025-12-08 18:21:33 - INFO -   Epoch 2/5 - 배치 423/478 (88.5%) - 현재 Loss: 0.8204
2025-12-08 18:21:33 - INFO -   Epoch 2/5 - 배치 470/478 (98.3%) - 현재 Loss: 0.8346
2025-12-08 18:21:33 - INFO - Epoch 2/5 완료:
2025-12-08 18:21:33 - INFO -   - 평균 Loss: 1.1436
2025-12-08 18:21:33 - INFO -   - Epoch 소요 시간: 2.12초
2025-12-08 18:21:33 - INFO -   - 총 경과 시간: 9.17초 (0.2분)
2025-12-08 18:21:33 - INFO -   - 예상 남은 시간: 13.76초 (0.2분)
2025-12-08 18:21:33 - INFO -   ⭐ 최고 Loss 갱신: 1.1436
2025-12-08 18:21:33 - INFO -   Epoch 3/5 - 배치 47/478 (9.8%) - 현재 Loss: 1.3737
2025-12-08 18:21:33 - INFO -   Epoch 3/5 - 배치 94/478 (19.7%) - 현재 Loss: 0.7972
2025-12-08 18:21:33 - INFO -   Epoch 3/5 - 배치 141/478 (29.5%) - 현재 Loss: 0.6168
2025-12-08 18:21:34 - INFO -   Epoch 3/5 - 배치 188/478 (39.3%) - 현재 Loss: 0.7767
2025-12-08 18:21:34 - INFO -   Epoch 3/5 - 배치 235/478 (49.2%) - 현재 Loss: 0.7899
2025-12-08 18:21:34 - INFO -   Epoch 3/5 - 배치 282/478 (59.0%) - 현재 Loss: 0.7533
2025-12-08 18:21:34 - INFO -   Epoch 3/5 - 배치 329/478 (68.8%) - 현재 Loss: 0.6530
2025-12-08 18:21:34 - INFO -   Epoch 3/5 - 배치 376/478 (78.7%) - 현재 Loss: 0.7599
2025-12-08 18:21:35 - INFO -   Epoch 3/5 - 배치 423/478 (88.5%) - 현재 Loss: 0.7358
2025-12-08 18:21:35 - INFO -   Epoch 3/5 - 배치 470/478 (98.3%) - 현재 Loss: 0.7778
2025-12-08 18:21:35 - INFO - Epoch 3/5 완료:
2025-12-08 18:21:35 - INFO -   - 평균 Loss: 0.9625
2025-12-08 18:21:35 - INFO -   - Epoch 소요 시간: 1.97초
2025-12-08 18:21:35 - INFO -   - 총 경과 시간: 11.14초 (0.2분)
2025-12-08 18:21:35 - INFO -   - 예상 남은 시간: 7.43초 (0.1분)
2025-12-08 18:21:35 - INFO -   ⭐ 최고 Loss 갱신: 0.9625
2025-12-08 18:21:35 - INFO -   Epoch 4/5 - 배치 47/478 (9.8%) - 현재 Loss: 1.1526
2025-12-08 18:21:35 - INFO -   Epoch 4/5 - 배치 94/478 (19.7%) - 현재 Loss: 0.7393
2025-12-08 18:21:35 - INFO -   Epoch 4/5 - 배치 141/478 (29.5%) - 현재 Loss: 0.6082
2025-12-08 18:21:36 - INFO -   Epoch 4/5 - 배치 188/478 (39.3%) - 현재 Loss: 0.7314
2025-12-08 18:21:36 - INFO -   Epoch 4/5 - 배치 235/478 (49.2%) - 현재 Loss: 0.7595
2025-12-08 18:21:36 - INFO -   Epoch 4/5 - 배치 282/478 (59.0%) - 현재 Loss: 0.7094
2025-12-08 18:21:36 - INFO -   Epoch 4/5 - 배치 329/478 (68.8%) - 현재 Loss: 0.6340
2025-12-08 18:21:36 - INFO -   Epoch 4/5 - 배치 376/478 (78.7%) - 현재 Loss: 0.7058
2025-12-08 18:21:37 - INFO -   Epoch 4/5 - 배치 423/478 (88.5%) - 현재 Loss: 0.7059
2025-12-08 18:21:37 - INFO -   Epoch 4/5 - 배치 470/478 (98.3%) - 현재 Loss: 0.7517
2025-12-08 18:21:37 - INFO - Epoch 4/5 완료:
2025-12-08 18:21:37 - INFO -   - 평균 Loss: 0.9046
2025-12-08 18:21:37 - INFO -   - Epoch 소요 시간: 1.98초
2025-12-08 18:21:37 - INFO -   - 총 경과 시간: 13.12초 (0.2분)
2025-12-08 18:21:37 - INFO -   - 예상 남은 시간: 3.28초 (0.1분)
2025-12-08 18:21:37 - INFO -   ⭐ 최고 Loss 갱신: 0.9046
2025-12-08 18:21:37 - INFO -   Epoch 5/5 - 배치 47/478 (9.8%) - 현재 Loss: 1.0589
2025-12-08 18:21:37 - INFO -   Epoch 5/5 - 배치 94/478 (19.7%) - 현재 Loss: 0.7180
2025-12-08 18:21:37 - INFO -   Epoch 5/5 - 배치 141/478 (29.5%) - 현재 Loss: 0.6076
2025-12-08 18:21:38 - INFO -   Epoch 5/5 - 배치 188/478 (39.3%) - 현재 Loss: 0.7169
2025-12-08 18:21:38 - INFO -   Epoch 5/5 - 배치 235/478 (49.2%) - 현재 Loss: 0.7368
2025-12-08 18:21:38 - INFO -   Epoch 5/5 - 배치 282/478 (59.0%) - 현재 Loss: 0.6924
2025-12-08 18:21:38 - INFO -   Epoch 5/5 - 배치 329/478 (68.8%) - 현재 Loss: 0.6246
2025-12-08 18:21:38 - INFO -   Epoch 5/5 - 배치 376/478 (78.7%) - 현재 Loss: 0.6853
2025-12-08 18:21:39 - INFO -   Epoch 5/5 - 배치 423/478 (88.5%) - 현재 Loss: 0.6817
2025-12-08 18:21:39 - INFO -   Epoch 5/5 - 배치 470/478 (98.3%) - 현재 Loss: 0.7321
2025-12-08 18:21:39 - INFO - Epoch 5/5 완료:
2025-12-08 18:21:39 - INFO -   - 평균 Loss: 0.8722
2025-12-08 18:21:39 - INFO -   - Epoch 소요 시간: 1.96초
2025-12-08 18:21:39 - INFO -   - 총 경과 시간: 15.09초 (0.3분)
2025-12-08 18:21:39 - INFO -   ⭐ 최고 Loss 갱신: 0.8722
2025-12-08 18:21:39 - INFO - 
============================================================
2025-12-08 18:21:39 - INFO - ✅ DeepLog 모델 학습 완료
2025-12-08 18:21:39 - INFO -   - 총 소요 시간: 15.09초 (0.3분)
2025-12-08 18:21:39 - INFO -   - 최종 Loss: 0.8722
2025-12-08 18:21:39 - INFO -   - 최고 Loss: 0.8722
2025-12-08 18:21:39 - INFO - ============================================================
