2025-12-08 19:14:22 - INFO - 📝 학습 로그 파일: /Users/zzangdol/PycharmProjects/zzangdol/pattern/prelog/logs/training/deeplog_training_20251208_191422.log
2025-12-08 19:14:22 - INFO - ============================================================
2025-12-08 19:14:22 - INFO - DeepLog 모델 학습 시작
2025-12-08 19:14:22 - INFO - ============================================================
2025-12-08 19:14:22 - INFO - 학습 파라미터:
2025-12-08 19:14:22 - INFO -   - Epochs: 20
2025-12-08 19:14:22 - INFO -   - Batch Size: 64
2025-12-08 19:14:22 - INFO -   - Learning Rate: 0.001
2025-12-08 19:14:22 - INFO -   - 학습 데이터: 500,000개 로그
2025-12-08 19:14:22 - INFO - 시퀀스 준비 중...
2025-12-08 19:14:22 - INFO -   템플릿 사전 구축 중...
2025-12-08 19:14:24 - INFO -   ✅ 템플릿 사전 구축 완료: 7,740개 템플릿
2025-12-08 19:14:24 - INFO -   시퀀스 생성 중: 예상 499,990개 시퀀스...
2025-12-08 19:14:24 - INFO -   예상 메모리 사용량: 19.1 MB
2025-12-08 19:14:26 - INFO -   시퀀스 생성 진행: 24,999/499,990 (5.0%) - 경과: 1.9초 - 예상 남은 시간: 35.7초 (0.6분)
2025-12-08 19:14:28 - INFO -   시퀀스 생성 진행: 49,998/499,990 (10.0%) - 경과: 3.7초 - 예상 남은 시간: 33.1초 (0.6분)
2025-12-08 19:14:30 - INFO -   시퀀스 생성 진행: 74,997/499,990 (15.0%) - 경과: 5.5초 - 예상 남은 시간: 31.2초 (0.5분)
2025-12-08 19:14:31 - INFO -   시퀀스 생성 진행: 99,996/499,990 (20.0%) - 경과: 7.4초 - 예상 남은 시간: 29.4초 (0.5분)
2025-12-08 19:14:33 - INFO -   시퀀스 생성 진행: 124,995/499,990 (25.0%) - 경과: 9.2초 - 예상 남은 시간: 27.5초 (0.5분)
2025-12-08 19:14:35 - INFO -   시퀀스 생성 진행: 149,994/499,990 (30.0%) - 경과: 11.0초 - 예상 남은 시간: 25.7초 (0.4분)
2025-12-08 19:14:37 - INFO -   시퀀스 생성 진행: 174,993/499,990 (35.0%) - 경과: 12.9초 - 예상 남은 시간: 23.9초 (0.4분)
2025-12-08 19:14:39 - INFO -   시퀀스 생성 진행: 199,992/499,990 (40.0%) - 경과: 14.7초 - 예상 남은 시간: 22.1초 (0.4분)
2025-12-08 19:14:41 - INFO -   시퀀스 생성 진행: 224,991/499,990 (45.0%) - 경과: 16.6초 - 예상 남은 시간: 20.2초 (0.3분)
2025-12-08 19:14:42 - INFO -   시퀀스 생성 진행: 249,990/499,990 (50.0%) - 경과: 18.4초 - 예상 남은 시간: 18.4초 (0.3분)
2025-12-08 19:14:44 - INFO -   시퀀스 생성 진행: 274,989/499,990 (55.0%) - 경과: 20.3초 - 예상 남은 시간: 16.6초 (0.3분)
2025-12-08 19:14:46 - INFO -   시퀀스 생성 진행: 299,988/499,990 (60.0%) - 경과: 22.2초 - 예상 남은 시간: 14.8초 (0.2분)
2025-12-08 19:14:48 - INFO -   시퀀스 생성 진행: 324,987/499,990 (65.0%) - 경과: 24.1초 - 예상 남은 시간: 13.0초 (0.2분)
2025-12-08 19:14:50 - INFO -   시퀀스 생성 진행: 349,986/499,990 (70.0%) - 경과: 26.0초 - 예상 남은 시간: 11.1초 (0.2분)
2025-12-08 19:14:52 - INFO -   시퀀스 생성 진행: 374,985/499,990 (75.0%) - 경과: 27.9초 - 예상 남은 시간: 9.3초 (0.2분)
2025-12-08 19:14:54 - INFO -   시퀀스 생성 진행: 399,984/499,990 (80.0%) - 경과: 29.8초 - 예상 남은 시간: 7.4초 (0.1분)
2025-12-08 19:14:56 - INFO -   시퀀스 생성 진행: 424,983/499,990 (85.0%) - 경과: 31.8초 - 예상 남은 시간: 5.6초 (0.1분)
2025-12-08 19:14:58 - INFO -   시퀀스 생성 진행: 449,982/499,990 (90.0%) - 경과: 33.9초 - 예상 남은 시간: 3.8초 (0.1분)
2025-12-08 19:15:00 - INFO -   시퀀스 생성 진행: 474,981/499,990 (95.0%) - 경과: 36.0초 - 예상 남은 시간: 1.9초 (0.0분)
2025-12-08 19:15:02 - INFO -   시퀀스 생성 진행: 499,980/499,990 (100.0%) - 경과: 38.1초 - 예상 남은 시간: 0.0초 (0.0분)
2025-12-08 19:15:02 - INFO -   시퀀스 생성 진행: 499,990/499,990 (100.0%) - 경과: 38.1초 - 예상 남은 시간: 0.0초 (0.0분)
2025-12-08 19:15:02 - INFO - ✅ 시퀀스 준비 완료: 499,990개
2025-12-08 19:15:02 - INFO -   - 어휘 크기: 7,741
2025-12-08 19:15:02 - INFO -    💡 원본 로그 데이터 메모리 해제 완료
2025-12-08 19:15:02 - INFO - 모델 구축 중...
2025-12-08 19:15:02 - INFO - ✅ 모델 구축 완료
2025-12-08 19:15:02 - INFO - 데이터 텐서 변환 중...
2025-12-08 19:15:02 - INFO - ✅ 텐서 변환 완료: 7,813개 배치
2025-12-08 19:15:02 - INFO -    💡 NumPy 배열 메모리 해제 완료 (텐서만 메모리에 유지)
2025-12-08 19:15:03 - INFO - 
============================================================
2025-12-08 19:15:03 - INFO - 학습 시작
2025-12-08 19:15:03 - INFO - ============================================================
2025-12-08 19:15:06 - INFO -   Epoch 1/20 - 배치 781/7813 (10.0%) - 현재 Loss: 2.2482
2025-12-08 19:15:09 - INFO -   Epoch 1/20 - 배치 1562/7813 (20.0%) - 현재 Loss: 5.3519
2025-12-08 19:15:13 - INFO -   Epoch 1/20 - 배치 2343/7813 (30.0%) - 현재 Loss: 7.5774
2025-12-08 19:15:16 - INFO -   Epoch 1/20 - 배치 3124/7813 (40.0%) - 현재 Loss: 2.1597
2025-12-08 19:15:19 - INFO -   Epoch 1/20 - 배치 3905/7813 (50.0%) - 현재 Loss: 4.6981
2025-12-08 19:15:22 - INFO -   Epoch 1/20 - 배치 4686/7813 (60.0%) - 현재 Loss: 1.8072
2025-12-08 19:15:26 - INFO -   Epoch 1/20 - 배치 5467/7813 (70.0%) - 현재 Loss: 5.8342
2025-12-08 19:15:29 - INFO -   Epoch 1/20 - 배치 6248/7813 (80.0%) - 현재 Loss: 1.6993
2025-12-08 19:15:32 - INFO -   Epoch 1/20 - 배치 7029/7813 (90.0%) - 현재 Loss: 2.1100
2025-12-08 19:15:35 - INFO -   Epoch 1/20 - 배치 7810/7813 (100.0%) - 현재 Loss: 4.5573
2025-12-08 19:15:35 - INFO - Epoch 1/20 완료:
2025-12-08 19:15:35 - INFO -   - 평균 Loss: 3.6820
2025-12-08 19:15:35 - INFO -   - Epoch 소요 시간: 32.77초
2025-12-08 19:15:35 - INFO -   - 총 경과 시간: 72.99초 (1.2분)
2025-12-08 19:15:35 - INFO -   ⭐ 최고 Loss 갱신: 3.6820
2025-12-08 19:15:39 - INFO -   Epoch 2/20 - 배치 781/7813 (10.0%) - 현재 Loss: 2.2118
2025-12-08 19:15:42 - INFO -   Epoch 2/20 - 배치 1562/7813 (20.0%) - 현재 Loss: 4.7426
2025-12-08 19:15:45 - INFO -   Epoch 2/20 - 배치 2343/7813 (30.0%) - 현재 Loss: 6.2347
2025-12-08 19:15:49 - INFO -   Epoch 2/20 - 배치 3124/7813 (40.0%) - 현재 Loss: 2.1106
2025-12-08 19:15:52 - INFO -   Epoch 2/20 - 배치 3905/7813 (50.0%) - 현재 Loss: 3.3321
2025-12-08 19:15:55 - INFO -   Epoch 2/20 - 배치 4686/7813 (60.0%) - 현재 Loss: 1.7750
2025-12-08 19:15:59 - INFO -   Epoch 2/20 - 배치 5467/7813 (70.0%) - 현재 Loss: 4.8485
2025-12-08 19:16:02 - INFO -   Epoch 2/20 - 배치 6248/7813 (80.0%) - 현재 Loss: 1.6957
2025-12-08 19:16:05 - INFO -   Epoch 2/20 - 배치 7029/7813 (90.0%) - 현재 Loss: 2.0881
2025-12-08 19:16:09 - INFO -   Epoch 2/20 - 배치 7810/7813 (100.0%) - 현재 Loss: 4.0345
2025-12-08 19:16:09 - INFO - Epoch 2/20 완료:
2025-12-08 19:16:09 - INFO -   - 평균 Loss: 3.2372
2025-12-08 19:16:09 - INFO -   - Epoch 소요 시간: 33.37초
2025-12-08 19:16:09 - INFO -   - 총 경과 시간: 106.36초 (1.8분)
2025-12-08 19:16:09 - INFO -   - 예상 남은 시간: 957.27초 (16.0분)
2025-12-08 19:16:09 - INFO -   ⭐ 최고 Loss 갱신: 3.2372
2025-12-08 19:16:12 - INFO -   Epoch 3/20 - 배치 781/7813 (10.0%) - 현재 Loss: 2.2183
2025-12-08 19:16:15 - INFO -   Epoch 3/20 - 배치 1562/7813 (20.0%) - 현재 Loss: 4.4113
2025-12-08 19:16:19 - INFO -   Epoch 3/20 - 배치 2343/7813 (30.0%) - 현재 Loss: 5.5842
2025-12-08 19:16:22 - INFO -   Epoch 3/20 - 배치 3124/7813 (40.0%) - 현재 Loss: 2.1247
2025-12-08 19:16:25 - INFO -   Epoch 3/20 - 배치 3905/7813 (50.0%) - 현재 Loss: 3.2373
2025-12-08 19:16:29 - INFO -   Epoch 3/20 - 배치 4686/7813 (60.0%) - 현재 Loss: 1.7847
2025-12-08 19:16:32 - INFO -   Epoch 3/20 - 배치 5467/7813 (70.0%) - 현재 Loss: 4.6056
2025-12-08 19:16:35 - INFO -   Epoch 3/20 - 배치 6248/7813 (80.0%) - 현재 Loss: 1.6921
2025-12-08 19:16:38 - INFO -   Epoch 3/20 - 배치 7029/7813 (90.0%) - 현재 Loss: 2.0804
2025-12-08 19:16:42 - INFO -   Epoch 3/20 - 배치 7810/7813 (100.0%) - 현재 Loss: 3.9753
2025-12-08 19:16:42 - INFO - Epoch 3/20 완료:
2025-12-08 19:16:42 - INFO -   - 평균 Loss: 3.1557
2025-12-08 19:16:42 - INFO -   - Epoch 소요 시간: 32.85초
2025-12-08 19:16:42 - INFO -   - 총 경과 시간: 139.21초 (2.3분)
2025-12-08 19:16:42 - INFO -   - 예상 남은 시간: 788.87초 (13.1분)
2025-12-08 19:16:42 - INFO -   ⭐ 최고 Loss 갱신: 3.1557
2025-12-08 19:16:45 - INFO -   Epoch 4/20 - 배치 781/7813 (10.0%) - 현재 Loss: 2.2080
2025-12-08 19:16:48 - INFO -   Epoch 4/20 - 배치 1562/7813 (20.0%) - 현재 Loss: 4.4821
2025-12-08 19:16:51 - INFO -   Epoch 4/20 - 배치 2343/7813 (30.0%) - 현재 Loss: 5.2944
2025-12-08 19:16:55 - INFO -   Epoch 4/20 - 배치 3124/7813 (40.0%) - 현재 Loss: 2.1254
2025-12-08 19:16:58 - INFO -   Epoch 4/20 - 배치 3905/7813 (50.0%) - 현재 Loss: 3.1490
2025-12-08 19:17:01 - INFO -   Epoch 4/20 - 배치 4686/7813 (60.0%) - 현재 Loss: 1.7576
2025-12-08 19:17:04 - INFO -   Epoch 4/20 - 배치 5467/7813 (70.0%) - 현재 Loss: 4.5856
2025-12-08 19:17:08 - INFO -   Epoch 4/20 - 배치 6248/7813 (80.0%) - 현재 Loss: 1.6946
2025-12-08 19:17:11 - INFO -   Epoch 4/20 - 배치 7029/7813 (90.0%) - 현재 Loss: 2.0933
2025-12-08 19:17:14 - INFO -   Epoch 4/20 - 배치 7810/7813 (100.0%) - 현재 Loss: 3.9137
2025-12-08 19:17:14 - INFO - Epoch 4/20 완료:
2025-12-08 19:17:14 - INFO -   - 평균 Loss: 3.1125
2025-12-08 19:17:14 - INFO -   - Epoch 소요 시간: 32.36초
2025-12-08 19:17:14 - INFO -   - 총 경과 시간: 171.57초 (2.9분)
2025-12-08 19:17:14 - INFO -   - 예상 남은 시간: 686.27초 (11.4분)
2025-12-08 19:17:14 - INFO -   ⭐ 최고 Loss 갱신: 3.1125
2025-12-08 19:17:17 - INFO -   Epoch 5/20 - 배치 781/7813 (10.0%) - 현재 Loss: 2.2096
2025-12-08 19:17:20 - INFO -   Epoch 5/20 - 배치 1562/7813 (20.0%) - 현재 Loss: 4.3548
2025-12-08 19:17:24 - INFO -   Epoch 5/20 - 배치 2343/7813 (30.0%) - 현재 Loss: 5.1202
2025-12-08 19:17:27 - INFO -   Epoch 5/20 - 배치 3124/7813 (40.0%) - 현재 Loss: 2.1703
2025-12-08 19:17:30 - INFO -   Epoch 5/20 - 배치 3905/7813 (50.0%) - 현재 Loss: 3.1252
2025-12-08 19:17:33 - INFO -   Epoch 5/20 - 배치 4686/7813 (60.0%) - 현재 Loss: 1.7714
2025-12-08 19:17:36 - INFO -   Epoch 5/20 - 배치 5467/7813 (70.0%) - 현재 Loss: 4.4506
2025-12-08 19:17:40 - INFO -   Epoch 5/20 - 배치 6248/7813 (80.0%) - 현재 Loss: 1.6939
2025-12-08 19:17:43 - INFO -   Epoch 5/20 - 배치 7029/7813 (90.0%) - 현재 Loss: 2.0972
2025-12-08 19:17:46 - INFO -   Epoch 5/20 - 배치 7810/7813 (100.0%) - 현재 Loss: 3.8332
2025-12-08 19:17:46 - INFO - Epoch 5/20 완료:
2025-12-08 19:17:46 - INFO -   - 평균 Loss: 3.0693
2025-12-08 19:17:46 - INFO -   - Epoch 소요 시간: 32.04초
2025-12-08 19:17:46 - INFO -   - 총 경과 시간: 203.61초 (3.4분)
2025-12-08 19:17:46 - INFO -   - 예상 남은 시간: 610.84초 (10.2분)
2025-12-08 19:17:46 - INFO -   ⭐ 최고 Loss 갱신: 3.0693
2025-12-08 19:17:50 - INFO -   Epoch 6/20 - 배치 781/7813 (10.0%) - 현재 Loss: 2.2166
2025-12-08 19:17:53 - INFO -   Epoch 6/20 - 배치 1562/7813 (20.0%) - 현재 Loss: 4.3112
2025-12-08 19:17:56 - INFO -   Epoch 6/20 - 배치 2343/7813 (30.0%) - 현재 Loss: 5.0540
2025-12-08 19:17:59 - INFO -   Epoch 6/20 - 배치 3124/7813 (40.0%) - 현재 Loss: 2.1314
2025-12-08 19:18:03 - INFO -   Epoch 6/20 - 배치 3905/7813 (50.0%) - 현재 Loss: 3.0826
2025-12-08 19:18:06 - INFO -   Epoch 6/20 - 배치 4686/7813 (60.0%) - 현재 Loss: 1.7584
2025-12-08 19:18:09 - INFO -   Epoch 6/20 - 배치 5467/7813 (70.0%) - 현재 Loss: 4.4284
2025-12-08 19:18:12 - INFO -   Epoch 6/20 - 배치 6248/7813 (80.0%) - 현재 Loss: 1.6944
2025-12-08 19:18:16 - INFO -   Epoch 6/20 - 배치 7029/7813 (90.0%) - 현재 Loss: 2.0648
2025-12-08 19:18:19 - INFO -   Epoch 6/20 - 배치 7810/7813 (100.0%) - 현재 Loss: 3.6662
2025-12-08 19:18:19 - INFO - Epoch 6/20 완료:
2025-12-08 19:18:19 - INFO -   - 평균 Loss: 3.0328
2025-12-08 19:18:19 - INFO -   - Epoch 소요 시간: 32.73초
2025-12-08 19:18:19 - INFO -   - 총 경과 시간: 236.35초 (3.9분)
2025-12-08 19:18:19 - INFO -   - 예상 남은 시간: 551.49초 (9.2분)
2025-12-08 19:18:19 - INFO -   ⭐ 최고 Loss 갱신: 3.0328
2025-12-08 19:18:22 - INFO -   Epoch 7/20 - 배치 781/7813 (10.0%) - 현재 Loss: 2.2034
2025-12-08 19:18:25 - INFO -   Epoch 7/20 - 배치 1562/7813 (20.0%) - 현재 Loss: 4.1911
2025-12-08 19:18:29 - INFO -   Epoch 7/20 - 배치 2343/7813 (30.0%) - 현재 Loss: 4.8385
2025-12-08 19:18:32 - INFO -   Epoch 7/20 - 배치 3124/7813 (40.0%) - 현재 Loss: 2.0907
2025-12-08 19:18:35 - INFO -   Epoch 7/20 - 배치 3905/7813 (50.0%) - 현재 Loss: 3.0607
2025-12-08 19:18:38 - INFO -   Epoch 7/20 - 배치 4686/7813 (60.0%) - 현재 Loss: 1.7595
2025-12-08 19:18:41 - INFO -   Epoch 7/20 - 배치 5467/7813 (70.0%) - 현재 Loss: 4.3347
2025-12-08 19:18:45 - INFO -   Epoch 7/20 - 배치 6248/7813 (80.0%) - 현재 Loss: 1.6974
2025-12-08 19:18:48 - INFO -   Epoch 7/20 - 배치 7029/7813 (90.0%) - 현재 Loss: 2.0580
2025-12-08 19:18:51 - INFO -   Epoch 7/20 - 배치 7810/7813 (100.0%) - 현재 Loss: 3.6701
2025-12-08 19:18:52 - INFO - Epoch 7/20 완료:
2025-12-08 19:18:52 - INFO -   - 평균 Loss: 2.9988
2025-12-08 19:18:52 - INFO -   - Epoch 소요 시간: 32.70초
2025-12-08 19:18:52 - INFO -   - 총 경과 시간: 269.06초 (4.5분)
2025-12-08 19:18:52 - INFO -   - 예상 남은 시간: 499.68초 (8.3분)
2025-12-08 19:18:52 - INFO -   ⭐ 최고 Loss 갱신: 2.9988
2025-12-08 19:18:55 - INFO -   Epoch 8/20 - 배치 781/7813 (10.0%) - 현재 Loss: 2.2117
2025-12-08 19:18:58 - INFO -   Epoch 8/20 - 배치 1562/7813 (20.0%) - 현재 Loss: 4.1051
2025-12-08 19:19:02 - INFO -   Epoch 8/20 - 배치 2343/7813 (30.0%) - 현재 Loss: 4.5563
2025-12-08 19:19:05 - INFO -   Epoch 8/20 - 배치 3124/7813 (40.0%) - 현재 Loss: 2.0823
2025-12-08 19:19:08 - INFO -   Epoch 8/20 - 배치 3905/7813 (50.0%) - 현재 Loss: 3.0273
2025-12-08 19:19:11 - INFO -   Epoch 8/20 - 배치 4686/7813 (60.0%) - 현재 Loss: 1.7612
2025-12-08 19:19:14 - INFO -   Epoch 8/20 - 배치 5467/7813 (70.0%) - 현재 Loss: 4.2869
2025-12-08 19:19:18 - INFO -   Epoch 8/20 - 배치 6248/7813 (80.0%) - 현재 Loss: 1.7008
2025-12-08 19:19:21 - INFO -   Epoch 8/20 - 배치 7029/7813 (90.0%) - 현재 Loss: 2.0517
2025-12-08 19:19:24 - INFO -   Epoch 8/20 - 배치 7810/7813 (100.0%) - 현재 Loss: 3.7499
2025-12-08 19:19:24 - INFO - Epoch 8/20 완료:
2025-12-08 19:19:24 - INFO -   - 평균 Loss: 2.9707
2025-12-08 19:19:24 - INFO -   - Epoch 소요 시간: 32.71초
2025-12-08 19:19:24 - INFO -   - 총 경과 시간: 301.76초 (5.0분)
2025-12-08 19:19:24 - INFO -   - 예상 남은 시간: 452.65초 (7.5분)
2025-12-08 19:19:24 - INFO -   ⭐ 최고 Loss 갱신: 2.9707
2025-12-08 19:19:27 - INFO -   Epoch 9/20 - 배치 781/7813 (10.0%) - 현재 Loss: 2.2013
2025-12-08 19:19:31 - INFO -   Epoch 9/20 - 배치 1562/7813 (20.0%) - 현재 Loss: 4.0522
2025-12-08 19:19:34 - INFO -   Epoch 9/20 - 배치 2343/7813 (30.0%) - 현재 Loss: 4.3337
2025-12-08 19:19:37 - INFO -   Epoch 9/20 - 배치 3124/7813 (40.0%) - 현재 Loss: 2.0949
2025-12-08 19:19:41 - INFO -   Epoch 9/20 - 배치 3905/7813 (50.0%) - 현재 Loss: 3.0360
2025-12-08 19:19:44 - INFO -   Epoch 9/20 - 배치 4686/7813 (60.0%) - 현재 Loss: 1.7619
2025-12-08 19:19:47 - INFO -   Epoch 9/20 - 배치 5467/7813 (70.0%) - 현재 Loss: 4.2786
2025-12-08 19:19:50 - INFO -   Epoch 9/20 - 배치 6248/7813 (80.0%) - 현재 Loss: 1.7090
2025-12-08 19:19:54 - INFO -   Epoch 9/20 - 배치 7029/7813 (90.0%) - 현재 Loss: 2.0519
2025-12-08 19:19:57 - INFO -   Epoch 9/20 - 배치 7810/7813 (100.0%) - 현재 Loss: 3.7736
2025-12-08 19:19:57 - INFO - Epoch 9/20 완료:
2025-12-08 19:19:57 - INFO -   - 평균 Loss: 2.9456
2025-12-08 19:19:57 - INFO -   - Epoch 소요 시간: 32.59초
2025-12-08 19:19:57 - INFO -   - 총 경과 시간: 334.36초 (5.6분)
2025-12-08 19:19:57 - INFO -   - 예상 남은 시간: 408.66초 (6.8분)
2025-12-08 19:19:57 - INFO -   ⭐ 최고 Loss 갱신: 2.9456
2025-12-08 19:20:00 - INFO -   Epoch 10/20 - 배치 781/7813 (10.0%) - 현재 Loss: 2.1940
2025-12-08 19:20:03 - INFO -   Epoch 10/20 - 배치 1562/7813 (20.0%) - 현재 Loss: 4.1043
2025-12-08 19:20:07 - INFO -   Epoch 10/20 - 배치 2343/7813 (30.0%) - 현재 Loss: 4.2281
2025-12-08 19:20:10 - INFO -   Epoch 10/20 - 배치 3124/7813 (40.0%) - 현재 Loss: 2.1039
2025-12-08 19:20:13 - INFO -   Epoch 10/20 - 배치 3905/7813 (50.0%) - 현재 Loss: 3.0273
2025-12-08 19:20:16 - INFO -   Epoch 10/20 - 배치 4686/7813 (60.0%) - 현재 Loss: 1.7514
2025-12-08 19:20:19 - INFO -   Epoch 10/20 - 배치 5467/7813 (70.0%) - 현재 Loss: 4.3002
2025-12-08 19:20:23 - INFO -   Epoch 10/20 - 배치 6248/7813 (80.0%) - 현재 Loss: 1.7043
2025-12-08 19:20:26 - INFO -   Epoch 10/20 - 배치 7029/7813 (90.0%) - 현재 Loss: 2.0597
2025-12-08 19:20:29 - INFO -   Epoch 10/20 - 배치 7810/7813 (100.0%) - 현재 Loss: 3.7466
2025-12-08 19:20:29 - INFO - Epoch 10/20 완료:
2025-12-08 19:20:29 - INFO -   - 평균 Loss: 2.9229
2025-12-08 19:20:29 - INFO -   - Epoch 소요 시간: 32.25초
2025-12-08 19:20:29 - INFO -   - 총 경과 시간: 366.61초 (6.1분)
2025-12-08 19:20:29 - INFO -   - 예상 남은 시간: 366.61초 (6.1분)
2025-12-08 19:20:29 - INFO -   ⭐ 최고 Loss 갱신: 2.9229
2025-12-08 19:20:32 - INFO -   Epoch 11/20 - 배치 781/7813 (10.0%) - 현재 Loss: 2.2102
2025-12-08 19:20:35 - INFO -   Epoch 11/20 - 배치 1562/7813 (20.0%) - 현재 Loss: 4.0106
2025-12-08 19:20:39 - INFO -   Epoch 11/20 - 배치 2343/7813 (30.0%) - 현재 Loss: 4.0595
2025-12-08 19:20:42 - INFO -   Epoch 11/20 - 배치 3124/7813 (40.0%) - 현재 Loss: 2.1135
2025-12-08 19:20:45 - INFO -   Epoch 11/20 - 배치 3905/7813 (50.0%) - 현재 Loss: 3.0581
2025-12-08 19:20:49 - INFO -   Epoch 11/20 - 배치 4686/7813 (60.0%) - 현재 Loss: 1.7562
2025-12-08 19:20:52 - INFO -   Epoch 11/20 - 배치 5467/7813 (70.0%) - 현재 Loss: 4.2063
2025-12-08 19:20:55 - INFO -   Epoch 11/20 - 배치 6248/7813 (80.0%) - 현재 Loss: 1.6994
2025-12-08 19:20:58 - INFO -   Epoch 11/20 - 배치 7029/7813 (90.0%) - 현재 Loss: 2.0794
2025-12-08 19:21:02 - INFO -   Epoch 11/20 - 배치 7810/7813 (100.0%) - 현재 Loss: 3.6657
2025-12-08 19:21:02 - INFO - Epoch 11/20 완료:
2025-12-08 19:21:02 - INFO -   - 평균 Loss: 2.9030
2025-12-08 19:21:02 - INFO -   - Epoch 소요 시간: 32.66초
2025-12-08 19:21:02 - INFO -   - 총 경과 시간: 399.27초 (6.7분)
2025-12-08 19:21:02 - INFO -   - 예상 남은 시간: 326.68초 (5.4분)
2025-12-08 19:21:02 - INFO -   ⭐ 최고 Loss 갱신: 2.9030
2025-12-08 19:21:05 - INFO -   Epoch 12/20 - 배치 781/7813 (10.0%) - 현재 Loss: 2.2115
2025-12-08 19:21:08 - INFO -   Epoch 12/20 - 배치 1562/7813 (20.0%) - 현재 Loss: 3.9184
2025-12-08 19:21:11 - INFO -   Epoch 12/20 - 배치 2343/7813 (30.0%) - 현재 Loss: 4.0250
2025-12-08 19:21:15 - INFO -   Epoch 12/20 - 배치 3124/7813 (40.0%) - 현재 Loss: 2.1033
2025-12-08 19:21:18 - INFO -   Epoch 12/20 - 배치 3905/7813 (50.0%) - 현재 Loss: 2.9472
2025-12-08 19:21:21 - INFO -   Epoch 12/20 - 배치 4686/7813 (60.0%) - 현재 Loss: 1.7636
2025-12-08 19:21:24 - INFO -   Epoch 12/20 - 배치 5467/7813 (70.0%) - 현재 Loss: 4.1787
2025-12-08 19:21:27 - INFO -   Epoch 12/20 - 배치 6248/7813 (80.0%) - 현재 Loss: 1.6939
2025-12-08 19:21:31 - INFO -   Epoch 12/20 - 배치 7029/7813 (90.0%) - 현재 Loss: 2.0813
2025-12-08 19:21:34 - INFO -   Epoch 12/20 - 배치 7810/7813 (100.0%) - 현재 Loss: 3.6479
2025-12-08 19:21:34 - INFO - Epoch 12/20 완료:
2025-12-08 19:21:34 - INFO -   - 평균 Loss: 2.8853
2025-12-08 19:21:34 - INFO -   - Epoch 소요 시간: 32.16초
2025-12-08 19:21:34 - INFO -   - 총 경과 시간: 431.43초 (7.2분)
2025-12-08 19:21:34 - INFO -   - 예상 남은 시간: 287.62초 (4.8분)
2025-12-08 19:21:34 - INFO -   ⭐ 최고 Loss 갱신: 2.8853
2025-12-08 19:21:37 - INFO -   Epoch 13/20 - 배치 781/7813 (10.0%) - 현재 Loss: 2.2112
2025-12-08 19:21:40 - INFO -   Epoch 13/20 - 배치 1562/7813 (20.0%) - 현재 Loss: 3.8572
2025-12-08 19:21:44 - INFO -   Epoch 13/20 - 배치 2343/7813 (30.0%) - 현재 Loss: 3.9155
2025-12-08 19:21:47 - INFO -   Epoch 13/20 - 배치 3124/7813 (40.0%) - 현재 Loss: 2.1037
2025-12-08 19:21:50 - INFO -   Epoch 13/20 - 배치 3905/7813 (50.0%) - 현재 Loss: 2.9377
2025-12-08 19:21:53 - INFO -   Epoch 13/20 - 배치 4686/7813 (60.0%) - 현재 Loss: 1.7590
2025-12-08 19:21:56 - INFO -   Epoch 13/20 - 배치 5467/7813 (70.0%) - 현재 Loss: 4.1110
2025-12-08 19:22:00 - INFO -   Epoch 13/20 - 배치 6248/7813 (80.0%) - 현재 Loss: 1.6908
2025-12-08 19:22:03 - INFO -   Epoch 13/20 - 배치 7029/7813 (90.0%) - 현재 Loss: 2.0878
2025-12-08 19:22:06 - INFO -   Epoch 13/20 - 배치 7810/7813 (100.0%) - 현재 Loss: 3.6245
2025-12-08 19:22:06 - INFO - Epoch 13/20 완료:
2025-12-08 19:22:06 - INFO -   - 평균 Loss: 2.8688
2025-12-08 19:22:06 - INFO -   - Epoch 소요 시간: 32.24초
2025-12-08 19:22:06 - INFO -   - 총 경과 시간: 463.67초 (7.7분)
2025-12-08 19:22:06 - INFO -   - 예상 남은 시간: 249.67초 (4.2분)
2025-12-08 19:22:06 - INFO -   ⭐ 최고 Loss 갱신: 2.8688
2025-12-08 19:22:09 - INFO -   Epoch 14/20 - 배치 781/7813 (10.0%) - 현재 Loss: 2.2091
2025-12-08 19:22:13 - INFO -   Epoch 14/20 - 배치 1562/7813 (20.0%) - 현재 Loss: 3.8138
2025-12-08 19:22:16 - INFO -   Epoch 14/20 - 배치 2343/7813 (30.0%) - 현재 Loss: 3.8676
2025-12-08 19:22:19 - INFO -   Epoch 14/20 - 배치 3124/7813 (40.0%) - 현재 Loss: 2.0868
2025-12-08 19:22:22 - INFO -   Epoch 14/20 - 배치 3905/7813 (50.0%) - 현재 Loss: 2.9533
2025-12-08 19:22:25 - INFO -   Epoch 14/20 - 배치 4686/7813 (60.0%) - 현재 Loss: 1.7710
2025-12-08 19:22:29 - INFO -   Epoch 14/20 - 배치 5467/7813 (70.0%) - 현재 Loss: 3.9992
2025-12-08 19:22:32 - INFO -   Epoch 14/20 - 배치 6248/7813 (80.0%) - 현재 Loss: 1.6879
2025-12-08 19:22:35 - INFO -   Epoch 14/20 - 배치 7029/7813 (90.0%) - 현재 Loss: 2.0986
2025-12-08 19:22:38 - INFO -   Epoch 14/20 - 배치 7810/7813 (100.0%) - 현재 Loss: 3.6325
2025-12-08 19:22:38 - INFO - Epoch 14/20 완료:
2025-12-08 19:22:38 - INFO -   - 평균 Loss: 2.8564
2025-12-08 19:22:38 - INFO -   - Epoch 소요 시간: 32.27초
2025-12-08 19:22:38 - INFO -   - 총 경과 시간: 495.94초 (8.3분)
2025-12-08 19:22:38 - INFO -   - 예상 남은 시간: 212.54초 (3.5분)
2025-12-08 19:22:38 - INFO -   ⭐ 최고 Loss 갱신: 2.8564
2025-12-08 19:22:42 - INFO -   Epoch 15/20 - 배치 781/7813 (10.0%) - 현재 Loss: 2.1951
2025-12-08 19:22:45 - INFO -   Epoch 15/20 - 배치 1562/7813 (20.0%) - 현재 Loss: 3.7655
2025-12-08 19:22:48 - INFO -   Epoch 15/20 - 배치 2343/7813 (30.0%) - 현재 Loss: 3.8335
2025-12-08 19:22:51 - INFO -   Epoch 15/20 - 배치 3124/7813 (40.0%) - 현재 Loss: 2.0801
2025-12-08 19:22:55 - INFO -   Epoch 15/20 - 배치 3905/7813 (50.0%) - 현재 Loss: 2.9034
2025-12-08 19:22:58 - INFO -   Epoch 15/20 - 배치 4686/7813 (60.0%) - 현재 Loss: 1.7675
2025-12-08 19:23:01 - INFO -   Epoch 15/20 - 배치 5467/7813 (70.0%) - 현재 Loss: 3.9400
2025-12-08 19:23:04 - INFO -   Epoch 15/20 - 배치 6248/7813 (80.0%) - 현재 Loss: 1.6920
2025-12-08 19:23:07 - INFO -   Epoch 15/20 - 배치 7029/7813 (90.0%) - 현재 Loss: 2.0908
2025-12-08 19:23:11 - INFO -   Epoch 15/20 - 배치 7810/7813 (100.0%) - 현재 Loss: 3.5341
2025-12-08 19:23:11 - INFO - Epoch 15/20 완료:
2025-12-08 19:23:11 - INFO -   - 평균 Loss: 2.8416
2025-12-08 19:23:11 - INFO -   - Epoch 소요 시간: 32.34초
2025-12-08 19:23:11 - INFO -   - 총 경과 시간: 528.28초 (8.8분)
2025-12-08 19:23:11 - INFO -   - 예상 남은 시간: 176.09초 (2.9분)
2025-12-08 19:23:11 - INFO -   ⭐ 최고 Loss 갱신: 2.8416
2025-12-08 19:23:14 - INFO -   Epoch 16/20 - 배치 781/7813 (10.0%) - 현재 Loss: 2.1882
2025-12-08 19:23:17 - INFO -   Epoch 16/20 - 배치 1562/7813 (20.0%) - 현재 Loss: 3.7697
2025-12-08 19:23:20 - INFO -   Epoch 16/20 - 배치 2343/7813 (30.0%) - 현재 Loss: 3.9399
2025-12-08 19:23:24 - INFO -   Epoch 16/20 - 배치 3124/7813 (40.0%) - 현재 Loss: 2.0902
2025-12-08 19:23:27 - INFO -   Epoch 16/20 - 배치 3905/7813 (50.0%) - 현재 Loss: 2.9257
2025-12-08 19:23:30 - INFO -   Epoch 16/20 - 배치 4686/7813 (60.0%) - 현재 Loss: 1.7695
2025-12-08 19:23:33 - INFO -   Epoch 16/20 - 배치 5467/7813 (70.0%) - 현재 Loss: 3.9152
2025-12-08 19:23:37 - INFO -   Epoch 16/20 - 배치 6248/7813 (80.0%) - 현재 Loss: 1.6913
2025-12-08 19:23:40 - INFO -   Epoch 16/20 - 배치 7029/7813 (90.0%) - 현재 Loss: 2.0793
2025-12-08 19:23:43 - INFO -   Epoch 16/20 - 배치 7810/7813 (100.0%) - 현재 Loss: 3.4791
2025-12-08 19:23:43 - INFO - Epoch 16/20 완료:
2025-12-08 19:23:43 - INFO -   - 평균 Loss: 2.8276
2025-12-08 19:23:43 - INFO -   - Epoch 소요 시간: 32.43초
2025-12-08 19:23:43 - INFO -   - 총 경과 시간: 560.71초 (9.3분)
2025-12-08 19:23:43 - INFO -   - 예상 남은 시간: 140.18초 (2.3분)
2025-12-08 19:23:43 - INFO -   ⭐ 최고 Loss 갱신: 2.8276
2025-12-08 19:23:46 - INFO -   Epoch 17/20 - 배치 781/7813 (10.0%) - 현재 Loss: 2.1909
2025-12-08 19:23:50 - INFO -   Epoch 17/20 - 배치 1562/7813 (20.0%) - 현재 Loss: 3.7354
2025-12-08 19:23:53 - INFO -   Epoch 17/20 - 배치 2343/7813 (30.0%) - 현재 Loss: 3.4981
2025-12-08 19:23:56 - INFO -   Epoch 17/20 - 배치 3124/7813 (40.0%) - 현재 Loss: 2.0718
2025-12-08 19:23:59 - INFO -   Epoch 17/20 - 배치 3905/7813 (50.0%) - 현재 Loss: 2.8129
2025-12-08 19:24:03 - INFO -   Epoch 17/20 - 배치 4686/7813 (60.0%) - 현재 Loss: 1.7671
2025-12-08 19:24:06 - INFO -   Epoch 17/20 - 배치 5467/7813 (70.0%) - 현재 Loss: 3.8868
2025-12-08 19:24:09 - INFO -   Epoch 17/20 - 배치 6248/7813 (80.0%) - 현재 Loss: 1.6937
2025-12-08 19:24:12 - INFO -   Epoch 17/20 - 배치 7029/7813 (90.0%) - 현재 Loss: 2.0737
2025-12-08 19:24:16 - INFO -   Epoch 17/20 - 배치 7810/7813 (100.0%) - 현재 Loss: 3.4460
2025-12-08 19:24:16 - INFO - Epoch 17/20 완료:
2025-12-08 19:24:16 - INFO -   - 평균 Loss: 2.8168
2025-12-08 19:24:16 - INFO -   - Epoch 소요 시간: 32.49초
2025-12-08 19:24:16 - INFO -   - 총 경과 시간: 593.21초 (9.9분)
2025-12-08 19:24:16 - INFO -   - 예상 남은 시간: 104.68초 (1.7분)
2025-12-08 19:24:16 - INFO -   ⭐ 최고 Loss 갱신: 2.8168
2025-12-08 19:24:19 - INFO -   Epoch 18/20 - 배치 781/7813 (10.0%) - 현재 Loss: 2.1728
2025-12-08 19:24:22 - INFO -   Epoch 18/20 - 배치 1562/7813 (20.0%) - 현재 Loss: 3.6527
2025-12-08 19:24:25 - INFO -   Epoch 18/20 - 배치 2343/7813 (30.0%) - 현재 Loss: 3.3627
2025-12-08 19:24:28 - INFO -   Epoch 18/20 - 배치 3124/7813 (40.0%) - 현재 Loss: 2.0721
2025-12-08 19:24:32 - INFO -   Epoch 18/20 - 배치 3905/7813 (50.0%) - 현재 Loss: 2.8476
2025-12-08 19:24:35 - INFO -   Epoch 18/20 - 배치 4686/7813 (60.0%) - 현재 Loss: 1.7705
2025-12-08 19:24:38 - INFO -   Epoch 18/20 - 배치 5467/7813 (70.0%) - 현재 Loss: 3.8897
2025-12-08 19:24:41 - INFO -   Epoch 18/20 - 배치 6248/7813 (80.0%) - 현재 Loss: 1.6996
2025-12-08 19:24:44 - INFO -   Epoch 18/20 - 배치 7029/7813 (90.0%) - 현재 Loss: 2.0854
2025-12-08 19:24:47 - INFO -   Epoch 18/20 - 배치 7810/7813 (100.0%) - 현재 Loss: 3.3946
2025-12-08 19:24:47 - INFO - Epoch 18/20 완료:
2025-12-08 19:24:47 - INFO -   - 평균 Loss: 2.8060
2025-12-08 19:24:47 - INFO -   - Epoch 소요 시간: 31.79초
2025-12-08 19:24:47 - INFO -   - 총 경과 시간: 625.00초 (10.4분)
2025-12-08 19:24:47 - INFO -   - 예상 남은 시간: 69.44초 (1.2분)
2025-12-08 19:24:47 - INFO -   ⭐ 최고 Loss 갱신: 2.8060
2025-12-08 19:24:51 - INFO -   Epoch 19/20 - 배치 781/7813 (10.0%) - 현재 Loss: 2.1716
2025-12-08 19:24:54 - INFO -   Epoch 19/20 - 배치 1562/7813 (20.0%) - 현재 Loss: 3.7263
2025-12-08 19:24:57 - INFO -   Epoch 19/20 - 배치 2343/7813 (30.0%) - 현재 Loss: 3.3536
2025-12-08 19:25:00 - INFO -   Epoch 19/20 - 배치 3124/7813 (40.0%) - 현재 Loss: 2.0844
2025-12-08 19:25:03 - INFO -   Epoch 19/20 - 배치 3905/7813 (50.0%) - 현재 Loss: 2.8128
2025-12-08 19:25:07 - INFO -   Epoch 19/20 - 배치 4686/7813 (60.0%) - 현재 Loss: 1.7787
2025-12-08 19:25:10 - INFO -   Epoch 19/20 - 배치 5467/7813 (70.0%) - 현재 Loss: 3.8452
2025-12-08 19:25:13 - INFO -   Epoch 19/20 - 배치 6248/7813 (80.0%) - 현재 Loss: 1.7002
2025-12-08 19:25:16 - INFO -   Epoch 19/20 - 배치 7029/7813 (90.0%) - 현재 Loss: 2.0786
2025-12-08 19:25:19 - INFO -   Epoch 19/20 - 배치 7810/7813 (100.0%) - 현재 Loss: 3.3657
2025-12-08 19:25:19 - INFO - Epoch 19/20 완료:
2025-12-08 19:25:19 - INFO -   - 평균 Loss: 2.7947
2025-12-08 19:25:19 - INFO -   - Epoch 소요 시간: 31.74초
2025-12-08 19:25:19 - INFO -   - 총 경과 시간: 656.75초 (10.9분)
2025-12-08 19:25:19 - INFO -   - 예상 남은 시간: 34.57초 (0.6분)
2025-12-08 19:25:19 - INFO -   ⭐ 최고 Loss 갱신: 2.7947
2025-12-08 19:25:22 - INFO -   Epoch 20/20 - 배치 781/7813 (10.0%) - 현재 Loss: 2.1713
2025-12-08 19:25:26 - INFO -   Epoch 20/20 - 배치 1562/7813 (20.0%) - 현재 Loss: 3.6306
2025-12-08 19:25:29 - INFO -   Epoch 20/20 - 배치 2343/7813 (30.0%) - 현재 Loss: 3.3489
2025-12-08 19:25:32 - INFO -   Epoch 20/20 - 배치 3124/7813 (40.0%) - 현재 Loss: 2.0759
2025-12-08 19:25:35 - INFO -   Epoch 20/20 - 배치 3905/7813 (50.0%) - 현재 Loss: 2.7868
2025-12-08 19:25:38 - INFO -   Epoch 20/20 - 배치 4686/7813 (60.0%) - 현재 Loss: 1.7789
2025-12-08 19:25:41 - INFO -   Epoch 20/20 - 배치 5467/7813 (70.0%) - 현재 Loss: 3.8212
2025-12-08 19:25:45 - INFO -   Epoch 20/20 - 배치 6248/7813 (80.0%) - 현재 Loss: 1.6931
2025-12-08 19:25:48 - INFO -   Epoch 20/20 - 배치 7029/7813 (90.0%) - 현재 Loss: 2.0940
2025-12-08 19:25:51 - INFO -   Epoch 20/20 - 배치 7810/7813 (100.0%) - 현재 Loss: 3.2897
2025-12-08 19:25:51 - INFO - Epoch 20/20 완료:
2025-12-08 19:25:51 - INFO -   - 평균 Loss: 2.7835
2025-12-08 19:25:51 - INFO -   - Epoch 소요 시간: 31.99초
2025-12-08 19:25:51 - INFO -   - 총 경과 시간: 688.74초 (11.5분)
2025-12-08 19:25:51 - INFO -   ⭐ 최고 Loss 갱신: 2.7835
2025-12-08 19:25:51 - INFO - 
============================================================
2025-12-08 19:25:51 - INFO - ✅ DeepLog 모델 학습 완료
2025-12-08 19:25:51 - INFO -   - 총 소요 시간: 688.74초 (11.5분)
2025-12-08 19:25:51 - INFO -   - 최종 Loss: 2.7835
2025-12-08 19:25:51 - INFO -   - 최고 Loss: 2.7835
2025-12-08 19:25:51 - INFO - ============================================================
