2025-12-08 18:36:13 - INFO - 📝 학습 로그 파일: /Users/zzangdol/PycharmProjects/zzangdol/pattern/prelog/logs/training/deeplog_training_20251208_183613.log
2025-12-08 18:36:13 - INFO - ============================================================
2025-12-08 18:36:13 - INFO - DeepLog 모델 학습 시작
2025-12-08 18:36:13 - INFO - ============================================================
2025-12-08 18:36:13 - INFO - 학습 파라미터:
2025-12-08 18:36:13 - INFO -   - Epochs: 5
2025-12-08 18:36:13 - INFO -   - Batch Size: 128
2025-12-08 18:36:13 - INFO -   - Learning Rate: 0.001
2025-12-08 18:36:13 - INFO -   - 학습 데이터: 100,000개 로그
2025-12-08 18:36:13 - INFO - 시퀀스 준비 중...
2025-12-08 18:36:13 - INFO -   템플릿 사전 구축 중...
2025-12-08 18:36:13 - INFO -   ✅ 템플릿 사전 구축 완료: 3,547개 템플릿
2025-12-08 18:36:13 - INFO -   시퀀스 생성 중: 예상 99,990개 시퀀스...
2025-12-08 18:36:13 - INFO -   예상 메모리 사용량: 3.8 MB
2025-12-08 18:36:13 - INFO -   시퀀스 생성 진행: 4,999/99,990 (5.0%) - 경과: 0.4초 - 예상 남은 시간: 7.2초 (0.1분)
2025-12-08 18:36:14 - INFO -   시퀀스 생성 진행: 9,998/99,990 (10.0%) - 경과: 0.7초 - 예상 남은 시간: 6.7초 (0.1분)
2025-12-08 18:36:14 - INFO -   시퀀스 생성 진행: 14,997/99,990 (15.0%) - 경과: 1.1초 - 예상 남은 시간: 6.3초 (0.1분)
2025-12-08 18:36:15 - INFO -   시퀀스 생성 진행: 19,996/99,990 (20.0%) - 경과: 1.6초 - 예상 남은 시간: 6.2초 (0.1분)
2025-12-08 18:36:15 - INFO -   시퀀스 생성 진행: 24,995/99,990 (25.0%) - 경과: 1.9초 - 예상 남은 시간: 5.8초 (0.1분)
2025-12-08 18:36:15 - INFO -   시퀀스 생성 진행: 29,994/99,990 (30.0%) - 경과: 2.3초 - 예상 남은 시간: 5.4초 (0.1분)
2025-12-08 18:36:16 - INFO -   시퀀스 생성 진행: 34,993/99,990 (35.0%) - 경과: 2.7초 - 예상 남은 시간: 5.0초 (0.1분)
2025-12-08 18:36:16 - INFO -   시퀀스 생성 진행: 39,992/99,990 (40.0%) - 경과: 3.0초 - 예상 남은 시간: 4.6초 (0.1분)
2025-12-08 18:36:16 - INFO -   시퀀스 생성 진행: 44,991/99,990 (45.0%) - 경과: 3.4초 - 예상 남은 시간: 4.2초 (0.1분)
2025-12-08 18:36:17 - INFO -   시퀀스 생성 진행: 49,990/99,990 (50.0%) - 경과: 3.8초 - 예상 남은 시간: 3.8초 (0.1분)
2025-12-08 18:36:17 - INFO -   시퀀스 생성 진행: 54,989/99,990 (55.0%) - 경과: 4.2초 - 예상 남은 시간: 3.4초 (0.1분)
2025-12-08 18:36:18 - INFO -   시퀀스 생성 진행: 59,988/99,990 (60.0%) - 경과: 4.5초 - 예상 남은 시간: 3.0초 (0.1분)
2025-12-08 18:36:18 - INFO -   시퀀스 생성 진행: 64,987/99,990 (65.0%) - 경과: 4.9초 - 예상 남은 시간: 2.6초 (0.0분)
2025-12-08 18:36:18 - INFO -   시퀀스 생성 진행: 69,986/99,990 (70.0%) - 경과: 5.3초 - 예상 남은 시간: 2.3초 (0.0분)
2025-12-08 18:36:19 - INFO -   시퀀스 생성 진행: 74,985/99,990 (75.0%) - 경과: 5.7초 - 예상 남은 시간: 1.9초 (0.0분)
2025-12-08 18:36:19 - INFO -   시퀀스 생성 진행: 79,984/99,990 (80.0%) - 경과: 6.1초 - 예상 남은 시간: 1.5초 (0.0분)
2025-12-08 18:36:20 - INFO -   시퀀스 생성 진행: 84,983/99,990 (85.0%) - 경과: 6.5초 - 예상 남은 시간: 1.1초 (0.0분)
2025-12-08 18:36:20 - INFO -   시퀀스 생성 진행: 89,982/99,990 (90.0%) - 경과: 6.9초 - 예상 남은 시간: 0.8초 (0.0분)
2025-12-08 18:36:20 - INFO -   시퀀스 생성 진행: 94,981/99,990 (95.0%) - 경과: 7.3초 - 예상 남은 시간: 0.4초 (0.0분)
2025-12-08 18:36:21 - INFO -   시퀀스 생성 진행: 99,980/99,990 (100.0%) - 경과: 7.7초 - 예상 남은 시간: 0.0초 (0.0분)
2025-12-08 18:36:21 - INFO -   시퀀스 생성 진행: 99,990/99,990 (100.0%) - 경과: 7.7초 - 예상 남은 시간: 0.0초 (0.0분)
2025-12-08 18:36:21 - INFO - ✅ 시퀀스 준비 완료: 99,990개
2025-12-08 18:36:21 - INFO -   - 어휘 크기: 3,548
2025-12-08 18:36:21 - INFO -    💡 원본 로그 데이터 메모리 해제 완료
2025-12-08 18:36:21 - INFO - 모델 구축 중...
2025-12-08 18:36:21 - INFO - ✅ 모델 구축 완료
2025-12-08 18:36:21 - INFO - 데이터 텐서 변환 중...
2025-12-08 18:36:21 - INFO - ✅ 텐서 변환 완료: 782개 배치
2025-12-08 18:36:21 - INFO -    💡 NumPy 배열 메모리 해제 완료 (텐서만 메모리에 유지)
2025-12-08 18:36:21 - INFO - 
============================================================
2025-12-08 18:36:21 - INFO - 학습 시작
2025-12-08 18:36:21 - INFO - ============================================================
2025-12-08 18:36:22 - INFO -   Epoch 1/5 - 배치 78/782 (10.0%) - 현재 Loss: 4.4227
2025-12-08 18:36:22 - INFO -   Epoch 1/5 - 배치 156/782 (19.9%) - 현재 Loss: 6.8959
2025-12-08 18:36:22 - INFO -   Epoch 1/5 - 배치 234/782 (29.9%) - 현재 Loss: 5.5376
2025-12-08 18:36:23 - INFO -   Epoch 1/5 - 배치 312/782 (39.9%) - 현재 Loss: 2.3197
2025-12-08 18:36:23 - INFO -   Epoch 1/5 - 배치 390/782 (49.9%) - 현재 Loss: 5.4385
2025-12-08 18:36:23 - INFO -   Epoch 1/5 - 배치 468/782 (59.8%) - 현재 Loss: 5.8966
2025-12-08 18:36:24 - INFO -   Epoch 1/5 - 배치 546/782 (69.8%) - 현재 Loss: 4.1644
2025-12-08 18:36:24 - INFO -   Epoch 1/5 - 배치 624/782 (79.8%) - 현재 Loss: 2.1089
2025-12-08 18:36:25 - INFO -   Epoch 1/5 - 배치 702/782 (89.8%) - 현재 Loss: 7.4043
2025-12-08 18:36:25 - INFO -   Epoch 1/5 - 배치 780/782 (99.7%) - 현재 Loss: 4.7881
2025-12-08 18:36:25 - INFO - Epoch 1/5 완료:
2025-12-08 18:36:25 - INFO -   - 평균 Loss: 4.4288
2025-12-08 18:36:25 - INFO -   - Epoch 소요 시간: 3.73초
2025-12-08 18:36:25 - INFO -   - 총 경과 시간: 12.20초 (0.2분)
2025-12-08 18:36:25 - INFO -   ⭐ 최고 Loss 갱신: 4.4288
2025-12-08 18:36:25 - INFO -   Epoch 2/5 - 배치 78/782 (10.0%) - 현재 Loss: 3.9559
2025-12-08 18:36:26 - INFO -   Epoch 2/5 - 배치 156/782 (19.9%) - 현재 Loss: 5.2639
2025-12-08 18:36:26 - INFO -   Epoch 2/5 - 배치 234/782 (29.9%) - 현재 Loss: 4.9578
2025-12-08 18:36:26 - INFO -   Epoch 2/5 - 배치 312/782 (39.9%) - 현재 Loss: 2.1556
2025-12-08 18:36:27 - INFO -   Epoch 2/5 - 배치 390/782 (49.9%) - 현재 Loss: 4.6440
2025-12-08 18:36:27 - INFO -   Epoch 2/5 - 배치 468/782 (59.8%) - 현재 Loss: 5.2399
2025-12-08 18:36:28 - INFO -   Epoch 2/5 - 배치 546/782 (69.8%) - 현재 Loss: 3.8040
2025-12-08 18:36:28 - INFO -   Epoch 2/5 - 배치 624/782 (79.8%) - 현재 Loss: 1.9964
2025-12-08 18:36:28 - INFO -   Epoch 2/5 - 배치 702/782 (89.8%) - 현재 Loss: 6.0906
2025-12-08 18:36:29 - INFO -   Epoch 2/5 - 배치 780/782 (99.7%) - 현재 Loss: 4.1552
2025-12-08 18:36:29 - INFO - Epoch 2/5 완료:
2025-12-08 18:36:29 - INFO -   - 평균 Loss: 3.8255
2025-12-08 18:36:29 - INFO -   - Epoch 소요 시간: 3.77초
2025-12-08 18:36:29 - INFO -   - 총 경과 시간: 15.97초 (0.3분)
2025-12-08 18:36:29 - INFO -   - 예상 남은 시간: 23.96초 (0.4분)
2025-12-08 18:36:29 - INFO -   ⭐ 최고 Loss 갱신: 3.8255
2025-12-08 18:36:29 - INFO -   Epoch 3/5 - 배치 78/782 (10.0%) - 현재 Loss: 3.8147
2025-12-08 18:36:29 - INFO -   Epoch 3/5 - 배치 156/782 (19.9%) - 현재 Loss: 5.0029
2025-12-08 18:36:30 - INFO -   Epoch 3/5 - 배치 234/782 (29.9%) - 현재 Loss: 4.8030
2025-12-08 18:36:30 - INFO -   Epoch 3/5 - 배치 312/782 (39.9%) - 현재 Loss: 2.1512
2025-12-08 18:36:31 - INFO -   Epoch 3/5 - 배치 390/782 (49.9%) - 현재 Loss: 4.2034
2025-12-08 18:36:31 - INFO -   Epoch 3/5 - 배치 468/782 (59.8%) - 현재 Loss: 5.0708
2025-12-08 18:36:31 - INFO -   Epoch 3/5 - 배치 546/782 (69.8%) - 현재 Loss: 3.7144
2025-12-08 18:36:32 - INFO -   Epoch 3/5 - 배치 624/782 (79.8%) - 현재 Loss: 1.9719
2025-12-08 18:36:32 - INFO -   Epoch 3/5 - 배치 702/782 (89.8%) - 현재 Loss: 5.7790
2025-12-08 18:36:32 - INFO -   Epoch 3/5 - 배치 780/782 (99.7%) - 현재 Loss: 4.0076
2025-12-08 18:36:32 - INFO - Epoch 3/5 완료:
2025-12-08 18:36:32 - INFO -   - 평균 Loss: 3.6896
2025-12-08 18:36:32 - INFO -   - Epoch 소요 시간: 3.77초
2025-12-08 18:36:32 - INFO -   - 총 경과 시간: 19.75초 (0.3분)
2025-12-08 18:36:32 - INFO -   - 예상 남은 시간: 13.16초 (0.2분)
2025-12-08 18:36:32 - INFO -   ⭐ 최고 Loss 갱신: 3.6896
2025-12-08 18:36:33 - INFO -   Epoch 4/5 - 배치 78/782 (10.0%) - 현재 Loss: 3.8310
2025-12-08 18:36:33 - INFO -   Epoch 4/5 - 배치 156/782 (19.9%) - 현재 Loss: 4.8728
2025-12-08 18:36:34 - INFO -   Epoch 4/5 - 배치 234/782 (29.9%) - 현재 Loss: 4.7360
2025-12-08 18:36:34 - INFO -   Epoch 4/5 - 배치 312/782 (39.9%) - 현재 Loss: 2.1489
2025-12-08 18:36:34 - INFO -   Epoch 4/5 - 배치 390/782 (49.9%) - 현재 Loss: 3.9948
2025-12-08 18:36:35 - INFO -   Epoch 4/5 - 배치 468/782 (59.8%) - 현재 Loss: 4.9885
2025-12-08 18:36:35 - INFO -   Epoch 4/5 - 배치 546/782 (69.8%) - 현재 Loss: 3.6331
2025-12-08 18:36:35 - INFO -   Epoch 4/5 - 배치 624/782 (79.8%) - 현재 Loss: 1.9749
2025-12-08 18:36:36 - INFO -   Epoch 4/5 - 배치 702/782 (89.8%) - 현재 Loss: 5.4201
2025-12-08 18:36:36 - INFO -   Epoch 4/5 - 배치 780/782 (99.7%) - 현재 Loss: 3.8965
2025-12-08 18:36:36 - INFO - Epoch 4/5 완료:
2025-12-08 18:36:36 - INFO -   - 평균 Loss: 3.6151
2025-12-08 18:36:36 - INFO -   - Epoch 소요 시간: 3.72초
2025-12-08 18:36:36 - INFO -   - 총 경과 시간: 23.47초 (0.4분)
2025-12-08 18:36:36 - INFO -   - 예상 남은 시간: 5.87초 (0.1분)
2025-12-08 18:36:36 - INFO -   ⭐ 최고 Loss 갱신: 3.6151
2025-12-08 18:36:37 - INFO -   Epoch 5/5 - 배치 78/782 (10.0%) - 현재 Loss: 3.7963
2025-12-08 18:36:37 - INFO -   Epoch 5/5 - 배치 156/782 (19.9%) - 현재 Loss: 4.7673
2025-12-08 18:36:37 - INFO -   Epoch 5/5 - 배치 234/782 (29.9%) - 현재 Loss: 4.6071
2025-12-08 18:36:38 - INFO -   Epoch 5/5 - 배치 312/782 (39.9%) - 현재 Loss: 2.1595
2025-12-08 18:36:38 - INFO -   Epoch 5/5 - 배치 390/782 (49.9%) - 현재 Loss: 3.8607
2025-12-08 18:36:38 - INFO -   Epoch 5/5 - 배치 468/782 (59.8%) - 현재 Loss: 4.8261
2025-12-08 18:36:39 - INFO -   Epoch 5/5 - 배치 546/782 (69.8%) - 현재 Loss: 3.5280
2025-12-08 18:36:39 - INFO -   Epoch 5/5 - 배치 624/782 (79.8%) - 현재 Loss: 1.9698
2025-12-08 18:36:40 - INFO -   Epoch 5/5 - 배치 702/782 (89.8%) - 현재 Loss: 5.2743
2025-12-08 18:36:40 - INFO -   Epoch 5/5 - 배치 780/782 (99.7%) - 현재 Loss: 3.8419
2025-12-08 18:36:40 - INFO - Epoch 5/5 완료:
2025-12-08 18:36:40 - INFO -   - 평균 Loss: 3.5528
2025-12-08 18:36:40 - INFO -   - Epoch 소요 시간: 3.73초
2025-12-08 18:36:40 - INFO -   - 총 경과 시간: 27.19초 (0.5분)
2025-12-08 18:36:40 - INFO -   ⭐ 최고 Loss 갱신: 3.5528
2025-12-08 18:36:40 - INFO - 
============================================================
2025-12-08 18:36:40 - INFO - ✅ DeepLog 모델 학습 완료
2025-12-08 18:36:40 - INFO -   - 총 소요 시간: 27.19초 (0.5분)
2025-12-08 18:36:40 - INFO -   - 최종 Loss: 3.5528
2025-12-08 18:36:40 - INFO -   - 최고 Loss: 3.5528
2025-12-08 18:36:40 - INFO - ============================================================
