2025-12-09 06:11:31 - INFO - 📝 학습 로그 파일: /Users/zzangdol/PycharmProjects/zzangdol/pattern/prelog/logs/training/deeplog_training_20251209_061131.log
2025-12-09 06:11:31 - INFO - ============================================================
2025-12-09 06:11:31 - INFO - DeepLog 모델 학습 시작
2025-12-09 06:11:31 - INFO - ============================================================
2025-12-09 06:11:31 - INFO - 학습 파라미터:
2025-12-09 06:11:31 - INFO -   - Epochs: 30
2025-12-09 06:11:31 - INFO -   - Batch Size: 64
2025-12-09 06:11:31 - INFO -   - Learning Rate: 0.001
2025-12-09 06:11:31 - INFO -   - 학습 데이터: 1,000,000개 로그
2025-12-09 06:11:31 - INFO - 시퀀스 준비 중...
2025-12-09 06:11:31 - INFO -   템플릿 사전 구축 중...
2025-12-09 06:11:35 - INFO -   ✅ 템플릿 사전 구축 완료: 10,889개 템플릿
2025-12-09 06:11:35 - INFO -   시퀀스 생성 중: 예상 999,985개 시퀀스...
2025-12-09 06:11:35 - INFO -   예상 메모리 사용량: 57.2 MB
2025-12-09 06:11:39 - INFO -   시퀀스 생성 진행: 49,999/999,985 (5.0%) - 경과: 4.3초 - 예상 남은 시간: 81.8초 (1.4분)
2025-12-09 06:11:43 - INFO -   시퀀스 생성 진행: 99,998/999,985 (10.0%) - 경과: 8.5초 - 예상 남은 시간: 76.1초 (1.3분)
2025-12-09 06:11:47 - INFO -   시퀀스 생성 진행: 149,997/999,985 (15.0%) - 경과: 12.7초 - 예상 남은 시간: 72.1초 (1.2분)
2025-12-09 06:11:52 - INFO -   시퀀스 생성 진행: 199,996/999,985 (20.0%) - 경과: 17.0초 - 예상 남은 시간: 67.9초 (1.1분)
2025-12-09 06:11:56 - INFO -   시퀀스 생성 진행: 249,995/999,985 (25.0%) - 경과: 21.2초 - 예상 남은 시간: 63.6초 (1.1분)
2025-12-09 06:12:00 - INFO -   시퀀스 생성 진행: 299,994/999,985 (30.0%) - 경과: 25.6초 - 예상 남은 시간: 59.7초 (1.0분)
2025-12-09 06:12:04 - INFO -   시퀀스 생성 진행: 349,993/999,985 (35.0%) - 경과: 29.8초 - 예상 남은 시간: 55.4초 (0.9분)
2025-12-09 06:12:09 - INFO -   시퀀스 생성 진행: 399,992/999,985 (40.0%) - 경과: 34.1초 - 예상 남은 시간: 51.2초 (0.9분)
2025-12-09 06:12:13 - INFO -   시퀀스 생성 진행: 449,991/999,985 (45.0%) - 경과: 38.3초 - 예상 남은 시간: 46.8초 (0.8분)
2025-12-09 06:12:17 - INFO -   시퀀스 생성 진행: 499,990/999,985 (50.0%) - 경과: 42.5초 - 예상 남은 시간: 42.5초 (0.7분)
2025-12-09 06:12:22 - INFO -   시퀀스 생성 진행: 549,989/999,985 (55.0%) - 경과: 47.0초 - 예상 남은 시간: 38.4초 (0.6분)
2025-12-09 06:12:26 - INFO -   시퀀스 생성 진행: 599,988/999,985 (60.0%) - 경과: 51.4초 - 예상 남은 시간: 34.3초 (0.6분)
2025-12-09 06:12:30 - INFO -   시퀀스 생성 진행: 649,987/999,985 (65.0%) - 경과: 55.8초 - 예상 남은 시간: 30.1초 (0.5분)
2025-12-09 06:12:35 - INFO -   시퀀스 생성 진행: 699,986/999,985 (70.0%) - 경과: 60.3초 - 예상 남은 시간: 25.8초 (0.4분)
2025-12-09 06:12:39 - INFO -   시퀀스 생성 진행: 749,985/999,985 (75.0%) - 경과: 64.7초 - 예상 남은 시간: 21.6초 (0.4분)
2025-12-09 06:12:44 - INFO -   시퀀스 생성 진행: 799,984/999,985 (80.0%) - 경과: 69.4초 - 예상 남은 시간: 17.3초 (0.3분)
2025-12-09 06:12:49 - INFO -   시퀀스 생성 진행: 849,983/999,985 (85.0%) - 경과: 74.3초 - 예상 남은 시간: 13.1초 (0.2분)
2025-12-09 06:12:54 - INFO -   시퀀스 생성 진행: 899,982/999,985 (90.0%) - 경과: 79.4초 - 예상 남은 시간: 8.8초 (0.1분)
2025-12-09 06:12:59 - INFO -   시퀀스 생성 진행: 949,981/999,985 (95.0%) - 경과: 84.4초 - 예상 남은 시간: 4.4초 (0.1분)
2025-12-09 06:13:04 - INFO -   시퀀스 생성 진행: 999,980/999,985 (100.0%) - 경과: 89.4초 - 예상 남은 시간: 0.0초 (0.0분)
2025-12-09 06:13:04 - INFO -   시퀀스 생성 진행: 999,985/999,985 (100.0%) - 경과: 89.4초 - 예상 남은 시간: 0.0초 (0.0분)
2025-12-09 06:13:04 - INFO - ✅ 시퀀스 준비 완료: 999,985개
2025-12-09 06:13:04 - INFO -   - 어휘 크기: 10,890
2025-12-09 06:13:04 - INFO -    💡 원본 로그 데이터 메모리 해제 완료
2025-12-09 06:13:04 - INFO - 모델 구축 중...
2025-12-09 06:13:04 - INFO - ✅ 모델 구축 완료
2025-12-09 06:13:04 - INFO - 데이터 텐서 변환 중...
2025-12-09 06:13:04 - INFO - ✅ 텐서 변환 완료: 15,625개 배치
2025-12-09 06:13:04 - INFO -    💡 NumPy 배열 메모리 해제 완료 (텐서만 메모리에 유지)
2025-12-09 06:13:04 - INFO - 
============================================================
2025-12-09 06:13:04 - INFO - 학습 시작
2025-12-09 06:13:04 - INFO - ============================================================
2025-12-09 06:13:40 - INFO -   Epoch 1/30 - 배치 1562/15625 (10.0%) - 현재 Loss: 2.0357
2025-12-09 06:14:21 - INFO -   Epoch 1/30 - 배치 3124/15625 (20.0%) - 현재 Loss: 4.9604
2025-12-09 06:18:12 - INFO -   Epoch 1/30 - 배치 4686/15625 (30.0%) - 현재 Loss: 4.8505
2025-12-09 06:18:23 - INFO -   Epoch 1/30 - 배치 6248/15625 (40.0%) - 현재 Loss: 2.1845
2025-12-09 06:18:33 - INFO -   Epoch 1/30 - 배치 7810/15625 (50.0%) - 현재 Loss: 3.3877
2025-12-09 06:18:43 - INFO -   Epoch 1/30 - 배치 9372/15625 (60.0%) - 현재 Loss: 1.8239
2025-12-09 06:18:53 - INFO -   Epoch 1/30 - 배치 10934/15625 (70.0%) - 현재 Loss: 5.1867
2025-12-09 06:19:02 - INFO -   Epoch 1/30 - 배치 12496/15625 (80.0%) - 현재 Loss: 2.0095
2025-12-09 06:19:12 - INFO -   Epoch 1/30 - 배치 14058/15625 (90.0%) - 현재 Loss: 1.9165
2025-12-09 06:19:22 - INFO -   Epoch 1/30 - 배치 15620/15625 (100.0%) - 현재 Loss: 5.7498
2025-12-09 06:19:22 - INFO - Epoch 1/30 완료:
2025-12-09 06:19:22 - INFO -   - 평균 Loss: 3.4476
2025-12-09 06:19:22 - INFO -   - Epoch 소요 시간: 377.70초
2025-12-09 06:19:22 - INFO -   - 총 경과 시간: 470.83초 (7.8분)
2025-12-09 06:19:22 - INFO -   ⭐ 최고 Loss 갱신: 3.4476
2025-12-09 06:19:32 - INFO -   Epoch 2/30 - 배치 1562/15625 (10.0%) - 현재 Loss: 2.0177
2025-12-09 06:19:42 - INFO -   Epoch 2/30 - 배치 3124/15625 (20.0%) - 현재 Loss: 4.3601
2025-12-09 06:19:51 - INFO -   Epoch 2/30 - 배치 4686/15625 (30.0%) - 현재 Loss: 4.0692
2025-12-09 06:20:01 - INFO -   Epoch 2/30 - 배치 6248/15625 (40.0%) - 현재 Loss: 2.1526
2025-12-09 06:20:11 - INFO -   Epoch 2/30 - 배치 7810/15625 (50.0%) - 현재 Loss: 2.8690
2025-12-09 06:20:20 - INFO -   Epoch 2/30 - 배치 9372/15625 (60.0%) - 현재 Loss: 1.8248
2025-12-09 06:20:30 - INFO -   Epoch 2/30 - 배치 10934/15625 (70.0%) - 현재 Loss: 4.4397
2025-12-09 06:20:40 - INFO -   Epoch 2/30 - 배치 12496/15625 (80.0%) - 현재 Loss: 2.0015
2025-12-09 06:20:49 - INFO -   Epoch 2/30 - 배치 14058/15625 (90.0%) - 현재 Loss: 1.8909
2025-12-09 06:20:59 - INFO -   Epoch 2/30 - 배치 15620/15625 (100.0%) - 현재 Loss: 5.5891
2025-12-09 06:20:59 - INFO - Epoch 2/30 완료:
2025-12-09 06:20:59 - INFO -   - 평균 Loss: 3.1448
2025-12-09 06:20:59 - INFO -   - Epoch 소요 시간: 96.77초
2025-12-09 06:20:59 - INFO -   - 총 경과 시간: 567.60초 (9.5분)
2025-12-09 06:20:59 - INFO -   - 예상 남은 시간: 7946.35초 (132.4분)
2025-12-09 06:20:59 - INFO -   ⭐ 최고 Loss 갱신: 3.1448
2025-12-09 06:21:09 - INFO -   Epoch 3/30 - 배치 1562/15625 (10.0%) - 현재 Loss: 2.0217
2025-12-09 06:21:19 - INFO -   Epoch 3/30 - 배치 3124/15625 (20.0%) - 현재 Loss: 4.2158
2025-12-09 06:21:28 - INFO -   Epoch 3/30 - 배치 4686/15625 (30.0%) - 현재 Loss: 3.9723
2025-12-09 06:21:38 - INFO -   Epoch 3/30 - 배치 6248/15625 (40.0%) - 현재 Loss: 2.1708
2025-12-09 06:21:48 - INFO -   Epoch 3/30 - 배치 7810/15625 (50.0%) - 현재 Loss: 2.8013
2025-12-09 06:21:58 - INFO -   Epoch 3/30 - 배치 9372/15625 (60.0%) - 현재 Loss: 1.8155
2025-12-09 06:22:07 - INFO -   Epoch 3/30 - 배치 10934/15625 (70.0%) - 현재 Loss: 4.4707
2025-12-09 06:22:17 - INFO -   Epoch 3/30 - 배치 12496/15625 (80.0%) - 현재 Loss: 2.0109
2025-12-09 06:22:27 - INFO -   Epoch 3/30 - 배치 14058/15625 (90.0%) - 현재 Loss: 1.9299
2025-12-09 06:22:36 - INFO -   Epoch 3/30 - 배치 15620/15625 (100.0%) - 현재 Loss: 5.4224
2025-12-09 06:22:36 - INFO - Epoch 3/30 완료:
2025-12-09 06:22:36 - INFO -   - 평균 Loss: 3.1060
2025-12-09 06:22:36 - INFO -   - Epoch 소요 시간: 97.37초
2025-12-09 06:22:36 - INFO -   - 총 경과 시간: 664.97초 (11.1분)
2025-12-09 06:22:36 - INFO -   - 예상 남은 시간: 5984.73초 (99.7분)
2025-12-09 06:22:36 - INFO -   ⭐ 최고 Loss 갱신: 3.1060
2025-12-09 06:22:46 - INFO -   Epoch 4/30 - 배치 1562/15625 (10.0%) - 현재 Loss: 2.0132
2025-12-09 06:22:56 - INFO -   Epoch 4/30 - 배치 3124/15625 (20.0%) - 현재 Loss: 4.1151
2025-12-09 06:23:05 - INFO -   Epoch 4/30 - 배치 4686/15625 (30.0%) - 현재 Loss: 4.0535
2025-12-09 06:23:15 - INFO -   Epoch 4/30 - 배치 6248/15625 (40.0%) - 현재 Loss: 2.1510
2025-12-09 06:23:25 - INFO -   Epoch 4/30 - 배치 7810/15625 (50.0%) - 현재 Loss: 2.8250
2025-12-09 06:23:35 - INFO -   Epoch 4/30 - 배치 9372/15625 (60.0%) - 현재 Loss: 1.8134
2025-12-09 06:23:45 - INFO -   Epoch 4/30 - 배치 10934/15625 (70.0%) - 현재 Loss: 4.2489
2025-12-09 06:23:54 - INFO -   Epoch 4/30 - 배치 12496/15625 (80.0%) - 현재 Loss: 1.9966
2025-12-09 06:24:04 - INFO -   Epoch 4/30 - 배치 14058/15625 (90.0%) - 현재 Loss: 1.9389
2025-12-09 06:24:14 - INFO -   Epoch 4/30 - 배치 15620/15625 (100.0%) - 현재 Loss: 5.2970
2025-12-09 06:24:14 - INFO - Epoch 4/30 완료:
2025-12-09 06:24:14 - INFO -   - 평균 Loss: 3.0718
2025-12-09 06:24:14 - INFO -   - Epoch 소요 시간: 98.12초
2025-12-09 06:24:14 - INFO -   - 총 경과 시간: 763.09초 (12.7분)
2025-12-09 06:24:14 - INFO -   - 예상 남은 시간: 4960.08초 (82.7분)
2025-12-09 06:24:14 - INFO -   ⭐ 최고 Loss 갱신: 3.0718
2025-12-09 06:24:24 - INFO -   Epoch 5/30 - 배치 1562/15625 (10.0%) - 현재 Loss: 2.0230
2025-12-09 06:24:34 - INFO -   Epoch 5/30 - 배치 3124/15625 (20.0%) - 현재 Loss: 4.1418
2025-12-09 06:24:44 - INFO -   Epoch 5/30 - 배치 4686/15625 (30.0%) - 현재 Loss: 3.8580
2025-12-09 06:24:54 - INFO -   Epoch 5/30 - 배치 6248/15625 (40.0%) - 현재 Loss: 2.1535
2025-12-09 06:25:04 - INFO -   Epoch 5/30 - 배치 7810/15625 (50.0%) - 현재 Loss: 2.8348
2025-12-09 06:25:14 - INFO -   Epoch 5/30 - 배치 9372/15625 (60.0%) - 현재 Loss: 1.8214
2025-12-09 06:25:24 - INFO -   Epoch 5/30 - 배치 10934/15625 (70.0%) - 현재 Loss: 4.2173
2025-12-09 06:25:34 - INFO -   Epoch 5/30 - 배치 12496/15625 (80.0%) - 현재 Loss: 1.9941
2025-12-09 06:25:44 - INFO -   Epoch 5/30 - 배치 14058/15625 (90.0%) - 현재 Loss: 1.9668
2025-12-09 06:25:54 - INFO -   Epoch 5/30 - 배치 15620/15625 (100.0%) - 현재 Loss: 5.2412
2025-12-09 06:25:54 - INFO - Epoch 5/30 완료:
2025-12-09 06:25:54 - INFO -   - 평균 Loss: 3.0458
2025-12-09 06:25:54 - INFO -   - Epoch 소요 시간: 99.93초
2025-12-09 06:25:54 - INFO -   - 총 경과 시간: 863.01초 (14.4분)
2025-12-09 06:25:54 - INFO -   - 예상 남은 시간: 4315.07초 (71.9분)
2025-12-09 06:25:54 - INFO -   ⭐ 최고 Loss 갱신: 3.0458
2025-12-09 06:26:04 - INFO -   Epoch 6/30 - 배치 1562/15625 (10.0%) - 현재 Loss: 2.0179
2025-12-09 06:26:14 - INFO -   Epoch 6/30 - 배치 3124/15625 (20.0%) - 현재 Loss: 4.1653
2025-12-09 06:26:24 - INFO -   Epoch 6/30 - 배치 4686/15625 (30.0%) - 현재 Loss: 3.8306
2025-12-09 06:26:34 - INFO -   Epoch 6/30 - 배치 6248/15625 (40.0%) - 현재 Loss: 2.1532
2025-12-09 06:26:44 - INFO -   Epoch 6/30 - 배치 7810/15625 (50.0%) - 현재 Loss: 2.7617
2025-12-09 06:26:55 - INFO -   Epoch 6/30 - 배치 9372/15625 (60.0%) - 현재 Loss: 1.8116
2025-12-09 06:27:05 - INFO -   Epoch 6/30 - 배치 10934/15625 (70.0%) - 현재 Loss: 4.2510
2025-12-09 06:27:14 - INFO -   Epoch 6/30 - 배치 12496/15625 (80.0%) - 현재 Loss: 2.0025
2025-12-09 06:27:24 - INFO -   Epoch 6/30 - 배치 14058/15625 (90.0%) - 현재 Loss: 1.9117
2025-12-09 06:27:34 - INFO -   Epoch 6/30 - 배치 15620/15625 (100.0%) - 현재 Loss: 5.1509
2025-12-09 06:27:34 - INFO - Epoch 6/30 완료:
2025-12-09 06:27:34 - INFO -   - 평균 Loss: 3.0455
2025-12-09 06:27:34 - INFO -   - Epoch 소요 시간: 99.27초
2025-12-09 06:27:34 - INFO -   - 총 경과 시간: 962.29초 (16.0분)
2025-12-09 06:27:34 - INFO -   - 예상 남은 시간: 3849.15초 (64.2분)
2025-12-09 06:27:34 - INFO -   ⭐ 최고 Loss 갱신: 3.0455
2025-12-09 06:27:43 - INFO -   Epoch 7/30 - 배치 1562/15625 (10.0%) - 현재 Loss: 2.0278
2025-12-09 06:27:53 - INFO -   Epoch 7/30 - 배치 3124/15625 (20.0%) - 현재 Loss: 4.1584
2025-12-09 06:28:03 - INFO -   Epoch 7/30 - 배치 4686/15625 (30.0%) - 현재 Loss: 3.7716
2025-12-09 06:28:12 - INFO -   Epoch 7/30 - 배치 6248/15625 (40.0%) - 현재 Loss: 2.1676
2025-12-09 06:28:22 - INFO -   Epoch 7/30 - 배치 7810/15625 (50.0%) - 현재 Loss: 2.7980
2025-12-09 06:28:32 - INFO -   Epoch 7/30 - 배치 9372/15625 (60.0%) - 현재 Loss: 1.8309
2025-12-09 06:28:41 - INFO -   Epoch 7/30 - 배치 10934/15625 (70.0%) - 현재 Loss: 4.3943
2025-12-09 06:28:51 - INFO -   Epoch 7/30 - 배치 12496/15625 (80.0%) - 현재 Loss: 2.0111
2025-12-09 06:29:01 - INFO -   Epoch 7/30 - 배치 14058/15625 (90.0%) - 현재 Loss: 1.9501
2025-12-09 06:29:12 - INFO -   Epoch 7/30 - 배치 15620/15625 (100.0%) - 현재 Loss: 5.1482
2025-12-09 06:29:12 - INFO - Epoch 7/30 완료:
2025-12-09 06:29:12 - INFO -   - 평균 Loss: 3.0641
2025-12-09 06:29:12 - INFO -   - Epoch 소요 시간: 98.21초
2025-12-09 06:29:12 - INFO -   - 총 경과 시간: 1060.50초 (17.7분)
2025-12-09 06:29:12 - INFO -   - 예상 남은 시간: 3484.51초 (58.1분)
2025-12-09 06:29:22 - INFO -   Epoch 8/30 - 배치 1562/15625 (10.0%) - 현재 Loss: 2.0319
2025-12-09 06:29:32 - INFO -   Epoch 8/30 - 배치 3124/15625 (20.0%) - 현재 Loss: 4.1320
2025-12-09 06:29:43 - INFO -   Epoch 8/30 - 배치 4686/15625 (30.0%) - 현재 Loss: 3.7962
2025-12-09 06:29:53 - INFO -   Epoch 8/30 - 배치 6248/15625 (40.0%) - 현재 Loss: 2.1673
2025-12-09 06:30:03 - INFO -   Epoch 8/30 - 배치 7810/15625 (50.0%) - 현재 Loss: 2.8237
2025-12-09 06:30:13 - INFO -   Epoch 8/30 - 배치 9372/15625 (60.0%) - 현재 Loss: 1.8254
2025-12-09 06:30:23 - INFO -   Epoch 8/30 - 배치 10934/15625 (70.0%) - 현재 Loss: 4.1847
2025-12-09 06:30:33 - INFO -   Epoch 8/30 - 배치 12496/15625 (80.0%) - 현재 Loss: 2.0095
2025-12-09 06:30:44 - INFO -   Epoch 8/30 - 배치 14058/15625 (90.0%) - 현재 Loss: 1.8967
2025-12-09 06:30:54 - INFO -   Epoch 8/30 - 배치 15620/15625 (100.0%) - 현재 Loss: 5.1001
2025-12-09 06:30:54 - INFO - Epoch 8/30 완료:
2025-12-09 06:30:54 - INFO -   - 평균 Loss: 3.0260
2025-12-09 06:30:54 - INFO -   - Epoch 소요 시간: 101.93초
2025-12-09 06:30:54 - INFO -   - 총 경과 시간: 1162.43초 (19.4분)
2025-12-09 06:30:54 - INFO -   - 예상 남은 시간: 3196.69초 (53.3분)
2025-12-09 06:30:54 - INFO -   ⭐ 최고 Loss 갱신: 3.0260
2025-12-09 06:31:04 - INFO -   Epoch 9/30 - 배치 1562/15625 (10.0%) - 현재 Loss: 2.0208
2025-12-09 06:31:14 - INFO -   Epoch 9/30 - 배치 3124/15625 (20.0%) - 현재 Loss: 4.1435
2025-12-09 06:31:25 - INFO -   Epoch 9/30 - 배치 4686/15625 (30.0%) - 현재 Loss: 3.8137
2025-12-09 06:31:35 - INFO -   Epoch 9/30 - 배치 6248/15625 (40.0%) - 현재 Loss: 2.1729
2025-12-09 06:31:45 - INFO -   Epoch 9/30 - 배치 7810/15625 (50.0%) - 현재 Loss: 2.8038
2025-12-09 06:31:55 - INFO -   Epoch 9/30 - 배치 9372/15625 (60.0%) - 현재 Loss: 1.8324
2025-12-09 06:32:06 - INFO -   Epoch 9/30 - 배치 10934/15625 (70.0%) - 현재 Loss: 3.9434
2025-12-09 06:32:16 - INFO -   Epoch 9/30 - 배치 12496/15625 (80.0%) - 현재 Loss: 2.0088
2025-12-09 06:32:26 - INFO -   Epoch 9/30 - 배치 14058/15625 (90.0%) - 현재 Loss: 1.9194
2025-12-09 06:32:37 - INFO -   Epoch 9/30 - 배치 15620/15625 (100.0%) - 현재 Loss: 4.8586
2025-12-09 06:32:37 - INFO - Epoch 9/30 완료:
2025-12-09 06:32:37 - INFO -   - 평균 Loss: 3.0238
2025-12-09 06:32:37 - INFO -   - Epoch 소요 시간: 102.77초
2025-12-09 06:32:37 - INFO -   - 총 경과 시간: 1265.21초 (21.1분)
2025-12-09 06:32:37 - INFO -   - 예상 남은 시간: 2952.15초 (49.2분)
2025-12-09 06:32:37 - INFO -   ⭐ 최고 Loss 갱신: 3.0238
2025-12-09 06:32:47 - INFO -   Epoch 10/30 - 배치 1562/15625 (10.0%) - 현재 Loss: 2.0200
2025-12-09 06:32:57 - INFO -   Epoch 10/30 - 배치 3124/15625 (20.0%) - 현재 Loss: 3.8975
2025-12-09 06:33:07 - INFO -   Epoch 10/30 - 배치 4686/15625 (30.0%) - 현재 Loss: 3.7396
2025-12-09 06:33:18 - INFO -   Epoch 10/30 - 배치 6248/15625 (40.0%) - 현재 Loss: 2.1588
2025-12-09 06:33:28 - INFO -   Epoch 10/30 - 배치 7810/15625 (50.0%) - 현재 Loss: 2.7610
2025-12-09 06:33:38 - INFO -   Epoch 10/30 - 배치 9372/15625 (60.0%) - 현재 Loss: 1.8278
2025-12-09 06:33:48 - INFO -   Epoch 10/30 - 배치 10934/15625 (70.0%) - 현재 Loss: 3.9531
2025-12-09 06:33:59 - INFO -   Epoch 10/30 - 배치 12496/15625 (80.0%) - 현재 Loss: 2.0051
2025-12-09 06:34:09 - INFO -   Epoch 10/30 - 배치 14058/15625 (90.0%) - 현재 Loss: 1.9164
2025-12-09 06:34:19 - INFO -   Epoch 10/30 - 배치 15620/15625 (100.0%) - 현재 Loss: 4.9432
2025-12-09 06:34:19 - INFO - Epoch 10/30 완료:
2025-12-09 06:34:19 - INFO -   - 평균 Loss: 2.9886
2025-12-09 06:34:19 - INFO -   - Epoch 소요 시간: 102.53초
2025-12-09 06:34:19 - INFO -   - 총 경과 시간: 1367.74초 (22.8분)
2025-12-09 06:34:19 - INFO -   - 예상 남은 시간: 2735.47초 (45.6분)
2025-12-09 06:34:19 - INFO -   ⭐ 최고 Loss 갱신: 2.9886
2025-12-09 06:34:29 - INFO -   Epoch 11/30 - 배치 1562/15625 (10.0%) - 현재 Loss: 2.0184
2025-12-09 06:34:40 - INFO -   Epoch 11/30 - 배치 3124/15625 (20.0%) - 현재 Loss: 3.9958
2025-12-09 06:34:50 - INFO -   Epoch 11/30 - 배치 4686/15625 (30.0%) - 현재 Loss: 3.6557
2025-12-09 06:35:00 - INFO -   Epoch 11/30 - 배치 6248/15625 (40.0%) - 현재 Loss: 2.1679
2025-12-09 06:35:11 - INFO -   Epoch 11/30 - 배치 7810/15625 (50.0%) - 현재 Loss: 2.7984
2025-12-09 06:35:21 - INFO -   Epoch 11/30 - 배치 9372/15625 (60.0%) - 현재 Loss: 1.8236
2025-12-09 06:35:32 - INFO -   Epoch 11/30 - 배치 10934/15625 (70.0%) - 현재 Loss: 3.7874
2025-12-09 06:35:42 - INFO -   Epoch 11/30 - 배치 12496/15625 (80.0%) - 현재 Loss: 2.0039
2025-12-09 06:35:52 - INFO -   Epoch 11/30 - 배치 14058/15625 (90.0%) - 현재 Loss: 1.9153
2025-12-09 06:36:03 - INFO -   Epoch 11/30 - 배치 15620/15625 (100.0%) - 현재 Loss: 5.0576
2025-12-09 06:36:03 - INFO - Epoch 11/30 완료:
2025-12-09 06:36:03 - INFO -   - 평균 Loss: 2.9726
2025-12-09 06:36:03 - INFO -   - Epoch 소요 시간: 103.65초
2025-12-09 06:36:03 - INFO -   - 총 경과 시간: 1471.39초 (24.5분)
2025-12-09 06:36:03 - INFO -   - 예상 남은 시간: 2541.49초 (42.4분)
2025-12-09 06:36:03 - INFO -   ⭐ 최고 Loss 갱신: 2.9726
2025-12-09 06:36:13 - INFO -   Epoch 12/30 - 배치 1562/15625 (10.0%) - 현재 Loss: 2.0162
2025-12-09 06:36:24 - INFO -   Epoch 12/30 - 배치 3124/15625 (20.0%) - 현재 Loss: 3.8523
2025-12-09 06:36:34 - INFO -   Epoch 12/30 - 배치 4686/15625 (30.0%) - 현재 Loss: 3.5089
2025-12-09 06:36:44 - INFO -   Epoch 12/30 - 배치 6248/15625 (40.0%) - 현재 Loss: 2.1627
2025-12-09 06:36:55 - INFO -   Epoch 12/30 - 배치 7810/15625 (50.0%) - 현재 Loss: 2.7739
2025-12-09 06:37:05 - INFO -   Epoch 12/30 - 배치 9372/15625 (60.0%) - 현재 Loss: 1.8233
2025-12-09 06:37:16 - INFO -   Epoch 12/30 - 배치 10934/15625 (70.0%) - 현재 Loss: 3.8826
2025-12-09 06:37:26 - INFO -   Epoch 12/30 - 배치 12496/15625 (80.0%) - 현재 Loss: 2.0112
2025-12-09 06:37:36 - INFO -   Epoch 12/30 - 배치 14058/15625 (90.0%) - 현재 Loss: 1.8946
2025-12-09 06:37:46 - INFO -   Epoch 12/30 - 배치 15620/15625 (100.0%) - 현재 Loss: 4.9178
2025-12-09 06:37:47 - INFO - Epoch 12/30 완료:
2025-12-09 06:37:47 - INFO -   - 평균 Loss: 2.9611
2025-12-09 06:37:47 - INFO -   - Epoch 소요 시간: 103.79초
2025-12-09 06:37:47 - INFO -   - 총 경과 시간: 1575.18초 (26.3분)
2025-12-09 06:37:47 - INFO -   - 예상 남은 시간: 2362.77초 (39.4분)
2025-12-09 06:37:47 - INFO -   ⭐ 최고 Loss 갱신: 2.9611
2025-12-09 06:37:57 - INFO -   Epoch 13/30 - 배치 1562/15625 (10.0%) - 현재 Loss: 2.0135
2025-12-09 06:38:07 - INFO -   Epoch 13/30 - 배치 3124/15625 (20.0%) - 현재 Loss: 3.8770
2025-12-09 06:38:18 - INFO -   Epoch 13/30 - 배치 4686/15625 (30.0%) - 현재 Loss: 3.6061
2025-12-09 06:38:28 - INFO -   Epoch 13/30 - 배치 6248/15625 (40.0%) - 현재 Loss: 2.1741
2025-12-09 06:38:38 - INFO -   Epoch 13/30 - 배치 7810/15625 (50.0%) - 현재 Loss: 2.8400
2025-12-09 06:38:49 - INFO -   Epoch 13/30 - 배치 9372/15625 (60.0%) - 현재 Loss: 1.8171
2025-12-09 06:38:59 - INFO -   Epoch 13/30 - 배치 10934/15625 (70.0%) - 현재 Loss: 3.8770
2025-12-09 06:39:10 - INFO -   Epoch 13/30 - 배치 12496/15625 (80.0%) - 현재 Loss: 2.0151
2025-12-09 06:39:20 - INFO -   Epoch 13/30 - 배치 14058/15625 (90.0%) - 현재 Loss: 1.9038
2025-12-09 06:39:30 - INFO -   Epoch 13/30 - 배치 15620/15625 (100.0%) - 현재 Loss: 4.9843
2025-12-09 06:39:30 - INFO - Epoch 13/30 완료:
2025-12-09 06:39:30 - INFO -   - 평균 Loss: 2.9556
2025-12-09 06:39:30 - INFO -   - Epoch 소요 시간: 103.84초
2025-12-09 06:39:30 - INFO -   - 총 경과 시간: 1679.02초 (28.0분)
2025-12-09 06:39:30 - INFO -   - 예상 남은 시간: 2195.65초 (36.6분)
2025-12-09 06:39:30 - INFO -   ⭐ 최고 Loss 갱신: 2.9556
2025-12-09 06:39:41 - INFO -   Epoch 14/30 - 배치 1562/15625 (10.0%) - 현재 Loss: 2.0157
2025-12-09 06:39:51 - INFO -   Epoch 14/30 - 배치 3124/15625 (20.0%) - 현재 Loss: 3.8439
2025-12-09 06:40:02 - INFO -   Epoch 14/30 - 배치 4686/15625 (30.0%) - 현재 Loss: 3.5251
2025-12-09 06:40:12 - INFO -   Epoch 14/30 - 배치 6248/15625 (40.0%) - 현재 Loss: 2.1588
2025-12-09 06:40:23 - INFO -   Epoch 14/30 - 배치 7810/15625 (50.0%) - 현재 Loss: 2.7904
2025-12-09 06:40:33 - INFO -   Epoch 14/30 - 배치 9372/15625 (60.0%) - 현재 Loss: 1.8236
2025-12-09 06:40:43 - INFO -   Epoch 14/30 - 배치 10934/15625 (70.0%) - 현재 Loss: 3.9490
2025-12-09 06:40:54 - INFO -   Epoch 14/30 - 배치 12496/15625 (80.0%) - 현재 Loss: 2.0094
2025-12-09 06:41:04 - INFO -   Epoch 14/30 - 배치 14058/15625 (90.0%) - 현재 Loss: 1.8976
2025-12-09 06:41:15 - INFO -   Epoch 14/30 - 배치 15620/15625 (100.0%) - 현재 Loss: 4.8976
2025-12-09 06:41:15 - INFO - Epoch 14/30 완료:
2025-12-09 06:41:15 - INFO -   - 평균 Loss: 2.9308
2025-12-09 06:41:15 - INFO -   - Epoch 소요 시간: 104.34초
2025-12-09 06:41:15 - INFO -   - 총 경과 시간: 1783.36초 (29.7분)
2025-12-09 06:41:15 - INFO -   - 예상 남은 시간: 2038.13초 (34.0분)
2025-12-09 06:41:15 - INFO -   ⭐ 최고 Loss 갱신: 2.9308
2025-12-09 06:41:25 - INFO -   Epoch 15/30 - 배치 1562/15625 (10.0%) - 현재 Loss: 2.0130
2025-12-09 06:41:35 - INFO -   Epoch 15/30 - 배치 3124/15625 (20.0%) - 현재 Loss: 3.7266
2025-12-09 06:41:46 - INFO -   Epoch 15/30 - 배치 4686/15625 (30.0%) - 현재 Loss: 3.4095
2025-12-09 06:41:56 - INFO -   Epoch 15/30 - 배치 6248/15625 (40.0%) - 현재 Loss: 2.1544
2025-12-09 06:42:07 - INFO -   Epoch 15/30 - 배치 7810/15625 (50.0%) - 현재 Loss: 2.8154
2025-12-09 06:42:17 - INFO -   Epoch 15/30 - 배치 9372/15625 (60.0%) - 현재 Loss: 1.8171
2025-12-09 06:42:28 - INFO -   Epoch 15/30 - 배치 10934/15625 (70.0%) - 현재 Loss: 3.9187
2025-12-09 06:42:39 - INFO -   Epoch 15/30 - 배치 12496/15625 (80.0%) - 현재 Loss: 2.0083
2025-12-09 06:42:50 - INFO -   Epoch 15/30 - 배치 14058/15625 (90.0%) - 현재 Loss: 1.8888
2025-12-09 06:43:00 - INFO -   Epoch 15/30 - 배치 15620/15625 (100.0%) - 현재 Loss: 4.9084
2025-12-09 06:43:00 - INFO - Epoch 15/30 완료:
2025-12-09 06:43:00 - INFO -   - 평균 Loss: 2.9129
2025-12-09 06:43:00 - INFO -   - Epoch 소요 시간: 105.43초
2025-12-09 06:43:00 - INFO -   - 총 경과 시간: 1888.80초 (31.5분)
2025-12-09 06:43:00 - INFO -   - 예상 남은 시간: 1888.80초 (31.5분)
2025-12-09 06:43:00 - INFO -   ⭐ 최고 Loss 갱신: 2.9129
2025-12-09 06:43:11 - INFO -   Epoch 16/30 - 배치 1562/15625 (10.0%) - 현재 Loss: 2.0146
2025-12-09 06:43:21 - INFO -   Epoch 16/30 - 배치 3124/15625 (20.0%) - 현재 Loss: 3.6935
2025-12-09 06:43:31 - INFO -   Epoch 16/30 - 배치 4686/15625 (30.0%) - 현재 Loss: 3.4006
2025-12-09 06:43:42 - INFO -   Epoch 16/30 - 배치 6248/15625 (40.0%) - 현재 Loss: 2.1641
2025-12-09 06:43:52 - INFO -   Epoch 16/30 - 배치 7810/15625 (50.0%) - 현재 Loss: 2.7451
2025-12-09 06:44:03 - INFO -   Epoch 16/30 - 배치 9372/15625 (60.0%) - 현재 Loss: 1.8239
2025-12-09 06:44:13 - INFO -   Epoch 16/30 - 배치 10934/15625 (70.0%) - 현재 Loss: 3.8063
2025-12-09 06:44:24 - INFO -   Epoch 16/30 - 배치 12496/15625 (80.0%) - 현재 Loss: 2.0193
2025-12-09 06:44:34 - INFO -   Epoch 16/30 - 배치 14058/15625 (90.0%) - 현재 Loss: 1.9007
2025-12-09 06:44:45 - INFO -   Epoch 16/30 - 배치 15620/15625 (100.0%) - 현재 Loss: 4.8031
2025-12-09 06:44:45 - INFO - Epoch 16/30 완료:
2025-12-09 06:44:45 - INFO -   - 평균 Loss: 2.9254
2025-12-09 06:44:45 - INFO -   - Epoch 소요 시간: 105.22초
2025-12-09 06:44:45 - INFO -   - 총 경과 시간: 1994.02초 (33.2분)
2025-12-09 06:44:45 - INFO -   - 예상 남은 시간: 1744.77초 (29.1분)
2025-12-09 06:44:56 - INFO -   Epoch 17/30 - 배치 1562/15625 (10.0%) - 현재 Loss: 2.0232
2025-12-09 06:45:06 - INFO -   Epoch 17/30 - 배치 3124/15625 (20.0%) - 현재 Loss: 3.6279
2025-12-09 06:45:17 - INFO -   Epoch 17/30 - 배치 4686/15625 (30.0%) - 현재 Loss: 3.4379
2025-12-09 06:45:28 - INFO -   Epoch 17/30 - 배치 6248/15625 (40.0%) - 현재 Loss: 2.1573
2025-12-09 06:45:38 - INFO -   Epoch 17/30 - 배치 7810/15625 (50.0%) - 현재 Loss: 2.7420
2025-12-09 06:45:49 - INFO -   Epoch 17/30 - 배치 9372/15625 (60.0%) - 현재 Loss: 1.8260
2025-12-09 06:45:59 - INFO -   Epoch 17/30 - 배치 10934/15625 (70.0%) - 현재 Loss: 3.8941
2025-12-09 06:46:10 - INFO -   Epoch 17/30 - 배치 12496/15625 (80.0%) - 현재 Loss: 2.0152
2025-12-09 06:46:21 - INFO -   Epoch 17/30 - 배치 14058/15625 (90.0%) - 현재 Loss: 1.8971
2025-12-09 06:46:31 - INFO -   Epoch 17/30 - 배치 15620/15625 (100.0%) - 현재 Loss: 5.0052
2025-12-09 06:46:31 - INFO - Epoch 17/30 완료:
2025-12-09 06:46:31 - INFO -   - 평균 Loss: 2.9082
2025-12-09 06:46:31 - INFO -   - Epoch 소요 시간: 105.81초
2025-12-09 06:46:31 - INFO -   - 총 경과 시간: 2099.83초 (35.0분)
2025-12-09 06:46:31 - INFO -   - 예상 남은 시간: 1605.75초 (26.8분)
2025-12-09 06:46:31 - INFO -   ⭐ 최고 Loss 갱신: 2.9082
2025-12-09 06:46:42 - INFO -   Epoch 18/30 - 배치 1562/15625 (10.0%) - 현재 Loss: 2.0136
2025-12-09 06:46:52 - INFO -   Epoch 18/30 - 배치 3124/15625 (20.0%) - 현재 Loss: 3.6492
2025-12-09 06:47:02 - INFO -   Epoch 18/30 - 배치 4686/15625 (30.0%) - 현재 Loss: 3.4497
2025-12-09 06:47:13 - INFO -   Epoch 18/30 - 배치 6248/15625 (40.0%) - 현재 Loss: 2.1761
2025-12-09 06:47:23 - INFO -   Epoch 18/30 - 배치 7810/15625 (50.0%) - 현재 Loss: 2.7525
2025-12-09 06:47:34 - INFO -   Epoch 18/30 - 배치 9372/15625 (60.0%) - 현재 Loss: 1.8194
2025-12-09 06:47:44 - INFO -   Epoch 18/30 - 배치 10934/15625 (70.0%) - 현재 Loss: 3.7792
2025-12-09 06:47:55 - INFO -   Epoch 18/30 - 배치 12496/15625 (80.0%) - 현재 Loss: 2.0104
2025-12-09 06:48:05 - INFO -   Epoch 18/30 - 배치 14058/15625 (90.0%) - 현재 Loss: 1.8924
2025-12-09 06:48:16 - INFO -   Epoch 18/30 - 배치 15620/15625 (100.0%) - 현재 Loss: 4.8508
2025-12-09 06:48:16 - INFO - Epoch 18/30 완료:
2025-12-09 06:48:16 - INFO -   - 평균 Loss: 2.8957
2025-12-09 06:48:16 - INFO -   - Epoch 소요 시간: 104.39초
2025-12-09 06:48:16 - INFO -   - 총 경과 시간: 2204.22초 (36.7분)
2025-12-09 06:48:16 - INFO -   - 예상 남은 시간: 1469.48초 (24.5분)
2025-12-09 06:48:16 - INFO -   ⭐ 최고 Loss 갱신: 2.8957
2025-12-09 06:48:26 - INFO -   Epoch 19/30 - 배치 1562/15625 (10.0%) - 현재 Loss: 2.0281
2025-12-09 06:48:37 - INFO -   Epoch 19/30 - 배치 3124/15625 (20.0%) - 현재 Loss: 3.6406
2025-12-09 06:48:47 - INFO -   Epoch 19/30 - 배치 4686/15625 (30.0%) - 현재 Loss: 3.3761
2025-12-09 06:48:57 - INFO -   Epoch 19/30 - 배치 6248/15625 (40.0%) - 현재 Loss: 2.1751
2025-12-09 06:49:08 - INFO -   Epoch 19/30 - 배치 7810/15625 (50.0%) - 현재 Loss: 2.7699
2025-12-09 06:49:19 - INFO -   Epoch 19/30 - 배치 9372/15625 (60.0%) - 현재 Loss: 1.8214
2025-12-09 06:49:29 - INFO -   Epoch 19/30 - 배치 10934/15625 (70.0%) - 현재 Loss: 3.7145
2025-12-09 06:49:39 - INFO -   Epoch 19/30 - 배치 12496/15625 (80.0%) - 현재 Loss: 2.0122
2025-12-09 06:49:50 - INFO -   Epoch 19/30 - 배치 14058/15625 (90.0%) - 현재 Loss: 1.8897
2025-12-09 06:50:00 - INFO -   Epoch 19/30 - 배치 15620/15625 (100.0%) - 현재 Loss: 4.8819
2025-12-09 06:50:00 - INFO - Epoch 19/30 완료:
2025-12-09 06:50:00 - INFO -   - 평균 Loss: 2.8866
2025-12-09 06:50:00 - INFO -   - Epoch 소요 시간: 104.67초
2025-12-09 06:50:00 - INFO -   - 총 경과 시간: 2308.89초 (38.5분)
2025-12-09 06:50:00 - INFO -   - 예상 남은 시간: 1336.72초 (22.3분)
2025-12-09 06:50:00 - INFO -   ⭐ 최고 Loss 갱신: 2.8866
2025-12-09 06:50:11 - INFO -   Epoch 20/30 - 배치 1562/15625 (10.0%) - 현재 Loss: 2.0056
2025-12-09 06:50:22 - INFO -   Epoch 20/30 - 배치 3124/15625 (20.0%) - 현재 Loss: 3.5474
2025-12-09 06:50:32 - INFO -   Epoch 20/30 - 배치 4686/15625 (30.0%) - 현재 Loss: 3.5068
2025-12-09 06:50:43 - INFO -   Epoch 20/30 - 배치 6248/15625 (40.0%) - 현재 Loss: 2.1661
2025-12-09 06:50:53 - INFO -   Epoch 20/30 - 배치 7810/15625 (50.0%) - 현재 Loss: 2.7890
2025-12-09 06:51:04 - INFO -   Epoch 20/30 - 배치 9372/15625 (60.0%) - 현재 Loss: 1.8177
2025-12-09 06:51:14 - INFO -   Epoch 20/30 - 배치 10934/15625 (70.0%) - 현재 Loss: 3.8162
2025-12-09 06:51:25 - INFO -   Epoch 20/30 - 배치 12496/15625 (80.0%) - 현재 Loss: 2.0076
2025-12-09 06:51:35 - INFO -   Epoch 20/30 - 배치 14058/15625 (90.0%) - 현재 Loss: 1.8917
2025-12-09 06:51:46 - INFO -   Epoch 20/30 - 배치 15620/15625 (100.0%) - 현재 Loss: 4.8653
2025-12-09 06:51:46 - INFO - Epoch 20/30 완료:
2025-12-09 06:51:46 - INFO -   - 평균 Loss: 2.8854
2025-12-09 06:51:46 - INFO -   - Epoch 소요 시간: 105.66초
2025-12-09 06:51:46 - INFO -   - 총 경과 시간: 2414.55초 (40.2분)
2025-12-09 06:51:46 - INFO -   - 예상 남은 시간: 1207.27초 (20.1분)
2025-12-09 06:51:46 - INFO -   ⭐ 최고 Loss 갱신: 2.8854
2025-12-09 06:51:57 - INFO -   Epoch 21/30 - 배치 1562/15625 (10.0%) - 현재 Loss: 2.0174
2025-12-09 06:52:07 - INFO -   Epoch 21/30 - 배치 3124/15625 (20.0%) - 현재 Loss: 3.4840
2025-12-09 06:52:18 - INFO -   Epoch 21/30 - 배치 4686/15625 (30.0%) - 현재 Loss: 3.4409
2025-12-09 06:52:28 - INFO -   Epoch 21/30 - 배치 6248/15625 (40.0%) - 현재 Loss: 2.1591
2025-12-09 06:52:39 - INFO -   Epoch 21/30 - 배치 7810/15625 (50.0%) - 현재 Loss: 2.8123
2025-12-09 06:52:50 - INFO -   Epoch 21/30 - 배치 9372/15625 (60.0%) - 현재 Loss: 1.8214
2025-12-09 06:53:00 - INFO -   Epoch 21/30 - 배치 10934/15625 (70.0%) - 현재 Loss: 3.7541
2025-12-09 06:53:11 - INFO -   Epoch 21/30 - 배치 12496/15625 (80.0%) - 현재 Loss: 2.0101
2025-12-09 06:53:21 - INFO -   Epoch 21/30 - 배치 14058/15625 (90.0%) - 현재 Loss: 1.9073
2025-12-09 06:53:32 - INFO -   Epoch 21/30 - 배치 15620/15625 (100.0%) - 현재 Loss: 4.7646
2025-12-09 06:53:32 - INFO - Epoch 21/30 완료:
2025-12-09 06:53:32 - INFO -   - 평균 Loss: 2.8759
2025-12-09 06:53:32 - INFO -   - Epoch 소요 시간: 106.03초
2025-12-09 06:53:32 - INFO -   - 총 경과 시간: 2520.58초 (42.0분)
2025-12-09 06:53:32 - INFO -   - 예상 남은 시간: 1080.25초 (18.0분)
2025-12-09 06:53:32 - INFO -   ⭐ 최고 Loss 갱신: 2.8759
2025-12-09 06:53:42 - INFO -   Epoch 22/30 - 배치 1562/15625 (10.0%) - 현재 Loss: 2.0226
2025-12-09 06:53:53 - INFO -   Epoch 22/30 - 배치 3124/15625 (20.0%) - 현재 Loss: 3.3839
2025-12-09 06:54:04 - INFO -   Epoch 22/30 - 배치 4686/15625 (30.0%) - 현재 Loss: 3.4857
2025-12-09 06:54:14 - INFO -   Epoch 22/30 - 배치 6248/15625 (40.0%) - 현재 Loss: 2.1538
2025-12-09 06:54:25 - INFO -   Epoch 22/30 - 배치 7810/15625 (50.0%) - 현재 Loss: 2.8242
2025-12-09 06:54:35 - INFO -   Epoch 22/30 - 배치 9372/15625 (60.0%) - 현재 Loss: 1.8340
2025-12-09 06:54:46 - INFO -   Epoch 22/30 - 배치 10934/15625 (70.0%) - 현재 Loss: 4.0376
2025-12-09 06:54:56 - INFO -   Epoch 22/30 - 배치 12496/15625 (80.0%) - 현재 Loss: 2.0124
2025-12-09 06:55:07 - INFO -   Epoch 22/30 - 배치 14058/15625 (90.0%) - 현재 Loss: 1.9002
2025-12-09 06:55:17 - INFO -   Epoch 22/30 - 배치 15620/15625 (100.0%) - 현재 Loss: 4.6199
2025-12-09 06:55:18 - INFO - Epoch 22/30 완료:
2025-12-09 06:55:18 - INFO -   - 평균 Loss: 2.8764
2025-12-09 06:55:18 - INFO -   - Epoch 소요 시간: 105.59초
2025-12-09 06:55:18 - INFO -   - 총 경과 시간: 2626.17초 (43.8분)
2025-12-09 06:55:18 - INFO -   - 예상 남은 시간: 954.97초 (15.9분)
2025-12-09 06:55:28 - INFO -   Epoch 23/30 - 배치 1562/15625 (10.0%) - 현재 Loss: 2.0170
2025-12-09 06:55:39 - INFO -   Epoch 23/30 - 배치 3124/15625 (20.0%) - 현재 Loss: 3.4894
2025-12-09 06:55:49 - INFO -   Epoch 23/30 - 배치 4686/15625 (30.0%) - 현재 Loss: 3.5113
2025-12-09 06:56:00 - INFO -   Epoch 23/30 - 배치 6248/15625 (40.0%) - 현재 Loss: 2.1541
2025-12-09 06:56:10 - INFO -   Epoch 23/30 - 배치 7810/15625 (50.0%) - 현재 Loss: 2.8126
2025-12-09 06:56:21 - INFO -   Epoch 23/30 - 배치 9372/15625 (60.0%) - 현재 Loss: 1.8307
2025-12-09 06:56:32 - INFO -   Epoch 23/30 - 배치 10934/15625 (70.0%) - 현재 Loss: 3.8565
2025-12-09 06:56:42 - INFO -   Epoch 23/30 - 배치 12496/15625 (80.0%) - 현재 Loss: 2.0074
2025-12-09 06:56:53 - INFO -   Epoch 23/30 - 배치 14058/15625 (90.0%) - 현재 Loss: 1.8990
2025-12-09 06:57:03 - INFO -   Epoch 23/30 - 배치 15620/15625 (100.0%) - 현재 Loss: 4.6866
2025-12-09 06:57:03 - INFO - Epoch 23/30 완료:
2025-12-09 06:57:03 - INFO -   - 평균 Loss: 2.8648
2025-12-09 06:57:03 - INFO -   - Epoch 소요 시간: 105.76초
2025-12-09 06:57:03 - INFO -   - 총 경과 시간: 2731.93초 (45.5분)
2025-12-09 06:57:03 - INFO -   - 예상 남은 시간: 831.46초 (13.9분)
2025-12-09 06:57:03 - INFO -   ⭐ 최고 Loss 갱신: 2.8648
2025-12-09 06:57:14 - INFO -   Epoch 24/30 - 배치 1562/15625 (10.0%) - 현재 Loss: 2.0194
2025-12-09 06:57:24 - INFO -   Epoch 24/30 - 배치 3124/15625 (20.0%) - 현재 Loss: 3.5270
2025-12-09 06:57:35 - INFO -   Epoch 24/30 - 배치 4686/15625 (30.0%) - 현재 Loss: 3.4344
2025-12-09 06:57:46 - INFO -   Epoch 24/30 - 배치 6248/15625 (40.0%) - 현재 Loss: 2.1550
2025-12-09 06:57:56 - INFO -   Epoch 24/30 - 배치 7810/15625 (50.0%) - 현재 Loss: 2.8264
2025-12-09 06:58:07 - INFO -   Epoch 24/30 - 배치 9372/15625 (60.0%) - 현재 Loss: 1.8381
2025-12-09 06:58:17 - INFO -   Epoch 24/30 - 배치 10934/15625 (70.0%) - 현재 Loss: 4.0018
2025-12-09 06:58:28 - INFO -   Epoch 24/30 - 배치 12496/15625 (80.0%) - 현재 Loss: 2.0060
2025-12-09 06:58:39 - INFO -   Epoch 24/30 - 배치 14058/15625 (90.0%) - 현재 Loss: 1.8995
2025-12-09 06:58:49 - INFO -   Epoch 24/30 - 배치 15620/15625 (100.0%) - 현재 Loss: 4.6815
2025-12-09 06:58:49 - INFO - Epoch 24/30 완료:
2025-12-09 06:58:49 - INFO -   - 평균 Loss: 2.8740
2025-12-09 06:58:49 - INFO -   - Epoch 소요 시간: 105.95초
2025-12-09 06:58:49 - INFO -   - 총 경과 시간: 2837.89초 (47.3분)
2025-12-09 06:58:49 - INFO -   - 예상 남은 시간: 709.47초 (11.8분)
2025-12-09 06:59:00 - INFO -   Epoch 25/30 - 배치 1562/15625 (10.0%) - 현재 Loss: 2.0168
2025-12-09 06:59:11 - INFO -   Epoch 25/30 - 배치 3124/15625 (20.0%) - 현재 Loss: 3.4640
2025-12-09 06:59:21 - INFO -   Epoch 25/30 - 배치 4686/15625 (30.0%) - 현재 Loss: 3.3439
2025-12-09 06:59:32 - INFO -   Epoch 25/30 - 배치 6248/15625 (40.0%) - 현재 Loss: 2.1571
2025-12-09 06:59:42 - INFO -   Epoch 25/30 - 배치 7810/15625 (50.0%) - 현재 Loss: 2.8490
2025-12-09 06:59:53 - INFO -   Epoch 25/30 - 배치 9372/15625 (60.0%) - 현재 Loss: 1.8338
2025-12-09 07:00:04 - INFO -   Epoch 25/30 - 배치 10934/15625 (70.0%) - 현재 Loss: 4.1392
2025-12-09 07:00:15 - INFO -   Epoch 25/30 - 배치 12496/15625 (80.0%) - 현재 Loss: 2.0083
2025-12-09 07:00:25 - INFO -   Epoch 25/30 - 배치 14058/15625 (90.0%) - 현재 Loss: 1.8900
2025-12-09 07:00:36 - INFO -   Epoch 25/30 - 배치 15620/15625 (100.0%) - 현재 Loss: 4.4320
2025-12-09 07:00:36 - INFO - Epoch 25/30 완료:
2025-12-09 07:00:36 - INFO -   - 평균 Loss: 2.8656
2025-12-09 07:00:36 - INFO -   - Epoch 소요 시간: 106.96초
2025-12-09 07:00:36 - INFO -   - 총 경과 시간: 2944.85초 (49.1분)
2025-12-09 07:00:36 - INFO -   - 예상 남은 시간: 588.97초 (9.8분)
2025-12-09 07:00:47 - INFO -   Epoch 26/30 - 배치 1562/15625 (10.0%) - 현재 Loss: 2.0178
2025-12-09 07:00:58 - INFO -   Epoch 26/30 - 배치 3124/15625 (20.0%) - 현재 Loss: 3.6991
2025-12-09 07:01:08 - INFO -   Epoch 26/30 - 배치 4686/15625 (30.0%) - 현재 Loss: 3.4875
2025-12-09 07:01:19 - INFO -   Epoch 26/30 - 배치 6248/15625 (40.0%) - 현재 Loss: 2.1565
2025-12-09 07:01:30 - INFO -   Epoch 26/30 - 배치 7810/15625 (50.0%) - 현재 Loss: 2.8593
2025-12-09 07:01:41 - INFO -   Epoch 26/30 - 배치 9372/15625 (60.0%) - 현재 Loss: 1.8389
2025-12-09 07:01:51 - INFO -   Epoch 26/30 - 배치 10934/15625 (70.0%) - 현재 Loss: 4.0431
2025-12-09 07:02:02 - INFO -   Epoch 26/30 - 배치 12496/15625 (80.0%) - 현재 Loss: 2.0076
2025-12-09 07:02:13 - INFO -   Epoch 26/30 - 배치 14058/15625 (90.0%) - 현재 Loss: 1.9021
2025-12-09 07:02:24 - INFO -   Epoch 26/30 - 배치 15620/15625 (100.0%) - 현재 Loss: 4.5883
2025-12-09 07:02:24 - INFO - Epoch 26/30 완료:
2025-12-09 07:02:24 - INFO -   - 평균 Loss: 2.8958
2025-12-09 07:02:24 - INFO -   - Epoch 소요 시간: 107.87초
2025-12-09 07:02:24 - INFO -   - 총 경과 시간: 3052.72초 (50.9분)
2025-12-09 07:02:24 - INFO -   - 예상 남은 시간: 469.65초 (7.8분)
2025-12-09 07:02:35 - INFO -   Epoch 27/30 - 배치 1562/15625 (10.0%) - 현재 Loss: 2.0238
2025-12-09 07:02:46 - INFO -   Epoch 27/30 - 배치 3124/15625 (20.0%) - 현재 Loss: 3.4760
2025-12-09 07:02:57 - INFO -   Epoch 27/30 - 배치 4686/15625 (30.0%) - 현재 Loss: 3.4834
2025-12-09 07:03:07 - INFO -   Epoch 27/30 - 배치 6248/15625 (40.0%) - 현재 Loss: 2.1553
2025-12-09 07:03:18 - INFO -   Epoch 27/30 - 배치 7810/15625 (50.0%) - 현재 Loss: 2.8008
2025-12-09 07:03:29 - INFO -   Epoch 27/30 - 배치 9372/15625 (60.0%) - 현재 Loss: 1.8419
2025-12-09 07:03:40 - INFO -   Epoch 27/30 - 배치 10934/15625 (70.0%) - 현재 Loss: 4.4925
2025-12-09 07:03:51 - INFO -   Epoch 27/30 - 배치 12496/15625 (80.0%) - 현재 Loss: 2.0079
2025-12-09 07:04:01 - INFO -   Epoch 27/30 - 배치 14058/15625 (90.0%) - 현재 Loss: 1.8990
2025-12-09 07:04:12 - INFO -   Epoch 27/30 - 배치 15620/15625 (100.0%) - 현재 Loss: 4.5759
2025-12-09 07:04:12 - INFO - Epoch 27/30 완료:
2025-12-09 07:04:12 - INFO -   - 평균 Loss: 2.8707
2025-12-09 07:04:12 - INFO -   - Epoch 소요 시간: 108.17초
2025-12-09 07:04:12 - INFO -   - 총 경과 시간: 3160.88초 (52.7분)
2025-12-09 07:04:12 - INFO -   - 예상 남은 시간: 351.21초 (5.9분)
2025-12-09 07:04:23 - INFO -   Epoch 28/30 - 배치 1562/15625 (10.0%) - 현재 Loss: 2.0232
2025-12-09 07:04:34 - INFO -   Epoch 28/30 - 배치 3124/15625 (20.0%) - 현재 Loss: 3.3902
2025-12-09 07:04:45 - INFO -   Epoch 28/30 - 배치 4686/15625 (30.0%) - 현재 Loss: 3.4993
2025-12-09 07:04:56 - INFO -   Epoch 28/30 - 배치 6248/15625 (40.0%) - 현재 Loss: 2.1676
2025-12-09 07:05:06 - INFO -   Epoch 28/30 - 배치 7810/15625 (50.0%) - 현재 Loss: 2.8237
2025-12-09 07:05:17 - INFO -   Epoch 28/30 - 배치 9372/15625 (60.0%) - 현재 Loss: 1.8460
2025-12-09 07:05:28 - INFO -   Epoch 28/30 - 배치 10934/15625 (70.0%) - 현재 Loss: 4.1644
2025-12-09 07:05:39 - INFO -   Epoch 28/30 - 배치 12496/15625 (80.0%) - 현재 Loss: 2.0108
2025-12-09 07:05:50 - INFO -   Epoch 28/30 - 배치 14058/15625 (90.0%) - 현재 Loss: 1.8963
2025-12-09 07:06:01 - INFO -   Epoch 28/30 - 배치 15620/15625 (100.0%) - 현재 Loss: 4.4938
2025-12-09 07:06:01 - INFO - Epoch 28/30 완료:
2025-12-09 07:06:01 - INFO -   - 평균 Loss: 2.8750
2025-12-09 07:06:01 - INFO -   - Epoch 소요 시간: 108.61초
2025-12-09 07:06:01 - INFO -   - 총 경과 시간: 3269.50초 (54.5분)
2025-12-09 07:06:01 - INFO -   - 예상 남은 시간: 233.54초 (3.9분)
2025-12-09 07:06:12 - INFO -   Epoch 29/30 - 배치 1562/15625 (10.0%) - 현재 Loss: 2.0190
2025-12-09 07:06:22 - INFO -   Epoch 29/30 - 배치 3124/15625 (20.0%) - 현재 Loss: 3.3631
2025-12-09 07:06:33 - INFO -   Epoch 29/30 - 배치 4686/15625 (30.0%) - 현재 Loss: 3.4500
2025-12-09 07:06:44 - INFO -   Epoch 29/30 - 배치 6248/15625 (40.0%) - 현재 Loss: 2.1719
2025-12-09 07:06:55 - INFO -   Epoch 29/30 - 배치 7810/15625 (50.0%) - 현재 Loss: 2.8601
2025-12-09 07:07:06 - INFO -   Epoch 29/30 - 배치 9372/15625 (60.0%) - 현재 Loss: 1.8408
2025-12-09 07:07:17 - INFO -   Epoch 29/30 - 배치 10934/15625 (70.0%) - 현재 Loss: 4.1453
2025-12-09 07:07:27 - INFO -   Epoch 29/30 - 배치 12496/15625 (80.0%) - 현재 Loss: 2.0072
2025-12-09 07:07:38 - INFO -   Epoch 29/30 - 배치 14058/15625 (90.0%) - 현재 Loss: 1.8952
2025-12-09 07:07:49 - INFO -   Epoch 29/30 - 배치 15620/15625 (100.0%) - 현재 Loss: 4.4608
2025-12-09 07:07:49 - INFO - Epoch 29/30 완료:
2025-12-09 07:07:49 - INFO -   - 평균 Loss: 2.8611
2025-12-09 07:07:49 - INFO -   - Epoch 소요 시간: 108.10초
2025-12-09 07:07:49 - INFO -   - 총 경과 시간: 3377.60초 (56.3분)
2025-12-09 07:07:49 - INFO -   - 예상 남은 시간: 116.47초 (1.9분)
2025-12-09 07:07:49 - INFO -   ⭐ 최고 Loss 갱신: 2.8611
2025-12-09 07:08:00 - INFO -   Epoch 30/30 - 배치 1562/15625 (10.0%) - 현재 Loss: 2.0114
2025-12-09 07:08:11 - INFO -   Epoch 30/30 - 배치 3124/15625 (20.0%) - 현재 Loss: 3.2570
2025-12-09 07:08:21 - INFO -   Epoch 30/30 - 배치 4686/15625 (30.0%) - 현재 Loss: 3.4150
2025-12-09 07:08:32 - INFO -   Epoch 30/30 - 배치 6248/15625 (40.0%) - 현재 Loss: 2.1610
2025-12-09 07:08:43 - INFO -   Epoch 30/30 - 배치 7810/15625 (50.0%) - 현재 Loss: 2.8352
2025-12-09 07:08:54 - INFO -   Epoch 30/30 - 배치 9372/15625 (60.0%) - 현재 Loss: 1.8380
2025-12-09 07:09:04 - INFO -   Epoch 30/30 - 배치 10934/15625 (70.0%) - 현재 Loss: 3.9600
2025-12-09 07:09:15 - INFO -   Epoch 30/30 - 배치 12496/15625 (80.0%) - 현재 Loss: 2.0075
2025-12-09 07:09:25 - INFO -   Epoch 30/30 - 배치 14058/15625 (90.0%) - 현재 Loss: 1.8969
2025-12-09 07:09:36 - INFO -   Epoch 30/30 - 배치 15620/15625 (100.0%) - 현재 Loss: 4.3757
2025-12-09 07:09:36 - INFO - Epoch 30/30 완료:
2025-12-09 07:09:36 - INFO -   - 평균 Loss: 2.8517
2025-12-09 07:09:36 - INFO -   - Epoch 소요 시간: 106.61초
2025-12-09 07:09:36 - INFO -   - 총 경과 시간: 3484.21초 (58.1분)
2025-12-09 07:09:36 - INFO -   ⭐ 최고 Loss 갱신: 2.8517
2025-12-09 07:09:36 - INFO - 
============================================================
2025-12-09 07:09:36 - INFO - ✅ DeepLog 모델 학습 완료
2025-12-09 07:09:36 - INFO -   - 총 소요 시간: 3484.21초 (58.1분)
2025-12-09 07:09:36 - INFO -   - 최종 Loss: 2.8517
2025-12-09 07:09:36 - INFO -   - 최고 Loss: 2.8517
2025-12-09 07:09:36 - INFO - ============================================================
