2025-12-08 18:26:28 - INFO - 📝 학습 로그 파일: /Users/zzangdol/PycharmProjects/zzangdol/pattern/prelog/logs/training/deeplog_training_20251208_182628.log
2025-12-08 18:26:28 - INFO - ============================================================
2025-12-08 18:26:28 - INFO - DeepLog 모델 학습 시작
2025-12-08 18:26:28 - INFO - ============================================================
2025-12-08 18:26:28 - INFO - 학습 파라미터:
2025-12-08 18:26:28 - INFO -   - Epochs: 5
2025-12-08 18:26:28 - INFO -   - Batch Size: 128
2025-12-08 18:26:28 - INFO -   - Learning Rate: 0.001
2025-12-08 18:26:28 - INFO -   - 학습 데이터: 100,000개 로그
2025-12-08 18:26:28 - INFO - 시퀀스 준비 중...
2025-12-08 18:26:28 - INFO -   템플릿 사전 구축 중...
2025-12-08 18:26:28 - INFO -   ✅ 템플릿 사전 구축 완료: 3,547개 템플릿
2025-12-08 18:26:28 - INFO -   시퀀스 생성 중: 예상 99,990개 시퀀스...
2025-12-08 18:26:28 - INFO -   예상 메모리 사용량: 3.8 MB
2025-12-08 18:26:29 - INFO -   시퀀스 생성 진행: 4,999/99,990 (5.0%) - 경과: 0.4초 - 예상 남은 시간: 7.0초 (0.1분)
2025-12-08 18:26:29 - INFO -   시퀀스 생성 진행: 9,998/99,990 (10.0%) - 경과: 0.7초 - 예상 남은 시간: 6.5초 (0.1분)
2025-12-08 18:26:29 - INFO -   시퀀스 생성 진행: 14,997/99,990 (15.0%) - 경과: 1.1초 - 예상 남은 시간: 6.2초 (0.1분)
2025-12-08 18:26:30 - INFO -   시퀀스 생성 진행: 19,996/99,990 (20.0%) - 경과: 1.5초 - 예상 남은 시간: 5.8초 (0.1분)
2025-12-08 18:26:30 - INFO -   시퀀스 생성 진행: 24,995/99,990 (25.0%) - 경과: 1.8초 - 예상 남은 시간: 5.5초 (0.1분)
2025-12-08 18:26:30 - INFO -   시퀀스 생성 진행: 29,994/99,990 (30.0%) - 경과: 2.2초 - 예상 남은 시간: 5.1초 (0.1분)
2025-12-08 18:26:31 - INFO -   시퀀스 생성 진행: 34,993/99,990 (35.0%) - 경과: 2.5초 - 예상 남은 시간: 4.7초 (0.1분)
2025-12-08 18:26:31 - INFO -   시퀀스 생성 진행: 39,992/99,990 (40.0%) - 경과: 2.9초 - 예상 남은 시간: 4.3초 (0.1분)
2025-12-08 18:26:32 - INFO -   시퀀스 생성 진행: 44,991/99,990 (45.0%) - 경과: 3.2초 - 예상 남은 시간: 4.0초 (0.1분)
2025-12-08 18:26:32 - INFO -   시퀀스 생성 진행: 49,990/99,990 (50.0%) - 경과: 3.6초 - 예상 남은 시간: 3.6초 (0.1분)
2025-12-08 18:26:32 - INFO -   시퀀스 생성 진행: 54,989/99,990 (55.0%) - 경과: 4.0초 - 예상 남은 시간: 3.3초 (0.1분)
2025-12-08 18:26:33 - INFO -   시퀀스 생성 진행: 59,988/99,990 (60.0%) - 경과: 4.3초 - 예상 남은 시간: 2.9초 (0.0분)
2025-12-08 18:26:33 - INFO -   시퀀스 생성 진행: 64,987/99,990 (65.0%) - 경과: 4.7초 - 예상 남은 시간: 2.5초 (0.0분)
2025-12-08 18:26:33 - INFO -   시퀀스 생성 진행: 69,986/99,990 (70.0%) - 경과: 5.1초 - 예상 남은 시간: 2.2초 (0.0분)
2025-12-08 18:26:34 - INFO -   시퀀스 생성 진행: 74,985/99,990 (75.0%) - 경과: 5.4초 - 예상 남은 시간: 1.8초 (0.0분)
2025-12-08 18:26:34 - INFO -   시퀀스 생성 진행: 79,984/99,990 (80.0%) - 경과: 5.8초 - 예상 남은 시간: 1.5초 (0.0분)
2025-12-08 18:26:35 - INFO -   시퀀스 생성 진행: 84,983/99,990 (85.0%) - 경과: 6.2초 - 예상 남은 시간: 1.1초 (0.0분)
2025-12-08 18:26:35 - INFO -   시퀀스 생성 진행: 89,982/99,990 (90.0%) - 경과: 6.6초 - 예상 남은 시간: 0.7초 (0.0분)
2025-12-08 18:26:35 - INFO -   시퀀스 생성 진행: 94,981/99,990 (95.0%) - 경과: 7.0초 - 예상 남은 시간: 0.4초 (0.0분)
2025-12-08 18:26:36 - INFO -   시퀀스 생성 진행: 99,980/99,990 (100.0%) - 경과: 7.4초 - 예상 남은 시간: 0.0초 (0.0분)
2025-12-08 18:26:36 - INFO -   시퀀스 생성 진행: 99,990/99,990 (100.0%) - 경과: 7.5초 - 예상 남은 시간: 0.0초 (0.0분)
2025-12-08 18:26:36 - INFO - ✅ 시퀀스 준비 완료: 99,990개
2025-12-08 18:26:36 - INFO -   - 어휘 크기: 3,548
2025-12-08 18:26:36 - INFO -    💡 원본 로그 데이터 메모리 해제 완료
2025-12-08 18:26:36 - INFO - 모델 구축 중...
2025-12-08 18:26:36 - INFO - ✅ 모델 구축 완료
2025-12-08 18:26:36 - INFO - 데이터 텐서 변환 중...
2025-12-08 18:26:36 - INFO - ✅ 텐서 변환 완료: 782개 배치
2025-12-08 18:26:36 - INFO -    💡 NumPy 배열 메모리 해제 완료 (텐서만 메모리에 유지)
2025-12-08 18:26:36 - INFO - 
============================================================
2025-12-08 18:26:36 - INFO - 학습 시작
2025-12-08 18:26:36 - INFO - ============================================================
2025-12-08 18:26:37 - INFO -   Epoch 1/5 - 배치 78/782 (10.0%) - 현재 Loss: 4.5242
2025-12-08 18:26:37 - INFO -   Epoch 1/5 - 배치 156/782 (19.9%) - 현재 Loss: 6.8312
2025-12-08 18:26:37 - INFO -   Epoch 1/5 - 배치 234/782 (29.9%) - 현재 Loss: 5.5258
2025-12-08 18:26:38 - INFO -   Epoch 1/5 - 배치 312/782 (39.9%) - 현재 Loss: 2.3266
2025-12-08 18:26:38 - INFO -   Epoch 1/5 - 배치 390/782 (49.9%) - 현재 Loss: 5.4339
2025-12-08 18:26:38 - INFO -   Epoch 1/5 - 배치 468/782 (59.8%) - 현재 Loss: 5.8608
2025-12-08 18:26:39 - INFO -   Epoch 1/5 - 배치 546/782 (69.8%) - 현재 Loss: 4.1237
2025-12-08 18:26:39 - INFO -   Epoch 1/5 - 배치 624/782 (79.8%) - 현재 Loss: 2.1507
2025-12-08 18:26:40 - INFO -   Epoch 1/5 - 배치 702/782 (89.8%) - 현재 Loss: 7.3944
2025-12-08 18:26:40 - INFO -   Epoch 1/5 - 배치 780/782 (99.7%) - 현재 Loss: 4.8958
2025-12-08 18:26:40 - INFO - Epoch 1/5 완료:
2025-12-08 18:26:40 - INFO -   - 평균 Loss: 4.3975
2025-12-08 18:26:40 - INFO -   - Epoch 소요 시간: 3.76초
2025-12-08 18:26:40 - INFO -   - 총 경과 시간: 11.94초 (0.2분)
2025-12-08 18:26:40 - INFO -   ⭐ 최고 Loss 갱신: 4.3975
2025-12-08 18:26:40 - INFO -   Epoch 2/5 - 배치 78/782 (10.0%) - 현재 Loss: 4.0449
2025-12-08 18:26:41 - INFO -   Epoch 2/5 - 배치 156/782 (19.9%) - 현재 Loss: 5.2398
2025-12-08 18:26:41 - INFO -   Epoch 2/5 - 배치 234/782 (29.9%) - 현재 Loss: 4.9906
2025-12-08 18:26:41 - INFO -   Epoch 2/5 - 배치 312/782 (39.9%) - 현재 Loss: 2.1371
2025-12-08 18:26:42 - INFO -   Epoch 2/5 - 배치 390/782 (49.9%) - 현재 Loss: 4.6981
2025-12-08 18:26:42 - INFO -   Epoch 2/5 - 배치 468/782 (59.8%) - 현재 Loss: 5.2484
2025-12-08 18:26:43 - INFO -   Epoch 2/5 - 배치 546/782 (69.8%) - 현재 Loss: 3.8072
2025-12-08 18:26:43 - INFO -   Epoch 2/5 - 배치 624/782 (79.8%) - 현재 Loss: 1.9962
2025-12-08 18:26:43 - INFO -   Epoch 2/5 - 배치 702/782 (89.8%) - 현재 Loss: 6.2363
2025-12-08 18:26:44 - INFO -   Epoch 2/5 - 배치 780/782 (99.7%) - 현재 Loss: 4.2218
2025-12-08 18:26:44 - INFO - Epoch 2/5 완료:
2025-12-08 18:26:44 - INFO -   - 평균 Loss: 3.8351
2025-12-08 18:26:44 - INFO -   - Epoch 소요 시간: 3.71초
2025-12-08 18:26:44 - INFO -   - 총 경과 시간: 15.65초 (0.3분)
2025-12-08 18:26:44 - INFO -   - 예상 남은 시간: 23.48초 (0.4분)
2025-12-08 18:26:44 - INFO -   ⭐ 최고 Loss 갱신: 3.8351
2025-12-08 18:26:44 - INFO -   Epoch 3/5 - 배치 78/782 (10.0%) - 현재 Loss: 3.9022
2025-12-08 18:26:44 - INFO -   Epoch 3/5 - 배치 156/782 (19.9%) - 현재 Loss: 5.0886
2025-12-08 18:26:45 - INFO -   Epoch 3/5 - 배치 234/782 (29.9%) - 현재 Loss: 4.8578
2025-12-08 18:26:45 - INFO -   Epoch 3/5 - 배치 312/782 (39.9%) - 현재 Loss: 2.1694
2025-12-08 18:26:46 - INFO -   Epoch 3/5 - 배치 390/782 (49.9%) - 현재 Loss: 4.2959
2025-12-08 18:26:46 - INFO -   Epoch 3/5 - 배치 468/782 (59.8%) - 현재 Loss: 5.1505
2025-12-08 18:26:46 - INFO -   Epoch 3/5 - 배치 546/782 (69.8%) - 현재 Loss: 3.6598
2025-12-08 18:26:47 - INFO -   Epoch 3/5 - 배치 624/782 (79.8%) - 현재 Loss: 1.9894
2025-12-08 18:26:47 - INFO -   Epoch 3/5 - 배치 702/782 (89.8%) - 현재 Loss: 5.7087
2025-12-08 18:26:47 - INFO -   Epoch 3/5 - 배치 780/782 (99.7%) - 현재 Loss: 3.9830
2025-12-08 18:26:47 - INFO - Epoch 3/5 완료:
2025-12-08 18:26:47 - INFO -   - 평균 Loss: 3.6994
2025-12-08 18:26:47 - INFO -   - Epoch 소요 시간: 3.75초
2025-12-08 18:26:47 - INFO -   - 총 경과 시간: 19.40초 (0.3분)
2025-12-08 18:26:47 - INFO -   - 예상 남은 시간: 12.94초 (0.2분)
2025-12-08 18:26:47 - INFO -   ⭐ 최고 Loss 갱신: 3.6994
2025-12-08 18:26:48 - INFO -   Epoch 4/5 - 배치 78/782 (10.0%) - 현재 Loss: 3.8814
2025-12-08 18:26:48 - INFO -   Epoch 4/5 - 배치 156/782 (19.9%) - 현재 Loss: 4.9356
2025-12-08 18:26:48 - INFO -   Epoch 4/5 - 배치 234/782 (29.9%) - 현재 Loss: 4.6907
2025-12-08 18:26:49 - INFO -   Epoch 4/5 - 배치 312/782 (39.9%) - 현재 Loss: 2.1845
2025-12-08 18:26:49 - INFO -   Epoch 4/5 - 배치 390/782 (49.9%) - 현재 Loss: 4.0215
2025-12-08 18:26:50 - INFO -   Epoch 4/5 - 배치 468/782 (59.8%) - 현재 Loss: 5.0548
2025-12-08 18:26:50 - INFO -   Epoch 4/5 - 배치 546/782 (69.8%) - 현재 Loss: 3.6114
2025-12-08 18:26:50 - INFO -   Epoch 4/5 - 배치 624/782 (79.8%) - 현재 Loss: 1.9930
2025-12-08 18:26:51 - INFO -   Epoch 4/5 - 배치 702/782 (89.8%) - 현재 Loss: 5.4039
2025-12-08 18:26:51 - INFO -   Epoch 4/5 - 배치 780/782 (99.7%) - 현재 Loss: 3.8564
2025-12-08 18:26:51 - INFO - Epoch 4/5 완료:
2025-12-08 18:26:51 - INFO -   - 평균 Loss: 3.6179
2025-12-08 18:26:51 - INFO -   - Epoch 소요 시간: 3.70초
2025-12-08 18:26:51 - INFO -   - 총 경과 시간: 23.11초 (0.4분)
2025-12-08 18:26:51 - INFO -   - 예상 남은 시간: 5.78초 (0.1분)
2025-12-08 18:26:51 - INFO -   ⭐ 최고 Loss 갱신: 3.6179
2025-12-08 18:26:51 - INFO -   Epoch 5/5 - 배치 78/782 (10.0%) - 현재 Loss: 3.7380
2025-12-08 18:26:52 - INFO -   Epoch 5/5 - 배치 156/782 (19.9%) - 현재 Loss: 4.8045
2025-12-08 18:26:52 - INFO -   Epoch 5/5 - 배치 234/782 (29.9%) - 현재 Loss: 4.5969
2025-12-08 18:26:53 - INFO -   Epoch 5/5 - 배치 312/782 (39.9%) - 현재 Loss: 2.1748
2025-12-08 18:26:53 - INFO -   Epoch 5/5 - 배치 390/782 (49.9%) - 현재 Loss: 3.7918
2025-12-08 18:26:53 - INFO -   Epoch 5/5 - 배치 468/782 (59.8%) - 현재 Loss: 4.8901
2025-12-08 18:26:54 - INFO -   Epoch 5/5 - 배치 546/782 (69.8%) - 현재 Loss: 3.5533
2025-12-08 18:26:54 - INFO -   Epoch 5/5 - 배치 624/782 (79.8%) - 현재 Loss: 1.9809
2025-12-08 18:26:54 - INFO -   Epoch 5/5 - 배치 702/782 (89.8%) - 현재 Loss: 5.2495
2025-12-08 18:26:55 - INFO -   Epoch 5/5 - 배치 780/782 (99.7%) - 현재 Loss: 3.8637
2025-12-08 18:26:55 - INFO - Epoch 5/5 완료:
2025-12-08 18:26:55 - INFO -   - 평균 Loss: 3.5526
2025-12-08 18:26:55 - INFO -   - Epoch 소요 시간: 3.72초
2025-12-08 18:26:55 - INFO -   - 총 경과 시간: 26.83초 (0.4분)
2025-12-08 18:26:55 - INFO -   ⭐ 최고 Loss 갱신: 3.5526
2025-12-08 18:26:55 - INFO - 
============================================================
2025-12-08 18:26:55 - INFO - ✅ DeepLog 모델 학습 완료
2025-12-08 18:26:55 - INFO -   - 총 소요 시간: 26.83초 (0.4분)
2025-12-08 18:26:55 - INFO -   - 최종 Loss: 3.5526
2025-12-08 18:26:55 - INFO -   - 최고 Loss: 3.5526
2025-12-08 18:26:55 - INFO - ============================================================
