2025-12-08 19:02:12 - INFO - 📝 학습 로그 파일: /Users/zzangdol/PycharmProjects/zzangdol/pattern/prelog/logs/training/loganomaly_training_20251208_190212.log
2025-12-08 19:02:12 - INFO - ============================================================
2025-12-08 19:02:12 - INFO - LogAnomaly 모델 학습 시작
2025-12-08 19:02:12 - INFO - ============================================================
2025-12-08 19:02:12 - INFO - 학습 파라미터:
2025-12-08 19:02:12 - INFO -   - Window Size: 10
2025-12-08 19:02:12 - INFO -   - 학습 데이터: 200,000개 로그
2025-12-08 19:02:12 - INFO -   - Epochs: 10 (무시됨, 통계 기반 모델)
2025-12-08 19:02:12 - INFO -   - Batch Size: 64 (무시됨, 통계 기반 모델)
2025-12-08 19:02:12 - INFO - 템플릿 벡터 구축 중...
2025-12-08 19:02:12 - INFO -   - 로그 메시지 수: 200,000개
2025-12-08 19:02:13 - INFO - ✅ 템플릿 벡터 구축 완료: 4,931개 템플릿
2025-12-08 19:02:13 - INFO - 정상 시퀀스 생성 중...
2025-12-08 19:02:24 - INFO - ✅ 시퀀스 생성 완료: 199,991개
2025-12-08 19:02:24 - INFO - 정상 패턴 통계 계산 중...
2025-12-08 19:02:24 - INFO -   - 평균 벡터 차원: 100
2025-12-08 19:02:24 - INFO -   - 표준편차 벡터 차원: 100
2025-12-08 19:02:24 - INFO - 
============================================================
2025-12-08 19:02:24 - INFO - ✅ LogAnomaly 모델 학습 완료
2025-12-08 19:02:24 - INFO -   - 총 소요 시간: 12.24초 (0.2분)
2025-12-08 19:02:24 - INFO -   - 템플릿 수: 4,931개
2025-12-08 19:02:24 - INFO -   - 시퀀스 수: 199,991개
2025-12-08 19:02:24 - INFO - ============================================================
