2025-12-08 18:36:40 - INFO - 📝 학습 로그 파일: /Users/zzangdol/PycharmProjects/zzangdol/pattern/prelog/logs/training/loganomaly_training_20251208_183640.log
2025-12-08 18:36:40 - INFO - ============================================================
2025-12-08 18:36:40 - INFO - LogAnomaly 모델 학습 시작
2025-12-08 18:36:40 - INFO - ============================================================
2025-12-08 18:36:40 - INFO - 학습 파라미터:
2025-12-08 18:36:40 - INFO -   - Window Size: 10
2025-12-08 18:36:40 - INFO -   - 학습 데이터: 100,000개 로그
2025-12-08 18:36:40 - INFO -   - Epochs: 5 (무시됨, 통계 기반 모델)
2025-12-08 18:36:40 - INFO -   - Batch Size: 128 (무시됨, 통계 기반 모델)
2025-12-08 18:36:40 - INFO - 템플릿 벡터 구축 중...
2025-12-08 18:36:40 - INFO -   - 로그 메시지 수: 100,000개
2025-12-08 18:36:40 - INFO - ✅ 템플릿 벡터 구축 완료: 3,547개 템플릿
2025-12-08 18:36:40 - INFO - 정상 시퀀스 생성 중...
2025-12-08 18:36:46 - INFO - ✅ 시퀀스 생성 완료: 99,991개
2025-12-08 18:36:46 - INFO - 정상 패턴 통계 계산 중...
2025-12-08 18:36:46 - INFO -   - 평균 벡터 차원: 100
2025-12-08 18:36:46 - INFO -   - 표준편차 벡터 차원: 100
2025-12-08 18:36:46 - INFO - 
============================================================
2025-12-08 18:36:46 - INFO - ✅ LogAnomaly 모델 학습 완료
2025-12-08 18:36:46 - INFO -   - 총 소요 시간: 6.10초 (0.1분)
2025-12-08 18:36:46 - INFO -   - 템플릿 수: 3,547개
2025-12-08 18:36:46 - INFO -   - 시퀀스 수: 99,991개
2025-12-08 18:36:46 - INFO - ============================================================
