2025-12-08 21:18:11 - INFO - 📝 학습 로그 파일: /Users/zzangdol/PycharmProjects/zzangdol/pattern/prelog/logs/training/loganomaly_training_20251208_211811.log
2025-12-08 21:18:11 - INFO - ============================================================
2025-12-08 21:18:11 - INFO - LogAnomaly 모델 학습 시작
2025-12-08 21:18:11 - INFO - ============================================================
2025-12-08 21:18:11 - INFO - 학습 파라미터:
2025-12-08 21:18:11 - INFO -   - Window Size: 10
2025-12-08 21:18:11 - INFO -   - 학습 데이터: 500,000개 로그
2025-12-08 21:18:11 - INFO -   - Epochs: 20 (무시됨, 통계 기반 모델)
2025-12-08 21:18:11 - INFO -   - Batch Size: 64 (무시됨, 통계 기반 모델)
2025-12-08 21:18:11 - INFO - 템플릿 벡터 구축 중...
2025-12-08 21:18:11 - INFO -   - 로그 메시지 수: 500,000개
2025-12-08 21:18:13 - INFO - ✅ 템플릿 벡터 구축 완료: 7,740개 템플릿
2025-12-08 21:18:13 - INFO - 정상 시퀀스 생성 중...
2025-12-08 21:18:41 - INFO - ✅ 시퀀스 생성 완료: 499,991개
2025-12-08 21:18:41 - INFO - 정상 패턴 통계 계산 중...
2025-12-08 21:18:42 - INFO -   - 평균 벡터 차원: 100
2025-12-08 21:18:42 - INFO -   - 표준편차 벡터 차원: 100
2025-12-08 21:18:42 - INFO - 
============================================================
2025-12-08 21:18:42 - INFO - ✅ LogAnomaly 모델 학습 완료
2025-12-08 21:18:42 - INFO -   - 총 소요 시간: 30.85초 (0.5분)
2025-12-08 21:18:42 - INFO -   - 템플릿 수: 7,740개
2025-12-08 21:18:42 - INFO -   - 시퀀스 수: 499,991개
2025-12-08 21:18:42 - INFO - ============================================================
