2025-12-09 07:09:36 - INFO - 📝 학습 로그 파일: /Users/zzangdol/PycharmProjects/zzangdol/pattern/prelog/logs/training/loganomaly_training_20251209_070936.log
2025-12-09 07:09:36 - INFO - ============================================================
2025-12-09 07:09:36 - INFO - LogAnomaly 모델 학습 시작
2025-12-09 07:09:36 - INFO - ============================================================
2025-12-09 07:09:36 - INFO - 학습 파라미터:
2025-12-09 07:09:36 - INFO -   - Window Size: 15
2025-12-09 07:09:36 - INFO -   - 학습 데이터: 1,000,000개 로그
2025-12-09 07:09:36 - INFO -   - Epochs: 30 (무시됨, 통계 기반 모델)
2025-12-09 07:09:36 - INFO -   - Batch Size: 64 (무시됨, 통계 기반 모델)
2025-12-09 07:09:36 - INFO - 템플릿 벡터 구축 중...
2025-12-09 07:09:36 - INFO -   - 로그 메시지 수: 1,000,000개
2025-12-09 07:09:39 - INFO - ✅ 템플릿 벡터 구축 완료: 10,889개 템플릿
2025-12-09 07:09:39 - INFO - 정상 시퀀스 생성 중...
2025-12-09 08:19:31 - INFO - ✅ 시퀀스 생성 완료: 999,986개
2025-12-09 08:19:31 - INFO - 정상 패턴 통계 계산 중...
2025-12-09 08:19:35 - INFO -   - 평균 벡터 차원: 100
2025-12-09 08:19:35 - INFO -   - 표준편차 벡터 차원: 100
2025-12-09 08:19:35 - INFO - 
============================================================
2025-12-09 08:19:35 - INFO - ✅ LogAnomaly 모델 학습 완료
2025-12-09 08:19:35 - INFO -   - 총 소요 시간: 4199.68초 (70.0분)
2025-12-09 08:19:35 - INFO -   - 템플릿 수: 10,889개
2025-12-09 08:19:35 - INFO -   - 시퀀스 수: 999,986개
2025-12-09 08:19:35 - INFO - ============================================================
