2025-12-09 13:42:02 - INFO - 📝 학습 로그 파일: /Users/zzangdol/spring_logpre/logs/training/loganomaly_training_20251209_134202.log
2025-12-09 13:42:02 - INFO - ============================================================
2025-12-09 13:42:02 - INFO - LogAnomaly 모델 학습 시작
2025-12-09 13:42:02 - INFO - ============================================================
2025-12-09 13:42:02 - INFO - 학습 파라미터:
2025-12-09 13:42:02 - INFO -   - Window Size: 15
2025-12-09 13:42:02 - INFO -   - 학습 데이터: 400,000개 로그
2025-12-09 13:42:02 - INFO -   - Epochs: 10 (무시됨, 통계 기반 모델)
2025-12-09 13:42:02 - INFO -   - Batch Size: 32 (무시됨, 통계 기반 모델)
2025-12-09 13:42:02 - INFO - 템플릿 벡터 구축 중...
2025-12-09 13:42:02 - INFO -   - 로그 메시지 수: 400,000개
2025-12-09 13:42:03 - INFO - ✅ 템플릿 벡터 구축 완료: 7,285개 템플릿
2025-12-09 13:42:03 - INFO - 정상 시퀀스 생성 중...
2025-12-09 13:42:33 - INFO - ✅ 시퀀스 생성 완료: 399,986개
2025-12-09 13:42:33 - INFO - 정상 패턴 통계 계산 중...
2025-12-09 13:42:34 - INFO -   - 평균 벡터 차원: 100
2025-12-09 13:42:34 - INFO -   - 표준편차 벡터 차원: 100
2025-12-09 13:42:34 - INFO - 
============================================================
2025-12-09 13:42:34 - INFO - ✅ LogAnomaly 모델 학습 완료
2025-12-09 13:42:34 - INFO -   - 총 소요 시간: 32.24초 (0.5분)
2025-12-09 13:42:34 - INFO -   - 템플릿 수: 7,285개
2025-12-09 13:42:34 - INFO -   - 시퀀스 수: 399,986개
2025-12-09 13:42:34 - INFO - ============================================================
