2025-12-09 00:23:44 - INFO - π“ ν•™μµ λ΅κ·Έ νμΌ: /Users/zzangdol/PycharmProjects/zzangdol/pattern/prelog/logs/training/logrobust_training_20251209_002344.log
2025-12-09 00:23:44 - INFO - ============================================================
2025-12-09 00:23:44 - INFO - LogRobust λ¨λΈ ν•™μµ μ‹μ‘
2025-12-09 00:23:44 - INFO - ============================================================
2025-12-09 00:23:44 - INFO - ν•™μµ νλΌλ―Έν„°:
2025-12-09 00:23:44 - INFO -   - Epochs: 30
2025-12-09 00:23:44 - INFO -   - Batch Size: 64
2025-12-09 00:23:44 - INFO -   - Sequence Length: 10
2025-12-09 00:23:44 - INFO -   - Embedding Dim: 128
2025-12-09 00:23:44 - INFO -   - ν•™μµ λ°μ΄ν„°: 1,000,000κ° λ΅κ·Έ
2025-12-09 00:23:44 - INFO - λ°μ΄ν„° μ •λ ¬ μ¤‘...
2025-12-09 00:23:44 - INFO - μ‹ν€€μ¤ μƒμ„± μ¤‘...
2025-12-09 00:23:44 - INFO -   - μμƒ μ‹ν€€μ¤ μ: 999,991κ°
2025-12-09 00:26:11 - INFO -   μ‹ν€€μ¤ μƒμ„± μ§„ν–‰: 99,999/999,991 (10.0%)
2025-12-09 00:28:43 - INFO -   μ‹ν€€μ¤ μƒμ„± μ§„ν–‰: 199,998/999,991 (20.0%)
2025-12-09 00:31:16 - INFO -   μ‹ν€€μ¤ μƒμ„± μ§„ν–‰: 299,997/999,991 (30.0%)
2025-12-09 00:33:49 - INFO -   μ‹ν€€μ¤ μƒμ„± μ§„ν–‰: 399,996/999,991 (40.0%)
2025-12-09 00:36:11 - INFO -   μ‹ν€€μ¤ μƒμ„± μ§„ν–‰: 499,995/999,991 (50.0%)
2025-12-09 00:38:52 - INFO -   μ‹ν€€μ¤ μƒμ„± μ§„ν–‰: 599,994/999,991 (60.0%)
2025-12-09 00:41:32 - INFO -   μ‹ν€€μ¤ μƒμ„± μ§„ν–‰: 699,993/999,991 (70.0%)
2025-12-09 00:44:15 - INFO -   μ‹ν€€μ¤ μƒμ„± μ§„ν–‰: 799,992/999,991 (80.0%)
2025-12-09 00:47:36 - INFO -   μ‹ν€€μ¤ μƒμ„± μ§„ν–‰: 899,991/999,991 (90.0%)
2025-12-09 00:50:54 - INFO -   μ‹ν€€μ¤ μƒμ„± μ§„ν–‰: 999,990/999,991 (100.0%)
2025-12-09 00:50:54 - INFO - β… μ‹ν€€μ¤ μƒμ„± μ™„λ£: 999,991κ°
2025-12-09 00:50:57 - INFO -   - μ‹ν€€μ¤ ν•νƒ: (999991, 10, 128)
2025-12-09 00:50:57 - INFO - λ¨λΈ κµ¬μ¶• μ¤‘...
2025-12-09 00:50:57 - INFO - β… λ¨λΈ κµ¬μ¶• μ™„λ£
2025-12-09 00:50:57 - INFO - λ°μ΄ν„° ν…μ„ λ³€ν™ μ¤‘...
2025-12-09 00:50:58 - INFO - β… ν…μ„ λ³€ν™ μ™„λ£
2025-12-09 00:50:58 - INFO - 
============================================================
2025-12-09 00:50:58 - INFO - ν•™μµ μ‹μ‘
2025-12-09 00:50:58 - INFO - ============================================================
