2025-12-08 22:28:46 - INFO - 📝 학습 로그 파일: /Users/zzangdol/PycharmProjects/zzangdol/pattern/prelog/logs/training/logrobust_training_20251208_222846.log
2025-12-08 22:28:46 - INFO - ============================================================
2025-12-08 22:28:46 - INFO - LogRobust 모델 학습 시작
2025-12-08 22:28:46 - INFO - ============================================================
2025-12-08 22:28:46 - INFO - 학습 파라미터:
2025-12-08 22:28:46 - INFO -   - Epochs: 20
2025-12-08 22:28:46 - INFO -   - Batch Size: 64
2025-12-08 22:28:46 - INFO -   - Sequence Length: 10
2025-12-08 22:28:46 - INFO -   - Embedding Dim: 128
2025-12-08 22:28:46 - INFO -   - 학습 데이터: 500,000개 로그
2025-12-08 22:28:46 - INFO - 데이터 정렬 중...
2025-12-08 22:28:46 - INFO - 시퀀스 생성 중...
2025-12-08 22:28:46 - INFO -   - 예상 시퀀스 수: 499,991개
2025-12-08 22:29:56 - INFO -   시퀀스 생성 진행: 49,999/499,991 (10.0%)
2025-12-08 22:31:08 - INFO -   시퀀스 생성 진행: 99,998/499,991 (20.0%)
2025-12-08 22:32:20 - INFO -   시퀀스 생성 진행: 149,997/499,991 (30.0%)
2025-12-08 22:33:33 - INFO -   시퀀스 생성 진행: 199,996/499,991 (40.0%)
2025-12-08 22:34:42 - INFO -   시퀀스 생성 진행: 249,995/499,991 (50.0%)
2025-12-08 22:36:02 - INFO -   시퀀스 생성 진행: 299,994/499,991 (60.0%)
2025-12-08 22:37:21 - INFO -   시퀀스 생성 진행: 349,993/499,991 (70.0%)
2025-12-08 22:38:41 - INFO -   시퀀스 생성 진행: 399,992/499,991 (80.0%)
2025-12-08 22:40:18 - INFO -   시퀀스 생성 진행: 449,991/499,991 (90.0%)
2025-12-08 22:41:51 - INFO -   시퀀스 생성 진행: 499,990/499,991 (100.0%)
2025-12-08 22:41:51 - INFO - ✅ 시퀀스 생성 완료: 499,991개
2025-12-08 22:41:52 - INFO -   - 시퀀스 형태: (499991, 10, 128)
2025-12-08 22:41:52 - INFO - 모델 구축 중...
2025-12-08 22:41:52 - INFO - ✅ 모델 구축 완료
2025-12-08 22:41:52 - INFO - 데이터 텐서 변환 중...
2025-12-08 22:41:53 - INFO - ✅ 텐서 변환 완료
2025-12-08 22:41:53 - INFO - 
============================================================
2025-12-08 22:41:53 - INFO - 학습 시작
2025-12-08 22:41:53 - INFO - ============================================================
2025-12-08 22:43:26 - INFO - Epoch 1/20 완료:
2025-12-08 22:43:26 - INFO -   - Loss: 0.7160
2025-12-08 22:43:26 - INFO -   - Epoch 소요 시간: 93.79초
2025-12-08 22:43:26 - INFO -   - 총 경과 시간: 880.82초 (14.7분)
2025-12-08 22:43:26 - INFO -   ⭐ 최고 Loss 갱신: 0.7160
2025-12-08 22:45:12 - INFO - Epoch 2/20 완료:
2025-12-08 22:45:12 - INFO -   - Loss: 0.6855
2025-12-08 22:45:12 - INFO -   - Epoch 소요 시간: 105.22초
2025-12-08 22:45:12 - INFO -   - 총 경과 시간: 986.06초 (16.4분)
2025-12-08 22:45:12 - INFO -   - 예상 남은 시간: 8874.58초 (147.9분)
2025-12-08 22:45:12 - INFO -   ⭐ 최고 Loss 갱신: 0.6855
2025-12-08 22:46:52 - INFO - Epoch 3/20 완료:
2025-12-08 22:46:52 - INFO -   - Loss: 0.6538
2025-12-08 22:46:52 - INFO -   - Epoch 소요 시간: 100.00초
2025-12-08 22:46:52 - INFO -   - 총 경과 시간: 1086.06초 (18.1분)
2025-12-08 22:46:52 - INFO -   - 예상 남은 시간: 6154.35초 (102.6분)
2025-12-08 22:46:52 - INFO -   ⭐ 최고 Loss 갱신: 0.6538
2025-12-08 22:48:41 - INFO - Epoch 4/20 완료:
2025-12-08 22:48:41 - INFO -   - Loss: 0.6189
2025-12-08 22:48:41 - INFO -   - Epoch 소요 시간: 109.06초
2025-12-08 22:48:41 - INFO -   - 총 경과 시간: 1195.13초 (19.9분)
2025-12-08 22:48:41 - INFO -   - 예상 남은 시간: 4780.51초 (79.7분)
2025-12-08 22:48:41 - INFO -   ⭐ 최고 Loss 갱신: 0.6189
2025-12-08 22:50:22 - INFO - Epoch 5/20 완료:
2025-12-08 22:50:22 - INFO -   - Loss: 0.5786
2025-12-08 22:50:22 - INFO -   - Epoch 소요 시간: 101.35초
2025-12-08 22:50:22 - INFO -   - 총 경과 시간: 1296.48초 (21.6분)
2025-12-08 22:50:22 - INFO -   - 예상 남은 시간: 3889.44초 (64.8분)
2025-12-08 22:50:22 - INFO -   ⭐ 최고 Loss 갱신: 0.5786
2025-12-08 22:52:08 - INFO - Epoch 6/20 완료:
2025-12-08 22:52:08 - INFO -   - Loss: 0.5315
2025-12-08 22:52:08 - INFO -   - Epoch 소요 시간: 105.80초
2025-12-08 22:52:08 - INFO -   - 총 경과 시간: 1402.28초 (23.4분)
2025-12-08 22:52:08 - INFO -   - 예상 남은 시간: 3271.99초 (54.5분)
2025-12-08 22:52:08 - INFO -   ⭐ 최고 Loss 갱신: 0.5315
2025-12-08 22:53:49 - INFO - Epoch 7/20 완료:
2025-12-08 22:53:49 - INFO -   - Loss: 0.4762
2025-12-08 22:53:49 - INFO -   - Epoch 소요 시간: 101.21초
2025-12-08 22:53:49 - INFO -   - 총 경과 시간: 1503.50초 (25.1분)
2025-12-08 22:53:49 - INFO -   - 예상 남은 시간: 2792.21초 (46.5분)
2025-12-08 22:53:49 - INFO -   ⭐ 최고 Loss 갱신: 0.4762
2025-12-08 22:55:30 - INFO - Epoch 8/20 완료:
2025-12-08 22:55:30 - INFO -   - Loss: 0.4124
2025-12-08 22:55:30 - INFO -   - Epoch 소요 시간: 100.67초
2025-12-08 22:55:30 - INFO -   - 총 경과 시간: 1604.17초 (26.7분)
2025-12-08 22:55:30 - INFO -   - 예상 남은 시간: 2406.26초 (40.1분)
2025-12-08 22:55:30 - INFO -   ⭐ 최고 Loss 갱신: 0.4124
2025-12-08 22:57:11 - INFO - Epoch 9/20 완료:
2025-12-08 22:57:11 - INFO -   - Loss: 0.3408
2025-12-08 22:57:11 - INFO -   - Epoch 소요 시간: 100.79초
2025-12-08 22:57:11 - INFO -   - 총 경과 시간: 1704.96초 (28.4분)
2025-12-08 22:57:11 - INFO -   - 예상 남은 시간: 2083.84초 (34.7분)
2025-12-08 22:57:11 - INFO -   ⭐ 최고 Loss 갱신: 0.3408
2025-12-08 22:58:52 - INFO - Epoch 10/20 완료:
2025-12-08 22:58:52 - INFO -   - Loss: 0.2642
2025-12-08 22:58:52 - INFO -   - Epoch 소요 시간: 101.10초
2025-12-08 22:58:52 - INFO -   - 총 경과 시간: 1806.07초 (30.1분)
2025-12-08 22:58:52 - INFO -   - 예상 남은 시간: 1806.07초 (30.1분)
2025-12-08 22:58:52 - INFO -   ⭐ 최고 Loss 갱신: 0.2642
2025-12-08 23:00:36 - INFO - Epoch 11/20 완료:
2025-12-08 23:00:36 - INFO -   - Loss: 0.1873
2025-12-08 23:00:36 - INFO -   - Epoch 소요 시간: 104.31초
2025-12-08 23:00:36 - INFO -   - 총 경과 시간: 1910.38초 (31.8분)
2025-12-08 23:00:36 - INFO -   - 예상 남은 시간: 1563.03초 (26.1분)
2025-12-08 23:00:36 - INFO -   ⭐ 최고 Loss 갱신: 0.1873
2025-12-08 23:02:15 - INFO - Epoch 12/20 완료:
2025-12-08 23:02:15 - INFO -   - Loss: 0.1178
2025-12-08 23:02:15 - INFO -   - Epoch 소요 시간: 99.31초
2025-12-08 23:02:15 - INFO -   - 총 경과 시간: 2009.69초 (33.5분)
2025-12-08 23:02:15 - INFO -   - 예상 남은 시간: 1339.79초 (22.3분)
2025-12-08 23:02:15 - INFO -   ⭐ 최고 Loss 갱신: 0.1178
2025-12-08 23:03:53 - INFO - Epoch 13/20 완료:
2025-12-08 23:03:53 - INFO -   - Loss: 0.0634
2025-12-08 23:03:53 - INFO -   - Epoch 소요 시간: 97.83초
2025-12-08 23:03:53 - INFO -   - 총 경과 시간: 2107.52초 (35.1분)
2025-12-08 23:03:53 - INFO -   - 예상 남은 시간: 1134.82초 (18.9분)
2025-12-08 23:03:53 - INFO -   ⭐ 최고 Loss 갱신: 0.0634
2025-12-08 23:05:32 - INFO - Epoch 14/20 완료:
2025-12-08 23:05:32 - INFO -   - Loss: 0.0282
2025-12-08 23:05:32 - INFO -   - Epoch 소요 시간: 99.23초
2025-12-08 23:05:32 - INFO -   - 총 경과 시간: 2206.75초 (36.8분)
2025-12-08 23:05:32 - INFO -   - 예상 남은 시간: 945.75초 (15.8분)
2025-12-08 23:05:32 - INFO -   ⭐ 최고 Loss 갱신: 0.0282
2025-12-08 23:07:13 - INFO - Epoch 15/20 완료:
2025-12-08 23:07:13 - INFO -   - Loss: 0.0102
2025-12-08 23:07:13 - INFO -   - Epoch 소요 시간: 101.16초
2025-12-08 23:07:13 - INFO -   - 총 경과 시간: 2307.92초 (38.5분)
2025-12-08 23:07:13 - INFO -   - 예상 남은 시간: 769.31초 (12.8분)
2025-12-08 23:07:13 - INFO -   ⭐ 최고 Loss 갱신: 0.0102
2025-12-08 23:08:50 - INFO - Epoch 16/20 완료:
2025-12-08 23:08:50 - INFO -   - Loss: 0.0030
2025-12-08 23:08:50 - INFO -   - Epoch 소요 시간: 96.61초
2025-12-08 23:08:50 - INFO -   - 총 경과 시간: 2404.53초 (40.1분)
2025-12-08 23:08:50 - INFO -   - 예상 남은 시간: 601.13초 (10.0분)
2025-12-08 23:08:50 - INFO -   ⭐ 최고 Loss 갱신: 0.0030
2025-12-08 23:10:31 - INFO - Epoch 17/20 완료:
2025-12-08 23:10:31 - INFO -   - Loss: 0.0008
2025-12-08 23:10:31 - INFO -   - Epoch 소요 시간: 100.85초
2025-12-08 23:10:31 - INFO -   - 총 경과 시간: 2505.38초 (41.8분)
2025-12-08 23:10:31 - INFO -   - 예상 남은 시간: 442.13초 (7.4분)
2025-12-08 23:10:31 - INFO -   ⭐ 최고 Loss 갱신: 0.0008
2025-12-08 23:12:14 - INFO - Epoch 18/20 완료:
2025-12-08 23:12:14 - INFO -   - Loss: 0.0002
2025-12-08 23:12:14 - INFO -   - Epoch 소요 시간: 103.18초
2025-12-08 23:12:14 - INFO -   - 총 경과 시간: 2608.56초 (43.5분)
2025-12-08 23:12:14 - INFO -   - 예상 남은 시간: 289.84초 (4.8분)
2025-12-08 23:12:14 - INFO -   ⭐ 최고 Loss 갱신: 0.0002
2025-12-08 23:13:54 - INFO - Epoch 19/20 완료:
2025-12-08 23:13:54 - INFO -   - Loss: 0.0000
2025-12-08 23:13:54 - INFO -   - Epoch 소요 시간: 100.04초
2025-12-08 23:13:54 - INFO -   - 총 경과 시간: 2708.61초 (45.1분)
2025-12-08 23:13:54 - INFO -   - 예상 남은 시간: 142.56초 (2.4분)
2025-12-08 23:13:54 - INFO -   ⭐ 최고 Loss 갱신: 0.0000
2025-12-08 23:15:35 - INFO - Epoch 20/20 완료:
2025-12-08 23:15:35 - INFO -   - Loss: 0.0000
2025-12-08 23:15:35 - INFO -   - Epoch 소요 시간: 100.83초
2025-12-08 23:15:35 - INFO -   - 총 경과 시간: 2809.44초 (46.8분)
2025-12-08 23:15:35 - INFO -   ⭐ 최고 Loss 갱신: 0.0000
2025-12-08 23:15:35 - INFO - 
============================================================
2025-12-08 23:15:35 - INFO - ✅ LogRobust 모델 학습 완료
2025-12-08 23:15:35 - INFO -   - 총 소요 시간: 2809.44초 (46.8분)
2025-12-08 23:15:35 - INFO -   - 최종 Loss: 0.0000
2025-12-08 23:15:35 - INFO -   - 최고 Loss: 0.0000
2025-12-08 23:15:35 - INFO - ============================================================
