2025-12-09 01:25:48 - INFO - π“ ν•™μµ λ΅κ·Έ νμΌ: /Users/zzangdol/PycharmProjects/zzangdol/pattern/prelog/logs/training/logrobust_training_20251209_012548.log
2025-12-09 01:25:48 - INFO - ============================================================
2025-12-09 01:25:48 - INFO - LogRobust λ¨λΈ ν•™μµ μ‹μ‘
2025-12-09 01:25:48 - INFO - ============================================================
2025-12-09 01:25:48 - INFO - ν•™μµ νλΌλ―Έν„°:
2025-12-09 01:25:48 - INFO -   - Epochs: 30
2025-12-09 01:25:48 - INFO -   - Batch Size: 64
2025-12-09 01:25:48 - INFO -   - Sequence Length: 15
2025-12-09 01:25:48 - INFO -   - Embedding Dim: 128
2025-12-09 01:25:48 - INFO -   - ν•™μµ λ°μ΄ν„°: 500,000κ° λ΅κ·Έ
2025-12-09 01:25:48 - INFO - λ°μ΄ν„° μ •λ ¬ μ¤‘...
2025-12-09 01:25:48 - INFO - μ‹ν€€μ¤ μƒμ„± μ¤‘...
2025-12-09 01:25:48 - INFO -   - μμƒ μ‹ν€€μ¤ μ: 499,986κ°
2025-12-09 01:27:34 - INFO -   μ‹ν€€μ¤ μƒμ„± μ§„ν–‰: 49,998/499,986 (10.0%)
2025-12-09 01:29:21 - INFO -   μ‹ν€€μ¤ μƒμ„± μ§„ν–‰: 99,996/499,986 (20.0%)
2025-12-09 01:31:09 - INFO -   μ‹ν€€μ¤ μƒμ„± μ§„ν–‰: 149,994/499,986 (30.0%)
2025-12-09 01:32:58 - INFO -   μ‹ν€€μ¤ μƒμ„± μ§„ν–‰: 199,992/499,986 (40.0%)
2025-12-09 01:34:41 - INFO -   μ‹ν€€μ¤ μƒμ„± μ§„ν–‰: 249,990/499,986 (50.0%)
2025-12-09 01:36:38 - INFO -   μ‹ν€€μ¤ μƒμ„± μ§„ν–‰: 299,988/499,986 (60.0%)
2025-12-09 01:38:33 - INFO -   μ‹ν€€μ¤ μƒμ„± μ§„ν–‰: 349,986/499,986 (70.0%)
2025-12-09 01:40:31 - INFO -   μ‹ν€€μ¤ μƒμ„± μ§„ν–‰: 399,984/499,986 (80.0%)
2025-12-09 01:42:55 - INFO -   μ‹ν€€μ¤ μƒμ„± μ§„ν–‰: 449,982/499,986 (90.0%)
2025-12-09 01:45:15 - INFO -   μ‹ν€€μ¤ μƒμ„± μ§„ν–‰: 499,980/499,986 (100.0%)
2025-12-09 01:45:15 - INFO - β… μ‹ν€€μ¤ μƒμ„± μ™„λ£: 499,986κ°
2025-12-09 01:45:18 - INFO -   - μ‹ν€€μ¤ ν•νƒ: (499986, 15, 128)
2025-12-09 01:45:18 - INFO - λ¨λΈ κµ¬μ¶• μ¤‘...
2025-12-09 01:45:18 - INFO - β… λ¨λΈ κµ¬μ¶• μ™„λ£
2025-12-09 01:45:18 - INFO - λ°μ΄ν„° ν…μ„ λ³€ν™ μ¤‘...
2025-12-09 01:45:18 - INFO - β… ν…μ„ λ³€ν™ μ™„λ£
2025-12-09 01:45:18 - INFO - 
============================================================
2025-12-09 01:45:18 - INFO - ν•™μµ μ‹μ‘
2025-12-09 01:45:18 - INFO - ============================================================
