2025-12-08 20:29:11 - INFO - 📝 학습 로그 파일: /Users/zzangdol/PycharmProjects/zzangdol/pattern/prelog/logs/training/logrobust_training_20251208_202911.log
2025-12-08 20:29:11 - INFO - ============================================================
2025-12-08 20:29:11 - INFO - LogRobust 모델 학습 시작
2025-12-08 20:29:11 - INFO - ============================================================
2025-12-08 20:29:11 - INFO - 학습 파라미터:
2025-12-08 20:29:11 - INFO -   - Epochs: 20
2025-12-08 20:29:11 - INFO -   - Batch Size: 64
2025-12-08 20:29:11 - INFO -   - Sequence Length: 10
2025-12-08 20:29:11 - INFO -   - Embedding Dim: 128
2025-12-08 20:29:11 - INFO -   - 학습 데이터: 500,000개 로그
2025-12-08 20:29:11 - INFO - 데이터 정렬 중...
2025-12-08 20:29:11 - INFO - 시퀀스 생성 중...
2025-12-08 20:29:11 - INFO -   - 예상 시퀀스 수: 499,991개
2025-12-08 20:30:22 - INFO -   시퀀스 생성 진행: 49,999/499,991 (10.0%)
2025-12-08 20:31:34 - INFO -   시퀀스 생성 진행: 99,998/499,991 (20.0%)
2025-12-08 20:32:47 - INFO -   시퀀스 생성 진행: 149,997/499,991 (30.0%)
2025-12-08 20:34:01 - INFO -   시퀀스 생성 진행: 199,996/499,991 (40.0%)
2025-12-08 20:35:10 - INFO -   시퀀스 생성 진행: 249,995/499,991 (50.0%)
2025-12-08 20:36:29 - INFO -   시퀀스 생성 진행: 299,994/499,991 (60.0%)
2025-12-08 20:37:47 - INFO -   시퀀스 생성 진행: 349,993/499,991 (70.0%)
2025-12-08 20:39:07 - INFO -   시퀀스 생성 진행: 399,992/499,991 (80.0%)
2025-12-08 20:40:44 - INFO -   시퀀스 생성 진행: 449,991/499,991 (90.0%)
2025-12-08 20:42:18 - INFO -   시퀀스 생성 진행: 499,990/499,991 (100.0%)
2025-12-08 20:42:18 - INFO - ✅ 시퀀스 생성 완료: 499,991개
2025-12-08 20:42:20 - INFO -   - 시퀀스 형태: (499991, 10, 128)
2025-12-08 20:42:20 - INFO - 모델 구축 중...
2025-12-08 20:42:20 - INFO - ✅ 모델 구축 완료
2025-12-08 20:42:20 - INFO - 데이터 텐서 변환 중...
2025-12-08 20:42:20 - INFO - ✅ 텐서 변환 완료
2025-12-08 20:42:20 - INFO - 
============================================================
2025-12-08 20:42:20 - INFO - 학습 시작
2025-12-08 20:42:20 - INFO - ============================================================
2025-12-08 20:44:00 - INFO - Epoch 1/20 완료:
2025-12-08 20:44:00 - INFO -   - Loss: 0.7163
2025-12-08 20:44:00 - INFO -   - Epoch 소요 시간: 99.84초
2025-12-08 20:44:00 - INFO -   - 총 경과 시간: 888.54초 (14.8분)
2025-12-08 20:44:00 - INFO -   ⭐ 최고 Loss 갱신: 0.7163
2025-12-08 20:45:45 - INFO - Epoch 2/20 완료:
2025-12-08 20:45:45 - INFO -   - Loss: 0.6892
2025-12-08 20:45:45 - INFO -   - Epoch 소요 시간: 105.49초
2025-12-08 20:45:45 - INFO -   - 총 경과 시간: 994.05초 (16.6분)
2025-12-08 20:45:45 - INFO -   - 예상 남은 시간: 8946.46초 (149.1분)
2025-12-08 20:45:45 - INFO -   ⭐ 최고 Loss 갱신: 0.6892
2025-12-08 20:47:28 - INFO - Epoch 3/20 완료:
2025-12-08 20:47:28 - INFO -   - Loss: 0.6617
2025-12-08 20:47:28 - INFO -   - Epoch 소요 시간: 102.66초
2025-12-08 20:47:28 - INFO -   - 총 경과 시간: 1096.71초 (18.3분)
2025-12-08 20:47:28 - INFO -   - 예상 남은 시간: 6214.69초 (103.6분)
2025-12-08 20:47:28 - INFO -   ⭐ 최고 Loss 갱신: 0.6617
2025-12-08 20:49:09 - INFO - Epoch 4/20 완료:
2025-12-08 20:49:09 - INFO -   - Loss: 0.6317
2025-12-08 20:49:09 - INFO -   - Epoch 소요 시간: 101.00초
2025-12-08 20:49:09 - INFO -   - 총 경과 시간: 1197.71초 (20.0분)
2025-12-08 20:49:09 - INFO -   - 예상 남은 시간: 4790.83초 (79.8분)
2025-12-08 20:49:09 - INFO -   ⭐ 최고 Loss 갱신: 0.6317
2025-12-08 20:50:49 - INFO - Epoch 5/20 완료:
2025-12-08 20:50:49 - INFO -   - Loss: 0.5972
2025-12-08 20:50:49 - INFO -   - Epoch 소요 시간: 99.86초
2025-12-08 20:50:49 - INFO -   - 총 경과 시간: 1297.57초 (21.6분)
2025-12-08 20:50:49 - INFO -   - 예상 남은 시간: 3892.72초 (64.9분)
2025-12-08 20:50:49 - INFO -   ⭐ 최고 Loss 갱신: 0.5972
2025-12-08 20:52:29 - INFO - Epoch 6/20 완료:
2025-12-08 20:52:29 - INFO -   - Loss: 0.5566
2025-12-08 20:52:29 - INFO -   - Epoch 소요 시간: 99.89초
2025-12-08 20:52:29 - INFO -   - 총 경과 시간: 1397.46초 (23.3분)
2025-12-08 20:52:29 - INFO -   - 예상 남은 시간: 3260.74초 (54.3분)
2025-12-08 20:52:29 - INFO -   ⭐ 최고 Loss 갱신: 0.5566
2025-12-08 20:54:10 - INFO - Epoch 7/20 완료:
2025-12-08 20:54:10 - INFO -   - Loss: 0.5086
2025-12-08 20:54:10 - INFO -   - Epoch 소요 시간: 101.80초
2025-12-08 20:54:10 - INFO -   - 총 경과 시간: 1499.26초 (25.0분)
2025-12-08 20:54:10 - INFO -   - 예상 남은 시간: 2784.33초 (46.4분)
2025-12-08 20:54:10 - INFO -   ⭐ 최고 Loss 갱신: 0.5086
2025-12-08 20:55:56 - INFO - Epoch 8/20 완료:
2025-12-08 20:55:56 - INFO -   - Loss: 0.4524
2025-12-08 20:55:56 - INFO -   - Epoch 소요 시간: 105.35초
2025-12-08 20:55:56 - INFO -   - 총 경과 시간: 1604.61초 (26.7분)
2025-12-08 20:55:56 - INFO -   - 예상 남은 시간: 2406.91초 (40.1분)
2025-12-08 20:55:56 - INFO -   ⭐ 최고 Loss 갱신: 0.4524
2025-12-08 20:57:39 - INFO - Epoch 9/20 완료:
2025-12-08 20:57:39 - INFO -   - Loss: 0.3878
2025-12-08 20:57:39 - INFO -   - Epoch 소요 시간: 103.72초
2025-12-08 20:57:39 - INFO -   - 총 경과 시간: 1708.33초 (28.5분)
2025-12-08 20:57:39 - INFO -   - 예상 남은 시간: 2087.96초 (34.8분)
2025-12-08 20:57:39 - INFO -   ⭐ 최고 Loss 갱신: 0.3878
2025-12-08 20:59:29 - INFO - Epoch 10/20 완료:
2025-12-08 20:59:29 - INFO -   - Loss: 0.3159
2025-12-08 20:59:29 - INFO -   - Epoch 소요 시간: 109.91초
2025-12-08 20:59:29 - INFO -   - 총 경과 시간: 1818.24초 (30.3분)
2025-12-08 20:59:29 - INFO -   - 예상 남은 시간: 1818.24초 (30.3분)
2025-12-08 20:59:29 - INFO -   ⭐ 최고 Loss 갱신: 0.3159
2025-12-08 21:01:13 - INFO - Epoch 11/20 완료:
2025-12-08 21:01:13 - INFO -   - Loss: 0.2399
2025-12-08 21:01:13 - INFO -   - Epoch 소요 시간: 103.45초
2025-12-08 21:01:13 - INFO -   - 총 경과 시간: 1921.69초 (32.0분)
2025-12-08 21:01:13 - INFO -   - 예상 남은 시간: 1572.29초 (26.2분)
2025-12-08 21:01:13 - INFO -   ⭐ 최고 Loss 갱신: 0.2399
