2025-12-08 19:26:24 - INFO - 📝 학습 로그 파일: /Users/zzangdol/PycharmProjects/zzangdol/pattern/prelog/logs/training/logrobust_training_20251208_192624.log
2025-12-08 19:26:24 - INFO - ============================================================
2025-12-08 19:26:24 - INFO - LogRobust 모델 학습 시작
2025-12-08 19:26:24 - INFO - ============================================================
2025-12-08 19:26:24 - INFO - 학습 파라미터:
2025-12-08 19:26:24 - INFO -   - Epochs: 20
2025-12-08 19:26:24 - INFO -   - Batch Size: 64
2025-12-08 19:26:24 - INFO -   - Sequence Length: 10
2025-12-08 19:26:24 - INFO -   - Embedding Dim: 128
2025-12-08 19:26:24 - INFO -   - 학습 데이터: 500,000개 로그
2025-12-08 19:26:24 - INFO - 데이터 정렬 중...
2025-12-08 19:26:24 - INFO - 시퀀스 생성 중...
2025-12-08 19:26:24 - INFO -   - 예상 시퀀스 수: 499,991개
2025-12-08 19:27:35 - INFO -   시퀀스 생성 진행: 49,999/499,991 (10.0%)
2025-12-08 19:28:48 - INFO -   시퀀스 생성 진행: 99,998/499,991 (20.0%)
2025-12-08 19:30:01 - INFO -   시퀀스 생성 진행: 149,997/499,991 (30.0%)
2025-12-08 19:31:15 - INFO -   시퀀스 생성 진행: 199,996/499,991 (40.0%)
2025-12-08 19:32:25 - INFO -   시퀀스 생성 진행: 249,995/499,991 (50.0%)
2025-12-08 19:33:44 - INFO -   시퀀스 생성 진행: 299,994/499,991 (60.0%)
2025-12-08 19:35:02 - INFO -   시퀀스 생성 진행: 349,993/499,991 (70.0%)
2025-12-08 19:36:22 - INFO -   시퀀스 생성 진행: 399,992/499,991 (80.0%)
2025-12-08 19:38:02 - INFO -   시퀀스 생성 진행: 449,991/499,991 (90.0%)
2025-12-08 19:39:38 - INFO -   시퀀스 생성 진행: 499,990/499,991 (100.0%)
2025-12-08 19:39:38 - INFO - ✅ 시퀀스 생성 완료: 499,991개
2025-12-08 19:39:39 - INFO -   - 시퀀스 형태: (499991, 10, 128)
2025-12-08 19:39:39 - INFO - 모델 구축 중...
2025-12-08 19:39:39 - INFO - ✅ 모델 구축 완료
2025-12-08 19:39:39 - INFO - 데이터 텐서 변환 중...
2025-12-08 19:39:40 - INFO - ✅ 텐서 변환 완료
2025-12-08 19:39:40 - INFO - 
============================================================
2025-12-08 19:39:40 - INFO - 학습 시작
2025-12-08 19:39:40 - INFO - ============================================================
2025-12-08 19:41:22 - INFO - Epoch 1/20 완료:
2025-12-08 19:41:22 - INFO -   - Loss: 0.6994
2025-12-08 19:41:22 - INFO -   - Epoch 소요 시간: 101.94초
2025-12-08 19:41:22 - INFO -   - 총 경과 시간: 897.74초 (15.0분)
2025-12-08 19:41:22 - INFO -   ⭐ 최고 Loss 갱신: 0.6994
2025-12-08 19:43:11 - INFO - Epoch 2/20 완료:
2025-12-08 19:43:11 - INFO -   - Loss: 0.6708
2025-12-08 19:43:11 - INFO -   - Epoch 소요 시간: 109.06초
2025-12-08 19:43:11 - INFO -   - 총 경과 시간: 1006.82초 (16.8분)
2025-12-08 19:43:11 - INFO -   - 예상 남은 시간: 9061.41초 (151.0분)
2025-12-08 19:43:11 - INFO -   ⭐ 최고 Loss 갱신: 0.6708
2025-12-08 19:44:54 - INFO - Epoch 3/20 완료:
2025-12-08 19:44:54 - INFO -   - Loss: 0.6420
2025-12-08 19:44:54 - INFO -   - Epoch 소요 시간: 103.82초
2025-12-08 19:44:54 - INFO -   - 총 경과 시간: 1110.65초 (18.5분)
2025-12-08 19:44:54 - INFO -   - 예상 남은 시간: 6293.68초 (104.9분)
2025-12-08 19:44:54 - INFO -   ⭐ 최고 Loss 갱신: 0.6420
2025-12-08 19:46:33 - INFO - Epoch 4/20 완료:
2025-12-08 19:46:33 - INFO -   - Loss: 0.6101
2025-12-08 19:46:33 - INFO -   - Epoch 소요 시간: 98.39초
2025-12-08 19:46:33 - INFO -   - 총 경과 시간: 1209.04초 (20.2분)
2025-12-08 19:46:33 - INFO -   - 예상 남은 시간: 4836.15초 (80.6분)
2025-12-08 19:46:33 - INFO -   ⭐ 최고 Loss 갱신: 0.6101
2025-12-08 19:48:16 - INFO - Epoch 5/20 완료:
2025-12-08 19:48:16 - INFO -   - Loss: 0.5729
2025-12-08 19:48:16 - INFO -   - Epoch 소요 시간: 103.39초
2025-12-08 19:48:16 - INFO -   - 총 경과 시간: 1312.43초 (21.9분)
2025-12-08 19:48:16 - INFO -   - 예상 남은 시간: 3937.29초 (65.6분)
2025-12-08 19:48:16 - INFO -   ⭐ 최고 Loss 갱신: 0.5729
2025-12-08 19:49:59 - INFO - Epoch 6/20 완료:
2025-12-08 19:49:59 - INFO -   - Loss: 0.5288
2025-12-08 19:49:59 - INFO -   - Epoch 소요 시간: 102.75초
2025-12-08 19:49:59 - INFO -   - 총 경과 시간: 1415.19초 (23.6분)
2025-12-08 19:49:59 - INFO -   - 예상 남은 시간: 3302.10초 (55.0분)
2025-12-08 19:49:59 - INFO -   ⭐ 최고 Loss 갱신: 0.5288
2025-12-08 19:51:40 - INFO - Epoch 7/20 완료:
2025-12-08 19:51:40 - INFO -   - Loss: 0.4765
2025-12-08 19:51:40 - INFO -   - Epoch 소요 시간: 100.91초
2025-12-08 19:51:40 - INFO -   - 총 경과 시간: 1516.11초 (25.3분)
2025-12-08 19:51:40 - INFO -   - 예상 남은 시간: 2815.63초 (46.9분)
2025-12-08 19:51:40 - INFO -   ⭐ 최고 Loss 갱신: 0.4765
2025-12-08 19:53:23 - INFO - Epoch 8/20 완료:
2025-12-08 19:53:23 - INFO -   - Loss: 0.4151
2025-12-08 19:53:23 - INFO -   - Epoch 소요 시간: 102.87초
2025-12-08 19:53:23 - INFO -   - 총 경과 시간: 1618.99초 (27.0분)
2025-12-08 19:53:23 - INFO -   - 예상 남은 시간: 2428.48초 (40.5분)
2025-12-08 19:53:23 - INFO -   ⭐ 최고 Loss 갱신: 0.4151
2025-12-08 19:55:02 - INFO - Epoch 9/20 완료:
2025-12-08 19:55:02 - INFO -   - Loss: 0.3452
2025-12-08 19:55:02 - INFO -   - Epoch 소요 시간: 99.61초
2025-12-08 19:55:02 - INFO -   - 총 경과 시간: 1718.60초 (28.6분)
2025-12-08 19:55:02 - INFO -   - 예상 남은 시간: 2100.51초 (35.0분)
2025-12-08 19:55:02 - INFO -   ⭐ 최고 Loss 갱신: 0.3452
2025-12-08 19:56:43 - INFO - Epoch 10/20 완료:
2025-12-08 19:56:43 - INFO -   - Loss: 0.2692
2025-12-08 19:56:43 - INFO -   - Epoch 소요 시간: 100.10초
2025-12-08 19:56:43 - INFO -   - 총 경과 시간: 1818.70초 (30.3분)
2025-12-08 19:56:43 - INFO -   - 예상 남은 시간: 1818.70초 (30.3분)
2025-12-08 19:56:43 - INFO -   ⭐ 최고 Loss 갱신: 0.2692
2025-12-08 19:58:27 - INFO - Epoch 11/20 완료:
2025-12-08 19:58:27 - INFO -   - Loss: 0.1920
2025-12-08 19:58:27 - INFO -   - Epoch 소요 시간: 104.65초
2025-12-08 19:58:27 - INFO -   - 총 경과 시간: 1923.34초 (32.1분)
2025-12-08 19:58:27 - INFO -   - 예상 남은 시간: 1573.64초 (26.2분)
2025-12-08 19:58:27 - INFO -   ⭐ 최고 Loss 갱신: 0.1920
2025-12-08 20:00:06 - INFO - Epoch 12/20 완료:
2025-12-08 20:00:06 - INFO -   - Loss: 0.1212
2025-12-08 20:00:06 - INFO -   - Epoch 소요 시간: 98.58초
2025-12-08 20:00:06 - INFO -   - 총 경과 시간: 2021.92초 (33.7분)
2025-12-08 20:00:06 - INFO -   - 예상 남은 시간: 1347.95초 (22.5분)
2025-12-08 20:00:06 - INFO -   ⭐ 최고 Loss 갱신: 0.1212
2025-12-08 20:01:53 - INFO - Epoch 13/20 완료:
2025-12-08 20:01:53 - INFO -   - Loss: 0.0653
2025-12-08 20:01:53 - INFO -   - Epoch 소요 시간: 107.02초
2025-12-08 20:01:53 - INFO -   - 총 경과 시간: 2128.94초 (35.5분)
2025-12-08 20:01:53 - INFO -   - 예상 남은 시간: 1146.35초 (19.1분)
2025-12-08 20:01:53 - INFO -   ⭐ 최고 Loss 갱신: 0.0653
2025-12-08 20:03:38 - INFO - Epoch 14/20 완료:
2025-12-08 20:03:38 - INFO -   - Loss: 0.0290
2025-12-08 20:03:38 - INFO -   - Epoch 소요 시간: 105.30초
2025-12-08 20:03:38 - INFO -   - 총 경과 시간: 2234.24초 (37.2분)
2025-12-08 20:03:38 - INFO -   - 예상 남은 시간: 957.53초 (16.0분)
2025-12-08 20:03:38 - INFO -   ⭐ 최고 Loss 갱신: 0.0290
2025-12-08 20:05:24 - INFO - Epoch 15/20 완료:
2025-12-08 20:05:24 - INFO -   - Loss: 0.0104
2025-12-08 20:05:24 - INFO -   - Epoch 소요 시간: 106.39초
2025-12-08 20:05:24 - INFO -   - 총 경과 시간: 2340.64초 (39.0분)
2025-12-08 20:05:24 - INFO -   - 예상 남은 시간: 780.21초 (13.0분)
2025-12-08 20:05:24 - INFO -   ⭐ 최고 Loss 갱신: 0.0104
2025-12-08 20:07:03 - INFO - Epoch 16/20 완료:
2025-12-08 20:07:03 - INFO -   - Loss: 0.0031
2025-12-08 20:07:03 - INFO -   - Epoch 소요 시간: 98.37초
2025-12-08 20:07:03 - INFO -   - 총 경과 시간: 2439.01초 (40.7분)
2025-12-08 20:07:03 - INFO -   - 예상 남은 시간: 609.75초 (10.2분)
2025-12-08 20:07:03 - INFO -   ⭐ 최고 Loss 갱신: 0.0031
2025-12-08 20:08:40 - INFO - Epoch 17/20 완료:
2025-12-08 20:08:40 - INFO -   - Loss: 0.0008
2025-12-08 20:08:40 - INFO -   - Epoch 소요 시간: 97.67초
2025-12-08 20:08:40 - INFO -   - 총 경과 시간: 2536.69초 (42.3분)
2025-12-08 20:08:40 - INFO -   - 예상 남은 시간: 447.65초 (7.5분)
2025-12-08 20:08:40 - INFO -   ⭐ 최고 Loss 갱신: 0.0008
2025-12-08 20:10:24 - INFO - Epoch 18/20 완료:
2025-12-08 20:10:24 - INFO -   - Loss: 0.0002
2025-12-08 20:10:24 - INFO -   - Epoch 소요 시간: 103.90초
2025-12-08 20:10:24 - INFO -   - 총 경과 시간: 2640.59초 (44.0분)
2025-12-08 20:10:24 - INFO -   - 예상 남은 시간: 293.40초 (4.9분)
2025-12-08 20:10:24 - INFO -   ⭐ 최고 Loss 갱신: 0.0002
2025-12-08 20:12:06 - INFO - Epoch 19/20 완료:
2025-12-08 20:12:06 - INFO -   - Loss: 0.0000
2025-12-08 20:12:06 - INFO -   - Epoch 소요 시간: 101.15초
2025-12-08 20:12:06 - INFO -   - 총 경과 시간: 2741.74초 (45.7분)
2025-12-08 20:12:06 - INFO -   - 예상 남은 시간: 144.30초 (2.4분)
2025-12-08 20:12:06 - INFO -   ⭐ 최고 Loss 갱신: 0.0000
2025-12-08 20:13:44 - INFO - Epoch 20/20 완료:
2025-12-08 20:13:44 - INFO -   - Loss: 0.0000
2025-12-08 20:13:44 - INFO -   - Epoch 소요 시간: 98.67초
2025-12-08 20:13:44 - INFO -   - 총 경과 시간: 2840.42초 (47.3분)
2025-12-08 20:13:44 - INFO -   ⭐ 최고 Loss 갱신: 0.0000
2025-12-08 20:13:44 - INFO - 
============================================================
2025-12-08 20:13:44 - INFO - ✅ LogRobust 모델 학습 완료
2025-12-08 20:13:44 - INFO -   - 총 소요 시간: 2840.42초 (47.3분)
2025-12-08 20:13:44 - INFO -   - 최종 Loss: 0.0000
2025-12-08 20:13:44 - INFO -   - 최고 Loss: 0.0000
2025-12-08 20:13:44 - INFO - ============================================================
