2025-12-08 19:02:26 - INFO - 📝 학습 로그 파일: /Users/zzangdol/PycharmProjects/zzangdol/pattern/prelog/logs/training/logrobust_training_20251208_190226.log
2025-12-08 19:02:26 - INFO - ============================================================
2025-12-08 19:02:26 - INFO - LogRobust 모델 학습 시작
2025-12-08 19:02:26 - INFO - ============================================================
2025-12-08 19:02:26 - INFO - 학습 파라미터:
2025-12-08 19:02:26 - INFO -   - Epochs: 10
2025-12-08 19:02:26 - INFO -   - Batch Size: 64
2025-12-08 19:02:26 - INFO -   - Sequence Length: 10
2025-12-08 19:02:26 - INFO -   - Embedding Dim: 128
2025-12-08 19:02:26 - INFO -   - 학습 데이터: 200,000개 로그
2025-12-08 19:02:26 - INFO - 데이터 정렬 중...
2025-12-08 19:02:26 - INFO - 시퀀스 생성 중...
2025-12-08 19:02:26 - INFO -   - 예상 시퀀스 수: 199,991개
2025-12-08 19:02:55 - INFO -   시퀀스 생성 진행: 19,999/199,991 (10.0%)
2025-12-08 19:03:24 - INFO -   시퀀스 생성 진행: 39,998/199,991 (20.0%)
2025-12-08 19:03:52 - INFO -   시퀀스 생성 진행: 59,997/199,991 (30.0%)
2025-12-08 19:04:22 - INFO -   시퀀스 생성 진행: 79,996/199,991 (40.0%)
2025-12-08 19:04:49 - INFO -   시퀀스 생성 진행: 99,995/199,991 (50.0%)
2025-12-08 19:05:21 - INFO -   시퀀스 생성 진행: 119,994/199,991 (60.0%)
2025-12-08 19:05:52 - INFO -   시퀀스 생성 진행: 139,993/199,991 (70.0%)
2025-12-08 19:06:24 - INFO -   시퀀스 생성 진행: 159,992/199,991 (80.0%)
2025-12-08 19:07:03 - INFO -   시퀀스 생성 진행: 179,991/199,991 (90.0%)
2025-12-08 19:07:41 - INFO -   시퀀스 생성 진행: 199,990/199,991 (100.0%)
2025-12-08 19:07:41 - INFO - ✅ 시퀀스 생성 완료: 199,991개
2025-12-08 19:07:41 - INFO -   - 시퀀스 형태: (199991, 10, 128)
2025-12-08 19:07:41 - INFO - 모델 구축 중...
2025-12-08 19:07:41 - INFO - ✅ 모델 구축 완료
2025-12-08 19:07:41 - INFO - 데이터 텐서 변환 중...
2025-12-08 19:07:41 - INFO - ✅ 텐서 변환 완료
2025-12-08 19:07:41 - INFO - 
============================================================
2025-12-08 19:07:41 - INFO - 학습 시작
2025-12-08 19:07:41 - INFO - ============================================================
2025-12-08 19:08:02 - INFO - Epoch 1/10 완료:
2025-12-08 19:08:02 - INFO -   - Loss: 0.6640
2025-12-08 19:08:02 - INFO -   - Epoch 소요 시간: 20.64초
2025-12-08 19:08:02 - INFO -   - 총 경과 시간: 335.80초 (5.6분)
2025-12-08 19:08:02 - INFO -   ⭐ 최고 Loss 갱신: 0.6640
2025-12-08 19:08:17 - INFO - Epoch 2/10 완료:
2025-12-08 19:08:17 - INFO -   - Loss: 0.6399
2025-12-08 19:08:17 - INFO -   - Epoch 소요 시간: 15.21초
2025-12-08 19:08:17 - INFO -   - 총 경과 시간: 351.01초 (5.9분)
2025-12-08 19:08:17 - INFO -   - 예상 남은 시간: 1404.03초 (23.4분)
2025-12-08 19:08:17 - INFO -   ⭐ 최고 Loss 갱신: 0.6399
2025-12-08 19:08:32 - INFO - Epoch 3/10 완료:
2025-12-08 19:08:32 - INFO -   - Loss: 0.6157
2025-12-08 19:08:32 - INFO -   - Epoch 소요 시간: 14.69초
2025-12-08 19:08:32 - INFO -   - 총 경과 시간: 365.70초 (6.1분)
2025-12-08 19:08:32 - INFO -   - 예상 남은 시간: 853.29초 (14.2분)
2025-12-08 19:08:32 - INFO -   ⭐ 최고 Loss 갱신: 0.6157
2025-12-08 19:08:47 - INFO - Epoch 4/10 완료:
2025-12-08 19:08:47 - INFO -   - Loss: 0.5888
2025-12-08 19:08:47 - INFO -   - Epoch 소요 시간: 14.70초
2025-12-08 19:08:47 - INFO -   - 총 경과 시간: 380.39초 (6.3분)
2025-12-08 19:08:47 - INFO -   - 예상 남은 시간: 570.59초 (9.5분)
2025-12-08 19:08:47 - INFO -   ⭐ 최고 Loss 갱신: 0.5888
2025-12-08 19:09:03 - INFO - Epoch 5/10 완료:
2025-12-08 19:09:03 - INFO -   - Loss: 0.5574
2025-12-08 19:09:03 - INFO -   - Epoch 소요 시간: 16.79초
2025-12-08 19:09:03 - INFO -   - 총 경과 시간: 397.18초 (6.6분)
2025-12-08 19:09:03 - INFO -   - 예상 남은 시간: 397.18초 (6.6분)
2025-12-08 19:09:03 - INFO -   ⭐ 최고 Loss 갱신: 0.5574
2025-12-08 19:09:18 - INFO - Epoch 6/10 완료:
2025-12-08 19:09:18 - INFO -   - Loss: 0.5198
2025-12-08 19:09:18 - INFO -   - Epoch 소요 시간: 14.72초
2025-12-08 19:09:18 - INFO -   - 총 경과 시간: 411.90초 (6.9분)
2025-12-08 19:09:18 - INFO -   - 예상 남은 시간: 274.60초 (4.6분)
2025-12-08 19:09:18 - INFO -   ⭐ 최고 Loss 갱신: 0.5198
2025-12-08 19:09:34 - INFO - Epoch 7/10 완료:
2025-12-08 19:09:34 - INFO -   - Loss: 0.4750
2025-12-08 19:09:34 - INFO -   - Epoch 소요 시간: 15.82초
2025-12-08 19:09:34 - INFO -   - 총 경과 시간: 427.72초 (7.1분)
2025-12-08 19:09:34 - INFO -   - 예상 남은 시간: 183.31초 (3.1분)
2025-12-08 19:09:34 - INFO -   ⭐ 최고 Loss 갱신: 0.4750
2025-12-08 19:09:49 - INFO - Epoch 8/10 완료:
2025-12-08 19:09:49 - INFO -   - Loss: 0.4218
2025-12-08 19:09:49 - INFO -   - Epoch 소요 시간: 14.80초
2025-12-08 19:09:49 - INFO -   - 총 경과 시간: 442.52초 (7.4분)
2025-12-08 19:09:49 - INFO -   - 예상 남은 시간: 110.63초 (1.8분)
2025-12-08 19:09:49 - INFO -   ⭐ 최고 Loss 갱신: 0.4218
2025-12-08 19:10:04 - INFO - Epoch 9/10 완료:
2025-12-08 19:10:04 - INFO -   - Loss: 0.3603
2025-12-08 19:10:04 - INFO -   - Epoch 소요 시간: 15.63초
2025-12-08 19:10:04 - INFO -   - 총 경과 시간: 458.15초 (7.6분)
2025-12-08 19:10:04 - INFO -   - 예상 남은 시간: 50.91초 (0.8분)
2025-12-08 19:10:04 - INFO -   ⭐ 최고 Loss 갱신: 0.3603
2025-12-08 19:10:19 - INFO - Epoch 10/10 완료:
2025-12-08 19:10:19 - INFO -   - Loss: 0.2916
2025-12-08 19:10:19 - INFO -   - Epoch 소요 시간: 14.87초
2025-12-08 19:10:19 - INFO -   - 총 경과 시간: 473.02초 (7.9분)
2025-12-08 19:10:19 - INFO -   ⭐ 최고 Loss 갱신: 0.2916
2025-12-08 19:10:19 - INFO - 
============================================================
2025-12-08 19:10:19 - INFO - ✅ LogRobust 모델 학습 완료
2025-12-08 19:10:19 - INFO -   - 총 소요 시간: 473.02초 (7.9분)
2025-12-08 19:10:19 - INFO -   - 최종 Loss: 0.2916
2025-12-08 19:10:19 - INFO -   - 최고 Loss: 0.2916
2025-12-08 19:10:19 - INFO - ============================================================
