2025-12-08 18:27:03 - INFO - 📝 학습 로그 파일: /Users/zzangdol/PycharmProjects/zzangdol/pattern/prelog/logs/training/logrobust_training_20251208_182703.log
2025-12-08 18:27:03 - INFO - ============================================================
2025-12-08 18:27:03 - INFO - LogRobust 모델 학습 시작
2025-12-08 18:27:03 - INFO - ============================================================
2025-12-08 18:27:03 - INFO - 학습 파라미터:
2025-12-08 18:27:03 - INFO -   - Epochs: 5
2025-12-08 18:27:03 - INFO -   - Batch Size: 128
2025-12-08 18:27:03 - INFO -   - Sequence Length: 10
2025-12-08 18:27:03 - INFO -   - Embedding Dim: 128
2025-12-08 18:27:03 - INFO -   - 학습 데이터: 100,000개 로그
2025-12-08 18:27:03 - INFO - 데이터 정렬 중...
2025-12-08 18:27:03 - INFO - 시퀀스 생성 중...
2025-12-08 18:27:03 - INFO -   - 예상 시퀀스 수: 99,991개
2025-12-08 18:27:17 - INFO -   시퀀스 생성 진행: 9,999/99,991 (10.0%)
2025-12-08 18:27:31 - INFO -   시퀀스 생성 진행: 19,998/99,991 (20.0%)
2025-12-08 18:27:46 - INFO -   시퀀스 생성 진행: 29,997/99,991 (30.0%)
2025-12-08 18:28:01 - INFO -   시퀀스 생성 진행: 39,996/99,991 (40.0%)
2025-12-08 18:28:15 - INFO -   시퀀스 생성 진행: 49,995/99,991 (50.0%)
2025-12-08 18:28:31 - INFO -   시퀀스 생성 진행: 59,994/99,991 (60.0%)
2025-12-08 18:28:46 - INFO -   시퀀스 생성 진행: 69,993/99,991 (70.0%)
2025-12-08 18:29:02 - INFO -   시퀀스 생성 진행: 79,992/99,991 (80.0%)
2025-12-08 18:29:22 - INFO -   시퀀스 생성 진행: 89,991/99,991 (90.0%)
2025-12-08 18:29:41 - INFO -   시퀀스 생성 진행: 99,990/99,991 (100.0%)
2025-12-08 18:29:41 - INFO - ✅ 시퀀스 생성 완료: 99,991개
2025-12-08 18:29:41 - INFO -   - 시퀀스 형태: (99991, 10, 128)
2025-12-08 18:29:41 - INFO - 모델 구축 중...
2025-12-08 18:29:41 - INFO - ✅ 모델 구축 완료
2025-12-08 18:29:41 - INFO - 데이터 텐서 변환 중...
2025-12-08 18:29:41 - INFO - ✅ 텐서 변환 완료
2025-12-08 18:29:41 - INFO - 
============================================================
2025-12-08 18:29:41 - INFO - 학습 시작
2025-12-08 18:29:41 - INFO - ============================================================
2025-12-08 18:29:50 - INFO - Epoch 1/5 완료:
2025-12-08 18:29:50 - INFO -   - Loss: 0.6727
2025-12-08 18:29:50 - INFO -   - Epoch 소요 시간: 8.35초
2025-12-08 18:29:50 - INFO -   - 총 경과 시간: 166.93초 (2.8분)
2025-12-08 18:29:50 - INFO -   ⭐ 최고 Loss 갱신: 0.6727
2025-12-08 18:29:57 - INFO - Epoch 2/5 완료:
2025-12-08 18:29:57 - INFO -   - Loss: 0.6459
2025-12-08 18:29:57 - INFO -   - Epoch 소요 시간: 7.05초
2025-12-08 18:29:57 - INFO -   - 총 경과 시간: 173.98초 (2.9분)
2025-12-08 18:29:57 - INFO -   - 예상 남은 시간: 260.97초 (4.3분)
2025-12-08 18:29:57 - INFO -   ⭐ 최고 Loss 갱신: 0.6459
2025-12-08 18:30:04 - INFO - Epoch 3/5 완료:
2025-12-08 18:30:04 - INFO -   - Loss: 0.6182
2025-12-08 18:30:04 - INFO -   - Epoch 소요 시간: 7.05초
2025-12-08 18:30:04 - INFO -   - 총 경과 시간: 181.03초 (3.0분)
2025-12-08 18:30:04 - INFO -   - 예상 남은 시간: 120.68초 (2.0분)
2025-12-08 18:30:04 - INFO -   ⭐ 최고 Loss 갱신: 0.6182
2025-12-08 18:30:11 - INFO - Epoch 4/5 완료:
2025-12-08 18:30:11 - INFO -   - Loss: 0.5874
2025-12-08 18:30:11 - INFO -   - Epoch 소요 시간: 7.00초
2025-12-08 18:30:11 - INFO -   - 총 경과 시간: 188.03초 (3.1분)
2025-12-08 18:30:11 - INFO -   - 예상 남은 시간: 47.01초 (0.8분)
2025-12-08 18:30:11 - INFO -   ⭐ 최고 Loss 갱신: 0.5874
2025-12-08 18:30:18 - INFO - Epoch 5/5 완료:
2025-12-08 18:30:18 - INFO -   - Loss: 0.5519
2025-12-08 18:30:18 - INFO -   - Epoch 소요 시간: 6.97초
2025-12-08 18:30:18 - INFO -   - 총 경과 시간: 195.00초 (3.3분)
2025-12-08 18:30:18 - INFO -   ⭐ 최고 Loss 갱신: 0.5519
2025-12-08 18:30:18 - INFO - 
============================================================
2025-12-08 18:30:18 - INFO - ✅ LogRobust 모델 학습 완료
2025-12-08 18:30:18 - INFO -   - 총 소요 시간: 195.00초 (3.3분)
2025-12-08 18:30:18 - INFO -   - 최종 Loss: 0.5519
2025-12-08 18:30:18 - INFO -   - 최고 Loss: 0.5519
2025-12-08 18:30:18 - INFO - ============================================================
