2025-12-08 18:36:48 - INFO - 📝 학습 로그 파일: /Users/zzangdol/PycharmProjects/zzangdol/pattern/prelog/logs/training/logrobust_training_20251208_183648.log
2025-12-08 18:36:48 - INFO - ============================================================
2025-12-08 18:36:48 - INFO - LogRobust 모델 학습 시작
2025-12-08 18:36:48 - INFO - ============================================================
2025-12-08 18:36:48 - INFO - 학습 파라미터:
2025-12-08 18:36:48 - INFO -   - Epochs: 5
2025-12-08 18:36:48 - INFO -   - Batch Size: 128
2025-12-08 18:36:48 - INFO -   - Sequence Length: 10
2025-12-08 18:36:48 - INFO -   - Embedding Dim: 128
2025-12-08 18:36:48 - INFO -   - 학습 데이터: 100,000개 로그
2025-12-08 18:36:48 - INFO - 데이터 정렬 중...
2025-12-08 18:36:48 - INFO - 시퀀스 생성 중...
2025-12-08 18:36:48 - INFO -   - 예상 시퀀스 수: 99,991개
2025-12-08 18:37:02 - INFO -   시퀀스 생성 진행: 9,999/99,991 (10.0%)
2025-12-08 18:37:17 - INFO -   시퀀스 생성 진행: 19,998/99,991 (20.0%)
2025-12-08 18:37:31 - INFO -   시퀀스 생성 진행: 29,997/99,991 (30.0%)
2025-12-08 18:37:46 - INFO -   시퀀스 생성 진행: 39,996/99,991 (40.0%)
2025-12-08 18:38:00 - INFO -   시퀀스 생성 진행: 49,995/99,991 (50.0%)
2025-12-08 18:38:16 - INFO -   시퀀스 생성 진행: 59,994/99,991 (60.0%)
2025-12-08 18:38:31 - INFO -   시퀀스 생성 진행: 69,993/99,991 (70.0%)
2025-12-08 18:38:47 - INFO -   시퀀스 생성 진행: 79,992/99,991 (80.0%)
2025-12-08 18:39:07 - INFO -   시퀀스 생성 진행: 89,991/99,991 (90.0%)
2025-12-08 18:39:26 - INFO -   시퀀스 생성 진행: 99,990/99,991 (100.0%)
2025-12-08 18:39:26 - INFO - ✅ 시퀀스 생성 완료: 99,991개
2025-12-08 18:39:26 - INFO -   - 시퀀스 형태: (99991, 10, 128)
2025-12-08 18:39:26 - INFO - 모델 구축 중...
2025-12-08 18:39:26 - INFO - ✅ 모델 구축 완료
2025-12-08 18:39:26 - INFO - 데이터 텐서 변환 중...
2025-12-08 18:39:26 - INFO - ✅ 텐서 변환 완료
2025-12-08 18:39:26 - INFO - 
============================================================
2025-12-08 18:39:26 - INFO - 학습 시작
2025-12-08 18:39:26 - INFO - ============================================================
2025-12-08 18:39:35 - INFO - Epoch 1/5 완료:
2025-12-08 18:39:35 - INFO -   - Loss: 0.6841
2025-12-08 18:39:35 - INFO -   - Epoch 소요 시간: 8.45초
2025-12-08 18:39:35 - INFO -   - 총 경과 시간: 166.95초 (2.8분)
2025-12-08 18:39:35 - INFO -   ⭐ 최고 Loss 갱신: 0.6841
2025-12-08 18:39:42 - INFO - Epoch 2/5 완료:
2025-12-08 18:39:42 - INFO -   - Loss: 0.6530
2025-12-08 18:39:42 - INFO -   - Epoch 소요 시간: 7.18초
2025-12-08 18:39:42 - INFO -   - 총 경과 시간: 174.13초 (2.9분)
2025-12-08 18:39:42 - INFO -   - 예상 남은 시간: 261.19초 (4.4분)
2025-12-08 18:39:42 - INFO -   ⭐ 최고 Loss 갱신: 0.6530
2025-12-08 18:39:49 - INFO - Epoch 3/5 완료:
2025-12-08 18:39:49 - INFO -   - Loss: 0.6215
2025-12-08 18:39:49 - INFO -   - Epoch 소요 시간: 7.12초
2025-12-08 18:39:49 - INFO -   - 총 경과 시간: 181.25초 (3.0분)
2025-12-08 18:39:49 - INFO -   - 예상 남은 시간: 120.83초 (2.0분)
2025-12-08 18:39:49 - INFO -   ⭐ 최고 Loss 갱신: 0.6215
2025-12-08 18:39:56 - INFO - Epoch 4/5 완료:
2025-12-08 18:39:56 - INFO -   - Loss: 0.5870
2025-12-08 18:39:56 - INFO -   - Epoch 소요 시간: 7.15초
2025-12-08 18:39:56 - INFO -   - 총 경과 시간: 188.40초 (3.1분)
2025-12-08 18:39:56 - INFO -   - 예상 남은 시간: 47.10초 (0.8분)
2025-12-08 18:39:56 - INFO -   ⭐ 최고 Loss 갱신: 0.5870
2025-12-08 18:40:03 - INFO - Epoch 5/5 완료:
2025-12-08 18:40:03 - INFO -   - Loss: 0.5472
2025-12-08 18:40:03 - INFO -   - Epoch 소요 시간: 7.19초
2025-12-08 18:40:03 - INFO -   - 총 경과 시간: 195.59초 (3.3분)
2025-12-08 18:40:03 - INFO -   ⭐ 최고 Loss 갱신: 0.5472
2025-12-08 18:40:03 - INFO - 
============================================================
2025-12-08 18:40:03 - INFO - ✅ LogRobust 모델 학습 완료
2025-12-08 18:40:03 - INFO -   - 총 소요 시간: 195.59초 (3.3분)
2025-12-08 18:40:03 - INFO -   - 최종 Loss: 0.5472
2025-12-08 18:40:03 - INFO -   - 최고 Loss: 0.5472
2025-12-08 18:40:03 - INFO - ============================================================
